START-OF-LOG: 2.0 
CALLSIGN: LZ0AL
CLUB: София
CONTEST: LZ-OPEN
CATEGORY: SINGLE-OP 80M LOW CW
CLAIMED-SCORE: 244
OPERATORS: LZ3FM
NAME: Пламен Тодоров LZ3FM
ADDRESS: 
ADDRESS: Breznik,  
ADDRESS: BULGARIA
CREATED-BY: N1MM Logger+ 1.0.6076.0
QSO:  3511 CW 2017-08-19 0700 LZ0AL         001 000       LZ0DG         001 000      
QSO:  3502 CW 2017-08-19 0702 LZ0AL         002 001       LZ0AR         002 001      
QSO:  3517 CW 2017-08-19 0703 LZ0AL         003 002       LZ0DZ         007 002      
QSO:  3520 CW 2017-08-19 0704 LZ0AL         004 007       LZ0FF         010 004      
QSO:  3522 CW 2017-08-19 0704 LZ0AL         005 010       LZ0AW         006 008      
QSO:  3527 CW 2017-08-19 0706 LZ0AL         006 006       LZ0DP         009 006      
QSO:  3533 CW 2017-08-19 0708 LZ0AL         007 009       LZ0AJ         012 010      
QSO:  3534 CW 2017-08-19 0708 LZ0AL         008 012       LZ0DC         019 014      
QSO:  3537 CW 2017-08-19 0711 LZ0AL         009 019       LZ0AP         016 013      
QSO:  3540 CW 2017-08-19 0711 LZ0AL         010 016       LZ0DM         012 015      
QSO:  3542 CW 2017-08-19 0712 LZ0AL         011 012       LZ0AF         015 020      
QSO:  3542 CW 2017-08-19 0712 LZ0AL         012 015       LZ0AT         022 018      
QSO:  3545 CW 2017-08-19 0713 LZ0AL         013 022       LZ0AX         014 019      
QSO:  3550 CW 2017-08-19 0714 LZ0AL         014 014       LZ0DT         021 019      
QSO:  3555 CW 2017-08-19 0714 LZ0AL         015 021       LZ0AU         014 015      
QSO:  3557 CW 2017-08-19 0716 LZ0AL         016 014       LZ0FC         012 021      
QSO:  3513 CW 2017-08-19 0717 LZ0AL         017 012       LZ0DF         022 006      
QSO:  3524 CW 2017-08-19 0717 LZ0AL         018 022       LZ0AC         014 022      
QSO:  3535 CW 2017-08-19 0718 LZ0AL         019 014       LZ0AD         023 023      
QSO:  3529 CW 2017-08-19 0719 LZ0AL         020 023       LZ0DW         025 024      
QSO:  3529 CW 2017-08-19 0720 LZ0AL         021 025       LZ0FG         027 022      
QSO:  3529 CW 2017-08-19 0721 LZ0AL         022 027       LZ0DV         025 020      
QSO:  3529 CW 2017-08-19 0723 LZ0AL         023 025       LZ0FX         017 031      
QSO:  3529 CW 2017-08-19 0724 LZ0AL         024 017       LZ0DL         036 031      
QSO:  3529 CW 2017-08-19 0724 LZ0AL         025 036       LZ0DY         033 037      
QSO:  3529 CW 2017-08-19 0724 LZ0AL         026 033       LZ0AK         027 025      
QSO:  3526 CW 2017-08-19 0726 LZ0AL         027 027       LZ0FJ         032 029      
QSO:  3523 CW 2017-08-19 0727 LZ0AL         028 032       LZ0AV         028 033      
QSO:  3529 CW 2017-08-19 0729 LZ0AL         029 028       LZ0AC         033 033      
QSO:  3529 CW 2017-08-19 0729 LZ0AL         030 033       LZ0FY         032 017      
QSO:  3511 CW 2017-08-19 0731 LZ0AL         031 033       LZ0DG         042 009      
QSO:  3514 CW 2017-08-19 0733 LZ0AL         032 042       LZ0AR         034 027      
QSO:  3517 CW 2017-08-19 0734 LZ0AL         033 034       LZ0DZ         043 038      
QSO:  3532 CW 2017-08-19 0736 LZ0AL         034 043       LZ0AA         033 040      
QSO:  3535 CW 2017-08-19 0737 LZ0AL         035 033       LZ0DR         036 038      
QSO:  3525 CW 2017-08-19 0738 LZ0AL         036 036       LZ0FA         035 042      
QSO:  3522 CW 2017-08-19 0738 LZ0AL         037 035       LZ0AW         045 052      
QSO:  3520 CW 2017-08-19 0738 LZ0AL         038 045       LZ0FF         047 043      
QSO:  3534 CW 2017-08-19 0739 LZ0AL         039 047       LZ0DC         060 050      
QSO:  3533 CW 2017-08-19 0740 LZ0AL         040 060       LZ0AJ         049 045      
QSO:  3559 CW 2017-08-19 0740 LZ0AL         041 049       LZ0AY         043 041      
QSO:  3529 CW 2017-08-19 0741 LZ0AL         042 043       LZ0DL         057 043      
QSO:  3529 CW 2017-08-19 0742 LZ0AL         043 057       LZ0DD         032 047      
QSO:  3542 CW 2017-08-19 0743 LZ0AL         044 032       LZ0AF         046 052      
QSO:  3537 CW 2017-08-19 0743 LZ0AL         045 046       LZ0AP         050 048      
QSO:  3540 CW 2017-08-19 0744 LZ0AL         046 050       LZ0DM         046 049      
QSO:  3519 CW 2017-08-19 0744 LZ0AL         047 046       LZ0AN         059 045      
QSO:  3542 CW 2017-08-19 0746 LZ0AL         048 059       LZ0AT         064 050      
QSO:  3545 CW 2017-08-19 0746 LZ0AL         049 064       LZ0AX         047 055      
QSO:  3557 CW 2017-08-19 0748 LZ0AL         050 047       LZ0FC         043 061      
QSO:  3527 CW 2017-08-19 0750 LZ0AL         051 043       LZ0DP         049 055      
QSO:  3545 CW 2017-08-19 0751 LZ0AL         052 049       LZ0FG         060 052      
QSO:  3529 CW 2017-08-19 0752 LZ0AL         053 060       LZ0DV         061 056      
QSO:  3518 CW 2017-08-19 0754 LZ0AL         054 061       LZ0DW         065 063      
QSO:  3539 CW 2017-08-19 0755 LZ0AL         055 065       LZ0AD         059 066      
QSO:  3550 CW 2017-08-19 0755 LZ0AL         056 059       LZ0DT         071 068      
QSO:  3547 CW 2017-08-19 0756 LZ0AL         057 071       LZ0AK         060 060      
QSO:  3551 CW 2017-08-19 0758 LZ0AL         058 060       LZ0AU         032 067      
QSO:  3513 CW 2017-08-19 0759 LZ0AL         059 032       LZ0DF         063 041      
QSO:  3523 CW 2017-08-19 0800 LZ0AL         060 063       LZ0AV         063 068      
QSO:  3524 CW 2017-08-19 0800 LZ0AL         061 063       LZ0AC         066 063      
QSO:  3509 CW 2017-08-19 0800 LZ0AL         062 066       LZ0FX         040 038      
QSO:  3511 CW 2017-08-19 0801 LZ0AL         063 040       LZ0DG         078 065      
QSO:  3526 CW 2017-08-19 0802 LZ0AL         064 078       LZ0FJ         075 052      
QSO:  3531 CW 2017-08-19 0802 LZ0AL         065 075       LZ0DY         078 069      
QSO:  3554 CW 2017-08-19 0802 LZ0AL         066 078       LZ0DJ         072 072      
QSO:  3529 CW 2017-08-19 0803 LZ0AL         067 072       LZ0AG         071 070      
QSO:  3529 CW 2017-08-19 0803 LZ0AL         068 071       LZ0FZ         018 070      
QSO:  3529 CW 2017-08-19 0804 LZ0AL         069 018       LZ0FY         067 068      
QSO:  3529 CW 2017-08-19 0804 LZ0AL         070 067       LZ0DA         071 066      
QSO:  3529 CW 2017-08-19 0805 LZ0AL         071 071       LZ0AM         078 071      
QSO:  3514 CW 2017-08-19 0806 LZ0AL         072 078       LZ0AR         072 073      
QSO:  3532 CW 2017-08-19 0807 LZ0AL         073 072       LZ0AA         064 080      
QSO:  3517 CW 2017-08-19 0807 LZ0AL         074 064       LZ0DZ         082 063      
QSO:  3534 CW 2017-08-19 0810 LZ0AL         075 082       LZ0DC         099 080      
QSO:  3533 CW 2017-08-19 0812 LZ0AL         076 099       LZ0AJ         090 016      
QSO:  3520 CW 2017-08-19 0812 LZ0AL         077 090       LZ0FF         084 076      
QSO:  3522 CW 2017-08-19 0812 LZ0AL         078 084       LZ0AW         089 074      
QSO:  3559 CW 2017-08-19 0813 LZ0AL         079 089       LZ0AY         077 084      
QSO:  3542 CW 2017-08-19 0814 LZ0AL         080 077       LZ0AF         078 084      
QSO:  3525 CW 2017-08-19 0815 LZ0AL         081 077       LZ0FA         076 091      
QSO:  3540 CW 2017-08-19 0815 LZ0AL         082 076       LZ0DM         085 094      
QSO:  3529 CW 2017-08-19 0816 LZ0AL         083 085       LZ0AN         095 086      
QSO:  3545 CW 2017-08-19 0818 LZ0AL         084 095       LZ0AX         084 081      
QSO:  3542 CW 2017-08-19 0819 LZ0AL         085 084       LZ0AT         104 084      
QSO:  3557 CW 2017-08-19 0819 LZ0AL         086 104       LZ0FC         077 082      
QSO:  3529 CW 2017-08-19 0820 LZ0AL         087 077       LZ0DD         064 099      
QSO:  3537 CW 2017-08-19 0822 LZ0AL         088 064       LZ0AP         087 096      
QSO:  3535 CW 2017-08-19 0822 LZ0AL         089 087       LZ0DR         085 089      
QSO:  3527 CW 2017-08-19 0823 LZ0AL         090 085       LZ0DP         086 100      
QSO:  3551 CW 2017-08-19 0825 LZ0AL         091 086       LZ0DT         090 100      
QSO:  3529 CW 2017-08-19 0828 LZ0AL         092 090       LZ0FG         099 048      
QSO:  3529 CW 2017-08-19 0828 LZ0AL         093 099       LZ0DU         030 082      
QSO:  3513 CW 2017-08-19 0832 LZ0AL         094 030       LZ0DF         100 110      
QSO:  3535 CW 2017-08-19 0834 LZ0AL         095 100       LZ0FZ         039 090      
QSO:  3511 CW 2017-08-19 0836 LZ0AL         096 039       LZ0DG         119 110      
QSO:  3509 CW 2017-08-19 0836 LZ0AL         097 119       LZ0FX         072 040      
QSO:  3546 CW 2017-08-19 0838 LZ0AL         098 072       LZ0FY         102 094      
QSO:  3517 CW 2017-08-19 0839 LZ0AL         099 102       LZ0DZ         120 101      
QSO:  3526 CW 2017-08-19 0839 LZ0AL         100 120       LZ0FJ         122 131      
QSO:  3547 CW 2017-08-19 0840 LZ0AL         101 122       LZ0AK         105 103      
QSO:  3555 CW 2017-08-19 0841 LZ0AL         102 105       LZ0AU         058 991      
QSO:  3530 CW 2017-08-19 0842 LZ0AL         103 058       LZ0DV         112 119      
QSO:  3534 CW 2017-08-19 0842 LZ0AL         104 112       LZ0DC         135 101      
QSO:  3533 CW 2017-08-19 0843 LZ0AL         105 135       LZ0AJ         126 120      
QSO:  3531 CW 2017-08-19 0843 LZ0AL         106 126       LZ0DY         125 122      
QSO:  3559 CW 2017-08-19 0844 LZ0AL         107 125       LZ0AY         107 079      
QSO:  3520 CW 2017-08-19 0845 LZ0AL         108 107       LZ0FF         121 129      
QSO:  3522 CW 2017-08-19 0845 LZ0AL         109 121       LZ0AW         128 127      
QSO:  3530 CW 2017-08-19 0846 LZ0AL         110 128       LZ0AD         083 126      
QSO:  3540 CW 2017-08-19 0847 LZ0AL         111 083       LZ0DM         116 124      
QSO:  3525 CW 2017-08-19 0848 LZ0AL         112 116       LZ0FA         114 141      
QSO:  3529 CW 2017-08-19 0849 LZ0AL         113 114       LZ0DA         130 138      
QSO:  3529 CW 2017-08-19 0850 LZ0AL         114 130       LZ0DW         131 114      
QSO:  3529 CW 2017-08-19 0850 LZ0AL         115 131       LZ0DD         096 132      
QSO:  3529 CW 2017-08-19 0850 LZ0AL         116 096       LZ0AN         134 117      
QSO:  3529 CW 2017-08-19 0851 LZ0AL         117 134       LZ0DL         133 145      
QSO:  3529 CW 2017-08-19 0852 LZ0AL         118 133       LZ0AG         126 117      
QSO:  3529 CW 2017-08-19 0853 LZ0AL         119 126       LZ0AM         133 115      
QSO:  3523 CW 2017-08-19 0854 LZ0AL         120 133       LZ0AV         122 125      
QSO:  3527 CW 2017-08-19 0855 LZ0AL         121 122       LZ0DP         120 138      
QSO:  3535 CW 2017-08-19 0855 LZ0AL         122 120       LZ0DR         120 048      
QSO:  3542 CW 2017-08-19 0900 LZ0AL         123 120       LZ0AT         149 060      
QSO:  3542 CW 2017-08-19 0901 LZ0AL         124 149       LZ0AF         134 133      
QSO:  3524 CW 2017-08-19 0901 LZ0AL         125 134       LZ0AC         097 134      
QSO:  3557 CW 2017-08-19 0902 LZ0AL         126 097       LZ0FC         123 058      
QSO:  3545 CW 2017-08-19 0904 LZ0AL         127 123       LZ0AX         134 146      
QSO:  3537 CW 2017-08-19 0904 LZ0AL         128 134       LZ0AP         126 126      
QSO:  3529 CW 2017-08-19 0908 LZ0AL         129 126       LZ0FG         146 144      
QSO:  3511 CW 2017-08-19 0909 LZ0AL         130 146       LZ0FZ         059 154      
QSO:  3517 CW 2017-08-19 0910 LZ0AL         131 059       LZ0DZ         160 147      
QSO:  3512 CW 2017-08-19 0911 LZ0AL         132 160       LZ0DF         137 186      
QSO:  3514 CW 2017-08-19 0912 LZ0AL         133 137       LZ0AR         141 087      
QSO:  3545 CW 2017-08-19 0912 LZ0AL         134 141       LZ0FY         144 163      
QSO:  3526 CW 2017-08-19 0913 LZ0AL         135 144       LZ0FJ         162 164      
QSO:  3530 CW 2017-08-19 0914 LZ0AL         136 162       LZ0DV         150 147      
QSO:  3534 CW 2017-08-19 0915 LZ0AL         137 150       LZ0DC         175 158      
QSO:  3559 CW 2017-08-19 0915 LZ0AL         138 175       LZ0AY         141 157      
QSO:  3533 CW 2017-08-19 0916 LZ0AL         139 141       LZ0AJ         167 165      
QSO:  3531 CW 2017-08-19 0916 LZ0AL         140 167       LZ0DY         160 09       
QSO:  3540 CW 2017-08-19 0917 LZ0AL         141 160       LZ0DM         154 143      
QSO:  3520 CW 2017-08-19 0917 LZ0AL         142 154       LZ0FF         160 114      
QSO:  3511 CW 2017-08-19 0918 LZ0AL         143 160       LZ0DG         165 140      
QSO:  3529 CW 2017-08-19 0919 LZ0AL         144 165       LZ0DU         073 163      
QSO:  3529 CW 2017-08-19 0919 LZ0AL         145 073       LZ0DW         171 147      
QSO:  3529 CW 2017-08-19 0920 LZ0AL         146 171       LZ0DA         167 160      
QSO:  3529 CW 2017-08-19 0921 LZ0AL         147 167       LZ0AK         150 167      
QSO:  3522 CW 2017-08-19 0922 LZ0AL         148 150       LZ0AW         171 147      
QSO:  3525 CW 2017-08-19 0923 LZ0AL         149 171       LZ0FA         158 145      
QSO:  3529 CW 2017-08-19 0924 LZ0AL         150 158       LZ0AG         169 161      
QSO:  3529 CW 2017-08-19 0925 LZ0AL         151 169       LZ0FX         118 177      
QSO:  3529 CW 2017-08-19 0925 LZ0AL         152 118       LZ0AN         179 174      
QSO:  3529 CW 2017-08-19 0925 LZ0AL         153 179       LZ0AM         176 154      
QSO:  3529 CW 2017-08-19 0926 LZ0AL         154 176       LZ0DD         127 170      
QSO:  3542 CW 2017-08-19 0930 LZ0AL         155 127       LZ0AT         189 162      
QSO:  3528 CW 2017-08-19 0931 LZ0AL         156 189       LZ0FD         172 165      
QSO:  3551 CW 2017-08-19 0931 LZ0AL         157 172       LZ0DT         156 172      
QSO:  3557 CW 2017-08-19 0933 LZ0AL         158 156       LZ0FC         158 187      
QSO:  3532 CW 2017-08-19 0934 LZ0AL         159 158       LZ0AA         158 188      
QSO:  3542 CW 2017-08-19 0935 LZ0AL         160 158       LZ0AF         171 179      
QSO:  3554 CW 2017-08-19 0935 LZ0AL         161 158       LZ0DJ         184 189      
QSO:  3537 CW 2017-08-19 0937 LZ0AL         162 184       LZ0AP         160 161      
QSO:  3529 CW 2017-08-19 0938 LZ0AL         163 160       LZ0FG         183 162      
QSO:  3529 CW 2017-08-19 0939 LZ0AL         164 183       LZ0AD         106 188      
QSO:  3511 CW 2017-08-19 0941 LZ0AL         165 106       LZ0FZ         079 193      
QSO:  3512 CW 2017-08-19 0943 LZ0AL         166 079       LZ0DF         171 179      
QSO:  3545 CW 2017-08-19 0944 LZ0AL         167 171       LZ0FY         179 182      
QSO:  3526 CW 2017-08-19 0944 LZ0AL         168 179       LZ0FJ         202 200      
QSO:  3530 CW 2017-08-19 0945 LZ0AL         169 202       LZ0DV         191 184      
QSO:  3517 CW 2017-08-19 0946 LZ0AL         170 191       LZ0DZ         208 202      
QSO:  3533 CW 2017-08-19 0947 LZ0AL         171 208       LZ0AJ         204 204      
QSO:  3520 CW 2017-08-19 0947 LZ0AL         172 204       LZ0FF         195 180      
QSO:  3523 CW 2017-08-19 0948 LZ0AL         173 195       LZ0AV         185 176      
QSO:  3531 CW 2017-08-19 0949 LZ0AL         174 185       LZ0DY         201 192      
QSO:  3534 CW 2017-08-19 0949 LZ0AL         175 201       LZ0DC         219 203      
QSO:  3540 CW 2017-08-19 0949 LZ0AL         176 219       LZ0DM         188 180      
QSO:  3559 CW 2017-08-19 0950 LZ0AL         177 188       LZ0AY         181 196      
QSO:  3522 CW 2017-08-19 0952 LZ0AL         178 181       LZ0AW         207 172      
QSO:  3545 CW 2017-08-19 0953 LZ0AL         179 207       LZ0AX         182 205      
QSO:  3547 CW 2017-08-19 0953 LZ0AL         180 182       LZ0AK         189 205      
QSO:  3514 CW 2017-08-19 0954 LZ0AL         181 189       LZ0AR         184 199      
QSO:  3524 CW 2017-08-19 0955 LZ0AL         182 184       LZ0AC         122 141      
QSO:  3511 CW 2017-08-19 0956 LZ0AL         183 122       LZ0DG         204 228      
QSO:  3527 CW 2017-08-19 0958 LZ0AL         184 204       LZ0DW         212 207      
QSO:  3527 CW 2017-08-19 1000 LZ0AL         185 212       LZ0DP         191 194      
QSO:  3528 CW 2017-08-19 1002 LZ0AL         186 191       LZ0FD         207 179      
QSO:  3525 CW 2017-08-19 1002 LZ0AL         187 207       LZ0FA         193 163      
QSO:  3551 CW 2017-08-19 1003 LZ0AL         188 193       LZ0DT         187 197      
QSO:  3557 CW 2017-08-19 1003 LZ0AL         189 187       LZ0FC         189 221      
QSO:  3554 CW 2017-08-19 1006 LZ0AL         190 189       LZ0DJ         223 222      
QSO:  3529 CW 2017-08-19 1008 LZ0AL         191 223       LZ0FX         158 194      
QSO:  3537 CW 2017-08-19 1009 LZ0AL         192 158       LZ0AP         194 119      
QSO:  3527 CW 2017-08-19 1011 LZ0AL         193 194       LZ0AM         235 234      
QSO:  3527 CW 2017-08-19 1011 LZ0AL         194 235       LZ0FG         220 222      
QSO:  3527 CW 2017-08-19 1012 LZ0AL         195 220       LZ0DU         122 215      
QSO:  3527 CW 2017-08-19 1013 LZ0AL         196 122       LZ0DF         205 165      
QSO:  3527 CW 2017-08-19 1015 LZ0AL         197 205       LZ0FJ         240 234      
QSO:  3533 CW 2017-08-19 1017 LZ0AL         198 240       LZ0AJ         244 204      
QSO:  3542 CW 2017-08-19 1018 LZ0AL         199 244       LZ0AF         222 228      
QSO:  3546 CW 2017-08-19 1018 LZ0AL         200 222       LZ0FY         219 237      
QSO:  3530 CW 2017-08-19 1019 LZ0AL         201 219       LZ0DV         233 143      
QSO:  3531 CW 2017-08-19 1019 LZ0AL         202 233       LZ0DY         239 133      
QSO:  3523 CW 2017-08-19 1019 LZ0AL         203 239       LZ0AV         221 230      
QSO:  3517 CW 2017-08-19 1020 LZ0AL         204 221       LZ0DZ         250 224      
QSO:  3540 CW 2017-08-19 1020 LZ0AL         205 250       LZ0DM         220 243      
QSO:  3542 CW 2017-08-19 1021 LZ0AL         206 220       LZ0AT         253 010      
QSO:  3560 CW 2017-08-19 1021 LZ0AL         207 253       LZ0AY         216 134      
QSO:  3520 CW 2017-08-19 1025 LZ0AL         208 216       LZ0FF         238 225      
QSO:  3522 CW 2017-08-19 1026 LZ0AL         209 238       LZ0AW         243 240      
QSO:  3511 CW 2017-08-19 1026 LZ0AL         210 243       LZ0DG         244 268      
QSO:  3545 CW 2017-08-19 1026 LZ0AL         211 244       LZ0AX         211 253      
QSO:  3534 CW 2017-08-19 1027 LZ0AL         212 211       LZ0DC         269 256      
QSO:  3547 CW 2017-08-19 1029 LZ0AL         213 269       LZ0AK         230 230      
QSO:  3528 CW 2017-08-19 1032 LZ0AL         214 230       LZ0FD         243 262      
QSO:  3551 CW 2017-08-19 1036 LZ0AL         215 243       LZ0AU         128 221      
QSO:  3540 CW 2017-08-19 1037 LZ0AL         216 128       LZ1DM         242 222      
QSO:  3514 CW 2017-08-19 1038 LZ0AL         217 242       LZ0AR         238 148      
QSO:  3525 CW 2017-08-19 1039 LZ0AL         218 238       LZ0FA         237 211      
QSO:  3557 CW 2017-08-19 1040 LZ0AL         219 237       LZ0FC         233 247      
QSO:  3537 CW 2017-08-19 1040 LZ0AL         220 233       LZ0AP         231 247      
QSO:  3532 CW 2017-08-19 1041 LZ0AL         221 231       LZ0AA         229 260      
QSO:  3551 CW 2017-08-19 1042 LZ0AL         222 229       LZ0DT         230 286      
QSO:  3524 CW 2017-08-19 1043 LZ0AL         223 230       LZ0AC         165 215      
QSO:  3554 CW 2017-08-19 1044 LZ0AL         224 165       LZ0DJ         268 279      
QSO:  3527 CW 2017-08-19 1045 LZ0AL         225 268       LZ0DW         271 264      
QSO:  3527 CW 2017-08-19 1046 LZ0AL         226 271       LZ0FK         029 280      
QSO:  3527 CW 2017-08-19 1046 LZ0AL         227 029       LZ0FJ         282 216      
QSO:  3527 CW 2017-08-19 1047 LZ0AL         228 282       LZ0DF         240 246      
QSO:  3533 CW 2017-08-19 1047 LZ0AL         229 240       LZ0AJ         283 272      
QSO:  3527 CW 2017-08-19 1048 LZ0AL         230 283       LZ0FX         197 251      
QSO:  3527 CW 2017-08-19 1048 LZ0AL         231 197       LZ0FG         268 260      
QSO:  3530 CW 2017-08-19 1049 LZ0AL         232 268       LZ0DV         274 252      
QSO:  3523 CW 2017-08-19 1049 LZ0AL         233 274       LZ0AV         259 199      
QSO:  3540 CW 2017-08-19 1050 LZ0AL         234 259       LZ0DM         256 210      
QSO:  3542 CW 2017-08-19 1050 LZ0AL         235 256       LZ0AF         264 211      
QSO:  3535 CW 2017-08-19 1051 LZ0AL         236 264       LZ0AD         173 282      
QSO:  3560 CW 2017-08-19 1052 LZ0AL         237 173       LZ0AY         247 274      
QSO:  3517 CW 2017-08-19 1052 LZ0AL         238 247       LZ0DZ         289 257      
QSO:  3527 CW 2017-08-19 1053 LZ0AL         239 289       LZ0DY         283 249      
QSO:  3527 CW 2017-08-19 1054 LZ0AL         240 283       LZ0AM         288 292      
QSO:  3520 CW 2017-08-19 1055 LZ0AL         241 288       LZ0FF         273 264      
QSO:  3527 CW 2017-08-19 1056 LZ0AL         242 273       LZ0DN         360 262      
QSO:  3542 CW 2017-08-19 1057 LZ0AL         243 360       LZ0AT         301 285      
QSO:  3522 CW 2017-08-19 1057 LZ0AL         244 301       LZ0AW         285 265      
QSO:  3534 CW 2017-08-19 1058 LZ0AL         245 285       LZ0DC         307 286      
QSO:  3511 CW 2017-08-19 1059 LZ0AL         246 307       LZ0DG         288 048      
QSO:  3547 CW 2017-08-19 1059 LZ0AL         247 288       LZ0AK         269 242      
END-OF-LOG:
