START-OF-LOG: 2.0 
CALLSIGN: LZ0AV
CLUB: Балчик
CONTEST: LZ-HF-FIELD-DAY
CATEGORY: SINGLE-OP 80M LOW CW
CLAIMED-SCORE: 263
OPERATORS: LZ4AW
NAME: Тодор Тодоров LZ4AW
ADDRESS: 
ADDRESS: Balchik  9601
ADDRESS: BULGARIA
CREATED-BY: N1MM Logger+ 1.0.6527.0
QSO:  3511 CW 2017-08-19 0701 LZ0AV         001 000       LZ0DG         004 002      
QSO:  3517 CW 2017-08-19 0702 LZ0AV         002 004       LZ0DZ         004 004      
QSO:  3520 CW 2017-08-19 0703 LZ0AV         003 004       LZ0FF         008 001      
QSO:  3526 CW 2017-08-19 0705 LZ0AV         004 008       LZ0DP         007 005      
QSO:  3530 CW 2017-08-19 0706 LZ0AV         005 007       LZ0DV         009 010      
QSO:  3533 CW 2017-08-19 0706 LZ0AV         006 009       LZ0AJ         009 007      
QSO:  3534 CW 2017-08-19 0707 LZ0AV         007 009       LZ0DC         014 006      
QSO:  3555 CW 2017-08-19 0708 LZ0AV         008 014       LZ0AU         008 006      
QSO:  3537 CW 2017-08-19 0708 LZ0AV         009 008       LZ0AP         012 009      
QSO:  3525 CW 2017-08-19 0710 LZ0AV         010 012       LZ0FA         012 015      
QSO:  3515 CW 2017-08-19 0711 LZ0AV         011 012       LZ0AR         010 011      
QSO:  3523 CW 2017-08-19 0712 LZ0AV         012 010       LZ0FY         013 021      
QSO:  3523 CW 2017-08-19 0713 LZ0AV         013 013       LZ0AN         020 002      
QSO:  3523 CW 2017-08-19 0713 LZ0AV         014 020       LZ0AK         017 016      
QSO:  3523 CW 2017-08-19 0715 LZ0AV         015 017       LZ0DA         020 015      
QSO:  3513 CW 2017-08-19 0715 LZ0AV         016 020       LZ0DF         018 026      
QSO:  3524 CW 2017-08-19 0716 LZ0AV         017 018       LZ0AC         010 004      
QSO:  3528 CW 2017-08-19 0717 LZ0AV         018 010       LZ0FD         025 025      
QSO:  3534 CW 2017-08-19 0717 LZ0AV         019 025       LZ0DL         028 024      
QSO:  3542 CW 2017-08-19 0718 LZ0AV         020 028       LZ0AT         027 023      
QSO:  3540 CW 2017-08-19 0720 LZ0AV         021 027       LZ0DM         022 025      
QSO:  3523 CW 2017-08-19 0720 LZ0AV         022 022       LZ0FX         013 021      
QSO:  3523 CW 2017-08-19 0721 LZ0AV         023 013       LZ0DT         029 024      
QSO:  3523 CW 2017-08-19 0724 LZ0AV         024 029       LZ0DY         034 025      
QSO:  3523 CW 2017-08-19 0725 LZ0AV         025 034       LZ0AM         033 028      
QSO:  3523 CW 2017-08-19 0725 LZ0AV         026 033       LZ0AC         027 026      
QSO:  3523 CW 2017-08-19 0727 LZ0AV         027 027       LZ0FG         033 019      
QSO:  3523 CW 2017-08-19 0727 LZ0AV         028 033       LZ0AL         028 032      
QSO:  3523 CW 2017-08-19 0728 LZ0AV         029 028       LZ0DW         036 024      
QSO:  3523 CW 2017-08-19 0728 LZ0AV         030 036       LZ0AD         035 031      
QSO:  3523 CW 2017-08-19 0729 LZ0AV         031 035       LZ0AF         031 022      
QSO:  3522 CW 2017-08-19 0731 LZ0AV         032 031       LZ0AW         035 034      
QSO:  3517 CW 2017-08-19 0732 LZ0AV         033 035       LZ0DZ         039 037      
QSO:  3520 CW 2017-08-19 0733 LZ0AV         034 039       LZ0FF         037 030      
QSO:  3511 CW 2017-08-19 0733 LZ0AV         035 037       LZ0DG         047 036      
QSO:  3532 CW 2017-08-19 0734 LZ0AV         036 047       LZ0AA         029 042      
QSO:  3530 CW 2017-08-19 0736 LZ0AV         037 029       LZ0DV         041 040      
QSO:  3533 CW 2017-08-19 0737 LZ0AV         038 041       LZ0AJ         045 041      
QSO:  3534 CW 2017-08-19 0737 LZ0AV         039 045       LZ0DC         054 038      
QSO:  3527 CW 2017-08-19 0738 LZ0AV         040 054       LZ0DP         034 043      
QSO:  3537 CW 2017-08-19 0739 LZ0AV         041 034       LZ0AP         042 029      
QSO:  3525 CW 2017-08-19 0740 LZ0AV         042 042       LZ0FA         040 024      
QSO:  3523 CW 2017-08-19 0741 LZ0AV         043 040       LZ0FC         031 037      
QSO:  3523 CW 2017-08-19 0743 LZ0AV         044 031       LZ0FY         044 063      
QSO:  3523 CW 2017-08-19 0744 LZ0AV         045 044       LZ0AN         058 054      
QSO:  3523 CW 2017-08-19 0745 LZ0AV         046 058       LZ0DA         051 045      
QSO:  3523 CW 2017-08-19 0745 LZ0AV         047 051       LZ0AK         044 055      
QSO:  3523 CW 2017-08-19 0745 LZ0AV         048 044       LZ0FJ         055 055      
QSO:  3513 CW 2017-08-19 0745 LZ0AV         049 055       LZ0DF         049 061      
QSO:  3524 CW 2017-08-19 0746 LZ0AV         050 049       LZ0AC         049 035      
QSO:  3528 CW 2017-08-19 0748 LZ0AV         051 049       LZ0FD         058 052      
QSO:  3542 CW 2017-08-19 0748 LZ0AV         052 058       LZ0AT         066 056      
QSO:  3544 CW 2017-08-19 0749 LZ0AV         053 066       LZ0DN         053 050      
QSO:  3540 CW 2017-08-19 0751 LZ0AV         054 053       LZ0DM         055 057      
QSO:  3523 CW 2017-08-19 0752 LZ0AV         055 055       LZ0DT         064 047      
QSO:  3523 CW 2017-08-19 0753 LZ0AV         056 064       LZ0DL         073 062      
QSO:  3523 CW 2017-08-19 0754 LZ0AV         057 073       LZ0DK         039 052      
QSO:  3523 CW 2017-08-19 0755 LZ0AV         058 039       LZ0AM         068 074      
QSO:  3523 CW 2017-08-19 0756 LZ0AV         059 068       LZ0DY         070 060      
QSO:  3523 CW 2017-08-19 0758 LZ0AV         060 070       LZ0AD         064 064      
QSO:  3523 CW 2017-08-19 0758 LZ0AV         061 064       LZ0DW         070 065      
QSO:  3523 CW 2017-08-19 0759 LZ0AV         062 070       LZ0FG         068 061      
QSO:  3523 CW 2017-08-19 0800 LZ0AV         063 068       LZ0AL         060 063      
QSO:  3523 CW 2017-08-19 0800 LZ0AV         064 060       LZ0AF         062 063      
QSO:  3522 CW 2017-08-19 0801 LZ0AV         065 062       LZ0AW         069 064      
QSO:  3514 CW 2017-08-19 0801 LZ0AV         066 069       LZ0AR         065 064      
QSO:  3517 CW 2017-08-19 0802 LZ0AV         067 065       LZ0DZ         069 060      
QSO:  3520 CW 2017-08-19 0803 LZ0AV         068 069       LZ0FF         068 073      
QSO:  3511 CW 2017-08-19 0803 LZ0AV         069 068       LZ0DG         080 062      
QSO:  3550 CW 2017-08-19 0804 LZ0AV         070 080       LZ0AU         035 059      
QSO:  3532 CW 2017-08-19 0805 LZ0AV         071 035       LZ0AA         059 019      
QSO:  3530 CW 2017-08-19 0806 LZ0AV         072 059       LZ0DV         074 080      
QSO:  3533 CW 2017-08-19 0807 LZ0AV         073 074       LZ0AJ         082 082      
QSO:  3534 CW 2017-08-19 0807 LZ0AV         074 082       LZ0DC         094 070      
QSO:  3527 CW 2017-08-19 0809 LZ0AV         075 094       LZ0DP         070 79       
QSO:  3537 CW 2017-08-19 0809 LZ0AV         076 070       LZ0AP         073 073      
QSO:  3525 CW 2017-08-19 0810 LZ0AV         077 073       LZ0FA         070 084      
QSO:  3523 CW 2017-08-19 0813 LZ0AV         078 070       LZ0FY         075 088      
QSO:  3523 CW 2017-08-19 0814 LZ0AV         079 075       LZ0AN         092 075      
QSO:  3523 CW 2017-08-19 0815 LZ0AV         080 092       LZ0DA         087 082      
QSO:  3523 CW 2017-08-19 0815 LZ0AV         081 087       LZ0FJ         093 081      
QSO:  3513 CW 2017-08-19 0816 LZ0AV         082 093       LZ0DF         084 085      
QSO:  3557 CW 2017-08-19 0817 LZ0AV         083 084       LZ0FC         073 081      
QSO:  3542 CW 2017-08-19 0818 LZ0AV         084 073       LZ0AT         103 053      
QSO:  3528 CW 2017-08-19 0819 LZ0AV         085 103       LZ0FD         092 104      
QSO:  3544 CW 2017-08-19 0820 LZ0AV         086 092       LZ0DN         085 085      
QSO:  3524 CW 2017-08-19 0820 LZ0AV         087 085       LZ0AC         087 094      
QSO:  3523 CW 2017-08-19 0821 LZ0AV         088 087       LZ0AK         084 099      
QSO:  3540 CW 2017-08-19 0821 LZ0AV         089 084       LZ0DM         091 095      
QSO:  3523 CW 2017-08-19 0823 LZ0AV         090 091       LZ0DL         100 084      
QSO:  3523 CW 2017-08-19 0826 LZ0AV         091 100       LZ0DK         058 090      
QSO:  3531 CW 2017-08-19 0826 LZ0AV         092 058       LZ0DY         104 088      
QSO:  3523 CW 2017-08-19 0827 LZ0AV         093 104       LZ0AM         104 089      
QSO:  3523 CW 2017-08-19 0828 LZ0AV         094 104       LZ0DT         093 088      
QSO:  3523 CW 2017-08-19 0828 LZ0AV         095 093       LZ0DU         031 093      
QSO:  3523 CW 2017-08-19 0829 LZ0AV         096 031       LZ0DW         107 065      
QSO:  3523 CW 2017-08-19 0831 LZ0AV         097 107       LZ0AF         099 096      
QSO:  3522 CW 2017-08-19 0831 LZ0AV         098 099       LZ0AW         106 106      
QSO:  3514 CW 2017-08-19 0832 LZ0AV         099 106       LZ0AR         097 109      
QSO:  3517 CW 2017-08-19 0832 LZ0AV         100 097       LZ0DZ         108 096      
QSO:  3520 CW 2017-08-19 0833 LZ0AV         101 108       LZ0FF         104 112      
QSO:  3511 CW 2017-08-19 0834 LZ0AV         102 104       LZ0DG         114 094      
QSO:  3532 CW 2017-08-19 0836 LZ0AV         103 114       LZ0AA         092 112      
QSO:  3554 CW 2017-08-19 0836 LZ0AV         104 092       LZ0DJ         111 082      
QSO:  3534 CW 2017-08-19 0837 LZ0AV         105 111       LZ0DC         128 108      
QSO:  3533 CW 2017-08-19 0838 LZ0AV         106 128       LZ0AJ         116 119      
QSO:  3537 CW 2017-08-19 0839 LZ0AV         107 116       LZ0AP         099 127      
QSO:  3525 CW 2017-08-19 0840 LZ0AV         108 099       LZ0FA         105 086      
QSO:  3527 CW 2017-08-19 0842 LZ0AV         109 105       LZ0DP         102 118      
QSO:  3530 CW 2017-08-19 0843 LZ0AV         110 102       LZ0DV         113 103      
QSO:  3523 CW 2017-08-19 0844 LZ0AV         111 113       LZ0DX         052 124      
QSO:  3523 CW 2017-08-19 0844 LZ0AV         112 052       LZ0FG         118 103      
QSO:  3523 CW 2017-08-19 0845 LZ0AV         113 118       LZ0FY         110 126      
QSO:  3523 CW 2017-08-19 0845 LZ0AV         114 110       LZ0DA         124 107      
QSO:  3523 CW 2017-08-19 0845 LZ0AV         115 124       LZ0AN         128 127      
QSO:  3523 CW 2017-08-19 0846 LZ0AV         116 128       LZ0FX         081 109      
QSO:  3557 CW 2017-08-19 0848 LZ0AV         117 081       LZ0FC         105 110      
QSO:  3542 CW 2017-08-19 0849 LZ0AV         118 105       LZ0AT         139 129      
QSO:  3528 CW 2017-08-19 0849 LZ0AV         119 139       LZ0FD         124 112      
QSO:  3540 CW 2017-08-19 0853 LZ0AV         120 124       LZ0DM         121 471      
QSO:  3544 CW 2017-08-19 0854 LZ0AV         121 121       LZ0DN         125 134      
QSO:  3523 CW 2017-08-19 0854 LZ0AV         122 125       LZ0AL         120 133      
QSO:  3523 CW 2017-08-19 0856 LZ0AV         123 120       LZ0DL         139 129      
QSO:  3523 CW 2017-08-19 0856 LZ0AV         124 139       LZ0FJ         144 118      
QSO:  3531 CW 2017-08-19 0858 LZ0AV         125 144       LZ0DY         144 123      
QSO:  3523 CW 2017-08-19 0859 LZ0AV         126 144       LZ0DW         141 130      
QSO:  3523 CW 2017-08-19 0859 LZ0AV         127 141       LZ0AK         125 127      
QSO:  3523 CW 2017-08-19 0901 LZ0AV         128 125       LZ0AM         146 134      
QSO:  3522 CW 2017-08-19 0901 LZ0AV         129 146       LZ0AW         145 143      
QSO:  3517 CW 2017-08-19 0902 LZ0AV         130 145       LZ0DZ         147 129      
QSO:  3514 CW 2017-08-19 0903 LZ0AV         131 147       LZ0AR         127 124      
QSO:  3524 CW 2017-08-19 0903 LZ0AV         132 127       LZ0AC         101 151      
QSO:  3520 CW 2017-08-19 0904 LZ0AV         133 101       LZ0FF         138 150      
QSO:  3511 CW 2017-08-19 0904 LZ0AV         134 138       LZ0DG         147 125      
QSO:  3550 CW 2017-08-19 0905 LZ0AV         135 147       LZ0DT         128 150      
QSO:  3554 CW 2017-08-19 0906 LZ0AV         136 128       LZ0DJ         149 136      
QSO:  3532 CW 2017-08-19 0907 LZ0AV         137 149       LZ0AA         126 139      
QSO:  3534 CW 2017-08-19 0907 LZ0AV         138 126       LZ0DC         165 140      
QSO:  3533 CW 2017-08-19 0908 LZ0AV         139 165       LZ0AJ         156 141      
QSO:  3537 CW 2017-08-19 0909 LZ0AV         140 156       LZ0AP         130 129      
QSO:  3512 CW 2017-08-19 0910 LZ0AV         141 130       LZ0DF         135 158      
QSO:  3525 CW 2017-08-19 0910 LZ0AV         142 135       LZ0FA         137 141      
QSO:  3523 CW 2017-08-19 0911 LZ0AV         143 137       LZ0DK         099 133      
QSO:  3523 CW 2017-08-19 0911 LZ0AV         144 099       LZ0AF         144 132      
QSO:  3527 CW 2017-08-19 0912 LZ0AV         145 144       LZ0DP         135 156      
QSO:  3523 CW 2017-08-19 0913 LZ0AV         146 135       LZ0AD         091 160      
QSO:  3530 CW 2017-08-19 0914 LZ0AV         147 091       LZ0DV         149 158      
QSO:  3523 CW 2017-08-19 0915 LZ0AV         148 149       LZ0DA         159 174      
QSO:  3523 CW 2017-08-19 0915 LZ0AV         149 159       LZ0AX         148 150      
QSO:  3523 CW 2017-08-19 0916 LZ0AV         150 148       LZ0FY         147 164      
QSO:  3523 CW 2017-08-19 0916 LZ0AV         151 147       LZ0AN         167 146      
QSO:  3523 CW 2017-08-19 0917 LZ0AV         152 167       LZ0FG         156 169      
QSO:  3523 CW 2017-08-19 0917 LZ0AV         153 156       LZ0DX         077 165      
QSO:  3557 CW 2017-08-19 0919 LZ0AV         154 077       LZ0FC         139 144      
QSO:  3542 CW 2017-08-19 0920 LZ0AV         155 139       LZ0AT         177 113      
QSO:  3528 CW 2017-08-19 0921 LZ0AV         156 177       LZ0FD         159 163      
QSO:  3540 CW 2017-08-19 0923 LZ0AV         157 159       LZ0DM         160 075      
QSO:  3544 CW 2017-08-19 0925 LZ0AV         158 160       LZ0DN         161 151      
QSO:  3531 CW 2017-08-19 0928 LZ0AV         159 161       LZ0DY         181 182      
QSO:  3523 CW 2017-08-19 0929 LZ0AV         160 181       LZ0FJ         183 180      
QSO:  3523 CW 2017-08-19 0929 LZ0AV         161 183       LZ0DW         179 166      
QSO:  3523 CW 2017-08-19 0931 LZ0AV         162 179       LZ0AM         185 173      
QSO:  3522 CW 2017-08-19 0932 LZ0AV         163 185       LZ0AW         182 174      
QSO:  3551 CW 2017-08-19 0932 LZ0AV         164 182       LZ0AU         088 075      
QSO:  3517 CW 2017-08-19 0932 LZ0AV         165 088       LZ0DZ         187 180      
QSO:  3514 CW 2017-08-19 0934 LZ0AV         166 187       LZ0AR         165 159      
QSO:  3520 CW 2017-08-19 0934 LZ0AV         167 165       LZ0FF         176 192      
QSO:  3511 CW 2017-08-19 0935 LZ0AV         168 176       LZ0DG         185 178      
QSO:  3550 CW 2017-08-19 0935 LZ0AV         169 185       LZ0DT         160 189      
QSO:  3554 CW 2017-08-19 0936 LZ0AV         170 160       LZ0DJ         186 182      
QSO:  3532 CW 2017-08-19 0937 LZ0AV         171 186       LZ0AA         162 170      
QSO:  3534 CW 2017-08-19 0938 LZ0AV         172 162       LZ0DC         202 188      
QSO:  3533 CW 2017-08-19 0938 LZ0AV         173 202       LZ0AJ         192 201      
QSO:  3535 CW 2017-08-19 0939 LZ0AV         174 192       LZ0DU         097 178      
QSO:  3537 CW 2017-08-19 0939 LZ0AV         175 097       LZ0AP         164 192      
QSO:  3525 CW 2017-08-19 0940 LZ0AV         176 164       LZ0FA         171 178      
QSO:  3523 CW 2017-08-19 0941 LZ0AV         177 171       LZ0AK         176 197      
QSO:  3523 CW 2017-08-19 0942 LZ0AV         178 176       LZ0AF         180 167      
QSO:  3512 CW 2017-08-19 0942 LZ0AV         179 180       LZ0DF         170 176      
QSO:  3527 CW 2017-08-19 0943 LZ0AV         180 170       LZ0DP         170 189      
QSO:  3530 CW 2017-08-19 0945 LZ0AV         181 170       LZ0DV         189 201      
QSO:  3523 CW 2017-08-19 0946 LZ0AV         182 189       LZ0DA         198 214      
QSO:  3523 CW 2017-08-19 0947 LZ0AV         183 198       LZ0AX         174 176      
QSO:  3523 CW 2017-08-19 0947 LZ0AV         184 174       LZ0FY         186 201      
QSO:  3523 CW 2017-08-19 0948 LZ0AV         185 186       LZ0AL         173 195      
QSO:  3523 CW 2017-08-19 0948 LZ0AV         186 173       LZ0FG         194 206      
QSO:  3523 CW 2017-08-19 0948 LZ0AV         187 194       LZ0AN         206 174      
QSO:  3523 CW 2017-08-19 0949 LZ0AV         188 206       LZ0DL         188 196      
QSO:  3557 CW 2017-08-19 0950 LZ0AV         189 188       LZ0FC         173 180      
QSO:  3542 CW 2017-08-19 0950 LZ0AV         190 173       LZ0AT         215 149      
QSO:  3523 CW 2017-08-19 0951 LZ0AV         191 215       LZ0DD         152 116      
QSO:  3540 CW 2017-08-19 0953 LZ0AV         192 152       LZ0DM         196 211      
QSO:  3528 CW 2017-08-19 0954 LZ0AV         193 196       LZ0FD         197 192      
QSO:  3544 CW 2017-08-19 0955 LZ0AV         194 197       LZ0DN         192 208      
QSO:  3531 CW 2017-08-19 0959 LZ0AV         195 192       LZ0DY         216 222      
QSO:  3523 CW 2017-08-19 0959 LZ0AV         196 216       LZ0FJ         224 188      
QSO:  3523 CW 2017-08-19 0959 LZ0AV         197 224       LZ0DW         215 193      
QSO:  3523 CW 2017-08-19 1001 LZ0AV         198 215       LZ0AM         226 215      
QSO:  3523 CW 2017-08-19 1002 LZ0AV         199 226       LZ0DX         114 214      
QSO:  3522 CW 2017-08-19 1003 LZ0AV         200 114       LZ0AW         215 113      
QSO:  3517 CW 2017-08-19 1004 LZ0AV         201 215       LZ0DZ         224 235      
QSO:  3514 CW 2017-08-19 1004 LZ0AV         202 224       LZ0AR         197 192      
QSO:  3520 CW 2017-08-19 1005 LZ0AV         203 197       LZ0FF         212 197      
QSO:  3552 CW 2017-08-19 1005 LZ0AV         204 212       LZ0AG         217 198      
QSO:  3550 CW 2017-08-19 1006 LZ0AV         205 217       LZ0DT         191 228      
QSO:  3511 CW 2017-08-19 1007 LZ0AV         206 191       LZ0DG         216 199      
QSO:  3554 CW 2017-08-19 1007 LZ0AV         207 216       LZ0DJ         224 190      
QSO:  3534 CW 2017-08-19 1008 LZ0AV         208 224       LZ0DC         243 170      
QSO:  3533 CW 2017-08-19 1009 LZ0AV         209 243       LZ0AJ         233 211      
QSO:  3537 CW 2017-08-19 1009 LZ0AV         210 233       LZ0AP         195 192      
QSO:  3525 CW 2017-08-19 1011 LZ0AV         211 195       LZ0FA         203 213      
QSO:  3523 CW 2017-08-19 1012 LZ0AV         212 203       LZ0AF         214 202      
QSO:  3523 CW 2017-08-19 1012 LZ0AV         213 214       LZ0AK         212 237      
QSO:  3523 CW 2017-08-19 1013 LZ0AV         214 212       LZ0DU         124 205      
QSO:  3527 CW 2017-08-19 1015 LZ0AV         215 124       LZ0DP         206 234      
QSO:  3523 CW 2017-08-19 1016 LZ0AV         216 206       LZ0FX         167 215      
QSO:  3523 CW 2017-08-19 1016 LZ0AV         217 167       LZ0AC         141 232      
QSO:  3523 CW 2017-08-19 1016 LZ0AV         218 141       LZ0DA         237 209      
QSO:  3523 CW 2017-08-19 1017 LZ0AV         219 237       LZ0FY         217 225      
QSO:  3523 CW 2017-08-19 1019 LZ0AV         220 217       LZ0FG         230 245      
QSO:  3523 CW 2017-08-19 1019 LZ0AV         221 230       LZ0AL         203 239      
QSO:  3542 CW 2017-08-19 1020 LZ0AV         222 203       LZ0AT         251 145      
QSO:  3557 CW 2017-08-19 1021 LZ0AV         223 251       LZ0FC         210 240      
QSO:  3532 CW 2017-08-19 1023 LZ0AV         224 210       LZ0AA         211 243      
QSO:  3540 CW 2017-08-19 1023 LZ0AV         225 211       LZ0DM         224 253      
QSO:  3550 CW 2017-08-19 1024 LZ0AV         226 224       LZ0AU         122 224      
QSO:  3523 CW 2017-08-19 1025 LZ0AV         227 122       LZ0AN         253 247      
QSO:  3523 CW 2017-08-19 1025 LZ0AV         228 253       LZ0FK         015 221      
QSO:  3544 CW 2017-08-19 1027 LZ0AV         229 015       LZ0DN         230 138      
QSO:  3523 CW 2017-08-19 1028 LZ0AV         230 230       LZ0DD         187 152      
QSO:  3528 CW 2017-08-19 1029 LZ0AV         231 187       LZ0FD         241 250      
QSO:  3523 CW 2017-08-19 1030 LZ0AV         232 241       LZ0DL         232 225      
QSO:  3531 CW 2017-08-19 1031 LZ0AV         233 232       LZ0DY         253 233      
QSO:  3523 CW 2017-08-19 1032 LZ0AV         234 253       LZ0AX         218 252      
QSO:  3523 CW 2017-08-19 1033 LZ0AV         235 218       LZ0FJ         263 261      
QSO:  3523 CW 2017-08-19 1033 LZ0AV         236 263       LZ0AM         263 223      
QSO:  3523 CW 2017-08-19 1033 LZ0AV         237 263       LZ0DX         145 253      
QSO:  3522 CW 2017-08-19 1034 LZ0AV         238 145       LZ0AW         254 144      
QSO:  3514 CW 2017-08-19 1035 LZ0AV         239 254       LZ0AR         232 238      
QSO:  3517 CW 2017-08-19 1035 LZ0AV         240 232       LZ0DZ         266 266      
QSO:  3520 CW 2017-08-19 1035 LZ0AV         241 266       LZ0FF         252 271      
QSO:  3552 CW 2017-08-19 1036 LZ0AV         242 252       LZ0AG         254 223      
QSO:  3550 CW 2017-08-19 1037 LZ0AV         243 254       LZ0DT         225 167      
QSO:  3511 CW 2017-08-19 1038 LZ0AV         244 225       LZ0DG         259 224      
QSO:  3512 CW 2017-08-19 1039 LZ0AV         245 259       LZ0DF         231 260      
QSO:  3534 CW 2017-08-19 1039 LZ0AV         246 231       LZ0DC         283 226      
QSO:  3537 CW 2017-08-19 1040 LZ0AV         247 283       LZ0AP         230 150      
QSO:  3533 CW 2017-08-19 1041 LZ0AV         248 230       LZ0AJ         275 202      
QSO:  3525 CW 2017-08-19 1042 LZ0AV         249 275       LZ0FA         240 250      
QSO:  3554 CW 2017-08-19 1042 LZ0AV         250 240       LZ0DJ         265 264      
QSO:  3523 CW 2017-08-19 1043 LZ0AV         251 265       LZ0AF         253 279      
QSO:  3523 CW 2017-08-19 1043 LZ0AV         252 253       LZ0AK         249 241      
QSO:  3523 CW 2017-08-19 1044 LZ0AV         253 249       LZ0DU         154 242      
QSO:  3530 CW 2017-08-19 1045 LZ0AV         254 154       LZ0DV         265 270      
QSO:  3523 CW 2017-08-19 1046 LZ0AV         255 265       LZ0DA         274 240      
QSO:  3523 CW 2017-08-19 1047 LZ0AV         256 274       LZ0FY         254 263      
QSO:  3527 CW 2017-08-19 1048 LZ0AV         257 254       LZ0DP         251 168      
QSO:  3523 CW 2017-08-19 1049 LZ0AV         258 251       LZ0FX         199 247      
QSO:  3523 CW 2017-08-19 1049 LZ0AV         259 199       LZ0AL         233 274      
QSO:  3523 CW 2017-08-19 1050 LZ0AV         260 233       LZ0AT         288 276      
QSO:  3557 CW 2017-08-19 1052 LZ0AV         261 288       LZ0FC         248 213      
QSO:  3532 CW 2017-08-19 1053 LZ0AV         262 248       LZ0AA         244 272      
QSO:  3540 CW 2017-08-19 1054 LZ0AV         263 244       LZ0DM         261 259      
QSO:  3523 CW 2017-08-19 1055 LZ0AV         264 261       LZ0AN         291 283      
QSO:  3544 CW 2017-08-19 1057 LZ0AV         265 291       LZ0DN         262 286      
QSO:  3523 CW 2017-08-19 1058 LZ0AV         266 262       LZ0DD         222 173      
QSO:  3528 CW 2017-08-19 1059 LZ0AV         267 222       LZ0FD         276 268      
END-OF-LOG:
