START-OF-LOG: 2.0 
CALLSIGN: LZ0AT
CLUB:  Балчик
CONTEST: LZ-OPEN-DOMESTIC
CATEGORY: SINGLE-OP 80M QRP CW
CLAIMED-SCORE: 305
OPERATORS: LZ3FN
NAME: Христо Игнатов LZ3FN
ADDRESS: 
ADDRESS: ,  
ADDRESS: BULGARIA
CREATED-BY: N1MM Logger+ 1.0.6706.0
QSO:  3520 CW 2017-08-19 0700 LZ0AT         001 000       LZ0FF         001 000      
QSO:  3525 CW 2017-08-19 0701 LZ0AT         002 001       LZ0FA         001 000      
QSO:  3530 CW 2017-08-19 0701 LZ0AT         003 001       LZ0DV         002 002      
QSO:  3531 CW 2017-08-19 0702 LZ0AT         004 002       LZ0DY         005 001      
QSO:  3532 CW 2017-08-19 0702 LZ0AT         005 005       LZ0AA         001 000      
QSO:  3533 CW 2017-08-19 0702 LZ0AT         006 001       LZ0AJ         004 005      
QSO:  3535 CW 2017-08-19 0703 LZ0AT         007 004       LZ0DR         004 002      
QSO:  3537 CW 2017-08-19 0704 LZ0AT         008 004       LZ0AP         006 007      
QSO:  3550 CW 2017-08-19 0704 LZ0AT         009 006       LZ0DT         007 005      
QSO:  3552 CW 2017-08-19 0705 LZ0AT         010 007       LZ0AK         008 006      
QSO:  3554 CW 2017-08-19 0705 LZ0AT         011 008       LZ0AU         005 003      
QSO:  3522 CW 2017-08-19 0707 LZ0AT         012 005       LZ0AW         012 005      
QSO:  3526 CW 2017-08-19 0707 LZ0AT         013 012       LZ0DP         012 009      
QSO:  3534 CW 2017-08-19 0708 LZ0AT         014 012       LZ0DC         018 011      
QSO:  3540 CW 2017-08-19 0709 LZ0AT         015 018       LZ0DM         008 007      
QSO:  3545 CW 2017-08-19 0709 LZ0AT         016 008       LZ0FY         009 013      
QSO:  3545 CW 2017-08-19 0709 LZ0AT         017 009       LZ0AX         008 007      
QSO:  3542 CW 2017-08-19 0711 LZ0AT         018 008       LZ0AG         014 015      
QSO:  3542 CW 2017-08-19 0711 LZ0AT         019 014       LZ0DN         014 013      
QSO:  3542 CW 2017-08-19 0712 LZ0AT         020 014       LZ0AM         018 003      
QSO:  3542 CW 2017-08-19 0712 LZ0AT         021 018       LZ0DJ         018 013      
QSO:  3542 CW 2017-08-19 0713 LZ0AT         022 018       LZ0AL         012 015      
QSO:  3542 CW 2017-08-19 0713 LZ0AT         023 012       LZ0DK         014 015      
QSO:  3542 CW 2017-08-19 0714 LZ0AT         024 014       LZ0DX         013 016      
QSO:  3542 CW 2017-08-19 0715 LZ0AT         025 013       LZ0AD         021 022      
QSO:  3542 CW 2017-08-19 0717 LZ0AT         026 021       LZ0DA         023 023      
QSO:  3542 CW 2017-08-19 0718 LZ0AT         027 023       LZ0AV         020 028      
QSO:  3542 CW 2017-08-19 0719 LZ0AT         028 020       LZ0DL         030 021      
QSO:  3543 CW 2017-08-19 0720 LZ0AT         029 030       LZ0DU         007 020      
QSO:  3541 CW 2017-08-19 0720 LZ0AT         030 007       LZ0AF         024 026      
QSO:  3528 CW 2017-08-19 0722 LZ0AT         031 024       LZ0FD         029 017      
QSO:  3524 CW 2017-08-19 0722 LZ0AT         032 029       LZ0AC         023 024      
QSO:  3519 CW 2017-08-19 0723 LZ0AT         033 023       LZ0AN         032 028      
QSO:  3518 CW 2017-08-19 0724 LZ0AT         034 032       LZ0DW         032 030      
QSO:  3514 CW 2017-08-19 0724 LZ0AT         035 032       LZ0AR         019 024      
QSO:  3559 CW 2017-08-19 0725 LZ0AT         036 019       LZ0AY         028 025      
QSO:  3542 CW 2017-08-19 0727 LZ0AT         037 028       LZ0DG         040 030      
QSO:  3542 CW 2017-08-19 0729 LZ0AT         038 040       LZ0DF         033 031      
QSO:  3520 CW 2017-08-19 0730 LZ0AT         039 033       LZ0FF         034 032      
QSO:  3517 CW 2017-08-19 0731 LZ0AT         040 034       LZ0DZ         037 037      
QSO:  3525 CW 2017-08-19 0731 LZ0AT         041 037       LZ0FA         029 036      
QSO:  3530 CW 2017-08-19 0732 LZ0AT         042 029       LZ0DV         036 040      
QSO:  3531 CW 2017-08-19 0732 LZ0AT         043 036       LZ0DY         039 035      
QSO:  3532 CW 2017-08-19 0732 LZ0AT         044 039       LZ0AA         024 026      
QSO:  3533 CW 2017-08-19 0733 LZ0AT         045 024       LZ0AJ         038 042      
QSO:  3534 CW 2017-08-19 0733 LZ0AT         046 038       LZ0FZ         011 025      
QSO:  3535 CW 2017-08-19 0734 LZ0AT         047 011       LZ0DR         031 035      
QSO:  3537 CW 2017-08-19 0734 LZ0AT         048 031       LZ0AP         033 043      
QSO:  3550 CW 2017-08-19 0735 LZ0AT         049 033       LZ0DT         039 049      
QSO:  3557 CW 2017-08-19 0736 LZ0AT         050 039       LZ0FC         028 034      
QSO:  3551 CW 2017-08-19 0737 LZ0AT         051 028       LZ0AU         027 034      
QSO:  3522 CW 2017-08-19 0738 LZ0AT         052 027       LZ0AW         044 033      
QSO:  3526 CW 2017-08-19 0738 LZ0AT         053 044       LZ0DP         035 040      
QSO:  3534 CW 2017-08-19 0739 LZ0AT         054 035       LZ0DC         057 043      
QSO:  3540 CW 2017-08-19 0739 LZ0AT         055 057       LZ0DM         041 046      
QSO:  3545 CW 2017-08-19 0740 LZ0AT         056 041       LZ0FY         041 040      
QSO:  3545 CW 2017-08-19 0740 LZ0AT         057 041       LZ0FG         047 046      
QSO:  3544 CW 2017-08-19 0740 LZ0AT         058 047       LZ0AX         040 038      
QSO:  3542 CW 2017-08-19 0742 LZ0AT         059 040       LZ0AM         051 033      
QSO:  3542 CW 2017-08-19 0742 LZ0AT         060 051       LZ0AG         047 040      
QSO:  3542 CW 2017-08-19 0743 LZ0AT         061 047       LZ0DN         045 048      
QSO:  3542 CW 2017-08-19 0743 LZ0AT         062 045       LZ0DK         032 044      
QSO:  3542 CW 2017-08-19 0744 LZ0AT         063 032       LZ0DJ         050 045     
QSO:  3542 CW 2017-08-19 0746 LZ0AT         064 050       LZ0AL         048 059      
QSO:  3542 CW 2017-08-19 0747 LZ0AT         065 048       LZ0DA         056 054      
QSO:  3542 CW 2017-08-19 0748 LZ0AT         066 056       LZ0AV         051 049      
QSO:  3542 CW 2017-08-19 0749 LZ0AT         067 051       LZ0DX         032 053      
QSO:  3547 CW 2017-08-19 0751 LZ0AT         068 032       LZ0AK         054 058      
QSO:  3555 CW 2017-08-19 0752 LZ0AT         069 054       LZ0DL         069 058      
QSO:  3528 CW 2017-08-19 0752 LZ0AT         070 069       LZ0FD         063 048      
QSO:  3524 CW 2017-08-19 0752 LZ0AT         071 063       LZ0AC         062 057      
QSO:  3519 CW 2017-08-19 0753 LZ0AT         072 062       LZ0AN         069 053      
QSO:  3518 CW 2017-08-19 0754 LZ0AT         073 069       LZ0DW         064 066      
QSO:  3514 CW 2017-08-19 0754 LZ0AT         074 064       LZ0AR         054 065      
QSO:  3559 CW 2017-08-19 0755 LZ0AT         075 054       LZ0AY         061 037      
QSO:  3541 CW 2017-08-19 0755 LZ0AT         076 061       LZ0AF         059 063      
QSO:  3542 CW 2017-08-19 0757 LZ0AT         077 059       LZ0FJ         071 029      
QSO:  3542 CW 2017-08-19 0759 LZ0AT         078 071       LZ0DD         045 064      
QSO:  3520 CW 2017-08-19 0800 LZ0AT         079 045       LZ0FF         065 063      
QSO:  3512 CW 2017-08-19 0801 LZ0AT         080 065       LZ0DF         065 071      
QSO:  3532 CW 2017-08-19 0802 LZ0AT         081 065       LZ0AA         054 083      
QSO:  3531 CW 2017-08-19 0803 LZ0AT         082 054       LZ0DY         080 075      
QSO:  3530 CW 2017-08-19 0803 LZ0AT         083 080       LZ0DV         070 074      
QSO:  3533 CW 2017-08-19 0803 LZ0AT         084 070       LZ0AJ         074 076      
QSO:  3525 CW 2017-08-19 0804 LZ0AT         085 074       LZ0FA         061 071      
QSO:  3537 CW 2017-08-19 0804 LZ0AT         086 061       LZ0AP         067 078      
QSO:  3517 CW 2017-08-19 0805 LZ0AT         087 067       LZ0DZ         075 073      
QSO:  3550 CW 2017-08-19 0806 LZ0AT         088 075       LZ0DT         076 076      
QSO:  3550 CW 2017-08-19 0807 LZ0AT         089 076       LZ0AU         037 060      
QSO:  3557 CW 2017-08-19 0807 LZ0AT         090 037       LZ0FC         065 049      
QSO:  3522 CW 2017-08-19 0808 LZ0AT         091 065       LZ0AW         080 069      
QSO:  3527 CW 2017-08-19 0809 LZ0AT         092 080       LZ0DP         071 075      
QSO:  3534 CW 2017-08-19 0809 LZ0AT         093 071       LZ0DC         096 083      
QSO:  3540 CW 2017-08-19 0811 LZ0AT         094 096       LZ0DM         078 083      
QSO:  3535 CW 2017-08-19 0813 LZ0AT         095 078       LZ0DR         073 090      
QSO:  3542 CW 2017-08-19 0814 LZ0AT         096 073       LZ0DN         077 078      
QSO:  3542 CW 2017-08-19 0814 LZ0AT         097 077       LZ0AG         087 076      
QSO:  3542 CW 2017-08-19 0815 LZ0AT         098 087       LZ0AM         089 018      
QSO:  3546 CW 2017-08-19 0816 LZ0AT         099 089       LZ0FY         079 094      
QSO:  3545 CW 2017-08-19 0817 LZ0AT         100 079       LZ0FG         090 096      
QSO:  3542 CW 2017-08-19 0818 LZ0AT         101 090       LZ0DA         092 087      
QSO:  3542 CW 2017-08-19 0818 LZ0AT         102 092       LZ0DK         053 095      
QSO:  3542 CW 2017-08-19 0818 LZ0AT         103 053       LZ0AV         084 073      
QSO:  3542 CW 2017-08-19 0819 LZ0AT         104 084       LZ0AL         085 084      
QSO:  3542 CW 2017-08-19 0820 LZ0AT         105 085       LZ0FX         054 094      
QSO:  3528 CW 2017-08-19 0823 LZ0AT         106 054       LZ0FD         099 080      
QSO:  3518 CW 2017-08-19 0825 LZ0AT         107 099       LZ0DW         102 102      
QSO:  3514 CW 2017-08-19 0825 LZ0AT         108 102       LZ0AR         084 091      
QSO:  3559 CW 2017-08-19 0826 LZ0AT         109 084       LZ0AY         091 057      
QSO:  3519 CW 2017-08-19 0826 LZ0AT         110 091       LZ0AN         108 097      
QSO:  3534 CW 2017-08-19 0826 LZ0AT         111 108       LZ0FZ         032 116      
QSO:  3541 CW 2017-08-19 0827 LZ0AT         112 032       LZ0AF         094 101      
QSO:  3542 CW 2017-08-19 0827 LZ0AT         113 094       LZ0FJ         108 098      
QSO:  3513 CW 2017-08-19 0831 LZ0AT         114 108       LZ0DF         098 089      
QSO:  3520 CW 2017-08-19 0831 LZ0AT         115 098       LZ0FF         101 077      
QSO:  3547 CW 2017-08-19 0832 LZ0AT         116 101       LZ0AK         099 107      
QSO:  3532 CW 2017-08-19 0832 LZ0AT         117 099       LZ0AA         087 092      
QSO:  3545 CW 2017-08-19 0833 LZ0AT         118 087       LZ0AX         103 100      
QSO:  3531 CW 2017-08-19 0834 LZ0AT         119 103       LZ0DY         114 109      
QSO:  3525 CW 2017-08-19 0834 LZ0AT         120 114       LZ0FA         098 102      
QSO:  3533 CW 2017-08-19 0835 LZ0AT         121 098       LZ0AJ         110 114      
QSO:  3517 CW 2017-08-19 0835 LZ0AT         122 110       LZ0DZ         114 104      
QSO:  3528 CW 2017-08-19 0836 LZ0AT         123 114       LZ0DU         035 097      
QSO:  3530 CW 2017-08-19 0836 LZ0AT         124 035       LZ0DL         113 091      
QSO:  3557 CW 2017-08-19 0837 LZ0AT         125 113       LZ0FC         096 113      
QSO:  3555 CW 2017-08-19 0839 LZ0AT         126 096       LZ0AU         056 106      
QSO:  3537 CW 2017-08-19 0839 LZ0AT         127 056       LZ0AP         098 107      
QSO:  3522 CW 2017-08-19 0840 LZ0AT         128 098       LZ0AW         118 120      
QSO:  3527 CW 2017-08-19 0841 LZ0AT         129 118       LZ0DP         100 057      
QSO:  3540 CW 2017-08-19 0842 LZ0AT         130 100       LZ0DM         111 122      
QSO:  3542 CW 2017-08-19 0843 LZ0AT         131 111       LZ0DG         131 106      
QSO:  3542 CW 2017-08-19 0844 LZ0AT         132 131       LZ0DD         090 104      
QSO:  3542 CW 2017-08-19 0845 LZ0AT         133 090       LZ0DN         113 106      
QSO:  3542 CW 2017-08-19 0846 LZ0AT         134 113       LZ0AG         120 104      
QSO:  3542 CW 2017-08-19 0847 LZ0AT         135 120       LZ0AM         127 116      
QSO:  3545 CW 2017-08-19 0847 LZ0AT         136 127       LZ0FY         113 142      
QSO:  3545 CW 2017-08-19 0848 LZ0AT         137 113       LZ0FG         125 130      
QSO:  3542 CW 2017-08-19 0848 LZ0AT         138 125       LZ0DA         129 121      
QSO:  3542 CW 2017-08-19 0849 LZ0AT         139 129       LZ0AV         118 105      
QSO:  3554 CW 2017-08-19 0851 LZ0AT         140 118       LZ0DJ         129 114      
QSO:  3551 CW 2017-08-19 0852 LZ0AT         141 129       LZ0DT         119 115      
QSO:  3535 CW 2017-08-19 0853 LZ0AT         142 119       LZ0DR         116 131      
QSO:  3530 CW 2017-08-19 0853 LZ0AT         143 116       LZ0DV         127 137      
QSO:  3528 CW 2017-08-19 0854 LZ0AT         144 127       LZ0FD         131 081      
QSO:  3514 CW 2017-08-19 0856 LZ0AT         145 131       LZ0AR         113 101      
QSO:  3519 CW 2017-08-19 0856 LZ0AT         146 113       LZ0AN         143 137      
QSO:  3534 CW 2017-08-19 0857 LZ0AT         147 143       LZ0DC         155 131      
QSO:  3542 CW 2017-08-19 0859 LZ0AT         148 155       LZ0DX         060 119      
QSO:  3542 CW 2017-08-19 0900 LZ0AT         149 060       LZ0AL         123 120      
QSO:  3542 CW 2017-08-19 0900 LZ0AT         150 123       LZ0FJ         147 123      
QSO:  3520 CW 2017-08-19 0901 LZ0AT         151 147       LZ0FF         136 127      
QSO:  3541 CW 2017-08-19 0902 LZ0AT         152 136       LZ0AF         135 124      
QSO:  3510 CW 2017-08-19 0902 LZ0AT         153 135       LZ0FZ         051 132      
QSO:  3532 CW 2017-08-19 0902 LZ0AT         154 051       LZ0AA         120 149      
QSO:  3547 CW 2017-08-19 0903 LZ0AT         155 120       LZ0AK         131 149      
QSO:  3559 CW 2017-08-19 0903 LZ0AT         156 131       LZ0AY         132 132      
QSO:  3545 CW 2017-08-19 0904 LZ0AT         157 132       LZ0AX         135 127      
QSO:  3531 CW 2017-08-19 0904 LZ0AT         158 135       LZ0DY         148 091      
QSO:  3525 CW 2017-08-19 0905 LZ0AT         159 148       LZ0FA         131 129      
QSO:  3524 CW 2017-08-19 0905 LZ0AT         160 131       LZ0AC         106 142      
QSO:  3517 CW 2017-08-19 0906 LZ0AT         161 106       LZ0DZ         155 138      
QSO:  3518 CW 2017-08-19 0907 LZ0AT         162 155       LZ0DW         154 140      
QSO:  3533 CW 2017-08-19 0907 LZ0AT         163 154       LZ0AJ         153 152      
QSO:  3557 CW 2017-08-19 0907 LZ0AT         164 153       LZ0FC         128 137      
QSO:  3512 CW 2017-08-19 0908 LZ0AT         165 128       LZ0DF         132 134      
QSO:  3537 CW 2017-08-19 0910 LZ0AT         166 132       LZ0AP         131 140      
QSO:  3551 CW 2017-08-19 0910 LZ0AT         167 131       LZ0AU         076 100      
QSO:  3522 CW 2017-08-19 0911 LZ0AT         168 076       LZ0AW         154 144      
QSO:  3540 CW 2017-08-19 0912 LZ0AT         169 154       LZ0DM         148 162      
QSO:  3527 CW 2017-08-19 0913 LZ0AT         170 148       LZ0DP         138 136      
QSO:  3542 CW 2017-08-19 0916 LZ0AT         171 138       LZ0DG         163 139      
QSO:  3542 CW 2017-08-19 0917 LZ0AT         172 163       LZ0AM         166 152      
QSO:  3542 CW 2017-08-19 0917 LZ0AT         173 166       LZ0DN         149 140      
QSO:  3542 CW 2017-08-19 0918 LZ0AT         174 149       LZ0AG         159 142      
QSO:  3545 CW 2017-08-19 0919 LZ0AT         175 159       LZ0FG         159 168      
QSO:  3542 CW 2017-08-19 0919 LZ0AT         176 159       LZ0FX         113 150      
QSO:  3542 CW 2017-08-19 0920 LZ0AT         177 113       LZ0AV         155 139      
QSO:  3554 CW 2017-08-19 0921 LZ0AT         178 155       LZ0DJ         167 183      
QSO:  3551 CW 2017-08-19 0923 LZ0AT         179 167       LZ0DT         150 169      
QSO:  3535 CW 2017-08-19 0924 LZ0AT         180 150       LZ0DR         150 172      
QSO:  3528 CW 2017-08-19 0925 LZ0AT         181 150       LZ0FD         164 150      
QSO:  3542 CW 2017-08-19 0926 LZ0AT         182 164       LZ0DA         171 178      
QSO:  3542 CW 2017-08-19 0926 LZ0AT         183 171       LZ0DU         081 162      
QSO:  3519 CW 2017-08-19 0927 LZ0AT         184 081       LZ0AN         181 177      
QSO:  3514 CW 2017-08-19 0927 LZ0AT         185 181       LZ0AR         153 176      
QSO:  3530 CW 2017-08-19 0928 LZ0AT         186 153       LZ0DV         168 163      
QSO:  3534 CW 2017-08-19 0928 LZ0AT         187 168       LZ0DC         192 067      
QSO:  3545 CW 2017-08-19 0928 LZ0AT         188 192       LZ0FY         162 176      
QSO:  3542 CW 2017-08-19 0930 LZ0AT         189 162       LZ0AL         155 127      
QSO:  3532 CW 2017-08-19 0932 LZ0AT         190 155       LZ0AA         156 178      
QSO:  3510 CW 2017-08-19 0932 LZ0AT         191 156       LZ0FZ         071 178      
QSO:  3520 CW 2017-08-19 0933 LZ0AT         192 071       LZ0FF         175 181      
QSO:  3559 CW 2017-08-19 0933 LZ0AT         193 175       LZ0AY         163 182      
QSO:  3531 CW 2017-08-19 0934 LZ0AT         194 163       LZ0DY         187 087      
QSO:  3513 CW 2017-08-19 0935 LZ0AT         195 187       LZ0DX         089 159      
QSO:  3525 CW 2017-08-19 0935 LZ0AT         196 089       LZ0FA         166 186      
QSO:  3530 CW 2017-08-19 0936 LZ0AT         197 166       LZ0DL         171 189      
QSO:  3547 CW 2017-08-19 0936 LZ0AT         198 171       LZ0AK         170 190      
QSO:  3517 CW 2017-08-19 0937 LZ0AT         199 170       LZ0DZ         194 092      
QSO:  3518 CW 2017-08-19 0937 LZ0AT         200 194       LZ0DW         189 201      
QSO:  3533 CW 2017-08-19 0937 LZ0AT         201 189       LZ0AJ         191 191      
QSO:  3557 CW 2017-08-19 0938 LZ0AT         202 191       LZ0FC         162 168      
QSO:  3541 CW 2017-08-19 0938 LZ0AT         203 162       LZ0AF         175 169      
QSO:  3526 CW 2017-08-19 0939 LZ0AT         204 175       LZ0FJ         194 078      
QSO:  3537 CW 2017-08-19 0940 LZ0AT         205 194       LZ0AP         166 176      
QSO:  3550 CW 2017-08-19 0942 LZ0AT         206 166       LZ0AU         096 182      
QSO:  3522 CW 2017-08-19 0943 LZ0AT         207 096       LZ0AW         196 109      
QSO:  3512 CW 2017-08-19 0944 LZ0AT         208 196       LZ0DF         175 199      
QSO:  3527 CW 2017-08-19 0945 LZ0AT         209 175       LZ0DP         174 195      
QSO:  3540 CW 2017-08-19 0946 LZ0AT         210 174       LZ0DM         182 203      
QSO:  3511 CW 2017-08-19 0946 LZ0AT         211 182       LZ0DG         198 185      
QSO:  3542 CW 2017-08-19 0947 LZ0AT         212 198       LZ0DN         183 193      
QSO:  3516 CW 2017-08-19 0948 LZ0AT         213 183       LZ0AM         208 109      
QSO:  3542 CW 2017-08-19 0949 LZ0AT         214 208       LZ0DD         149 168      
QSO:  3542 CW 2017-08-19 0950 LZ0AT         215 149       LZ0AV         190 173      
QSO:  3542 CW 2017-08-19 0951 LZ0AT         216 190       LZ0FG         199 220      
QSO:  3554 CW 2017-08-19 0952 LZ0AT         217 199       LZ0DJ         204 224      
QSO:  3542 CW 2017-08-19 0954 LZ0AT         218 204       LZ0AG         200 183      
QSO:  3542 CW 2017-08-19 0954 LZ0AT         219 200       LZ0DK         123 197      
QSO:  3550 CW 2017-08-19 0954 LZ0AT         220 123       LZ0DT         184 182      
QSO:  3542 CW 2017-08-19 0956 LZ0AT         221 184       LZ0DA         209 191      
QSO:  3528 CW 2017-08-19 0956 LZ0AT         222 209       LZ0FD         199 217      
QSO:  3542 CW 2017-08-19 0956 LZ0AT         223 199       LZ0AD         124 198      
QSO:  3514 CW 2017-08-19 0959 LZ0AT         224 124       LZ0AR         187 214      
QSO:  3519 CW 2017-08-19 1000 LZ0AT         225 187       LZ0AN         222 223      
QSO:  3545 CW 2017-08-19 1000 LZ0AT         226 222       LZ0FY         201 209      
QSO:  3534 CW 2017-08-19 1001 LZ0AT         227 201       LZ0DC         233 208      
QSO:  3530 CW 2017-08-19 1001 LZ0AT         228 233       LZ0DV         210 200      
QSO:  3518 CW 2017-08-19 1003 LZ0AT         229 210       LZ0DU         117 192      
QSO:  3520 CW 2017-08-19 1004 LZ0AT         230 117       LZ0FF         210 191      
QSO:  3559 CW 2017-08-19 1005 LZ0AT         231 210       LZ0AY         198 211      
QSO:  3531 CW 2017-08-19 1005 LZ0AT         232 198       LZ0DY         153 166      
QSO:  3525 CW 2017-08-19 1005 LZ0AT         233 153       LZ0FA         200 129      
QSO:  3512 CW 2017-08-19 1006 LZ0AT         234 200       LZ0DX         119 239      
QSO:  3533 CW 2017-08-19 1007 LZ0AT         235 119       LZ0AJ         230 232      
QSO:  3517 CW 2017-08-19 1008 LZ0AT         236 230       LZ0DZ         232 120      
QSO:  3547 CW 2017-08-19 1008 LZ0AT         237 232       LZ0AK         208 132      
QSO:  3541 CW 2017-08-19 1009 LZ0AT         238 208       LZ0AF         212 232      
QSO:  3535 CW 2017-08-19 1009 LZ0AT         239 212       LZ0DR         190 226      
QSO:  3526 CW 2017-08-19 1010 LZ0AT         240 190       LZ0FJ         235 234      
QSO:  3537 CW 2017-08-19 1011 LZ0AT         241 235       LZ0AP         199 202      
QSO:  3557 CW 2017-08-19 1011 LZ0AT         242 199       LZ0FC         201 226      
QSO:  3550 CW 2017-08-19 1014 LZ0AT         243 201       LZ0AU         112 197      
QSO:  3522 CW 2017-08-19 1014 LZ0AT         244 112       LZ0AW         230 203      
QSO:  3527 CW 2017-08-19 1016 LZ0AT         245 230       LZ0DP         209 130      
QSO:  3540 CW 2017-08-19 1017 LZ0AT         246 209       LZ0DM         216 240      
QSO:  3542 CW 2017-08-19 1017 LZ0AT         247 216       LZ0DN         220 243      
QSO:  3532 CW 2017-08-19 1018 LZ0AT         248 220       LZ0AA         199 242      
QSO:  3542 CW 2017-08-19 1019 LZ0AT         249 199       LZ0DW         241 212      
QSO:  3542 CW 2017-08-19 1020 LZ0AT         250 241       LZ0AC         145 201      
QSO:  3542 CW 2017-08-19 1020 LZ0AT         251 145       LZ0AV         222 203      
QSO:  3542 CW 2017-08-19 1020 LZ0AT         252 222       LZ0FK         010 222      
QSO:  3542 CW 2017-08-19 1021 LZ0AT         253 010       LZ0AL         206 220      
QSO:  3542 CW 2017-08-19 1021 LZ0AT         254 206       LZ0AM         246 180      
QSO:  3511 CW 2017-08-19 1022 LZ0AT         255 246       LZ0DG         241 248      
QSO:  3512 CW 2017-08-19 1023 LZ0AT         256 241       LZ0DF         211 238      
QSO:  3542 CW 2017-08-19 1024 LZ0AT         257 211       LZ0AG         241 232      
QSO:  3542 CW 2017-08-19 1024 LZ0AT         258 241       LZ0FG         237 213      
QSO:  3542 CW 2017-08-19 1024 LZ0AT         259 237       LZ0DD         183 145      
QSO:  3542 CW 2017-08-19 1026 LZ0AT         260 183       LZ0DA         246 214      
QSO:  3542 CW 2017-08-19 1026 LZ0AT         261 246       LZ0DK         150 218      
QSO:  3554 CW 2017-08-19 1027 LZ0AT         262 150       LZ0DJ         245 223      
QSO:  3535 CW 2017-08-19 1027 LZ0AT         263 245       LZ0AD         151 234      
QSO:  3528 CW 2017-08-19 1028 LZ0AT         264 151       LZ0FD         238 258      
QSO:  3550 CW 2017-08-19 1029 LZ0AT         265 238       LZ0DT         220 151      
QSO:  3519 CW 2017-08-19 1030 LZ0AT         266 220       LZ0AN         261 250      
QSO:  3514 CW 2017-08-19 1031 LZ0AT         267 261       LZ0AR         223 249      
QSO:  3534 CW 2017-08-19 1031 LZ0AT         268 223       LZ0DC         272 248      
QSO:  3545 CW 2017-08-19 1032 LZ0AT         269 272       LZ0FY         240 253      
QSO:  3530 CW 2017-08-19 1034 LZ0AT         270 240       LZ0DV         253 264      
QSO:  3520 CW 2017-08-19 1035 LZ0AT         271 253       LZ0FF         251 229      
QSO:  3525 CW 2017-08-19 1036 LZ0AT         272 251       LZ0FA         233 240      
QSO:  3559 CW 2017-08-19 1036 LZ0AT         273 233       LZ0AY         231 257      
QSO:  3531 CW 2017-08-19 1037 LZ0AT         274 231       LZ0DY         262 149      
QSO:  3533 CW 2017-08-19 1037 LZ0AT         275 262       LZ0AJ         268 270      
QSO:  3517 CW 2017-08-19 1038 LZ0AT         276 268       LZ0DZ         270 261      
QSO:  3526 CW 2017-08-19 1040 LZ0AT         277 270       LZ0FJ         273 190      
QSO:  3557 CW 2017-08-19 1042 LZ0AT         278 273       LZ0FC         237 263      
QSO:  3541 CW 2017-08-19 1042 LZ0AT         279 237       LZ0AF         252 246      
QSO:  3537 CW 2017-08-19 1042 LZ0AT         280 252       LZ0AP         233 262      
QSO:  3542 CW 2017-08-19 1043 LZ0AT         281 233       LZ0AX         232 277      
QSO:  3522 CW 2017-08-19 1045 LZ0AT         282 232       LZ0AW         268 268      
QSO:  3547 CW 2017-08-19 1045 LZ0AT         283 268       LZ0AK         253 265      
QSO:  3554 CW 2017-08-19 1046 LZ0AT         284 253       LZ0AU         132 225      
QSO:  3527 CW 2017-08-19 1046 LZ0AT         285 132       LZ0DP         248 161      
QSO:  3540 CW 2017-08-19 1047 LZ0AT         286 248       LZ0DM         251 281      
QSO:  3542 CW 2017-08-19 1049 LZ0AT         287 251       LZ0DW         276 238      
QSO:  3523 CW 2017-08-19 1050 LZ0AT         288 276       LZ0AV         260 233      
QSO:  3524 CW 2017-08-19 1051 LZ0AT         289 260       LZ0AC         165 148      
QSO:  3532 CW 2017-08-19 1051 LZ0AT         290 165       LZ0AA         241 279      
QSO:  3535 CW 2017-08-19 1052 LZ0AT         291 241       LZ0DR         224 256      
QSO:  3542 CW 2017-08-19 1052 LZ0AT         292 224       LZ0AM         287 267      
QSO:  3511 CW 2017-08-19 1053 LZ0AT         293 287       LZ0DG         281 288      
QSO:  3512 CW 2017-08-19 1053 LZ0AT         294 281       LZ0DX         169 289      
QSO:  3542 CW 2017-08-19 1054 LZ0AT         295 169       LZ0AG         280 267      
QSO:  3542 CW 2017-08-19 1054 LZ0AT         296 280       LZ0DU         164 246      
QSO:  3512 CW 2017-08-19 1055 LZ0AT         297 164       LZ0DF         252 289      
QSO:  3545 CW 2017-08-19 1055 LZ0AT         298 252       LZ0FG         277 248      
QSO:  3538 CW 2017-08-19 1056 LZ0AT         299 277       LZ0DD         218 245      
QSO:  3542 CW 2017-08-19 1056 LZ0AT         300 218       LZ0DA         285 137      
QSO:  3542 CW 2017-08-19 1057 LZ0AT         301 285       LZ0AL         243 360      
QSO:  3542 CW 2017-08-19 1057 LZ0AT         302 243       LZ0FX         204 280      
QSO:  3542 CW 2017-08-19 1058 LZ0AT         303 204       LZ0DK         181 252      
QSO:  3535 CW 2017-08-19 1058 LZ0AT         304 181       LZ0AD         182 273      
QSO:  3544 CW 2017-08-19 1059 LZ0AT         305 182       LZ0DN         265 285      
QSO:  3550 CW 2017-08-19 1059 LZ0AT         306 265       LZ0DT         253 180      
END-OF-LOG:
