START-OF-LOG: 2.0 
CALLSIGN: LZ0AP
CLUB: Казанлък 
CONTEST: LZ-OPEN
CATEGORY: SINGLE-OP 80M LOW CW
CLAIMED-SCORE: 250
OPERATORS: LZ1BP
NAME: Тодор Кайкиев LZ1BP
ADDRESS: gen.Dragomirov 6a
ADDRESS: Kazanlak,  6100
ADDRESS: BULGARIA
CREATED-BY: N1MM Logger+ 1.0.6706.0
QSO:  3555 CW 2017-08-19 0701 LZ0AP         001 000       LZ0AK         002 001      
QSO:  3555 CW 2017-08-19 0702 LZ0AP         002 002       LZ0FG         002 002      
QSO:  3555 CW 2017-08-19 0702 LZ0AP         003 002       LZ0DC         005 004      
QSO:  3555 CW 2017-08-19 0703 LZ0AP         004 005       LZ0DY         007 002      
QSO:  3555 CW 2017-08-19 0703 LZ0AP         005 007       LZ0AN         007 007      
QSO:  3555 CW 2017-08-19 0703 LZ0AP         006 007       LZ0AT         008 004       
QSO:  3555 CW 2017-08-19 0704 LZ0AP         007 008       LZ0AF         004 003      
QSO:  3555 CW 2017-08-19 0704 LZ0AP         008 004       LZ0DW         006 004      
QSO:  3555 CW 2017-08-19 0705 LZ0AP         009 006       LZ0AM         009 008      
QSO:  3555 CW 2017-08-19 0706 LZ0AP         010 009       LZ0DL         011 008      
QSO:  3555 CW 2017-08-19 0708 LZ0AP         011 011       LZ0DF         009 016      
QSO:  3555 CW 2017-08-19 0708 LZ0AP         012 009       LZ0AV         009 008      
QSO:  3555 CW 2017-08-19 0709 LZ0AP         013 009       LZ0DA         013 013      
QSO:  3555 CW 2017-08-19 0710 LZ0AP         014 013       LZ0DN         011 016      
QSO:  3555 CW 2017-08-19 0710 LZ0AP         015 011       LZ0AG         013 022      
QSO:  3555 CW 2017-08-19 0710 LZ0AP         016 013       LZ0AL         009 019      
QSO:  3555 CW 2017-08-19 0711 LZ0AP         017 009       LZ0DJ         016 017      
QSO:  3555 CW 2017-08-19 0711 LZ0AP         018 016       LZ0DT         017 012      
QSO:  3555 CW 2017-08-19 0712 LZ0AP         019 017       LZ0DK         012 015      
QSO:  3555 CW 2017-08-19 0714 LZ0AP         020 012       LZ0DU         005 018      
QSO:  3555 CW 2017-08-19 0714 LZ0AP         021 005       LZ0FY         015 004      
QSO:  3555 CW 2017-08-19 0715 LZ0AP         022 015       LZ0AD         020 024      
QSO:  3555 CW 2017-08-19 0718 LZ0AP         023 020       LZ0AM         027 019      
QSO:  3555 CW 2017-08-19 0720 LZ0AP         024 027       LZ0AR         018 028      
QSO:  3555 CW 2017-08-19 0721 LZ0AP         025 018       LZ0FJ         026 028      
QSO:  3555 CW 2017-08-19 0722 LZ0AP         026 026       LZ0DV         027 035      
QSO:  3555 CW 2017-08-19 0722 LZ0AP         027 027       LZ0AJ         031 024      
QSO:  3555 CW 2017-08-19 0723 LZ0AP         028 031       LZ0DR         021 024      
QSO:  3555 CW 2017-08-19 0723 LZ0AP         029 021       LZ0AX         027 031      
QSO:  3555 CW 2017-08-19 0726 LZ0AP         030 027       LZ0DG         039 018      
QSO:  3555 CW 2017-08-19 0728 LZ0AP         031 039       LZ0AY         032 034      
QSO:  3555 CW 2017-08-19 0734 LZ0AP         032 032       LZ0AN         043 037      
QSO:  3555 CW 2017-08-19 0734 LZ0AP         033 043       LZ0AT         048 031      
QSO:  3555 CW 2017-08-19 0734 LZ0AP         034 048       LZ0AF         035 036      
QSO:  3555 CW 2017-08-19 0735 LZ0AP         035 035       LZ0DC         048 035      
QSO:  3555 CW 2017-08-19 0735 LZ0AP         036 048       LZ0DW         044 038       
QSO:  3555 CW 2017-08-19 0736 LZ0AP         037 044       LZ0DL         049 039      
QSO:  3555 CW 2017-08-19 0737 LZ0AP         038 049       LZ0DD         029 035      
QSO:  3555 CW 2017-08-19 0737 LZ0AP         039 029       LZ0AC         039 035      
QSO:  3555 CW 2017-08-19 0738 LZ0AP         040 039       LZ0FG         043 048      
QSO:  3555 CW 2017-08-19 0738 LZ0AP         041 043       LZ0FC         029 050      
QSO:  3555 CW 2017-08-19 0739 LZ0AP         042 029       LZ0AV         041 034      
QSO:  3555 CW 2017-08-19 0739 LZ0AP         043 041       LZ0AK         036 046      
QSO:  3555 CW 2017-08-19 0740 LZ0AP         044 036       LZ0DF         040 058      
QSO:  3555 CW 2017-08-19 0740 LZ0AP         045 040       LZ0AR         041 042      
QSO:  3555 CW 2017-08-19 0741 LZ0AP         046 041       LZ0AG         044 064      
QSO:  3555 CW 2017-08-19 0742 LZ0AP         047 044       LZ0DA         048 043      
QSO:  3555 CW 2017-08-19 0742 LZ0AP         048 048       LZ0DN         044 044      
QSO:  3555 CW 2017-08-19 0743 LZ0AP         049 044       LZ0DJ         048 051      
QSO:  3555 CW 2017-08-19 0743 LZ0AP         050 048       LZ0AL         045 046      
QSO:  3555 CW 2017-08-19 0745 LZ0AP         051 045       LZ0DT         056 033      
QSO:  3555 CW 2017-08-19 0745 LZ0AP         052 056       LZ0AD         053 055      
QSO:  3555 CW 2017-08-19 0746 LZ0AP         053 053       LZ0FY         047 056      
QSO:  3555 CW 2017-08-19 0747 LZ0AP         054 047       LZ0DY         058 048      
QSO:  3555 CW 2017-08-19 0751 LZ0AP         055 058       LZ0DK         037 054      
QSO:  3555 CW 2017-08-19 0751 LZ0AP         056 037       LZ0AM         062 056      
QSO:  3555 CW 2017-08-19 0752 LZ0AP         057 062       LZ0AA         049 053      
QSO:  3555 CW 2017-08-19 0752 LZ0AP         058 049       LZ0FX         024 051      
QSO:  3555 CW 2017-08-19 0753 LZ0AP         059 024       LZ0DV         063 075      
QSO:  3555 CW 2017-08-19 0753 LZ0AP         060 063       LZ0AX         059 066      
QSO:  3555 CW 2017-08-19 0753 LZ0AP         061 059       LZ0FJ         066 061      
QSO:  3555 CW 2017-08-19 0754 LZ0AP         062 066       LZ0DR         056 057      
QSO:  3555 CW 2017-08-19 0754 LZ0AP         063 056       LZ0FF         060 045      
QSO:  3555 CW 2017-08-19 0755 LZ0AP         064 060       LZ0AJ         068 055      
QSO:  3555 CW 2017-08-19 0758 LZ0AP         065 068       LZ0DG         077 067      
QSO:  3555 CW 2017-08-19 0804 LZ0AP         066 077       LZ0AN         078 082      
QSO:  3555 CW 2017-08-19 0804 LZ0AP         067 078       LZ0AT         086 061      
QSO:  3555 CW 2017-08-19 0805 LZ0AP         068 086       LZ0AY         068 068      
QSO:  3555 CW 2017-08-19 0805 LZ0AP         069 068       LZ0DW         078 070      
QSO:  3555 CW 2017-08-19 0805 LZ0AP         070 078       LZ0DC         089 072      
QSO:  3555 CW 2017-08-19 0806 LZ0AP         071 089       LZ0FZ         021 078      
QSO:  3555 CW 2017-08-19 0808 LZ0AP         072 021       LZ0AC         073 084      
QSO:  3555 CW 2017-08-19 0809 LZ0AP         073 073       LZ0AV         076 070      
QSO:  3555 CW 2017-08-19 0809 LZ0AP         074 076       LZ0AF         071 066      
QSO:  3555 CW 2017-08-19 0810 LZ0AP         075 071       LZ0AK         074 078      
QSO:  3555 CW 2017-08-19 0811 LZ0AP         076 074       LZ0AG         082 069      
QSO:  3555 CW 2017-08-19 0812 LZ0AP         077 082       LZ0FG         082 087      
QSO:  3555 CW 2017-08-19 0813 LZ0AP         078 082       LZ0DN         076 088      
QSO:  3555 CW 2017-08-19 0813 LZ0AP         079 076       LZ0DD         058 081      
QSO:  3555 CW 2017-08-19 0813 LZ0AP         080 058       LZ0DJ         087 089      
QSO:  3555 CW 2017-08-19 0814 LZ0AP         081 087       LZ0DL         092 104      
QSO:  3555 CW 2017-08-19 0814 LZ0AP         082 092       LZ0DA         086 050      
QSO:  3555 CW 2017-08-19 0814 LZ0AP         083 086       LZ0DF         082 040      
QSO:  3555 CW 2017-08-19 0816 LZ0AP         084 082       LZ0AD         075 091      
QSO:  3555 CW 2017-08-19 0817 LZ0AP         085 075       LZ0FY         081 101      
QSO:  3555 CW 2017-08-19 0818 LZ0AP         086 081       LZ0DY         096 087      
QSO:  3555 CW 2017-08-19 0821 LZ0AP         087 096       LZ0AL         088 064      
QSO:  3555 CW 2017-08-19 0824 LZ0AP         088 088       LZ0FJ         105 097      
QSO:  3555 CW 2017-08-19 0825 LZ0AP         089 105       LZ0AM         103 095      
QSO:  3555 CW 2017-08-19 0826 LZ0AP         090 103       LZ0DR         089 103      
QSO:  3555 CW 2017-08-19 0826 LZ0AP         091 089       LZ0FF         096 081      
QSO:  3555 CW 2017-08-19 0827 LZ0AP         092 096       LZ0AJ         104 086      
QSO:  3555 CW 2017-08-19 0827 LZ0AP         093 104       LZ0AX         096 084      
QSO:  3555 CW 2017-08-19 0833 LZ0AP         094 096       LZ0DG         113 098      
QSO:  3555 CW 2017-08-19 0834 LZ0AP         095 113       LZ0AW         108 112      
QSO:  3555 CW 2017-08-19 0837 LZ0AP         096 108       LZ0DW         117 117      
QSO:  3555 CW 2017-08-19 0839 LZ0AP         097 117       LZ0DV         107 118      
QSO:  3555 CW 2017-08-19 0839 LZ0AP         098 107       LZ0AT         127 056      
QSO:  3555 CW 2017-08-19 0839 LZ0AP         099 127       LZ0AV         107 116      
QSO:  3555 CW 2017-08-19 0840 LZ0AP         100 107       LZ0AF         108 102      
QSO:  3555 CW 2017-08-19 0842 LZ0AP         101 108       LZ0AN         124 107      
QSO:  3555 CW 2017-08-19 0842 LZ0AP         102 124       LZ0FX         076 123      
QSO:  3555 CW 2017-08-19 0843 LZ0AP         103 076       LZ0FG         117 122      
QSO:  3555 CW 2017-08-19 0843 LZ0AP         104 117       LZ0DC         137 115      
QSO:  3555 CW 2017-08-19 0844 LZ0AP         105 137       LZ0DJ         123 124      
QSO:  3555 CW 2017-08-19 0844 LZ0AP         106 123       LZ0DN         112 114      
QSO:  3555 CW 2017-08-19 0844 LZ0AP         107 112       LZ0DA         123 138      
QSO:  3555 CW 2017-08-19 0845 LZ0AP         108 123       LZ0AG         118 126      
QSO:  3555 CW 2017-08-19 0845 LZ0AP         109 118       LZ0DD         091 132      
QSO:  3555 CW 2017-08-19 0846 LZ0AP         110 091       LZ0AK         110 080      
QSO:  3555 CW 2017-08-19 0848 LZ0AP         111 110       LZ0DK         076 130      
QSO:  3555 CW 2017-08-19 0848 LZ0AP         112 076       LZ0FY         114 136      
QSO:  3555 CW 2017-08-19 0849 LZ0AP         113 114       LZ0DY         133 133      
QSO:  3555 CW 2017-08-19 0849 LZ0AP         114 133       LZ0DL         130 094      
QSO:  3555 CW 2017-08-19 0851 LZ0AP         115 130       LZ0DT         118 133      
QSO:  3555 CW 2017-08-19 0852 LZ0AP         116 118       LZ0DZ         137 079      
QSO:  3555 CW 2017-08-19 0853 LZ0AP         117 137       LZ0AR         109 118      
QSO:  3555 CW 2017-08-19 0855 LZ0AP         118 109       LZ0FJ         143 099      
QSO:  3555 CW 2017-08-19 0856 LZ0AP         119 143       LZ0DP         122 134      
QSO:  3555 CW 2017-08-19 0857 LZ0AP         120 122       LZ0AY         124 118      
QSO:  3555 CW 2017-08-19 0857 LZ0AP         121 124       LZ0DU         055 124      
QSO:  3555 CW 2017-08-19 0858 LZ0AP         122 055       LZ0AX         126 117      
QSO:  3555 CW 2017-08-19 0859 LZ0AP         123 126       LZ0AM         143 143      
QSO:  3555 CW 2017-08-19 0900 LZ0AP         124 143       LZ0AJ         145 132      
QSO:  3555 CW 2017-08-19 0901 LZ0AP         125 145       LZ0DR         126 144      
QSO:  3555 CW 2017-08-19 0904 LZ0AP         126 126       LZ0AL         128 134      
QSO:  3555 CW 2017-08-19 0905 LZ0AP         127 128       LZ0DF         129 135      
QSO:  3555 CW 2017-08-19 0907 LZ0AP         128 129       LZ0DW         155 162      
QSO:  3555 CW 2017-08-19 0909 LZ0AP         129 155       LZ0FC         129 164      
QSO:  3555 CW 2017-08-19 0909 LZ0AP         130 129       LZ0AV         140 156      
QSO:  3555 CW 2017-08-19 0909 LZ0AP         131 140       LZ0AT         166 132      
QSO:  3555 CW 2017-08-19 0911 LZ0AP         132 166       LZ0AF         143 071      
QSO:  3555 CW 2017-08-19 0912 LZ0AP         133 143       LZ0FF         152 145      
QSO:  3555 CW 2017-08-19 0912 LZ0AP         134 152       LZ0AN         163 145      
QSO:  3555 CW 2017-08-19 0913 LZ0AP         135 163       LZ0FX         104 112      
QSO:  3555 CW 2017-08-19 0914 LZ0AP         136 104       LZ0FG         151 140      
QSO:  3555 CW 2017-08-19 0914 LZ0AP         137 151       LZ0DJ         160 163      
QSO:  3555 CW 2017-08-19 0915 LZ0AP         138 160       LZ0DN         147 151      
QSO:  3555 CW 2017-08-19 0915 LZ0AP         139 147       LZ0DG         162 120      
QSO:  3555 CW 2017-08-19 0916 LZ0AP         140 162       LZ0AK         144 149      
QSO:  3555 CW 2017-08-19 0916 LZ0AP         141 144       LZ0DC         177 093      
QSO:  3555 CW 2017-08-19 0917 LZ0AP         142 177       LZ0AG         158 161      
QSO:  3555 CW 2017-08-19 0918 LZ0AP         143 158       LZ0DV         156 168      
QSO:  3555 CW 2017-08-19 0918 LZ0AP         144 156       LZ0DA         165 153      
QSO:  3555 CW 2017-08-19 0920 LZ0AP         145 165       LZ0DY         165 170      
QSO:  3555 CW 2017-08-19 0920 LZ0AP         146 165       LZ0FY         152 140      
QSO:  3555 CW 2017-08-19 0921 LZ0AP         147 152       LZ0DD         124 100      
QSO:  3555 CW 2017-08-19 0922 LZ0AP         148 124       LZ0DT         148 164      
QSO:  3555 CW 2017-08-19 0923 LZ0AP         149 148       LZ0AA         150 146      
QSO:  3555 CW 2017-08-19 0925 LZ0AP         150 150       LZ0AU         084 173      
QSO:  3555 CW 2017-08-19 0927 LZ0AP         151 084       LZ0FJ         180 151      
QSO:  3555 CW 2017-08-19 0929 LZ0AP         152 180       LZ0DZ         181 169      
QSO:  3555 CW 2017-08-19 0929 LZ0AP         153 181       LZ0AX         159 160      
QSO:  3555 CW 2017-08-19 0929 LZ0AP         154 159       LZ0AM         182 177      
QSO:  3555 CW 2017-08-19 0930 LZ0AP         155 182       LZ0AJ         184 168      
QSO:  3555 CW 2017-08-19 0932 LZ0AP         156 184       LZ0DR         158 185      
QSO:  3555 CW 2017-08-19 0932 LZ0AP         157 158       LZ0DU         087 168      
QSO:  3555 CW 2017-08-19 0934 LZ0AP         158 087       LZ0AR         166 166      
QSO:  3555 CW 2017-08-19 0937 LZ0AP         159 166       LZ0DP         161 101      
QSO:  3555 CW 2017-08-19 0937 LZ0AP         160 161       LZ0AL         162 184      
QSO:  3555 CW 2017-08-19 0938 LZ0AP         161 162       LZ0DF         166 167      
QSO:  3555 CW 2017-08-19 0938 LZ0AP         162 166       LZ0AY         169 171      
QSO:  3555 CW 2017-08-19 0939 LZ0AP         163 169       LZ0DW         192 073      
QSO:  3555 CW 2017-08-19 0939 LZ0AP         164 192       LZ0AV         175 097      
QSO:  3555 CW 2017-08-19 0940 LZ0AP         165 175       LZ0DL         176 204      
QSO:  3555 CW 2017-08-19 0940 LZ0AP         166 176       LZ0AT         205 194      
QSO:  3555 CW 2017-08-19 0942 LZ0AP         167 205       LZ0AF         181 178      
QSO:  3555 CW 2017-08-19 0944 LZ0AP         168 181       LZ0FG         188 200      
QSO:  3555 CW 2017-08-19 0946 LZ0AP         169 188       LZ0DN         181 204      
QSO:  3555 CW 2017-08-19 0946 LZ0AP         170 181       LZ0FC         168 174      
QSO:  3555 CW 2017-08-19 0946 LZ0AP         171 168       LZ0AK         183 186      
QSO:  3555 CW 2017-08-19 0947 LZ0AP         172 183       LZ0DJ         198 183      
QSO:  3555 CW 2017-08-19 0947 LZ0AP         173 198       LZ0DC         216 137      
QSO:  3555 CW 2017-08-19 0948 LZ0AP         174 216       LZ0AN         205 180      
QSO:  3555 CW 2017-08-19 0948 LZ0AP         175 205       LZ0DA         202 189      
QSO:  3555 CW 2017-08-19 0949 LZ0AP         176 202       LZ0DV         195 176      
QSO:  3555 CW 2017-08-19 0949 LZ0AP         177 195       LZ0AG         194 204      
QSO:  3555 CW 2017-08-19 0949 LZ0AP         178 194       LZ0DG         201 209      
QSO:  3555 CW 2017-08-19 0950 LZ0AP         179 201       LZ0FY         188 206      
QSO:  3555 CW 2017-08-19 0951 LZ0AP         180 188       LZ0DY         204 190      
QSO:  3555 CW 2017-08-19 0953 LZ0AP         181 204       LZ0DK         121 192      
QSO:  3555 CW 2017-08-19 0954 LZ0AP         182 121       LZ0AA         186 212      
QSO:  3555 CW 2017-08-19 0954 LZ0AP         183 186       LZ0FF         205 216      
QSO:  3555 CW 2017-08-19 0955 LZ0AP         184 205       LZ0AD         122 119      
QSO:  3555 CW 2017-08-19 0956 LZ0AP         185 122       LZ0FX         144 187      
QSO:  3555 CW 2017-08-19 0957 LZ0AP         186 144       LZ0DD         156 217      
QSO:  3555 CW 2017-08-19 0959 LZ0AP         187 156       LZ0AX         188 201      
QSO:  3555 CW 2017-08-19 0959 LZ0AP         188 188       LZ0FJ         223 215      
QSO:  3555 CW 2017-08-19 1000 LZ0AP         189 223       LZ0AM         224 221      
QSO:  3555 CW 2017-08-19 1002 LZ0AP         190 224       LZ0AJ         223 204      
QSO:  3555 CW 2017-08-19 1003 LZ0AP         191 223       LZ0DR         182 211      
QSO:  3555 CW 2017-08-19 1006 LZ0AP         192 182       LZ0AU         106 221      
QSO:  3555 CW 2017-08-19 1008 LZ0AP         193 106       LZ0DU         119 209      
QSO:  3555 CW 2017-08-19 1009 LZ0AP         194 119       LZ0AL         192 158      
QSO:  3555 CW 2017-08-19 1009 LZ0AP         195 192       LZ0AV         210 233      
QSO:  3555 CW 2017-08-19 1010 LZ0AP         196 210       LZ0DW         196 210      
QSO:  3555 CW 2017-08-19 1010 LZ0AP         197 196       LZ0DW         225 188      
QSO:  3555 CW 2017-08-19 1011 LZ0AP         198 225       LZ0DF         202 108      
QSO:  3555 CW 2017-08-19 1011 LZ0AP         199 202       LZ0AT         241 235      
QSO:  3555 CW 2017-08-19 1012 LZ0AP         200 241       LZ0DL         213 211      
QSO:  3555 CW 2017-08-19 1012 LZ0AP         201 213       LZ0AF         215 212      
QSO:  3555 CW 2017-08-19 1014 LZ0AP         202 215       LZ0AY         208 238      
QSO:  3555 CW 2017-08-19 1015 LZ0AP         203 208       LZ0FG         225 240      
QSO:  3555 CW 2017-08-19 1016 LZ0AP         204 225       LZ0DN         218 128      
QSO:  3555 CW 2017-08-19 1017 LZ0AP         205 218       LZ0AK         218 235      
QSO:  3555 CW 2017-08-19 1018 LZ0AP         206 218       LZ0DJ         237 217      
QSO:  3555 CW 2017-08-19 1018 LZ0AP         207 237       LZ0AN         245 236      
QSO:  3555 CW 2017-08-19 1018 LZ0AP         208 245       LZ0DA         240 224      
QSO:  3555 CW 2017-08-19 1019 LZ0AP         209 240       LZ0DC         257 131      
QSO:  3555 CW 2017-08-19 1020 LZ0AP         210 257       LZ0DG         239 210      
QSO:  3555 CW 2017-08-19 1021 LZ0AP         211 239       LZ0DV         236 213      
QSO:  3555 CW 2017-08-19 1021 LZ0AP         212 236       LZ0AG         236 205      
QSO:  3555 CW 2017-08-19 1021 LZ0AP         213 236       LZ0FK         011 253      
QSO:  3555 CW 2017-08-19 1022 LZ0AP         214 011       LZ0FY         225 249      
QSO:  3555 CW 2017-08-19 1022 LZ0AP         215 225       LZ0FC         211 223      
QSO:  3555 CW 2017-08-19 1024 LZ0AP         216 211       LZ0DP         219 219      
QSO:  3555 CW 2017-08-19 1024 LZ0AP         217 219       LZ0DY         244 210      
QSO:  3555 CW 2017-08-19 1025 LZ0AP         218 244       LZ0DK         149 139      
QSO:  3555 CW 2017-08-19 1030 LZ0AP         219 149       LZ0AR         221 153      
QSO:  3555 CW 2017-08-19 1030 LZ0AP         220 221       LZ0DD         190 259      
QSO:  3555 CW 2017-08-19 1030 LZ0AP         221 190       LZ0FJ         261 155      
QSO:  3555 CW 2017-08-19 1031 LZ0AP         222 261       LZ0AA         224 235      
QSO:  3555 CW 2017-08-19 1031 LZ0AP         223 224       LZ0AM         262 253      
QSO:  3555 CW 2017-08-19 1032 LZ0AP         224 262       LZ0FX         181 260      
QSO:  3555 CW 2017-08-19 1032 LZ0AP         225 181       LZ0AJ         265 225      
QSO:  3555 CW 2017-08-19 1033 LZ0AP         226 265       LZ0DR         206 225      
QSO:  3555 CW 2017-08-19 1034 LZ0AP         227 206       LZ0AX         221 161      
QSO:  3555 CW 2017-08-19 1037 LZ0AP         228 221       LZ0AU         128 221      
QSO:  3555 CW 2017-08-19 1038 LZ0AP         229 128       LZ0DU         150 237      
QSO:  3555 CW 2017-08-19 1040 LZ0AP         230 150       LZ0AV         247 283      
QSO:  3555 CW 2017-08-19 1040 LZ0AP         231 247       LZ0AL         220 233      
QSO:  3555 CW 2017-08-19 1041 LZ0AP         232 220       LZ0DW         262 228      
QSO:  3555 CW 2017-08-19 1042 LZ0AP         233 262       LZ0AT         280 252      
QSO:  3555 CW 2017-08-19 1043 LZ0AP         234 280       LZ0AF         255 254      
QSO:  3555 CW 2017-08-19 1044 LZ0AP         235 255       LZ0AY         238 245      
QSO:  3555 CW 2017-08-19 1045 LZ0AP         236 238       LZ0FG         264 280      
QSO:  3555 CW 2017-08-19 1048 LZ0AP         237 264       LZ0AK         257 170      
QSO:  3555 CW 2017-08-19 1048 LZ0AP         238 257       LZ0DJ         274 252      
QSO:  3555 CW 2017-08-19 1048 LZ0AP         239 274       LZ0DA         278 260      
QSO:  3555 CW 2017-08-19 1049 LZ0AP         240 278       LZ0DN         253 236      
QSO:  3555 CW 2017-08-19 1049 LZ0AP         241 253       LZ0DF         244 284      
QSO:  3555 CW 2017-08-19 1050 LZ0AP         242 244       LZ0DC         295 236      
QSO:  3555 CW 2017-08-19 1050 LZ0AP         243 295       LZ0AN         284 238      
QSO:  3555 CW 2017-08-19 1051 LZ0AP         244 284       LZ0DG         279 253      
QSO:  3555 CW 2017-08-19 1051 LZ0AP         245 279       LZ0AG         276 258      
QSO:  3555 CW 2017-08-19 1052 LZ0AP         246 276       LZ0DV         275 246      
QSO:  3555 CW 2017-08-19 1053 LZ0AP         247 275       LZ0FY         262 215      
QSO:  3555 CW 2017-08-19 1053 LZ0AP         248 262       LZ0DL         258 175      
QSO:  3555 CW 2017-08-19 1054 LZ0AP         249 258       LZ0DY         285 292      
QSO:  3555 CW 2017-08-19 1055 LZ0AP         250 285       LZ0DP         260 255      
QSO:  3555 CW 2017-08-19 1055 LZ0AP         251 260       LZ0FK         045 261      
QSO:  3555 CW 2017-08-19 1056 LZ0AP         252 045       LZ0DK         178 264      
QSO:  3555 CW 2017-08-19 1059 LZ0AP         253 178       LZ0FJ         304 177      
END-OF-LOG:
