START-OF-LOG: 2.0 
CALLSIGN: LZ0AU
CLUB: Балчик 
CONTEST: LZ-OPEN-DOMESTIC
CATEGORY: SINGLE-OP ALL LOW MIXED
CLAIMED-SCORE: 141
OPERATORS: 
NAME: Баруш Фехми LZ2KSB 
ADDRESS: 
ADDRESS: Balchik,  
ADDRESS: BULGARIA
CREATED-BY: N1MM Logger+ 1.0.6527.0
QSO:  3555 CW 2017-08-19 0701 LZ0AU         001 000       LZ0DJ         002 001      
QSO:  3555 CW 2017-08-19 0702 LZ0AU         003 002       LZ0DW         002 001      
QSO:  3555 CW 2017-08-19 0702 LZ0AU         004 002       LZ0FD         003 001      
QSO:  3555 CW 2017-08-19 0705 LZ0AU         005 003       LZ0AT         011 098      
QSO:  3555 CW 2017-08-19 0706 LZ0AU         006 011       LZ0FG         007 004      
QSO:  3555 CW 2017-08-19 0706 LZ0AU         007 007       LZ0AD         006 004      
QSO:  3555 CW 2017-08-19 0707 LZ0AU         008 006       LZ0AV         008 014      
QSO:  3555 CW 2017-08-19 0708 LZ0AU         009 008       LZ0DL         014 011      
QSO:  3555 CW 2017-08-19 0709 LZ0AU         010 014       LZ0AY         009 011      
QSO:  3555 CW 2017-08-19 0710 LZ0AU         011 009       LZ0AN         015 015      
QSO:  3555 CW 2017-08-19 0712 LZ0AU         012 015       LZ0AG         016 018      
QSO:  3555 CW 2017-08-19 0714 LZ0AU         013 016       LZ0DR         015 019      
QSO:  3555 CW 2017-08-19 0714 LZ0AU         014 015       LZ0AL         015 021      
QSO:  3555 CW 2017-08-19 0715 LZ0AU         015 015       LZ0DK         016 022      
QSO:  3555 CW 2017-08-19 0715 LZ0AU         016 016       LZ0AF         018 015      
QSO:  3555 CW 2017-08-19 0716 LZ0AU         017 018       LZ0DC         030 025      
QSO:  3555 CW 2017-08-19 0717 LZ0AU         018 030       LZ0FY         019 014      
QSO:  3555 CW 2017-08-19 0718 LZ0AU         019 019       LZ0FF         027 020      
QSO:  3555 CW 2017-08-19 0719 LZ0AU         020 027       LZ0FA         023 022      
QSO:  3555 CW 2017-08-19 0720 LZ0AU         021 023       LZ0AJ         039 010      
QSO:  3555 CW 2017-08-19 0721 LZ0AU         022 039       LZ0DY         020 026      
QSO:  3557 CW 2017-08-19 0724 LZ0AU         023 020       LZ0FC         023 026      
QSO:  3555 CW 2017-08-19 0725 LZ0AU         024 023       LZ0FX         019 022      
QSO:  3555 CW 2017-08-19 0726 LZ0AU         025 019       LZ0DV         033 033      
QSO:  3555 CW 2017-08-19 0727 LZ0AU         026 033       LZ0DT         034 029      
QSO:  3551 CW 2017-08-19 0737 LZ0AU         027 034       LZ0AT         051 028      
QSO:  3551 CW 2017-08-19 0747 LZ0AU         028 051       LZ0GC         070 058      
QSO:  3551 CW 2017-08-19 0752 LZ0AU         029 070       LZ0DJ         057 046      
QSO:  3551 CW 2017-08-19 0753 LZ0AU         030 057       LZ0AK         056 062      
QSO:  3551 CW 2017-08-19 0756 LZ0AU         031 056       LZ0DL         675 674      
QSO:  3551 CW 2017-08-19 0758 LZ0AU         032 675       LZ0AL         067 060      
QSO:  3551 CW 2017-08-19 0759 LZ0AU         033 067       LZ0DT         072 056      
QSO:  3551 CW 2017-08-19 0803 LZ0AU         034 072       LZ0FC         059 073      
QSO:  3551 CW 2017-08-19 0804 LZ0AU         035 059       LZ0AV         070 080      
QSO:  3551 CW 2017-08-19 0805 LZ0AU         036 070       LZ0AF         060 068      
QSO:  3551 CW 2017-08-19 0807 LZ0AU         037 060       LZ0AT         089 076      
QSO:  3551 CW 2017-08-19 0808 LZ0AU         038 089       LZ0AG         077 070      
QSO:  3551 CW 2017-08-19 0811 LZ0AU         039 077       LZ0AM         083 077      
QSO:  3551 CW 2017-08-19 0812 LZ0AU         040 083       LZ0DF         081 075      
QSO:  3551 CW 2017-08-19 0813 LZ0AU         041 081       LZ0DV         083 076      
QSO:  3550 CW 2017-08-19 0820 LZ0AU         042 083       LZ0DG         105 091      
QSO:  3550 CW 2017-08-19 0821 LZ0AU         043 105       LZ0DC         110 022      
QSO:  3550 CW 2017-08-19 0822 LZ0AU         044 110       LZ0UY         830 765      
QSO:  3550 CW 2017-08-19 0823 LZ0AU         045 830       LZ0DA         098 104      
QSO:  3550 CW 2017-08-19 0825 LZ0AU         046 098       LZ0AX         092 057      
QSO:  3550 CW 2017-08-19 0826 LZ0AU         047 092       LZ0FJ         106 088      
QSO:  3550 CW 2017-08-19 0827 LZ0AU         048 106       LZ0FG         098 060      
QSO:  3560 CW 2017-08-19 0831 LZ0AU         049 098       LZ0FF         099 095      
QSO:  3560 CW 2017-08-19 0832 LZ0AU         050 099       LZ0AY         097 109      
QSO:  3560 CW 2017-08-19 0833 LZ0AU         051 097       LZ0DL         108 098      
QSO:  3560 CW 2017-08-19 0833 LZ0AU         052 108       LZ0DJ         107 111      
QSO:  3560 CW 2017-08-19 0835 LZ0AU         053 107       LZ0RX         070 097      
QSO:  3560 CW 2017-08-19 0836 LZ0AU         054 070       LZ0AF         103 100      
QSO:  3555 CW 2017-08-19 0838 LZ0AU         055 103       LZ0AV         106 128      
QSO:  3555 CW 2017-08-19 0839 LZ0AU         056 106       LZ0AT         125 096      
QSO:  3555 CW 2017-08-19 0840 LZ0AU         057 125       LZ0DP         991 16       
QSO:  3555 CW 2017-08-19 0841 LZ0AU         058 991       LZ0AL         102 105      
QSO:  3555 CW 2017-08-19 0841 LZ0AU         059 102       LZ0DY         021 108      
QSO:  3555 CW 2017-08-19 0842 LZ0AU         060 021       LZ0DU         290 118      
QSO:  3555 CW 2017-08-19 0844 LZ0AU         061 290       LZ0AM         123 104      
QSO:  3555 CW 2017-08-19 0844 LZ0AU         062 123       LZ0AR         103 122      
QSO:  3555 CW 2017-08-19 0845 LZ0AU         063 103       LZ0FC         099 105      
QSO:  3555 CW 2017-08-19 0845 LZ0AU         064 099       LZ0DW         128 128      
QSO:  3555 CW 2017-08-19 0847 LZ0AU         065 128       LZ0AK         111 10       
QSO:  3555 CW 2017-08-19 0848 LZ0AU         066 111       LZ0DV         120 110      
QSO:  3551 CW 2017-08-19 0856 LZ0AU         067 120       LZ0DK         072 130      
QSO:  3550 CW 2017-08-19 0858 LZ0AU         068 072       LZ0AA         116 112      
QSO:  3550 CW 2017-08-19 0859 LZ0AU         069 116       LZ0AG         131 128      
QSO:  3550 CW 2017-08-19 0900 LZ0AU         070 131       LZ0DG         145 157      
QSO:  3550 CW 2017-08-19 0900 LZ0AU         071 145       LZ0AN         127 129      
QSO:  3550 CW 2017-08-19 0901 LZ0AU         072 127       LZ0FJ         149 150      
QSO:  3550 CW 2017-08-19 0905 LZ0AU         073 149       LZ0DL         150 126      
QSO:  3550 CW 2017-08-19 0906 LZ0AU         074 150       LZ0DA         146 128      
QSO:  3551 CW 2017-08-19 0909 LZ0AU         075 146       LZ0FX         100 057      
QSO:  3551 CW 2017-08-19 0910 LZ0AU         076 100       LZ0AT         167 131      
QSO:  3550 CW 2017-08-19 0916 LZ0AU         077 167       LZ0DJ         162 150      
QSO:  3550 CW 2017-08-19 0917 LZ0AU         078 162       LZ0AF         154 168      
QSO:  3550 CW 2017-08-19 0918 LZ0AU         079 154       LZ0DF         144 143      
QSO:  3550 CW 2017-08-19 0920 LZ0AU         080 144       LZ0DC         181 161      
QSO:  3550 CW 2017-08-19 0920 LZ0AU         081 181       LZ0FG         162 160      
QSO:  3550 CW 2017-08-19 0922 LZ0AU         082 162       LZ0DY         068 152      
QSO:  3550 CW 2017-08-19 0923 LZ0AU         083 068       LZ0DW         173 127      
QSO:  3550 CW 2017-08-19 0925 LZ0AU         084 173       LZ0AP         150 150      
QSO:  3550 CW 2017-08-19 0926 LZ0AU         085 150       LZ0AX         157 157      
QSO:  3550 CW 2017-08-19 0927 LZ0AU         086 157       LZ0AY         157 156      
QSO:  3550 CW 2017-08-19 0931 LZ0AU         087 157       LZ0DU         075 179      
QSO:  3551 CW 2017-08-19 0932 LZ0AU         088 075       LZ0AV         164 182      
QSO:  3551 CW 2017-08-19 0933 LZ0AU         089 164       LZ0AK         165 175      
QSO:  3551 CW 2017-08-19 0935 LZ0AU         090 165       LZ0DT         163 169      
QSO:  3550 CW 2017-08-19 0937 LZ0AU         091 163       LZ0DA         183 185      
QSO:  3550 CW 2017-08-19 0938 LZ0AU         092 183       LZ0AN         193 093      
QSO:  3550 CW 2017-08-19 0939 LZ0AU         093 193       LZ0FC         164 173      
QSO:  3550 CW 2017-08-19 0940 LZ0AU         094 164       LZ0DV         179 096      
QSO:  3550 CW 2017-08-19 0940 LZ0AU         095 179       LZ0AG         182 094      
QSO:  3550 CW 2017-08-19 0942 LZ0AU         096 182       LZ0AT         206 166      
QSO:  3550 CW 2017-08-19 0943 LZ0AU         097 206       LZ0FJ         200 178      
QSO:  3550 CW 2017-08-19 0945 LZ0AU         098 200       LZ0DL         166 180      
QSO:  3511 CW 2017-08-19 0949 LZ0AU         099 166       LZ0AF         190 208      
QSO:  3514 CW 2017-08-19 0954 LZ0AU         100 190       LZ0AR         184 199      
QSO:  3562 CW 2017-08-19 0958 LZ0AU         101 184       LZ0AA         190 200      
QSO:  3562 CW 2017-08-19 0959 LZ0AU         102 190       LZ0AJ         218 125      
QSO:  3562 CW 2017-08-19 1000 LZ0AU         103 218       LZ0FX         147 104      
QSO:  3562 CW 2017-08-19 1005 LZ0AU         104 147       LZ0DM         222 210      
QSO:  3562 CW 2017-08-19 1005 LZ0AU         105 222       LZ0DJ         221 228      
QSO:  3562 CW 2017-08-19 1007 LZ0AU         106 221       LZ0DA         224 222      
QSO:  3562 CW 2017-08-19 1008 LZ0AU         107 224       LZ0DC         241 222      
QSO:  3562 CW 2017-08-19 1009 LZ0AU         108 241       LZ0AN         240 216      
QSO:  3562 CW 2017-08-19 1010 LZ0AU         109 240       LZ0DV         219 172      
QSO:  3562 CW 2017-08-19 1011 LZ0AU         110 219       LZ0AG         224 221      
QSO:  3562 CW 2017-08-19 1012 LZ0AU         111 224       LZ0AX         197 156      
QSO:  3562 CW 2017-08-19 1013 LZ0AU         112 197       LZ0AT         243 201      
QSO:  3562 CW 2017-08-19 1014 LZ0AU         113 243       LZ0DY         142 118      
QSO:  3562 CW 2017-08-19 1014 LZ0AU         114 142       LZ0FG         223 231      
QSO:  3562 CW 2017-08-19 1017 LZ0AU         115 223       LZ0FJ         241 197      
QSO:  3562 CW 2017-08-19 1018 LZ0AU         116 241       LZ0DK         140 210      
QSO:  3562 CW 2017-08-19 1020 LZ0AU         117 140       LZ0FF         228 128      
QSO:  3562 CW 2017-08-19 1021 LZ0AU         118 228       LZ0AF         225 229      
QSO:  3562 CW 2017-08-19 1022 LZ0AU         119 225       LZ0DU         126 200      
QSO:  3562 CW 2017-08-19 1023 LZ0AU         120 126       LZ0AM         248 226      
QSO:  3562 CW 2017-08-19 1024 LZ0AU         121 248       LZ0DL         224 206      
QSO:  3562 CW 2017-08-19 1024 LZ0AU         122 224       LZ0AV         226 224      
QSO:  3562 CW 2017-08-19 1025 LZ0AU         123 226       LZ0AK         224 226      
QSO:  3562 CW 2017-08-19 1027 LZ0AU         124 224       LZ0AY         224 231      
QSO:  3562 CW 2017-08-19 1028 LZ0AU         125 224       LZ0AA         222 214      
QSO:  3562 CW 2017-08-19 1030 LZ0AU         126 222       LZ0DR         202 233      
QSO:  3562 CW 2017-08-19 1033 LZ0AU         127 202       LZ0DF         221 423      
QSO:  3562 CW 2017-08-19 1037 LZ0AU         128 221       LZ0AP         228 221      
QSO:  3562 CW 2017-08-19 1038 LZ0AU         129 228       LZ0DJ         246 256      
QSO:  3562 CW 2017-08-19 1042 LZ0AU         130 246       LZ0FX         192 262      
QSO:  3562 CW 2017-08-19 1045 LZ0AU         131 192       LZ0AX         225 266      
QSO:  3562 CW 2017-08-19 1046 LZ0AU         132 225       LZ0AT         284 253      
QSO:  3562 CW 2017-08-19 1048 LZ0AU         133 284       LZ0DG         285 160      
QSO:  3562 CW 2017-08-19 1048 LZ0AU         134 285       LZ0AG         270 293      
QSO:  3562 CW 2017-08-19 1050 LZ0AU         135 270       LZ0DK         172 256      
QSO:  3562 CW 2017-08-19 1053 LZ0AU         136 172       LZ0FK         040 263      
QSO:  3562 CW 2017-08-19 1055 LZ0AU         137 040       LZ0KA         284 239      
QSO:  3562 CW 2017-08-19 1056 LZ0AU         138 284       LZ0FJ         295 253      
QSO:  3562 CW 2017-08-19 1056 LZ0AU         139 295       LZ0AM         291 255      
QSO:  3562 CW 2017-08-19 1058 LZ0AU         140 291       LZ0AN         295 256      
QSO:  3562 CW 2017-08-19 1058 LZ0AU         141 295       LZ0AF         274 181      
QSO:  3562 CW 2017-08-19 1059 LZ0AU         142 274       LZ0DU         168 366      
END-OF-LOG:
