START-OF-LOG: 2.0
ARRL-SECTION: DX
CALLSIGN: LZ0AJ
CLUB: Пловдив  
CONTEST: LZ-OPEN-DOMESTIC
CATEGORY: SINGLE-OP 80M LOW CW
CLAIMED-SCORE: 299
OPERATORS: 
NAME:Савко Димитров LZ1UK
ADDRESS: 
ADDRESS: Plovdiv,  4000
ADDRESS: BULGARIA
CREATED-BY: N1MM Logger+ 1.0.5785.0
QSO:  3533 CW 2017-08-19 0701 LZ0AJ         001 000       LZ0AF         001 000      
QSO:  3533 CW 2017-08-19 0701 LZ0AJ         002 001       LZ0DK         003 003      
QSO:  3533 CW 2017-08-19 0702 LZ0AJ         003 003       LZ0AN         005 002      
QSO:  3533 CW 2017-08-19 0702 LZ0AJ         004 005       LZ0AT         006 001      
QSO:  3533 CW 2017-08-19 0703 LZ0AJ         005 006       LZ0DJ         005 004      
QSO:  3533 CW 2017-08-19 0704 LZ0AJ         006 005       LZ0AM         006 006      
QSO:  3533 CW 2017-08-19 0704 LZ0AJ         007 006       LZ0AY         004 004      
QSO:  3533 CW 2017-08-19 0705 LZ0AJ         008 004       LZ0FJ         007 001      
QSO:  3533 CW 2017-08-19 0706 LZ0AJ         009 007       LZ0AV         006 009      
QSO:  3533 CW 2017-08-19 0707 LZ0AJ         010 006       LZ0DF         007 008      
QSO:  3533 CW 2017-08-19 0707 LZ0AJ         011 007       LZ0DA         010 011      
QSO:  3533 CW 2017-08-19 0708 LZ0AJ         012 010       LZ0AL         007 009      
QSO:  3533 CW 2017-08-19 0708 LZ0AJ         013 007       LZ0FG         012 012      
QSO:  3533 CW 2017-08-19 0709 LZ0AJ         014 012       LZ0DT         013 007      
QSO:  3533 CW 2017-08-19 0709 LZ0AJ         015 013       LZ0AG         011 014      
QSO:  3533 CW 2017-08-19 0711 LZ0AJ         016 011       LZ0DY         019 012      
QSO:  3533 CW 2017-08-19 0711 LZ0AJ         017 019       LZ0DP         018 017      
QSO:  3533 CW 2017-08-19 0712 LZ0AJ         018 018       LZ0DX         011 018      
QSO:  3533 CW 2017-08-19 0712 LZ0AJ         019 011       LZ0DR         014 019      
QSO:  3533 CW 2017-08-19 0713 LZ0AJ         020 014       LZ0DU         005 018      
QSO:  3533 CW 2017-08-19 0713 LZ0AJ         021 005       LZ0DL         023 019      
QSO:  3533 CW 2017-08-19 0713 LZ0AJ         022 023       LZ0DW         020 020      
QSO:  3533 CW 2017-08-19 0714 LZ0AJ         023 020       LZ0FY         015 004      
QSO:  3533 CW 2017-08-19 0714 LZ0AJ         024 015       LZ0AD         019 019      
QSO:  3533 CW 2017-08-19 0715 LZ0AJ         025 019       LZ0DC         029 021      
QSO:  3533 CW 2017-08-19 0716 LZ0AJ         026 029       LZ0DG         027 020      
QSO:  3533 CW 2017-08-19 0719 LZ0AJ         027 027       LZ0DZ         029 008      
QSO:  3533 CW 2017-08-19 0719 LZ0AJ         028 029       LZ0DD         010 029      
QSO:  3554 CW 2017-08-19 0720 LZ0AJ         029 010       LZ0AU         021 023      
QSO:  3545 CW 2017-08-19 0721 LZ0AJ         030 021       LZ0AX         024 019      
QSO:  3537 CW 2017-08-19 0722 LZ0AJ         031 024       LZ0AP         027 027      
QSO:  3528 CW 2017-08-19 0723 LZ0AJ         032 027       LZ0FD         030 031      
QSO:  3514 CW 2017-08-19 0724 LZ0AJ         033 030       LZ0AR         020 035      
QSO:  3540 CW 2017-08-19 0725 LZ0AJ         034 020       LZ0DM         029 028      
QSO:  3533 CW 2017-08-19 0731 LZ0AJ         035 029       LZ0DK         024 021      
QSO:  3533 CW 2017-08-19 0731 LZ0AJ         036 024       LZ0AF         034 039      
QSO:  3533 CW 2017-08-19 0733 LZ0AJ         037 034       LZ0AN         042 035      
QSO:  3533 CW 2017-08-19 0733 LZ0AJ         038 042       LZ0AT         045 024      
QSO:  3533 CW 2017-08-19 0733 LZ0AJ         039 045       LZ0DN         034 025      
QSO:  3533 CW 2017-08-19 0734 LZ0AJ         040 034       LZ0AM         042 038      
QSO:  3533 CW 2017-08-19 0734 LZ0AJ         041 042       LZ0AY         038 038      
QSO:  3533 CW 2017-08-19 0736 LZ0AJ         042 038       LZ0AC         037 040      
QSO:  3533 CW 2017-08-19 0736 LZ0AJ         043 037       LZ0DJ         039 053      
QSO:  3533 CW 2017-08-19 0736 LZ0AJ         044 039       LZ0FJ         041 035      
QSO:  3533 CW 2017-08-19 0737 LZ0AJ         045 041       LZ0AV         038 041      
QSO:  3533 CW 2017-08-19 0738 LZ0AJ         046 038       LZ0DA         042 043      
QSO:  3533 CW 2017-08-19 0738 LZ0AJ         047 042       LZ0DF         038 041      
QSO:  3533 CW 2017-08-19 0739 LZ0AJ         048 038       LZ0FG         045 036      
QSO:  3533 CW 2017-08-19 0740 LZ0AJ         049 045       LZ0AL         040 060      
QSO:  3533 CW 2017-08-19 0740 LZ0AJ         050 040       LZ0AG         042 040      
QSO:  3533 CW 2017-08-19 0742 LZ0AJ         051 042       LZ0DP         043 044      
QSO:  3533 CW 2017-08-19 0744 LZ0AJ         052 043       LZ0DL         059 049      
QSO:  3533 CW 2017-08-19 0744 LZ0AJ         053 059       LZ0DW         055 054      
QSO:  3533 CW 2017-08-19 0744 LZ0AJ         054 055       LZ0DX         029 053      
QSO:  3533 CW 2017-08-19 0745 LZ0AJ         055 029       LZ0AD         052 047      
QSO:  3533 CW 2017-08-19 0745 LZ0AJ         056 052       LZ0FY         046 044      
QSO:  3533 CW 2017-08-19 0745 LZ0AJ         057 046       LZ0DY         056 047      
QSO:  3533 CW 2017-08-19 0746 LZ0AJ         058 056       LZ0DC         069 058      
QSO:  3533 CW 2017-08-19 0746 LZ0AJ         059 069       LZ0DG         068 058      
QSO:  3533 CW 2017-08-19 0747 LZ0AJ         060 068       LZ0AK         048 054      
QSO:  3533 CW 2017-08-19 0748 LZ0AJ         061 048       LZ0DR         049 053      
QSO:  3533 CW 2017-08-19 0749 LZ0AJ         062 049       LZ0FA         053 057      
QSO:  3557 CW 2017-08-19 0750 LZ0AJ         063 053       LZ0FC         045 072      
QSO:  3533 CW 2017-08-19 0752 LZ0AJ         064 045       LZ0DD         041 064      
QSO:  3532 CW 2017-08-19 0752 LZ0AJ         065 041       LZ0AA         050 057      
QSO:  3528 CW 2017-08-19 0753 LZ0AJ         066 050       LZ0FD         064 070      
QSO:  3514 CW 2017-08-19 0755 LZ0AJ         067 064       LZ0AR         055 074      
QSO:  3537 CW 2017-08-19 0756 LZ0AJ         068 055       LZ0AP         064 060      
QSO:  3540 CW 2017-08-19 0757 LZ0AJ         069 064       LZ0DM         063 062      
QSO:  3546 CW 2017-08-19 0757 LZ0AJ         070 063       LZ0AX         063 063      
QSO:  3522 CW 2017-08-19 0758 LZ0AJ         071 063       LZ0AW         067 057      
QSO:  3533 CW 2017-08-19 0802 LZ0AJ         072 067       LZ0AF         064 068      
QSO:  3533 CW 2017-08-19 0803 LZ0AJ         073 064       LZ0AN         076 067      
QSO:  3533 CW 2017-08-19 0803 LZ0AJ         074 076       LZ0AT         084 070      
QSO:  3533 CW 2017-08-19 0804 LZ0AJ         075 084       LZ0DN         067 055      
QSO:  3533 CW 2017-08-19 0804 LZ0AJ         076 067       LZ0DT         075 070      
QSO:  3533 CW 2017-08-19 0805 LZ0AJ         077 075       LZ0AM         079 071      
QSO:  3533 CW 2017-08-19 0806 LZ0AJ         078 079       LZ0FZ         020 058      
QSO:  3533 CW 2017-08-19 0806 LZ0AJ         079 020       LZ0AY         069 068      
QSO:  3533 CW 2017-08-19 0806 LZ0AJ         080 069       LZ0FX         048 071      
QSO:  3533 CW 2017-08-19 0807 LZ0AJ         081 048       LZ0FJ         082 073      
QSO:  3533 CW 2017-08-19 0807 LZ0AJ         082 082       LZ0AV         073 074      
QSO:  3533 CW 2017-08-19 0807 LZ0AJ         083 073       LZ0DJ         078 076      
QSO:  3533 CW 2017-08-19 0808 LZ0AJ         084 078       LZ0AC         072 075      
QSO:  3533 CW 2017-08-19 0808 LZ0AJ         085 072       LZ0DA         077 076      
QSO:  3533 CW 2017-08-19 0809 LZ0AJ         086 077       LZ0DF         076 075      
QSO:  3533 CW 2017-08-19 0810 LZ0AJ         087 076       LZ0FG         080 072      
QSO:  3533 CW 2017-08-19 0811 LZ0AJ         088 080       LZ0AG         080 078      
QSO:  3533 CW 2017-08-19 0811 LZ0AJ         089 080       LZ0DU         016 079      
QSO:  3533 CW 2017-08-19 0812 LZ0AJ         090 016       LZ0AL         076 099      
QSO:  3533 CW 2017-08-19 0813 LZ0AJ         091 076       LZ0DZ         091 075      
QSO:  3533 CW 2017-08-19 0813 LZ0AJ         092 091       LZ0DP         079 086      
QSO:  3533 CW 2017-08-19 0814 LZ0AJ         093 079       LZ0DW         090 098      
QSO:  3533 CW 2017-08-19 0815 LZ0AJ         094 090       LZ0FY         078 078      
QSO:  3533 CW 2017-08-19 0816 LZ0AJ         095 078       LZ0DY         094 059      
QSO:  3533 CW 2017-08-19 0817 LZ0AJ         096 094       LZ0AD         076 084      
QSO:  3533 CW 2017-08-19 0818 LZ0AJ         097 076       LZ0AK         081 084      
QSO:  3535 CW 2017-08-19 0820 LZ0AJ         098 081       LZ0DR         082 093      
QSO:  3557 CW 2017-08-19 0821 LZ0AJ         099 082       LZ0FC         081 100      
QSO:  3532 CW 2017-08-19 0822 LZ0AJ         100 081       LZ0AA         079 089      
QSO:  3525 CW 2017-08-19 0823 LZ0AJ         101 079       LZ0FA         089 101      
QSO:  3528 CW 2017-08-19 0824 LZ0AJ         102 089       LZ0FD         100 106      
QSO:  3514 CW 2017-08-19 0827 LZ0AJ         103 100       LZ0AR         086 098      
QSO:  3537 CW 2017-08-19 0827 LZ0AJ         104 086       LZ0AP         092 096      
QSO:  3540 CW 2017-08-19 0828 LZ0AJ         105 092       LZ0DM         097 097      
QSO:  3522 CW 2017-08-19 0828 LZ0AJ         106 097       LZ0AW         105 082      
QSO:  3533 CW 2017-08-19 0829 LZ0AJ         107 105       LZ0DD         075 105      
QSO:  3533 CW 2017-08-19 0832 LZ0AJ         108 075       LZ0AF         101 106      
QSO:  3533 CW 2017-08-19 0834 LZ0AJ         109 101       LZ0AN         114 101      
QSO:  3533 CW 2017-08-19 0835 LZ0AJ         110 114       LZ0AT         121 098      
QSO:  3533 CW 2017-08-19 0835 LZ0AJ         111 121       LZ0DN         102 100      
QSO:  3533 CW 2017-08-19 0835 LZ0AJ         112 102       LZ0DL         111 104      
QSO:  3533 CW 2017-08-19 0836 LZ0AJ         113 111       LZ0AM         115 108      
QSO:  3533 CW 2017-08-19 0837 LZ0AJ         114 115       LZ0DV         105 099      
QSO:  3533 CW 2017-08-19 0838 LZ0AJ         115 105       LZ0FJ         119 121      
QSO:  3533 CW 2017-08-19 0838 LZ0AJ         116 119       LZ0AV         106 128      
QSO:  3533 CW 2017-08-19 0838 LZ0AJ         117 106       LZ0DA         114 116      
QSO:  3533 CW 2017-08-19 0839 LZ0AJ         118 114       LZ0DT         102 115      
QSO:  3533 CW 2017-08-19 0840 LZ0AJ         119 102       LZ0AY         103 096      
QSO:  3533 CW 2017-08-19 0840 LZ0AJ         120 103       LZ0DG         126 121      
QSO:  3533 CW 2017-08-19 0840 LZ0AJ         121 126       LZ0DC         132 121      
QSO:  3533 CW 2017-08-19 0841 LZ0AJ         122 132       LZ0FG         115 102      
QSO:  3533 CW 2017-08-19 0841 LZ0AJ         123 115       LZ0FX         075 110      
QSO:  3533 CW 2017-08-19 0842 LZ0AJ         124 075       LZ0AG         113 110      
QSO:  3533 CW 2017-08-19 0842 LZ0AJ         125 113       LZ0DJ         120 111      
QSO:  3533 CW 2017-08-19 0843 LZ0AJ         126 120       LZ0AL         105 135      
QSO:  3533 CW 2017-08-19 0844 LZ0AJ         127 105       LZ0DP         105 113      
QSO:  3533 CW 2017-08-19 0844 LZ0AJ         128 105       LZ0DW         127 113      
QSO:  3533 CW 2017-08-19 0846 LZ0AJ         129 127       LZ0FY         111 113      
QSO:  3533 CW 2017-08-19 0847 LZ0AJ         130 111       LZ0DK         075 129      
QSO:  3533 CW 2017-08-19 0848 LZ0AJ         131 075       LZ0AX         115 126      
QSO:  3533 CW 2017-08-19 0848 LZ0AJ         132 115       LZ0FZ         041 071      
QSO:  3533 CW 2017-08-19 0848 LZ0AJ         133 041       LZ0DY         132 125      
QSO:  3533 CW 2017-08-19 0849 LZ0AJ         134 132       LZ0DZ         134 110      
QSO:  3533 CW 2017-08-19 0851 LZ0AJ         135 134       LZ0DX         056 119      
QSO:  3557 CW 2017-08-19 0852 LZ0AJ         136 056       LZ0FC         111 128      
QSO:  3532 CW 2017-08-19 0853 LZ0AJ         137 111       LZ0AA         114 044      
QSO:  3535 CW 2017-08-19 0853 LZ0AJ         138 114       LZ0DR         117 142      
QSO:  3525 CW 2017-08-19 0854 LZ0AJ         139 117       LZ0FA         122 135      
QSO:  3528 CW 2017-08-19 0855 LZ0AJ         140 122       LZ0FD         134 115      
QSO:  3520 CW 2017-08-19 0856 LZ0AJ         141 134       LZ0FF         131 114      
QSO:  3514 CW 2017-08-19 0858 LZ0AJ         142 131       LZ0AR         118 144      
QSO:  3522 CW 2017-08-19 0859 LZ0AJ         143 118       LZ0AW         144 117      
QSO:  3540 CW 2017-08-19 0859 LZ0AJ         144 144       LZ0DM         132 135      
QSO:  3537 CW 2017-08-19 0900 LZ0AJ         145 132       LZ0AP         124 143      
QSO:  3533 CW 2017-08-19 0901 LZ0AJ         146 124       LZ0AK         128 135      
QSO:  3533 CW 2017-08-19 0902 LZ0AJ         147 128       LZ0DF         126 131      
QSO:  3533 CW 2017-08-19 0902 LZ0AJ         148 126       LZ0DD         106 160      
QSO:  3533 CW 2017-08-19 0903 LZ0AJ         149 106       LZ0DU         060 095      
QSO:  3533 CW 2017-08-19 0904 LZ0AJ         150 060       LZ0AF         137 142      
QSO:  3533 CW 2017-08-19 0904 LZ0AJ         151 137       LZ0AN         152 100      
QSO:  3533 CW 2017-08-19 0907 LZ0AJ         152 152       LZ0DL         152 135      
QSO:  3533 CW 2017-08-19 0907 LZ0AJ         153 152       LZ0AT         163 154      
QSO:  3533 CW 2017-08-19 0907 LZ0AJ         154 163       LZ0AM         155 143      
QSO:  3533 CW 2017-08-19 0908 LZ0AJ         155 155       LZ0DN         141 139      
QSO:  3533 CW 2017-08-19 0908 LZ0AJ         156 141       LZ0AV         139 165      
QSO:  3533 CW 2017-08-19 0910 LZ0AJ         157 139       LZ0DA         152 154      
QSO:  3533 CW 2017-08-19 0911 LZ0AJ         158 152       LZ0DV         143 133      
QSO:  3533 CW 2017-08-19 0911 LZ0AJ         159 143       LZ0AY         138 130      
QSO:  3533 CW 2017-08-19 0912 LZ0AJ         160 138       LZ0AG         149 150      
QSO:  3533 CW 2017-08-19 0912 LZ0AJ         161 149       LZ0DC         172 135      
QSO:  3533 CW 2017-08-19 0913 LZ0AJ         162 172       LZ0FG         149 157      
QSO:  3533 CW 2017-08-19 0914 LZ0AJ         163 149       LZ0DJ         159 148      
QSO:  3533 CW 2017-08-19 0914 LZ0AJ         164 159       LZ0DP         140 148      
QSO:  3533 CW 2017-08-19 0915 LZ0AJ         165 140       LZ0DW         167 144      
QSO:  3533 CW 2017-08-19 0915 LZ0AJ         166 167       LZ0FJ         165 137      
QSO:  3533 CW 2017-08-19 0916 LZ0AJ         167 165       LZ0AL         139 141      
QSO:  3533 CW 2017-08-19 0916 LZ0AJ         168 139       LZ0FY         148 150      
QSO:  3533 CW 2017-08-19 0918 LZ0AJ         169 148       LZ0AX         151 164      
QSO:  3533 CW 2017-08-19 0919 LZ0AJ         170 151       LZ0DY         164 163      
QSO:  3533 CW 2017-08-19 0920 LZ0AJ         171 164       LZ0DZ         173 122      
QSO:  3533 CW 2017-08-19 0920 LZ0AJ         172 173       LZ0FX         115 099      
QSO:  3533 CW 2017-08-19 0921 LZ0AJ         173 115       LZ0DG         169 148      
QSO:  3557 CW 2017-08-19 0923 LZ0AJ         174 169       LZ0FC         146 147      
QSO:  3532 CW 2017-08-19 0923 LZ0AJ         175 146       LZ0AA         151 149      
QSO:  3535 CW 2017-08-19 0924 LZ0AJ         176 151       LZ0DR         151 180      
QSO:  3511 CW 2017-08-19 0925 LZ0AJ         177 151       LZ0FZ         066 155      
QSO:  3528 CW 2017-08-19 0926 LZ0AJ         178 066       LZ0FD         166 153      
QSO:  3525 CW 2017-08-19 0926 LZ0AJ         179 166       LZ0FA         156 162      
QSO:  3514 CW 2017-08-19 0929 LZ0AJ         180 156       LZ0AR         155 183      
QSO:  3520 CW 2017-08-19 0929 LZ0AJ         181 155       LZ0FF         173 179      
QSO:  3522 CW 2017-08-19 0930 LZ0AJ         182 173       LZ0AW         179 155      
QSO:  3540 CW 2017-08-19 0930 LZ0AJ         183 179       LZ0DM         168 173      
QSO:  3537 CW 2017-08-19 0931 LZ0AJ         184 168       LZ0AP         155 182      
QSO:  3533 CW 2017-08-19 0932 LZ0AJ         185 155       LZ0AK         164 160      
QSO:  3533 CW 2017-08-19 0933 LZ0AJ         186 164       LZ0DF         162 177      
QSO:  3533 CW 2017-08-19 0934 LZ0AJ         187 162       LZ0DU         089 199      
QSO:  3533 CW 2017-08-19 0934 LZ0AJ         188 089       LZ0AN         188 157      
QSO:  3533 CW 2017-08-19 0936 LZ0AJ         189 188       LZ0AF         173 171      
QSO:  3533 CW 2017-08-19 0937 LZ0AJ         190 173       LZ0AM         191 169      
QSO:  3533 CW 2017-08-19 0937 LZ0AJ         191 191       LZ0AT         201 189      
QSO:  3533 CW 2017-08-19 0938 LZ0AJ         192 201       LZ0AV         173 202      
QSO:  3533 CW 2017-08-19 0939 LZ0AJ         193 173       LZ0DN         176 189      
QSO:  3533 CW 2017-08-19 0940 LZ0AJ         194 176       LZ0DA         189 191      
QSO:  3533 CW 2017-08-19 0941 LZ0AJ         195 189       LZ0DL         179 192      
QSO:  3533 CW 2017-08-19 0942 LZ0AJ         196 179       LZ0DV         182 172      
QSO:  3533 CW 2017-08-19 0942 LZ0AJ         197 182       LZ0AY         172 166      
QSO:  3533 CW 2017-08-19 0942 LZ0AJ         198 172       LZ0AG         185 188      
QSO:  3533 CW 2017-08-19 0943 LZ0AJ         199 185       LZ0DC         210 198      
QSO:  3533 CW 2017-08-19 0944 LZ0AJ         200 210       LZ0FG         187 197      
QSO:  3533 CW 2017-08-19 0945 LZ0AJ         201 187       LZ0DJ         196 203      
QSO:  3533 CW 2017-08-19 0946 LZ0AJ         202 196       LZ0DW         203 178      
QSO:  3533 CW 2017-08-19 0946 LZ0AJ         203 203       LZ0FJ         204 195      
QSO:  3533 CW 2017-08-19 0947 LZ0AJ         204 204       LZ0AL         171 208      
QSO:  3533 CW 2017-08-19 0947 LZ0AJ         205 171       LZ0DP         177 194      
QSO:  3533 CW 2017-08-19 0948 LZ0AJ         206 177       LZ0FY         187 184      
QSO:  3533 CW 2017-08-19 0948 LZ0AJ         207 187       LZ0AX         176 207      
QSO:  3533 CW 2017-08-19 0949 LZ0AJ         208 176       LZ0DX         104 188      
QSO:  3533 CW 2017-08-19 0950 LZ0AJ         209 104       LZ0DY         202 173      
QSO:  3533 CW 2017-08-19 0950 LZ0AJ         210 202       LZ0DK         117 193      
QSO:  3533 CW 2017-08-19 0952 LZ0AJ         211 117       LZ0DZ         214 171      
QSO:  3532 CW 2017-08-19 0953 LZ0AJ         212 214       LZ0AA         185 202      
QSO:  3511 CW 2017-08-19 0955 LZ0AJ         213 185       LZ0FZ         087 217      
QSO:  3557 CW 2017-08-19 0956 LZ0AJ         214 087       LZ0FC         182 195      
QSO:  3525 CW 2017-08-19 0956 LZ0AJ         215 182       LZ0FA         188 217      
QSO:  3528 CW 2017-08-19 0957 LZ0AJ         216 188       LZ0FD         201 189      
QSO:  3535 CW 2017-08-19 0957 LZ0AJ         217 201       LZ0AD         125 223      
QSO:  3562 CW 2017-08-19 0959 LZ0AJ         218 125       LZ0AU         102 190      
QSO:  3520 CW 2017-08-19 0959 LZ0AJ         219 102       LZ0FF         207 112      
QSO:  3514 CW 2017-08-19 1000 LZ0AJ         220 207       LZ0AR         189 213      
QSO:  3522 CW 2017-08-19 1000 LZ0AJ         221 189       LZ0AW         212 159      
QSO:  3540 CW 2017-08-19 1001 LZ0AJ         222 212       LZ0DM         204 205      
QSO:  3537 CW 2017-08-19 1002 LZ0AJ         223 204       LZ0AP         190 224      
QSO:  3533 CW 2017-08-19 1003 LZ0AJ         224 190       LZ0AK         201 202      
QSO:  3533 CW 2017-08-19 1003 LZ0AJ         225 201       LZ0DR         183 191      
QSO:  3533 CW 2017-08-19 1006 LZ0AJ         226 183       LZ0AN         231 218      
QSO:  3533 CW 2017-08-19 1006 LZ0AJ         227 231       LZ0AC         131 226      
QSO:  3533 CW 2017-08-19 1006 LZ0AJ         228 131       LZ0DF         200 194      
QSO:  3533 CW 2017-08-19 1007 LZ0AJ         229 200       LZ0AM         232 206      
QSO:  3533 CW 2017-08-19 1007 LZ0AJ         230 232       LZ0AT         235 119      
QSO:  3533 CW 2017-08-19 1008 LZ0AJ         231 235       LZ0DG         218 219      
QSO:  3533 CW 2017-08-19 1008 LZ0AJ         232 218       LZ0AF         211 197      
QSO:  3533 CW 2017-08-19 1009 LZ0AJ         233 211       LZ0AV         209 243      
QSO:  3533 CW 2017-08-19 1009 LZ0AJ         234 209       LZ0DN         209 209      
QSO:  3533 CW 2017-08-19 1010 LZ0AJ         235 209       LZ0DA         230 160      
QSO:  3533 CW 2017-08-19 1013 LZ0AJ         236 230       LZ0AG         224 198      
QSO:  3533 CW 2017-08-19 1013 LZ0AJ         237 224       LZ0DL         214 200      
QSO:  3533 CW 2017-08-19 1013 LZ0AJ         238 214       LZ0AY         207 238      
QSO:  3533 CW 2017-08-19 1014 LZ0AJ         239 207       LZ0DC         252 213      
QSO:  3533 CW 2017-08-19 1015 LZ0AJ         240 252       LZ0FG         224 114      
QSO:  3533 CW 2017-08-19 1016 LZ0AJ         241 224       LZ0DJ         234 220      
QSO:  3533 CW 2017-08-19 1017 LZ0AJ         242 234       LZ0DW         237 220      
QSO:  3533 CW 2017-08-19 1017 LZ0AJ         243 237       LZ0DT         204 131      
QSO:  3533 CW 2017-08-19 1017 LZ0AJ         244 204       LZ0AL         198 240      
QSO:  3533 CW 2017-08-19 1018 LZ0AJ         245 198       LZ0DU         132 256      
QSO:  3533 CW 2017-08-19 1018 LZ0AJ         246 132       LZ0DP         212 231      
QSO:  3533 CW 2017-08-19 1019 LZ0AJ         247 212       LZ0FJ         244 219      
QSO:  3533 CW 2017-08-19 1020 LZ0AJ         248 244       LZ0DX         135 227      
QSO:  3533 CW 2017-08-19 1020 LZ0AJ         249 135       LZ0FY         224 141      
QSO:  3533 CW 2017-08-19 1022 LZ0AJ         250 224       LZ0DY         242 204      
QSO:  3533 CW 2017-08-19 1022 LZ0AJ         251 242       LZ0DV         238 231      
QSO:  3533 CW 2017-08-19 1023 LZ0AJ         252 238       LZ0DK         145 252      
QSO:  3532 CW 2017-08-19 1024 LZ0AJ         253 145       LZ0AA         212 224      
QSO:  3533 CW 2017-08-19 1025 LZ0AJ         254 212       LZ0FX         174 235      
QSO:  3517 CW 2017-08-19 1026 LZ0AJ         255 174       LZ0DZ         256 197      
QSO:  3525 CW 2017-08-19 1026 LZ0AJ         256 256       LZ0FA         224 239      
QSO:  3557 CW 2017-08-19 1027 LZ0AJ         257 224       LZ0FC         219 217      
QSO:  3528 CW 2017-08-19 1027 LZ0AJ         258 219       LZ0FD         237 253      
QSO:  3535 CW 2017-08-19 1028 LZ0AJ         259 237       LZ0AD         153 245      
QSO:  3562 CW 2017-08-19 1029 LZ0AJ         260 153       LZ0FK         021 246      
QSO:  3520 CW 2017-08-19 1029 LZ0AJ         261 021       LZ0FF         247 246      
QSO:  3522 CW 2017-08-19 1030 LZ0AJ         262 247       LZ0AW         251 141      
QSO:  3540 CW 2017-08-19 1031 LZ0AJ         263 251       LZ0DM         236 223      
QSO:  3514 CW 2017-08-19 1032 LZ0AJ         264 236       LZ0AR         225 143      
QSO:  3537 CW 2017-08-19 1032 LZ0AJ         265 225       LZ0AP         225 181      
QSO:  3533 CW 2017-08-19 1035 LZ0AJ         266 225       LZ0DR         208 238      
QSO:  3533 CW 2017-08-19 1037 LZ0AJ         267 208       LZ0AM         270 255      
QSO:  3533 CW 2017-08-19 1037 LZ0AJ         268 270       LZ0AT         275 262      
QSO:  3533 CW 2017-08-19 1038 LZ0AJ         269 275       LZ0AN         272 230      
QSO:  3533 CW 2017-08-19 1038 LZ0AJ         270 272       LZ0AF         245 243      
QSO:  3533 CW 2017-08-19 1039 LZ0AJ         271 245       LZ0DG         261 200      
QSO:  3533 CW 2017-08-19 1040 LZ0AJ         272 261       LZ0AK         242 232      
QSO:  3533 CW 2017-08-19 1040 LZ0AJ         273 242       LZ0DA         265 262      
QSO:  3533 CW 2017-08-19 1040 LZ0AJ         274 265       LZ0DD         202 237      
QSO:  3533 CW 2017-08-19 1041 LZ0AJ         275 202       LZ0AV         248 230      
QSO:  3533 CW 2017-08-19 1041 LZ0AJ         276 248       LZ0DN         245 241      
QSO:  3533 CW 2017-08-19 1042 LZ0AJ         277 245       LZ0AX         231 239      
QSO:  3533 CW 2017-08-19 1044 LZ0AJ         278 231       LZ0AG         264 261      
QSO:  3533 CW 2017-08-19 1044 LZ0AJ         279 264       LZ0DC         290 278      
QSO:  3533 CW 2017-08-19 1045 LZ0AJ         280 290       LZ0FG         263 269      
QSO:  3533 CW 2017-08-19 1045 LZ0AJ         281 263       LZ0AY         239 235      
QSO:  3533 CW 2017-08-19 1047 LZ0AJ         282 239       LZ0DW         272 225      
QSO:  3533 CW 2017-08-19 1047 LZ0AJ         283 272       LZ0AL         229 240      
QSO:  3533 CW 2017-08-19 1048 LZ0AJ         284 229       LZ0DF         243 270      
QSO:  3533 CW 2017-08-19 1049 LZ0AJ         285 243       LZ0DJ         275 238      
QSO:  3533 CW 2017-08-19 1049 LZ0AJ         286 275       LZ0DP         253 272      
QSO:  3533 CW 2017-08-19 1050 LZ0AJ         287 253       LZ0FY         257 172      
QSO:  3533 CW 2017-08-19 1051 LZ0AJ         288 257       LZ0FJ         287 278      
QSO:  3533 CW 2017-08-19 1052 LZ0AJ         289 287       LZ0DX         168 265      
QSO:  3533 CW 2017-08-19 1052 LZ0AJ         290 168       LZ0DL         256 256      
QSO:  3533 CW 2017-08-19 1053 LZ0AJ         291 256       LZ0DV         277 266      
QSO:  3533 CW 2017-08-19 1054 LZ0AJ         292 277       LZ0DY         284 239      
QSO:  3532 CW 2017-08-19 1055 LZ0AJ         293 284       LZ0AA         247 283      
QSO:  3525 CW 2017-08-19 1056 LZ0AJ         294 247       LZ0FA         259 283      
QSO:  3517 CW 2017-08-19 1057 LZ0AJ         295 259       LZ0DZ         293 265      
QSO:  3528 CW 2017-08-19 1057 LZ0AJ         296 293       LZ0FD         273 260      
QSO:  3557 CW 2017-08-19 1058 LZ0AJ         297 273       LZ0FC         256 290      
QSO:  3535 CW 2017-08-19 1058 LZ0AJ         298 256       LZ0AD         183 304      
QSO:  3520 CW 2017-08-19 1059 LZ0AJ         299 183       LZ0FF         279 283      
QSO:  3533 CW 2017-08-19 1059 LZ0AJ         300 279       LZ0DK         184 186      
END-OF-LOG:
