START-OF-LOG: 2.0
ARRL-SECTION: DX
CALLSIGN: LZ0AW
CLUB: Пещера 
CONTEST: LZ-OPEN-DOMESTIC
CATEGORY: SINGLE-OP-ASSISTED 80M LOW CW
CLAIMED-SCORE: 279
OPERATORS: LZ5eG
NAME: Герасим Иванов LZ5ET
ADDRESS: 4550 Peshtera, samokowite 8
ADDRESS: Pestera,  4550
ADDRESS: BULGARIA
CREATED-BY: N1MM Logger+ 1.0.6711.0
QSO:  3522 CW 2017-08-19 0700 LZ0AW         001 000       LZ0AY         001 000      
QSO:  3522 CW 2017-08-19 0702 LZ0AW         002 001       LZ0AM         004 002      
QSO:  3522 CW 2017-08-19 0702 LZ0AW         003 004       LZ0DL         006 400      
QSO:  3522 CW 2017-08-19 0704 LZ0AW         004 006       LZ0DP         005 009      
QSO:  3522 CW 2017-08-19 0704 LZ0AW         005 005       LZ0DJ         008 005      
QSO:  3522 CW 2017-08-19 0704 LZ0AW         006 008       LZ0AL         005 010      
QSO:  3522 CW 2017-08-19 0705 LZ0AW         007 005       LZ0DY         011 012      
QSO:  3522 CW 2017-08-19 0705 LZ0AW         008 011       LZ0DF         005 011      
QSO:  3522 CW 2017-08-19 0706 LZ0AW         009 005       LZ0DA         007 006      
QSO:  3522 CW 2017-08-19 0706 LZ0AW         010 007       LZ0AGE        006 013      
QSO:  3522 CW 2017-08-19 0706 LZ0AW         011 006       LZ0DN         005 014      
QSO:  3522 CW 2017-08-19 0707 LZ0AW         012 005       LZ0AT         012 005      
QSO:  3522 CW 2017-08-19 0707 LZ0AW         013 012       LZ0DX         006 016      
QSO:  3522 CW 2017-08-19 0709 LZ0AW         014 006       LZ0AF         009 009      
QSO:  3522 CW 2017-08-19 0709 LZ0AW         015 009       LZ0DW         013 010      
QSO:  3522 CW 2017-08-19 0710 LZ0AW         016 013       LZ0DR         010 019      
QSO:  3522 CW 2017-08-19 0710 LZ0AW         017 010       LZ0FG         014 012      
QSO:  3522 CW 2017-08-19 0711 LZ0AW         018 014       LZ0AD         015 018      
QSO:  3522 CW 2017-08-19 0711 LZ0AW         019 015       LZ0DU         300 2        
QSO:  3522 CW 2017-08-19 0712 LZ0AW         020 300       LZ0DZ         020 022      
QSO:  3522 CW 2017-08-19 0712 LZ0AW         021 020       LZ0FY         012 003      
QSO:  3522 CW 2017-08-19 0713 LZ0AW         022 012       LZ0AK         017 016      
QSO:  3522 CW 2017-08-19 0713 LZ0AW         023 017       LZ0AN         021 013      
QSO:  3522 CW 2017-08-19 0714 LZ0AW         024 021       LZ0DC         026 024      
QSO:  3522 CW 2017-08-19 0714 LZ0AW         025 026       LZ0DG         024 023      
QSO:  3522 CW 2017-08-19 0717 LZ0AW         026 024       LZ0AG         021 019      
QSO:  3522 CW 2017-08-19 0717 LZ0AW         027 021       LZ0FJ         022 020      
QSO:  3522 CW 2017-08-19 0718 LZ0AW         028 022       LZ0DV         023 027      
QSO:  3522 CW 2017-08-19 0718 LZ0AW         029 023       LZ0DD         009 028      
QSO:  3522 CW 2017-08-19 0721 LZ0AW         030 009       LZ0FX         014 022      
QSO:  3522 CW 2017-08-19 0722 LZ0AW         031 014       LZ0AX         026 013      
QSO:  3522 CW 2017-08-19 0726 LZ0AW         032 026       LZ0AC         028 026      
QSO:  3522 CW 2017-08-19 0728 LZ0AW         033 028       LZ0AC         031 024      
QSO:  3522 CW 2017-08-19 0731 LZ0AW         034 031       LZ0AY         034 019      
QSO:  3522 CW 2017-08-19 0731 LZ0AW         035 034       LZ0AV         032 031      
QSO:  3522 CW 2017-08-19 0732 LZ0AW         036 032       LZ0AM         038 036      
QSO:  3522 CW 2017-08-19 0733 LZ0AW         037 038       LZ0DL         044 031      
QSO:  3522 CW 2017-08-19 0735 LZ0AW         038 044       LZ0DY         044 034      
QSO:  3522 CW 2017-08-19 0735 LZ0AW         039 044       LZ0DJ         037 030      
QSO:  3522 CW 2017-08-19 0736 LZ0AW         040 037       LZ0DA         039 042      
QSO:  3522 CW 2017-08-19 0736 LZ0AW         041 039       LZ0DF         037 040      
QSO:  3522 CW 2017-08-19 0736 LZ0AW         042 037       LZ0FA         033 051      
QSO:  3522 CW 2017-08-19 0737 LZ0AW         043 033       LZ0DP         033 041      
QSO:  3522 CW 2017-08-19 0738 LZ0AW         044 033       LZ0AT         052 027      
QSO:  3522 CW 2017-08-19 0738 LZ0AW         045 052       LZ0AL         037 035      
QSO:  3522 CW 2017-08-19 0739 LZ0AW         046 037       LZ0DX         023 045      
QSO:  3522 CW 2017-08-19 0739 LZ0AW         047 023       LZ0DN         040 037      
QSO:  3522 CW 2017-08-19 0740 LZ0AW         048 040       LZ0AF         041 045      
QSO:  3522 CW 2017-08-19 0740 LZ0AW         049 041       LZ0DW         050 036      
QSO:  3522 CW 2017-08-19 0741 LZ0AW         050 050       LZ0AD         047 041      
QSO:  3522 CW 2017-08-19 0741 LZ0AW         051 047       LZ0DR         040 051      
QSO:  3522 CW 2017-08-19 0742 LZ0AW         052 040       LZ0FG         050 42       
QSO:  3522 CW 2017-08-19 0742 LZ0AW         053 050       LZ0FY         042 056      
QSO:  3522 CW 2017-08-19 0743 LZ0AW         054 042       LZ0AN         057 043      
QSO:  3522 CW 2017-08-19 0744 LZ0AW         055 057       LZ0AK         043 046      
QSO:  3522 CW 2017-08-19 0745 LZ0AW         056 043       LZ0DG         065 052      
QSO:  3522 CW 2017-08-19 0745 LZ0AW         057 065       LZ0DZ         057 045      
QSO:  3522 CW 2017-08-19 0745 LZ0AW         058 057       LZ0DC         068 047      
QSO:  3522 CW 2017-08-19 0746 LZ0AW         059 068       LZ0AA         045 056      
QSO:  3522 CW 2017-08-19 0747 LZ0AW         060 045       LZ0AG         052 050      
QSO:  3522 CW 2017-08-19 0748 LZ0AW         061 052       LZ0AR         045 046      
QSO:  3522 CW 2017-08-19 0748 LZ0AW         062 045       LZ0FJ         060 053      
QSO:  3522 CW 2017-08-19 0748 LZ0AW         063 060       LZ0DV         058 062      
QSO:  3522 CW 2017-08-19 0749 LZ0AW         064 058       LZ0DD         039 055      
QSO:  3522 CW 2017-08-19 0751 LZ0AW         065 039       LZ0FX         022 036      
QSO:  3522 CW 2017-08-19 0752 LZ0AW         066 022       LZ0AX         057 060      
QSO:  3522 CW 2017-08-19 0758 LZ0AW         067 057       LZ0AJ         071 063      
QSO:  3522 CW 2017-08-19 0801 LZ0AW         068 071       LZ0AY         064 064      
QSO:  3522 CW 2017-08-19 0801 LZ0AW         069 064       LZ0AV         065 062      
QSO:  3522 CW 2017-08-19 0802 LZ0AW         070 065       LZ0FZ         017 064      
QSO:  3522 CW 2017-08-19 0803 LZ0AW         071 017       LZ0AM         074 077      
QSO:  3522 CW 2017-08-19 0804 LZ0AW         072 074       LZ0DL         084 077      
QSO:  3522 CW 2017-08-19 0805 LZ0AW         073 084       LZ0DY         082 079      
QSO:  3522 CW 2017-08-19 0806 LZ0AW         074 082       LZ0DA         073 084      
QSO:  3522 CW 2017-08-19 0807 LZ0AW         075 073       LZ0AC         071 046      
QSO:  3522 CW 2017-08-19 0807 LZ0AW         076 071       LZ0DJ         077 086      
QSO:  3522 CW 2017-08-19 0807 LZ0AW         077 077       LZ0FA         064 081      
QSO:  3522 CW 2017-08-19 0808 LZ0AW         078 064       LZ0DF         073 080      
QSO:  3522 CW 2017-08-19 0808 LZ0AW         079 073       LZ0DP         069 075      
QSO:  3522 CW 2017-08-19 0809 LZ0AW         080 069       LZ0AT         091 065      
QSO:  3522 CW 2017-08-19 0809 LZ0AW         081 091       LZ0DU         011 089      
QSO:  3522 CW 2017-08-19 0809 LZ0AW         082 011       LZ0DN         071 067      
QSO:  3522 CW 2017-08-19 0810 LZ0AW         083 071       LZ0AR         075 084      
QSO:  3522 CW 2017-08-19 0810 LZ0AW         084 075       LZ0AF         072 074      
QSO:  3522 CW 2017-08-19 0810 LZ0AW         085 072       LZ0DW         082 073      
QSO:  3522 CW 2017-08-19 0811 LZ0AW         086 082       LZ0DX         044 080      
QSO:  3522 CW 2017-08-19 0811 LZ0AW         087 044       LZ0FG         081 087      
QSO:  3522 CW 2017-08-19 0812 LZ0AW         088 081       LZ0FY         074 078      
QSO:  3522 CW 2017-08-19 0813 LZ0AW         089 074       LZ0AL         078 084      
QSO:  3522 CW 2017-08-19 0814 LZ0AW         090 078       LZ0AN         093 079      
QSO:  3522 CW 2017-08-19 0815 LZ0AW         091 093       LZ0DG         099 089      
QSO:  3522 CW 2017-08-19 0816 LZ0AW         092 099       LZ0DC         109 079      
QSO:  3522 CW 2017-08-19 0816 LZ0AW         093 109       LZ0DR         077 094      
QSO:  3522 CW 2017-08-19 0817 LZ0AW         094 077       LZ0DZ         097 089      
QSO:  3522 CW 2017-08-19 0817 LZ0AW         095 097       LZ0AG         091 085      
QSO:  3522 CW 2017-08-19 0818 LZ0AW         096 091       LZ0AD         078 083      
QSO:  3522 CW 2017-08-19 0819 LZ0AW         097 078       LZ0FJ         096 074      
QSO:  3522 CW 2017-08-19 0820 LZ0AW         098 096       LZ0FF         094 086      
QSO:  3522 CW 2017-08-19 0820 LZ0AW         099 094       LZ0AK         083 085      
QSO:  3522 CW 2017-08-19 0820 LZ0AW         100 083       LZ0DV         088 100      
QSO:  3522 CW 2017-08-19 0821 LZ0AW         101 088       LZ0FX         056 088      
QSO:  3522 CW 2017-08-19 0822 LZ0AW         102 056       LZ0DD         067 100      
QSO:  3522 CW 2017-08-19 0822 LZ0AW         103 067       LZ0AX         090 090      
QSO:  3522 CW 2017-08-19 0827 LZ0AW         104 090       LZ0AA         082 095      
QSO:  3522 CW 2017-08-19 0828 LZ0AW         105 082       LZ0AJ         106 097      
QSO:  3522 CW 2017-08-19 0831 LZ0AW         106 106       LZ0AV         098 099      
QSO:  3522 CW 2017-08-19 0833 LZ0AW         107 098       LZ0AM         112 114      
QSO:  3522 CW 2017-08-19 0834 LZ0AW         108 112       LZ0AP         095 113      
QSO:  3522 CW 2017-08-19 0834 LZ0AW         109 095       LZ0AY         100 116      
QSO:  3522 CW 2017-08-19 0836 LZ0AW         110 100       LZ0DY         116 117      
QSO:  3522 CW 2017-08-19 0836 LZ0AW         111 116       LZ0DT         100 107      
QSO:  3522 CW 2017-08-19 0836 LZ0AW         112 100       LZ0DA         111 118      
QSO:  3522 CW 2017-08-19 0837 LZ0AW         113 111       LZ0FC         095 107      
QSO:  3522 CW 2017-08-19 0837 LZ0AW         114 095       LZ0DJ         112 104      
QSO:  3522 CW 2017-08-19 0838 LZ0AW         115 112       LZ0FA         100 104      
QSO:  3522 CW 2017-08-19 0839 LZ0AW         116 100       LZ0DP         098 111      
QSO:  3522 CW 2017-08-19 0840 LZ0AW         117 098       LZ0DL         120 103      
QSO:  3522 CW 2017-08-19 0840 LZ0AW         118 120       LZ0AT         128 098      
QSO:  3522 CW 2017-08-19 0840 LZ0AW         119 128       LZ0DF         109 114      
QSO:  3522 CW 2017-08-19 0841 LZ0AW         120 109       LZ0AF         109 100      
QSO:  3522 CW 2017-08-19 0841 LZ0AW         121 109       LZ0DW         121 107      
QSO:  3522 CW 2017-08-19 0841 LZ0AW         122 121       LZ0FG         116 122      
QSO:  3522 CW 2017-08-19 0842 LZ0AW         123 116       LZ0DN         108 100      
QSO:  3522 CW 2017-08-19 0843 LZ0AW         124 108       LZ0DX         050 123      
QSO:  3522 CW 2017-08-19 0843 LZ0AW         125 050       LZ0DK         070 048      
QSO:  3522 CW 2017-08-19 0844 LZ0AW         126 070       LZ0FY         109 111      
QSO:  3522 CW 2017-08-19 0845 LZ0AW         127 109       LZ0AN         127 108      
QSO:  3522 CW 2017-08-19 0845 LZ0AW         128 127       LZ0AL         109 121      
QSO:  3522 CW 2017-08-19 0846 LZ0AW         129 109       LZ0DC         140 108      
QSO:  3522 CW 2017-08-19 0847 LZ0AW         130 140       LZ0DR         108 114      
QSO:  3522 CW 2017-08-19 0847 LZ0AW         131 108       LZ0DG         135 101      
QSO:  3522 CW 2017-08-19 0848 LZ0AW         132 135       LZ0DU         043 105      
QSO:  3522 CW 2017-08-19 0848 LZ0AW         133 043       LZ0AG         122 103      
QSO:  3522 CW 2017-08-19 0849 LZ0AW         134 122       LZ0AR         107 083      
QSO:  3522 CW 2017-08-19 0850 LZ0AW         135 107       LZ0FZ         043 133      
QSO:  3522 CW 2017-08-19 0851 LZ0AW         136 043       LZ0FJ         135 109      
QSO:  3522 CW 2017-08-19 0852 LZ0AW         137 135       LZ0DV         124 128      
QSO:  3522 CW 2017-08-19 0852 LZ0AW         138 124       LZ0AX         118 133      
QSO:  3522 CW 2017-08-19 0853 LZ0AW         139 118       LZ0AK         116 120      
QSO:  3522 CW 2017-08-19 0855 LZ0AW         140 116       LZ0DD         100 142      
QSO:  3522 CW 2017-08-19 0856 LZ0AW         141 100       LZ0DZ         141 129      
QSO:  3522 CW 2017-08-19 0858 LZ0AW         142 141       LZ0FX         088 133      
QSO:  3522 CW 2017-08-19 0859 LZ0AW         143 088       LZ0AA         117 068      
QSO:  3522 CW 2017-08-19 0859 LZ0AW         144 117       LZ0AJ         143 118      
QSO:  3522 CW 2017-08-19 0901 LZ0AW         145 143       LZ0AV         129 146      
QSO:  3522 CW 2017-08-19 0904 LZ0AW         146 129       LZ0AM         151 150      
QSO:  3522 CW 2017-08-19 0905 LZ0AW         147 151       LZ0AY         134 130      
QSO:  3522 CW 2017-08-19 0906 LZ0AW         148 134       LZ0DT         130 141      
QSO:  3522 CW 2017-08-19 0907 LZ0AW         149 130       LZ0DY         149 158      
QSO:  3522 CW 2017-08-19 0907 LZ0AW         150 149       LZ0DA         147 074      
QSO:  3522 CW 2017-08-19 0908 LZ0AW         151 147       LZ0DJ         150 136      
QSO:  3522 CW 2017-08-19 0908 LZ0AW         152 150       LZ0FA         134 142      
QSO:  3522 CW 2017-08-19 0910 LZ0AW         153 134       LZ0FD         144 135      
QSO:  3522 CW 2017-08-19 0911 LZ0AW         154 144       LZ0AT         168 076      
QSO:  3522 CW 2017-08-19 0911 LZ0AW         155 168       LZ0DL         156 139      
QSO:  3522 CW 2017-08-19 0912 LZ0AW         156 156       LZ0DP         134 157      
QSO:  3522 CW 2017-08-19 0912 LZ0AW         157 134       LZ0FG         148 157      
QSO:  3522 CW 2017-08-19 0912 LZ0AW         158 148       LZ0DN         144 132      
QSO:  3522 CW 2017-08-19 0912 LZ0AW         159 144       LZ0DW         162 162      
QSO:  3522 CW 2017-08-19 0913 LZ0AW         160 162       LZ0AD         090 069      
QSO:  3522 CW 2017-08-19 0913 LZ0AW         161 090       LZ0AF         147 136      
QSO:  3522 CW 2017-08-19 0914 LZ0AW         162 147       LZ0DF         140 072      
QSO:  3522 CW 2017-08-19 0915 LZ0AW         163 140       LZ0AN         165 142      
QSO:  3522 CW 2017-08-19 0915 LZ0AW         164 165       LZ0FY         146 154      
QSO:  3522 CW 2017-08-19 0916 LZ0AW         165 146       LZ0DX         076 156      
QSO:  3522 CW 2017-08-19 0918 LZ0AW         166 076       LZ0DC         179 147      
QSO:  3522 CW 2017-08-19 0919 LZ0AW         167 179       LZ0AG         161 136      
QSO:  3522 CW 2017-08-19 0919 LZ0AW         168 161       LZ0DR         143 171      
QSO:  3522 CW 2017-08-19 0920 LZ0AW         169 143       LZ0DU         074 144      
QSO:  3522 CW 2017-08-19 0921 LZ0AW         170 074       LZ0AR         147 166      
QSO:  3522 CW 2017-08-19 0922 LZ0AW         171 147       LZ0AL         148 150      
QSO:  3522 CW 2017-08-19 0923 LZ0AW         172 148       LZ0AX         154 170      
QSO:  3522 CW 2017-08-19 0923 LZ0AW         173 154       LZ0DV         161 169      
QSO:  3522 CW 2017-08-19 0924 LZ0AW         174 161       LZ0FJ         177 076      
QSO:  3522 CW 2017-08-19 0924 LZ0AW         175 177       LZ0AK         153 154      
QSO:  3522 CW 2017-08-19 0925 LZ0AW         176 153       LZ0FC         148 171      
QSO:  3522 CW 2017-08-19 0928 LZ0AW         177 148       LZ0DD         131 159      
QSO:  3522 CW 2017-08-19 0929 LZ0AW         178 131       LZ0AA         155 154      
QSO:  3522 CW 2017-08-19 0930 LZ0AW         179 155       LZ0AJ         182 173      
QSO:  3522 CW 2017-08-19 0930 LZ0AW         180 182       LZ0DZ         183 184      
QSO:  3522 CW 2017-08-19 0931 LZ0AW         181 183       LZ0FF         174 181      
QSO:  3522 CW 2017-08-19 0932 LZ0AW         182 174       LZ0AV         163 185      
QSO:  3522 CW 2017-08-19 0933 LZ0AW         183 163       LZ0DG         183 162      
QSO:  3522 CW 2017-08-19 0934 LZ0AW         184 183       LZ0AM         188 123      
QSO:  3522 CW 2017-08-19 0935 LZ0AW         185 188       LZ0AY         165 177      
QSO:  3522 CW 2017-08-19 0936 LZ0AW         186 165       LZ0DT         161 169      
QSO:  3522 CW 2017-08-19 0937 LZ0AW         187 161       LZ0DA         184 091      
QSO:  3522 CW 2017-08-19 0938 LZ0AW         188 184       LZ0DJ         187 170      
QSO:  3522 CW 2017-08-19 0939 LZ0AW         189 187       LZ0DY         191 173      
QSO:  3522 CW 2017-08-19 0939 LZ0AW         190 191       LZ0FA         169 184      
QSO:  3522 CW 2017-08-19 0940 LZ0AW         191 169       LZ0FD         179 105      
QSO:  3522 CW 2017-08-19 0941 LZ0AW         192 179       LZ0DL         178 174      
QSO:  3522 CW 2017-08-19 0942 LZ0AW         193 178       LZ0DP         167 131      
QSO:  3522 CW 2017-08-19 0942 LZ0AW         194 167       LZ0DW         196 198      
QSO:  3522 CW 2017-08-19 0943 LZ0AW         195 196       LZ0DK         109 188      
QSO:  3522 CW 2017-08-19 0943 LZ0AW         196 109       LZ0AT         207 096      
QSO:  3522 CW 2017-08-19 0944 LZ0AW         197 207       LZ0FG         186 184      
QSO:  3522 CW 2017-08-19 0944 LZ0AW         198 186       LZ0FX         134 182      
QSO:  3522 CW 2017-08-19 0944 LZ0AW         199 134       LZ0AF         185 202      
QSO:  3522 CW 2017-08-19 0947 LZ0AW         200 185       LZ0AN         203 206      
QSO:  3522 CW 2017-08-19 0947 LZ0AW         201 203       LZ0FY         185 113      
QSO:  3522 CW 2017-08-19 0948 LZ0AW         202 185       LZ0DN         184 212      
QSO:  3522 CW 2017-08-19 0948 LZ0AW         203 184       LZ0DC         218 181      
QSO:  3522 CW 2017-08-19 0948 LZ0AW         204 218       LZ0AG         193 200      
QSO:  3522 CW 2017-08-19 0949 LZ0AW         205 193       LZ0DF         178 082      
QSO:  3522 CW 2017-08-19 0952 LZ0AW         206 178       LZ0DR         172 213      
QSO:  3522 CW 2017-08-19 0952 LZ0AW         207 172       LZ0AL         178 181      
QSO:  3522 CW 2017-08-19 0953 LZ0AW         208 178       LZ0DV         200 202      
QSO:  3522 CW 2017-08-19 0955 LZ0AW         209 200       LZ0AK         192 188      
QSO:  3522 CW 2017-08-19 0956 LZ0AW         210 192       LZ0FJ         219 216      
QSO:  3522 CW 2017-08-19 0959 LZ0AW         211 219       LZ0DD         159 204      
QSO:  3522 CW 2017-08-19 1001 LZ0AW         212 159       LZ0AJ         221 189      
QSO:  3522 CW 2017-08-19 1001 LZ0AW         213 221       LZ0AX         190 127      
QSO:  3522 CW 2017-08-19 1002 LZ0AW         214 190       LZ0DX         113 208      
QSO:  3522 CW 2017-08-19 1003 LZ0AW         215 113       LZ0AV         200 114      
QSO:  3522 CW 2017-08-19 1005 LZ0AW         216 200       LZ0AM         229 151      
QSO:  3522 CW 2017-08-19 1006 LZ0AW         217 229       LZ0DZ         229 190      
QSO:  3522 CW 2017-08-19 1006 LZ0AW         218 229       LZ0AY         200 215      
QSO:  3522 CW 2017-08-19 1007 LZ0AW         219 200       LZ0DG         217 206      
QSO:  3522 CW 2017-08-19 1007 LZ0AW         220 217       LZ0DT         193 207      
QSO:  3522 CW 2017-08-19 1008 LZ0AW         221 193       LZ0DA         225 106      
QSO:  3522 CW 2017-08-19 1008 LZ0AW         222 225       LZ0DJ         225 207      
QSO:  3522 CW 2017-08-19 1008 LZ0AW         223 225       LZ0DY         228 215      
QSO:  3522 CW 2017-08-19 1011 LZ0AW         224 228       LZ0FD         214 244      
QSO:  3522 CW 2017-08-19 1011 LZ0AW         225 214       LZ0DL         210 121      
QSO:  3522 CW 2017-08-19 1012 LZ0AW         226 210       LZ0DP         201 211      
QSO:  3522 CW 2017-08-19 1012 LZ0AW         227 201       LZ0FF         220 231      
QSO:  3522 CW 2017-08-19 1013 LZ0AW         228 220       LZ0DW         230 238      
QSO:  3522 CW 2017-08-19 1014 LZ0AW         229 230       LZ0FC         203 213      
QSO:  3522 CW 2017-08-19 1014 LZ0AW         230 203       LZ0AT         244 112      
QSO:  3522 CW 2017-08-19 1015 LZ0AW         231 244       LZ0AF         218 178      
QSO:  3522 CW 2017-08-19 1016 LZ0AW         232 218       LZ0AC         140 226      
QSO:  3522 CW 2017-08-19 1016 LZ0AW         233 140       LZ0DK         137 129      
QSO:  3522 CW 2017-08-19 1016 LZ0AW         234 137       LZ0FG         227 005      
QSO:  3522 CW 2017-08-19 1017 LZ0AW         235 227       LZ0AR         211 207      
QSO:  3522 CW 2017-08-19 1017 LZ0AW         236 211       LZ0AN         244 244      
QSO:  3522 CW 2017-08-19 1018 LZ0AW         237 244       LZ0FY         218 219      
QSO:  3522 CW 2017-08-19 1018 LZ0AW         238 218       LZ0DN         221 247      
QSO:  3522 CW 2017-08-19 1019 LZ0AW         239 221       LZ0FA         214 246      
QSO:  3522 CW 2017-08-19 1019 LZ0AW         240 214       LZ0AG         232 221      
QSO:  3522 CW 2017-08-19 1019 LZ0AW         241 232       LZ0DC         258 209      
QSO:  3522 CW 2017-08-19 1023 LZ0AW         242 258       LZ0DV         240 232      
QSO:  3522 CW 2017-08-19 1026 LZ0AW         243 240       LZ0AL         209 238      
QSO:  3522 CW 2017-08-19 1026 LZ0AW         244 209       LZ0FK         016 228      
QSO:  3522 CW 2017-08-19 1026 LZ0AW         245 016       LZ0AK         225 123      
QSO:  3522 CW 2017-08-19 1027 LZ0AW         246 225       LZ0DF         213 149      
QSO:  3522 CW 2017-08-19 1027 LZ0AW         247 213       LZ0FX         176 150      
QSO:  3522 CW 2017-08-19 1027 LZ0AW         248 176       LZ0FJ         256 218      
QSO:  3522 CW 2017-08-19 1028 LZ0AW         249 256       LZ0DR         199 242      
QSO:  3522 CW 2017-08-19 1028 LZ0AW         250 199       LZ0DU         141 228      
QSO:  3522 CW 2017-08-19 1030 LZ0AW         251 141       LZ0AJ         262 247      
QSO:  3522 CW 2017-08-19 1031 LZ0AW         252 262       LZ0AX         217 142      
QSO:  3522 CW 2017-08-19 1033 LZ0AW         253 217       LZ0DX         144 224      
QSO:  3522 CW 2017-08-19 1034 LZ0AW         254 144       LZ0AV         238 145      
QSO:  3522 CW 2017-08-19 1037 LZ0AW         255 238       LZ0AM         269 224      
QSO:  3522 CW 2017-08-19 1037 LZ0AW         256 269       LZ0AY         232 273      
QSO:  3522 CW 2017-08-19 1038 LZ0AW         257 232       LZ0DA         260 270      
QSO:  3522 CW 2017-08-19 1039 LZ0AW         258 260       LZ0DY         265 255      
QSO:  3522 CW 2017-08-19 1039 LZ0AW         259 265       LZ0DJ         257 129      
QSO:  3522 CW 2017-08-19 1039 LZ0AW         260 257       LZ0AA         228 235      
QSO:  3522 CW 2017-08-19 1040 LZ0AW         261 228       LZ0DZ         271 276      
QSO:  3522 CW 2017-08-19 1041 LZ0AW         262 271       LZ0DG         265 261      
QSO:  3522 CW 2017-08-19 1042 LZ0AW         263 265       LZ0FD         253 257      
QSO:  3522 CW 2017-08-19 1042 LZ0AW         264 253       LZ0DL         246 162      
QSO:  3522 CW 2017-08-19 1042 LZ0AW         265 246       LZ0DP         240 230      
QSO:  3522 CW 2017-08-19 1043 LZ0AW         266 240       LZ0AD         169 263      
QSO:  3522 CW 2017-08-19 1044 LZ0AW         267 169       LZ0DW         268 275      
QSO:  3522 CW 2017-08-19 1045 LZ0AW         268 268       LZ0AT         282 232      
QSO:  3522 CW 2017-08-19 1046 LZ0AW         269 282       LZ0AF         257 194      
QSO:  3522 CW 2017-08-19 1046 LZ0AW         270 257       LZ0FC         241 278      
QSO:  3522 CW 2017-08-19 1047 LZ0AW         271 241       LZ0FG         265 236      
QSO:  3522 CW 2017-08-19 1047 LZ0AW         272 265       LZ0AR         251 280      
QSO:  3522 CW 2017-08-19 1047 LZ0AW         273 251       LZ0DD         206 288      
QSO:  3522 CW 2017-08-19 1048 LZ0AW         274 206       LZ0AN         281 281      
QSO:  3522 CW 2017-08-19 1048 LZ0AW         275 281       LZ0FY         255 256      
QSO:  3522 CW 2017-08-19 1049 LZ0AW         276 255       LZ0FF         265 249      
QSO:  3522 CW 2017-08-19 1049 LZ0AW         277 265       LZ0DK         171 164      
QSO:  3522 CW 2017-08-19 1050 LZ0AW         278 171       LZ0AG         272 284      
QSO:  3522 CW 2017-08-19 1050 LZ0AW         279 272       LZ0DC         296 242      
QSO:  3522 CW 2017-08-19 1051 LZ0AW         280 296       LZ0DN         255 263      
QSO:  3522 CW 2017-08-19 1053 LZ0AW         281 255       LZ0AN         287 259      
QSO:  3522 CW 2017-08-19 1054 LZ0AW         282 287       LZ0DV         279 269      
QSO:  3522 CW 2017-08-19 1056 LZ0AW         283 279       LZ0FA         258 256      
QSO:  3522 CW 2017-08-19 1056 LZ0AW         284 258       LZ0AK         265 272      
QSO:  3522 CW 2017-08-19 1057 LZ0AW         285 265       LZ0AL         244 301      
QSO:  3522 CW 2017-08-19 1058 LZ0AW         286 244       LZ0FJ         300 251      
END-OF-LOG:
