START-OF-LOG: 2.0 
CALLSIGN: LZ0AY
CLUB: Бургас 
CONTEST: LZ-OPEN-DOMESTIC
CATEGORY: SINGLE-OP 80M LOW CW
CLAIMED-SCORE: 259
OPERATORS: LZ0AY
NAME: Кольо Колев LZ1QZ
ADDRESS: po box 8
ADDRESS: Burgas,  8008
ADDRESS: BULGARIA
CREATED-BY: N1MM Logger+ 1.0.6666.0
QSO:  3522 CW 2017-08-19 0700 LZ0AY         001 000       LZ0AW         001 000      
QSO:  3526 CW 2017-08-19 0702 LZ0AY         002 001       LZ0FJ         003 003      
QSO:  3530 CW 2017-08-19 0703 LZ0AY         003 003       LZ0DV         004 004      
QSO:  3533 CW 2017-08-19 0704 LZ0AY         004 004       LZ0AJ         007 006      
QSO:  3540 CW 2017-08-19 0706 LZ0AY         005 007       LZ0DM         004 009      
QSO:  3545 CW 2017-08-19 0707 LZ0AY         006 004       LZ0FY         006 004      
QSO:  3550 CW 2017-08-19 0708 LZ0AY         007 006       LZ0DT         012 014      
QSO:  3552 CW 2017-08-19 0708 LZ0AY         008 012       LZ0AK         011 016      
QSO:  3554 CW 2017-08-19 0709 LZ0AY         009 011       LZ0AU         010 014      
QSO:  3557 CW 2017-08-19 0711 LZ0AY         010 010       LZ0FC         002 016      
QSO:  3559 CW 2017-08-19 0712 LZ0AY         011 002       LZ0DA         017 016      
QSO:  3559 CW 2017-08-19 0713 LZ0AY         012 017       LZ0DF         015 005      
QSO:  3559 CW 2017-08-19 0714 LZ0AY         013 015       LZ0AG         018 007      
QSO:  3559 CW 2017-08-19 0714 LZ0AY         014 018       LZ0DJ         020 013      
QSO:  3559 CW 2017-08-19 0715 LZ0AY         015 020       LZ0DN         016 012      
QSO:  3559 CW 2017-08-19 0715 LZ0AY         016 016       LZ0DW         022 008      
QSO:  3559 CW 2017-08-19 0716 LZ0AY         017 022       LZ0AN         023 008      
QSO:  3559 CW 2017-08-19 0716 LZ0AY         018 023       LZ0AM         025 018      
QSO:  3559 CW 2017-08-19 0717 LZ0AY         019 025       LZ0DC         031 017      
QSO:  3559 CW 2017-08-19 0717 LZ0AY         020 031       LZ0AF         020 013      
QSO:  3559 CW 2017-08-19 0718 LZ0AY         021 020       LZ0DR         017 009      
QSO:  3559 CW 2017-08-19 0718 LZ0AY         022 017       LZ0FG         026 016      
QSO:  3559 CW 2017-08-19 0719 LZ0AY         023 026       LZ0DG         031 017      
QSO:  3559 CW 2017-08-19 0719 LZ0AY         024 031       LZ0DX         015 014      
QSO:  3559 CW 2017-08-19 0720 LZ0AY         025 015       LZ0DY         029 020      
QSO:  3559 CW 2017-08-19 0720 LZ0AY         026 029       LZ0FF         029 019      
QSO:  3559 CW 2017-08-19 0721 LZ0AY         027 029       LZ0FA         025 021      
QSO:  3559 CW 2017-08-19 0725 LZ0AY         028 025       LZ0AT         036 019      
QSO:  3559 CW 2017-08-19 0725 LZ0AY         029 036       LZ0FX         020 024      
QSO:  3559 CW 2017-08-19 0726 LZ0AY         030 020       LZ0AX         029 024      
QSO:  3559 CW 2017-08-19 0726 LZ0AY         031 029       LZ0AD         034 026      
QSO:  3537 CW 2017-08-19 0728 LZ0AY         032 034       LZ0AP         031 039      
QSO:  3532 CW 2017-08-19 0729 LZ0AY         033 031       LZ0AA         019 031      
QSO:  3522 CW 2017-08-19 0730 LZ0AY         034 019       LZ0AW         034 031      
QSO:  3514 CW 2017-08-19 0731 LZ0AY         035 034       LZ0AR         030 031      
QSO:  3526 CW 2017-08-19 0732 LZ0AY         036 030       LZ0FJ         038 039      
QSO:  3530 CW 2017-08-19 0733 LZ0AY         037 038       LZ0DV         038 032      
QSO:  3533 CW 2017-08-19 0734 LZ0AY         038 038       LZ0AJ         041 042      
QSO:  3540 CW 2017-08-19 0737 LZ0AY         039 041       LZ0DM         037 046      
QSO:  3545 CW 2017-08-19 0738 LZ0AY         040 037       LZ0FY         040 050      
QSO:  3550 CW 2017-08-19 0738 LZ0AY         041 040       LZ0DT         045 043      
QSO:  3559 CW 2017-08-19 0739 LZ0AY         042 045       LZ0AC         041 039      
QSO:  3559 CW 2017-08-19 0740 LZ0AY         043 041       LZ0AL         041 049      
QSO:  3557 CW 2017-08-19 0741 LZ0AY         044 041       LZ0FC         032 043      
QSO:  3559 CW 2017-08-19 0743 LZ0AY         045 032       LZ0DA         050 42       
QSO:  3559 CW 2017-08-19 0743 LZ0AY         046 050       LZ0AK         042 066      
QSO:  3559 CW 2017-08-19 0744 LZ0AY         047 042       LZ0AG         050 035      
QSO:  3559 CW 2017-08-19 0746 LZ0AY         048 050       LZ0AN         060 047      
QSO:  3559 CW 2017-08-19 0746 LZ0AY         049 060       LZ0DN         050 053      
QSO:  3559 CW 2017-08-19 0746 LZ0AY         050 050       LZ0DJ         052 037      
QSO:  3559 CW 2017-08-19 0747 LZ0AY         051 052       LZ0DW         056 053      
QSO:  3559 CW 2017-08-19 0747 LZ0AY         052 056       LZ0DP         046 038      
QSO:  3559 CW 2017-08-19 0748 LZ0AY         053 046       LZ0DC         071 028      
QSO:  3559 CW 2017-08-19 0748 LZ0AY         054 071       LZ0AF         051 058      
QSO:  3559 CW 2017-08-19 0749 LZ0AY         055 051       LZ0DR         050 061      
QSO:  3559 CW 2017-08-19 0749 LZ0AY         056 050       LZ0FG         058 057      
QSO:  3559 CW 2017-08-19 0750 LZ0AY         057 058       LZ0DG         073 044      
QSO:  3559 CW 2017-08-19 0751 LZ0AY         058 073       LZ0DL         068 046      
QSO:  3559 CW 2017-08-19 0754 LZ0AY         059 068       LZ0DY         067 063      
QSO:  3559 CW 2017-08-19 0754 LZ0AY         060 067       LZ0DX         037 050      
QSO:  3559 CW 2017-08-19 0755 LZ0AY         061 037       LZ0AT         075 054      
QSO:  3559 CW 2017-08-19 0756 LZ0AY         062 075       LZ0AX         061 052      
QSO:  3559 CW 2017-08-19 0758 LZ0AY         063 061       LZ0FF         064 062      
QSO:  3522 CW 2017-08-19 0801 LZ0AY         064 064       LZ0AW         068 071      
QSO:  3509 CW 2017-08-19 0802 LZ0AY         065 068       LZ0FX         041 062      
QSO:  3514 CW 2017-08-19 0802 LZ0AY         066 041       LZ0AR         066 066      
QSO:  3526 CW 2017-08-19 0803 LZ0AY         067 066       LZ0FJ         068 073      
QSO:  3537 CW 2017-08-19 0805 LZ0AY         068 068       LZ0AP         068 086      
QSO:  3533 CW 2017-08-19 0806 LZ0AY         069 068       LZ0AJ         079 020      
QSO:  3530 CW 2017-08-19 0807 LZ0AY         070 079       LZ0DV         075 072      
QSO:  3532 CW 2017-08-19 0807 LZ0AY         071 075       LZ0AA         066 072      
QSO:  3540 CW 2017-08-19 0808 LZ0AY         072 066       LZ0DM         075 077      
QSO:  3550 CW 2017-08-19 0810 LZ0AY         073 075       LZ0DT         074 074      
QSO:  3559 CW 2017-08-19 0811 LZ0AY         074 074       LZ0AC         075 077      
QSO:  3559 CW 2017-08-19 0812 LZ0AY         075 075       LZ0DF         080 080      
QSO:  3559 CW 2017-08-19 0813 LZ0AY         076 080       LZ0DA         084 080      
QSO:  3559 CW 2017-08-19 0813 LZ0AY         077 084       LZ0AL         079 089      
QSO:  3545 CW 2017-08-19 0814 LZ0AY         078 079       LZ0FY         077 106      
QSO:  3559 CW 2017-08-19 0815 LZ0AY         079 077       LZ0AG         089 068      
QSO:  3559 CW 2017-08-19 0816 LZ0AY         080 089       LZ0AM         092 069      
QSO:  3559 CW 2017-08-19 0816 LZ0AY         081 092       LZ0DW         093 086      
QSO:  3559 CW 2017-08-19 0816 LZ0AY         082 093       LZ0DJ         091 070      
QSO:  3559 CW 2017-08-19 0817 LZ0AY         083 091       LZ0DN         082 080      
QSO:  3559 CW 2017-08-19 0817 LZ0AY         084 082       LZ0AN         097 077      
QSO:  3559 CW 2017-08-19 0818 LZ0AY         085 097       LZ0DP         082 072      
QSO:  3559 CW 2017-08-19 0819 LZ0AY         086 082       LZ0AF         087 093      
QSO:  3559 CW 2017-08-19 0821 LZ0AY         087 087       LZ0DG         106 042      
QSO:  3559 CW 2017-08-19 0821 LZ0AY         088 106       LZ0FG         094 088      
QSO:  3534 CW 2017-08-19 0822 LZ0AY         089 094       LZ0DC         112 107      
QSO:  3559 CW 2017-08-19 0824 LZ0AY         090 112       LZ0DK         057 091      
QSO:  3559 CW 2017-08-19 0825 LZ0AY         091 057       LZ0AT         109 084      
QSO:  3559 CW 2017-08-19 0826 LZ0AY         092 109       LZ0DZ         104 113      
QSO:  3559 CW 2017-08-19 0826 LZ0AY         093 104       LZ0AX         094 088      
QSO:  3557 CW 2017-08-19 0827 LZ0AY         094 094       LZ0FC         085 095      
QSO:  3559 CW 2017-08-19 0830 LZ0AY         095 085       LZ0FF         098 096      
QSO:  3559 CW 2017-08-19 0831 LZ0AY         096 098       LZ0DY         109 099      
QSO:  3559 CW 2017-08-19 0832 LZ0AY         097 109       LZ0AU         050 099      
QSO:  3514 CW 2017-08-19 0833 LZ0AY         098 050       LZ0AR         098 099      
QSO:  3526 CW 2017-08-19 0834 LZ0AY         099 098       LZ0FJ         116 100      
QSO:  3522 CW 2017-08-19 0834 LZ0AY         100 116       LZ0AW         109 095      
QSO:  3530 CW 2017-08-19 0838 LZ0AY         101 109       LZ0DL         117 106      
QSO:  3532 CW 2017-08-19 0838 LZ0AY         102 117       LZ0AA         096 118      
QSO:  3533 CW 2017-08-19 0840 LZ0AY         103 096       LZ0AJ         119 102      
QSO:  3559 CW 2017-08-19 0841 LZ0AY         104 119       LZ0DR         100 104      
QSO:  3559 CW 2017-08-19 0843 LZ0AY         105 100       LZ0DA         120 108      
QSO:  3559 CW 2017-08-19 0844 LZ0AY         106 120       LZ0FX         079 106      
QSO:  3559 CW 2017-08-19 0844 LZ0AY         107 079       LZ0AL         107 125      
QSO:  3559 CW 2017-08-19 0845 LZ0AY         108 107       LZ0DF         113 114      
QSO:  3530 CW 2017-08-19 0846 LZ0AY         109 113       LZ0AD         084 110      
QSO:  3559 CW 2017-08-19 0847 LZ0AY         110 084       LZ0DV         119 117      
QSO:  3559 CW 2017-08-19 0847 LZ0AY         111 119       LZ0AM         128 135      
QSO:  3559 CW 2017-08-19 0848 LZ0AY         112 128       LZ0DJ         126 111      
QSO:  3559 CW 2017-08-19 0848 LZ0AY         113 126       LZ0AN         131 124      
QSO:  3559 CW 2017-08-19 0848 LZ0AY         114 131       LZ0DW         130 110      
QSO:  3559 CW 2017-08-19 0849 LZ0AY         115 130       LZ0DP         111 104      
QSO:  3559 CW 2017-08-19 0849 LZ0AY         116 111       LZ0AF         121 126      
QSO:  3559 CW 2017-08-19 0850 LZ0AY         117 121       LZ0AG         125 125      
QSO:  3559 CW 2017-08-19 0851 LZ0AY         118 125       LZ0DN         120 113      
QSO:  3559 CW 2017-08-19 0851 LZ0AY         119 120       LZ0FG         127 116      
QSO:  3559 CW 2017-08-19 0852 LZ0AY         120 127       LZ0AK         115 128      
QSO:  3559 CW 2017-08-19 0853 LZ0AY         121 115       LZ0DC         148 057      
QSO:  3550 CW 2017-08-19 0855 LZ0AY         122 148       LZ0DT         121 134      
QSO:  3559 CW 2017-08-19 0855 LZ0AY         123 121       LZ0FY         118 052      
QSO:  3537 CW 2017-08-19 0857 LZ0AY         124 118       LZ0AP         120 120      
QSO:  3557 CW 2017-08-19 0857 LZ0AY         125 120       LZ0FC         115 130      
QSO:  3559 CW 2017-08-19 0859 LZ0AY         126 115       LZ0DG         143 134      
QSO:  3559 CW 2017-08-19 0900 LZ0AY         127 143       LZ0FF         135 142      
QSO:  3559 CW 2017-08-19 0900 LZ0AY         128 135       LZ0DU         057 145      
QSO:  3559 CW 2017-08-19 0901 LZ0AY         129 057       LZ0DZ         146 070      
QSO:  3559 CW 2017-08-19 0903 LZ0AY         130 146       LZ0DY         145 125      
QSO:  3559 CW 2017-08-19 0903 LZ0AY         131 145       LZ0AX         132 129      
QSO:  3559 CW 2017-08-19 0903 LZ0AY         132 132       LZ0AT         156 131      
QSO:  3514 CW 2017-08-19 0905 LZ0AY         133 156       LZ0AR         130 121      
QSO:  3522 CW 2017-08-19 0905 LZ0AY         134 130       LZ0AW         147 151      
QSO:  3526 CW 2017-08-19 0905 LZ0AY         135 147       LZ0FJ         152 136      
QSO:  3540 CW 2017-08-19 0907 LZ0AY         136 152       LZ0DM         138 150      
QSO:  3532 CW 2017-08-19 0909 LZ0AY         137 138       LZ0AA         130 140      
QSO:  3533 CW 2017-08-19 0911 LZ0AY         138 130       LZ0AJ         159 143      
QSO:  3559 CW 2017-08-19 0912 LZ0AY         139 159       LZ0DR         134 142      
QSO:  3559 CW 2017-08-19 0913 LZ0AY         140 134       LZ0DA         157 136      
QSO:  3559 CW 2017-08-19 0915 LZ0AY         141 157       LZ0AL         138 175      
QSO:  3559 CW 2017-08-19 0916 LZ0AY         142 138       LZ0DK         105 133      
QSO:  3559 CW 2017-08-19 0917 LZ0AY         143 105       LZ0DF         143 153      
QSO:  3559 CW 2017-08-19 0917 LZ0AY         144 143       LZ0FX         109 154      
QSO:  3559 CW 2017-08-19 0918 LZ0AY         145 109       LZ0AM         168 142      
QSO:  3559 CW 2017-08-19 0918 LZ0AY         146 168       LZ0DV         157 143      
QSO:  3559 CW 2017-08-19 0919 LZ0AY         147 157       LZ0DW         170 140      
QSO:  3559 CW 2017-08-19 0919 LZ0AY         148 170       LZ0DJ         165 137      
QSO:  3559 CW 2017-08-19 0920 LZ0AY         149 165       LZ0AF         159 164      
QSO:  3559 CW 2017-08-19 0920 LZ0AY         150 159       LZ0DP         146 157      
QSO:  3559 CW 2017-08-19 0920 LZ0AY         151 146       LZ0AN         171 151      
QSO:  3559 CW 2017-08-19 0921 LZ0AY         152 171       LZ0AG         164 158      
QSO:  3559 CW 2017-08-19 0923 LZ0AY         153 164       LZ0FG         166 144      
QSO:  3559 CW 2017-08-19 0924 LZ0AY         154 166       LZ0AK         152 168      
QSO:  3559 CW 2017-08-19 0924 LZ0AY         155 152       LZ0DC         188 176      
QSO:  3559 CW 2017-08-19 0925 LZ0AY         156 188       LZ0FY         156 065      
QSO:  3550 CW 2017-08-19 0927 LZ0AY         157 156       LZ0AU         096 157      
QSO:  3557 CW 2017-08-19 0928 LZ0AY         158 096       LZ0FC         149 176      
QSO:  3559 CW 2017-08-19 0929 LZ0AY         159 149       LZ0AD         102 168      
QSO:  3559 CW 2017-08-19 0929 LZ0AY         160 102       LZ0DX         086 153      
QSO:  3559 CW 2017-08-19 0932 LZ0AY         161 086       LZ0DN         168 167      
QSO:  3559 CW 2017-08-19 0932 LZ0AY         162 168       LZ0DG         182 155      
QSO:  3559 CW 2017-08-19 0933 LZ0AY         163 182       LZ0AT         193 175      
QSO:  3520 CW 2017-08-19 0934 LZ0AY         164 193       LZ0FF         177 167      
QSO:  3522 CW 2017-08-19 0935 LZ0AY         165 177       LZ0AW         185 188      
QSO:  3514 CW 2017-08-19 0936 LZ0AY         166 185       LZ0AR         169 172      
QSO:  3526 CW 2017-08-19 0936 LZ0AY         167 169       LZ0FJ         190 170      
QSO:  3540 CW 2017-08-19 0938 LZ0AY         168 190       LZ0DM         171 174      
QSO:  3537 CW 2017-08-19 0938 LZ0AY         169 171       LZ0AP         162 166      
QSO:  3559 CW 2017-08-19 0939 LZ0AY         170 162       LZ0DZ         197 185      
QSO:  3532 CW 2017-08-19 0941 LZ0AY         171 197       LZ0AA         166 168      
QSO:  3533 CW 2017-08-19 0942 LZ0AY         172 166       LZ0AJ         197 182      
QSO:  3559 CW 2017-08-19 0943 LZ0AY         173 197       LZ0DA         193 174      
QSO:  3559 CW 2017-08-19 0944 LZ0AY         174 193       LZ0DY         197 183      
QSO:  3559 CW 2017-08-19 0945 LZ0AY         175 197       LZ0DU         105 171      
QSO:  3559 CW 2017-08-19 0946 LZ0AY         176 105       LZ0DR         167 098      
QSO:  3559 CW 2017-08-19 0949 LZ0AY         177 167       LZ0DW         206 170      
QSO:  3559 CW 2017-08-19 0949 LZ0AY         178 206       LZ0AM         210 174      
QSO:  3559 CW 2017-08-19 0949 LZ0AY         179 210       LZ0DJ         201 171      
QSO:  3559 CW 2017-08-19 0950 LZ0AY         180 201       LZ0DV         196 176      
QSO:  3559 CW 2017-08-19 0950 LZ0AY         181 196       LZ0AL         177 188      
QSO:  3559 CW 2017-08-19 0951 LZ0AY         182 177       LZ0DP         182 189      
QSO:  3559 CW 2017-08-19 0951 LZ0AY         183 182       LZ0AX         180 222      
QSO:  3559 CW 2017-08-19 0953 LZ0AY         184 180       LZ0AN         212 180      
QSO:  3559 CW 2017-08-19 0954 LZ0AY         185 212       LZ0FG         204 177      
QSO:  3559 CW 2017-08-19 0954 LZ0AY         186 204       LZ0AF         195 226      
QSO:  3559 CW 2017-08-19 0954 LZ0AY         187 195       LZ0FA         184 211      
QSO:  3559 CW 2017-08-19 0955 LZ0AY         188 184       LZ0AK         191 194      
QSO:  3559 CW 2017-08-19 0955 LZ0AY         189 191       LZ0AG         203 196      
QSO:  3559 CW 2017-08-19 0956 LZ0AY         190 203       LZ0FY         194 085      
QSO:  3559 CW 2017-08-19 0956 LZ0AY         191 194       LZ0DC         229 203      
QSO:  3559 CW 2017-08-19 0957 LZ0AY         192 229       LZ0DF         184 180      
QSO:  3559 CW 2017-08-19 0957 LZ0AY         193 184       LZ0DL         198 210      
QSO:  3559 CW 2017-08-19 0958 LZ0AY         194 198       LZ0FX         146 200      
QSO:  3557 CW 2017-08-19 0959 LZ0AY         195 146       LZ0FC         186 113      
QSO:  3559 CW 2017-08-19 1002 LZ0AY         196 186       LZ0DN         200 194      
QSO:  3559 CW 2017-08-19 1004 LZ0AY         197 200       LZ0FF         211 230      
QSO:  3559 CW 2017-08-19 1005 LZ0AY         198 211       LZ0AT         231 210      
QSO:  3559 CW 2017-08-19 1005 LZ0AY         199 231       LZ0DG         215 194      
QSO:  3522 CW 2017-08-19 1006 LZ0AY         200 215       LZ0AW         218 229      
QSO:  3559 CW 2017-08-19 1009 LZ0AY         201 218       LZ0AD         136 196      
QSO:  3559 CW 2017-08-19 1010 LZ0AY         202 136       LZ0DZ         235 219      
QSO:  3514 CW 2017-08-19 1010 LZ0AY         203 235       LZ0AR         206 196      
QSO:  3540 CW 2017-08-19 1011 LZ0AY         204 206       LZ0DM         210 208      
QSO:  3559 CW 2017-08-19 1011 LZ0AY         205 210       LZ0AA         191 101      
QSO:  3526 CW 2017-08-19 1012 LZ0AY         206 191       LZ0FJ         238 211      
QSO:  3533 CW 2017-08-19 1013 LZ0AY         207 238       LZ0AJ         238 214      
QSO:  3537 CW 2017-08-19 1014 LZ0AY         208 238       LZ0AP         202 214      
QSO:  3559 CW 2017-08-19 1016 LZ0AY         209 202       LZ0DA         236 214      
QSO:  3559 CW 2017-08-19 1016 LZ0AY         210 236       LZ0DY         236 216      
QSO:  3559 CW 2017-08-19 1016 LZ0AY         211 236       LZ0DX         132 203      
QSO:  3559 CW 2017-08-19 1019 LZ0AY         212 132       LZ0DW         240 206      
QSO:  3559 CW 2017-08-19 1020 LZ0AY         213 240       LZ0DV         235 215      
QSO:  3559 CW 2017-08-19 1020 LZ0AY         214 235       LZ0DJ         241 209      
QSO:  3559 CW 2017-08-19 1021 LZ0AY         215 241       LZ0DU         134 238      
QSO:  3559 CW 2017-08-19 1021 LZ0AY         216 134       LZ0AL         207 253      
QSO:  3559 CW 2017-08-19 1022 LZ0AY         217 207       LZ0DP         217 221      
QSO:  3559 CW 2017-08-19 1024 LZ0AY         218 217       LZ0AF         230 266      
QSO:  3559 CW 2017-08-19 1025 LZ0AY         219 230       LZ0AM         251 215      
QSO:  3559 CW 2017-08-19 1025 LZ0AY         220 251       LZ0FA         222 207      
QSO:  3559 CW 2017-08-19 1026 LZ0AY         221 222       LZ0AG         245 232      
QSO:  3559 CW 2017-08-19 1026 LZ0AY         222 245       LZ0AN         255 218      
QSO:  3559 CW 2017-08-19 1027 LZ0AY         223 255       LZ0FY         231 252      
QSO:  3550 CW 2017-08-19 1028 LZ0AY         224 231       LZ0AU         124 224      
QSO:  3559 CW 2017-08-19 1029 LZ0AY         225 124       LZ0DL         231 229      
QSO:  3559 CW 2017-08-19 1030 LZ0AY         226 231       LZ0AX         215 221      
QSO:  3557 CW 2017-08-19 1031 LZ0AY         227 215       LZ0FC         222 214      
QSO:  3534 CW 2017-08-19 1033 LZ0AY         228 222       LZ0DC         273 268      
QSO:  3559 CW 2017-08-19 1034 LZ0AY         229 273       LZ0FF         250 254      
QSO:  3559 CW 2017-08-19 1035 LZ0AY         230 250       LZ0DG         257 228      
QSO:  3559 CW 2017-08-19 1036 LZ0AY         231 257       LZ0AT         273 233      
QSO:  3522 CW 2017-08-19 1037 LZ0AY         232 273       LZ0AW         256 269      
QSO:  3559 CW 2017-08-19 1039 LZ0AY         233 256       LZ0DK         160 231      
QSO:  3559 CW 2017-08-19 1040 LZ0AY         234 160       LZ0AK         243 273      
QSO:  3559 CW 2017-08-19 1041 LZ0AY         235 243       LZ0DN         246 276      
QSO:  3514 CW 2017-08-19 1042 LZ0AY         236 246       LZ0AR         247 045      
QSO:  3540 CW 2017-08-19 1044 LZ0AY         237 247       LZ0DM         245 260      
QSO:  3537 CW 2017-08-19 1044 LZ0AY         238 245       LZ0AP         235 255      
QSO:  3533 CW 2017-08-19 1045 LZ0AY         239 235       LZ0AJ         281 263      
QSO:  3559 CW 2017-08-19 1046 LZ0AY         240 281       LZ0DA         273 249      
QSO:  3559 CW 2017-08-19 1047 LZ0AY         241 273       LZ0DX         162 247      
QSO:  3559 CW 2017-08-19 1047 LZ0AY         242 162       LZ0AA         232 276      
QSO:  3526 CW 2017-08-19 1050 LZ0AY         243 232       LZ0FJ         285 271      
QSO:  3559 CW 2017-08-19 1050 LZ0AY         244 285       LZ0DW         277 287      
QSO:  3559 CW 2017-08-19 1051 LZ0AY         245 277       LZ0DF         246 240      
QSO:  3559 CW 2017-08-19 1051 LZ0AY         246 246       LZ0DV         274 232      
QSO:  3559 CW 2017-08-19 1052 LZ0AY         247 274       LZ0AL         237 173      
QSO:  3559 CW 2017-08-19 1052 LZ0AY         248 237       LZ0DJ         280 222      
QSO:  3559 CW 2017-08-19 1052 LZ0AY         249 280       LZ0DY         282 201      
QSO:  3559 CW 2017-08-19 1053 LZ0AY         250 282       LZ0DP         258 259      
QSO:  3559 CW 2017-08-19 1053 LZ0AY         251 258       LZ0FG         274 290      
QSO:  3559 CW 2017-08-19 1054 LZ0AY         252 274       LZ0FK         042 250      
QSO:  3559 CW 2017-08-19 1054 LZ0AY         253 042       LZ0AF         269 270      
QSO:  3559 CW 2017-08-19 1056 LZ0AY         254 269       LZ0AG         285 263      
QSO:  3559 CW 2017-08-19 1057 LZ0AY         255 285       LZ0AM         293 251      
QSO:  3559 CW 2017-08-19 1057 LZ0AY         256 293       LZ0AN         294 265      
QSO:  3559 CW 2017-08-19 1058 LZ0AY         257 294       LZ0FA         262 282      
QSO:  3559 CW 2017-08-19 1059 LZ0AY         258 262       LZ0FY         273 172      
QSO:  3559 CW 2017-08-19 1059 LZ0AY         259 273       LZ0DL         269 174      
QSO:  3559 CW 2017-08-19 1059 LZ0AY         260 269       LZ0AX         245 258      
END-OF-LOG:
