START-OF-LOG: 3.0
CREATED-BY: DXLog.net v2.3.14
CONTEST: LZ-HF-FIELD
CALLSIGN: LZ0AX
CATEGORY-OPERATOR: SINGLE-OP
CATEGORY-TRANSMITTER: ONE
CATEGORY-ASSISTED: NON-ASSISTED
CATEGORY-POWER: LOW
CATEGORY-BAND: 80M
CATEGORY-MODE: CW
CLAIMED-SCORE: 490
CLUB: Ukraine
NAME: Дмитро Павлик UZ5DX
ADDRESS: box 14
ADDRESS: Uzhgorod-18
ADDRESS: 88018 Ukraine
OPERATORS: 
SOAPBOX: 
QSO:  3511 CW  2017-08-19 0700 LZ0AX         001 000 LZ0DY         001 000 
QSO:  3531 CW  2017-08-19 0701 LZ0AX         002 001 LZ0AG         001 000 
QSO:  3531 CW  2017-08-19 0701 LZ0AX         003 001 LZ0DX         001 000 
QSO:  3531 CW  2017-08-19 0704 LZ0AX         004 001 LZ0DG         011 003 
QSO:  3531 CW  2017-08-19 0705 LZ0AX         005 011 LZ0AA         007 007 
QSO:  3531 CW  2017-08-19 0706 LZ0AX         006 007 LZ0DC         011 006 
QSO:  3531 CW  2017-08-19 0707 LZ0AX         007 011 LZ0DM         007 011 
QSO:  3544 CW  2017-08-19 0709 LZ0AX         008 007 LZ0AT         017 009 
QSO:  3544 CW  2017-08-19 0710 LZ0AX         009 017 LZ0DF         011 009 
QSO:  3544 CW  2017-08-19 0710 LZ0AX         010 011 LZ0DA         014 013 
QSO:  3544 CW  2017-08-19 0711 LZ0AX         011 014 LZ0FJ         015 010 
QSO:  3544 CW  2017-08-19 0712 LZ0AX         012 015 LZ0DN         015 019 
QSO:  3544 CW  2017-08-19 0713 LZ0AX         013 015 LZ0DJ         019 021 
QSO:  3544 CW  2017-08-19 0713 LZ0AX         014 019 LZ0AL         013 022 
QSO:  3544 CW  2017-08-19 0714 LZ0AX         015 013 LZ0AF         017 019 
QSO:  3544 CW  2017-08-19 0714 LZ0AX         016 017 LZ0DL         024 021 
QSO:  3544 CW  2017-08-19 0715 LZ0AX         017 024 LZ0FY         017 021 
QSO:  3545 CW  2017-08-19 0716 LZ0AX         018 017 LZ0AM         024 007 
QSO:  3545 CW  2017-08-19 0716 LZ0AX         019 024 LZ0DT         024 017 
QSO:  3545 CW  2017-08-19 0717 LZ0AX         020 024 LZ0FF         026 005 
QSO:  3545 CW  2017-08-19 0718 LZ0AX         021 026 LZ0AN         026 016 
QSO:  3545 CW  2017-08-19 0718 LZ0AX         022 026 LZ0FA         022 019 
QSO:  3545 CW  2017-08-19 0720 LZ0AX         023 022 LZ0DR         019 022 
QSO:  3545 CW  2017-08-19 0721 LZ0AX         024 019 LZ0AJ         030 021 
QSO:  3545 CW  2017-08-19 0721 LZ0AX         025 030 LZ0DD         013 023 
QSO:  3521 CW  2017-08-19 0722 LZ0AX         026 013 LZ0AW         031 014 
QSO:  3536 CW  2017-08-19 0723 LZ0AX         027 031 LZ0AP         029 021 
QSO:  3556 CW  2017-08-19 0725 LZ0AX         028 029 LZ0FC         024 030 
QSO:  3559 CW  2017-08-19 0726 LZ0AX         029 024 LZ0AY         030 020 
QSO:  3514 CW  2017-08-19 0727 LZ0AX         030 030 LZ0AR         023 029 
QSO:  3537 CW  2017-08-19 0729 LZ0AX         031 023 LZ0DP         029 027 
QSO:  3537 CW  2017-08-19 0730 LZ0AX         032 029 LZ0FG         036 006 
QSO:  3547 CW  2017-08-19 0731 LZ0AX         033 036 LZ0AK         032 005 
QSO:  3552 CW  2017-08-19 0731 LZ0AX         034 032 LZ0AG         034 034 
QSO:  3516 CW  2017-08-19 0733 LZ0AX         035 034 LZ0AC         035 027 
QSO:  3510 CW  2017-08-19 0734 LZ0AX         036 035 LZ0DG         049 035 
QSO:  3531 CW  2017-08-19 0735 LZ0AX         037 049 LZ0AA         031 036 
QSO:  3534 CW  2017-08-19 0736 LZ0AX         038 031 LZ0DC         052 036 
QSO:  3540 CW  2017-08-19 0737 LZ0AX         039 052 LZ0DM         038 039 
QSO:  3544 CW  2017-08-19 0740 LZ0AX         040 038 LZ0AT         058 047 
QSO:  3526 CW  2017-08-19 0741 LZ0AX         041 058 LZ0FJ         050 025 
QSO:  3527 CW  2017-08-19 0744 LZ0AX         042 050 LZ0FD         049 053 
QSO:  3541 CW  2017-08-19 0744 LZ0AX         043 049 LZ0AF         048 051 
QSO:  3512 CW  2017-08-19 0745 LZ0AX         044 048 LZ0DF         047 043 
QSO:  3545 CW  2017-08-19 0746 LZ0AX         045 047 LZ0DA         054 047 
QSO:  3545 CW  2017-08-19 0746 LZ0AX         046 054 LZ0AM         055 048 
QSO:  3545 CW  2017-08-19 0746 LZ0AX         047 055 LZ0AL         049 064 
QSO:  3545 CW  2017-08-19 0746 LZ0AX         048 049 LZ0AD         054 052 
QSO:  3545 CW  2017-08-19 0747 LZ0AX         049 054 LZ0FY         048 053 
QSO:  3545 CW  2017-08-19 0747 LZ0AX         050 048 LZ0DN         052 056 
QSO:  3545 CW  2017-08-19 0748 LZ0AX         051 052 LZ0DL         065 052 
QSO:  3545 CW  2017-08-19 0748 LZ0AX         052 065 LZ0DW         058 054 
QSO:  3545 CW  2017-08-19 0749 LZ0AX         053 058 LZ0AN         063 056 
QSO:  3545 CW  2017-08-19 0750 LZ0AX         054 063 LZ0DR         051 055 
QSO:  3545 CW  2017-08-19 0750 LZ0AX         055 051 LZ0DX         033 067 
QSO:  3545 CW  2017-08-19 0751 LZ0AX         056 033 LZ0DV         060 060 
QSO:  3521 CW  2017-08-19 0752 LZ0AX         057 060 LZ0AW         066 022 
QSO:  3550 CW  2017-08-19 0752 LZ0AX         058 066 LZ0DT         066 034 
QSO:  3536 CW  2017-08-19 0753 LZ0AX         059 066 LZ0AP         060 063 
QSO:  3556 CW  2017-08-19 0755 LZ0AX         060 060 LZ0FC         052 066 
QSO:  3559 CW  2017-08-19 0756 LZ0AX         061 052 LZ0AY         062 075 
QSO:  3545 CW  2017-08-19 0757 LZ0AX         062 062 LZ0FF         063 062 
QSO:  3545 CW  2017-08-19 0757 LZ0AX         063 063 LZ0AJ         070 063 
QSO:  3545 CW  2017-08-19 0757 LZ0AX         064 070 LZ0DY         072 033 
QSO:  3514 CW  2017-08-19 0758 LZ0AX         065 072 LZ0AR         060 061 
QSO:  3545 CW  2017-08-19 0759 LZ0AX         066 060 LZ0DJ         066 066 
QSO:  3545 CW  2017-08-19 0759 LZ0AX         067 066 LZ0FA         059 056 
QSO:  3545 CW  2017-08-19 0801 LZ0AX         068 059 LZ0DD         048 073 
QSO:  3545 CW  2017-08-19 0801 LZ0AX         069 048 LZ0DK         044 076 
QSO:  3545 CW  2017-08-19 0801 LZ0AX         070 044 LZ0AG         070 067 
QSO:  3545 CW  2017-08-19 0801 LZ0AX         071 070 LZ0FG         071 063 
QSO:  3545 CW  2017-08-19 0802 LZ0AX         072 071 LZ0AK         067 075 
QSO:  3516 CW  2017-08-19 0804 LZ0AX         073 067 LZ0DZ         074 063 
QSO:  3510 CW  2017-08-19 0804 LZ0AX         074 074 LZ0DG         083 076 
QSO:  3532 CW  2017-08-19 0805 LZ0AX         075 083 LZ0AA         060 071 
QSO:  3534 CW  2017-08-19 0806 LZ0AX         076 060 LZ0DC         091 067 
QSO:  3540 CW  2017-08-19 0808 LZ0AX         077 091 LZ0DM         074 081 
QSO:  3526 CW  2017-08-19 0811 LZ0AX         078 074 LZ0FJ         087 072 
QSO:  3541 CW  2017-08-19 0814 LZ0AX         079 087 LZ0AF         079 080 
QSO:  3527 CW  2017-08-19 0814 LZ0AX         080 079 LZ0FD         084 084 
QSO:  3545 CW  2017-08-19 0816 LZ0AX         081 084 LZ0DA         089 087 
QSO:  3545 CW  2017-08-19 0816 LZ0AX         082 089 LZ0AM         093 080 
QSO:  3545 CW  2017-08-19 0817 LZ0AX         083 093 LZ0AC         081 020 
QSO:  3545 CW  2017-08-19 0818 LZ0AX         084 081 LZ0AL         084 095 
QSO:  3545 CW  2017-08-19 0818 LZ0AX         085 084 LZ0DN         084 062 
QSO:  3545 CW  2017-08-19 0819 LZ0AX         086 084 LZ0DW         094 081 
QSO:  3512 CW  2017-08-19 0819 LZ0AX         087 094 LZ0DF         090 099 
QSO:  3534 CW  2017-08-19 0820 LZ0AX         088 090 LZ0DR         083 098 
QSO:  3545 CW  2017-08-19 0822 LZ0AX         089 083 LZ0DV         090 084 
QSO:  3521 CW  2017-08-19 0822 LZ0AX         090 090 LZ0AW         103 067 
QSO:  3519 CW  2017-08-19 0823 LZ0AX         091 103 LZ0FX         057 101 
QSO:  3550 CW  2017-08-19 0825 LZ0AX         092 057 LZ0AU         046 098 
QSO:  3545 CW  2017-08-19 0826 LZ0AX         093 046 LZ0FY         088 092 
QSO:  3559 CW  2017-08-19 0826 LZ0AX         094 088 LZ0AY         093 104 
QSO:  3556 CW  2017-08-19 0827 LZ0AX         095 093 LZ0FC         084 093 
QSO:  3536 CW  2017-08-19 0828 LZ0AX         096 084 LZ0AP         093 104 
QSO:  3514 CW  2017-08-19 0828 LZ0AX         097 093 LZ0AR         090 097 
QSO:  3544 CW  2017-08-19 0829 LZ0AX         098 090 LZ0FA         095 099 
QSO:  3544 CW  2017-08-19 0830 LZ0AX         099 095 LZ0DY         108 097 
QSO:  3544 CW  2017-08-19 0830 LZ0AX         100 108 LZ0DJ         103 101 
QSO:  3544 CW  2017-08-19 0831 LZ0AX         101 103 LZ0AG         106 105 
QSO:  3546 CW  2017-08-19 0832 LZ0AX         102 106 LZ0AK         100 116 
QSO:  3545 CW  2017-08-19 0833 LZ0AX         103 100 LZ0AT         118 087 
QSO:  3516 CW  2017-08-19 0835 LZ0AX         104 118 LZ0DZ         113 098 
QSO:  3510 CW  2017-08-19 0835 LZ0AX         105 113 LZ0DG         117 107 
QSO:  3519 CW  2017-08-19 0836 LZ0AX         106 117 LZ0AN         116 109 
QSO:  3532 CW  2017-08-19 0836 LZ0AX         107 116 LZ0AA         094 104 
QSO:  3534 CW  2017-08-19 0837 LZ0AX         108 094 LZ0DC         127 118 
QSO:  3545 CW  2017-08-19 0838 LZ0AX         109 127 LZ0DU         036 123 
QSO:  3540 CW  2017-08-19 0839 LZ0AX         110 036 LZ0DM         108 120 
QSO:  3526 CW  2017-08-19 0841 LZ0AX         111 108 LZ0FJ         124 117 
QSO:  3527 CW  2017-08-19 0844 LZ0AX         112 124 LZ0FD         114 104 
QSO:  3541 CW  2017-08-19 0844 LZ0AX         113 114 LZ0AF         114 126 
QSO:  3545 CW  2017-08-19 0846 LZ0AX         114 114 LZ0DA         126 120 
QSO:  3532 CW  2017-08-19 0848 LZ0AX         115 126 LZ0AJ         131 075 
QSO:  3545 CW  2017-08-19 0849 LZ0AX         116 131 LZ0AM         129 111 
QSO:  3545 CW  2017-08-19 0852 LZ0AX         117 129 LZ0DW         133 114 
QSO:  3521 CW  2017-08-19 0852 LZ0AX         118 133 LZ0AW         138 124 
QSO:  3544 CW  2017-08-19 0853 LZ0AX         119 138 LZ0DN         123 133 
QSO:  3519 CW  2017-08-19 0853 LZ0AX         120 123 LZ0FF         129 123 
QSO:  3530 CW  2017-08-19 0854 LZ0AX         121 129 LZ0DV         128 143 
QSO:  3550 CW  2017-08-19 0855 LZ0AX         122 128 LZ0DT         122 122 
QSO:  3535 CW  2017-08-19 0856 LZ0AX         123 122 LZ0DR         121 122 
QSO:  3545 CW  2017-08-19 0856 LZ0AX         124 121 LZ0FY         119 123 
QSO:  3557 CW  2017-08-19 0858 LZ0AX         125 119 LZ0FC         117 128 
QSO:  3536 CW  2017-08-19 0858 LZ0AX         126 117 LZ0AP         122 055 
QSO:  3514 CW  2017-08-19 0859 LZ0AX         127 122 LZ0AR         120 139 
QSO:  3524 CW  2017-08-19 0900 LZ0AX         128 120 LZ0DK         087 125 
QSO:  3525 CW  2017-08-19 0901 LZ0AX         129 087 LZ0FA         130 145 
QSO:  3552 CW  2017-08-19 0902 LZ0AX         130 130 LZ0AG         138 141 
QSO:  3547 CW  2017-08-19 0902 LZ0AX         131 138 LZ0AK         129 146 
QSO:  3559 CW  2017-08-19 0903 LZ0AX         132 129 LZ0AY         131 145 
QSO:  3530 CW  2017-08-19 0903 LZ0AX         133 131 LZ0DY         146 130 
QSO:  3545 CW  2017-08-19 0904 LZ0AX         134 146 LZ0AL         127 123 
QSO:  3545 CW  2017-08-19 0904 LZ0AX         135 127 LZ0AT         157 132 
QSO:  3545 CW  2017-08-19 0905 LZ0AX         136 157 LZ0DJ         148 153 
QSO:  3545 CW  2017-08-19 0905 LZ0AX         137 148 LZ0FG         141 053 
QSO:  3516 CW  2017-08-19 0906 LZ0AX         138 141 LZ0DZ         154 063 
QSO:  3532 CW  2017-08-19 0906 LZ0AX         139 154 LZ0AA         125 130 
QSO:  3534 CW  2017-08-19 0907 LZ0AX         140 125 LZ0DC         164 139 
QSO:  3512 CW  2017-08-19 0908 LZ0AX         141 164 LZ0DX         069 144 
QSO:  3519 CW  2017-08-19 0909 LZ0AX         142 069 LZ0AN         158 139 
QSO:  3540 CW  2017-08-19 0909 LZ0AX         143 158 LZ0DM         143 166 
QSO:  3535 CW  2017-08-19 0911 LZ0AX         144 143 LZ0DD         115 131 
QSO:  3526 CW  2017-08-19 0912 LZ0AX         145 115 LZ0FJ         159 155 
QSO:  3541 CW  2017-08-19 0914 LZ0AX         146 159 LZ0AF         150 106 
QSO:  3528 CW  2017-08-19 0915 LZ0AX         147 150 LZ0FD         150 143 
QSO:  3522 CW  2017-08-19 0915 LZ0AX         148 150 LZ0AV         149 159 
QSO:  3545 CW  2017-08-19 0917 LZ0AX         149 149 LZ0DA         161 151 
QSO:  3545 CW  2017-08-19 0917 LZ0AX         150 161 LZ0DG         164 171 
QSO:  3532 CW  2017-08-19 0918 LZ0AX         151 164 LZ0AJ         169 148 
QSO:  3545 CW  2017-08-19 0919 LZ0AX         152 169 LZ0FX         111 146 
QSO:  3545 CW  2017-08-19 0920 LZ0AX         153 111 LZ0AM         170 157 
QSO:  3522 CW  2017-08-19 0922 LZ0AX         154 170 LZ0AW         172 148 
QSO:  3520 CW  2017-08-19 0923 LZ0AX         155 172 LZ0FF         170 160 
QSO:  3543 CW  2017-08-19 0923 LZ0AX         156 170 LZ0DN         157 174 
QSO:  3550 CW  2017-08-19 0926 LZ0AX         157 157 LZ0AU         085 150 
QSO:  3550 CW  2017-08-19 0927 LZ0AX         158 085 LZ0FY         160 164 
QSO:  3550 CW  2017-08-19 0929 LZ0AX         159 160 LZ0AP         153 181 
QSO:  3550 CW  2017-08-19 0930 LZ0AX         160 153 LZ0DR         155 159 
QSO:  3550 CW  2017-08-19 0930 LZ0AX         161 155 LZ0DV         172 153 
QSO:  3550 CW  2017-08-19 0932 LZ0AX         162 172 LZ0AR         162 186 
QSO:  3550 CW  2017-08-19 0933 LZ0AX         163 162 LZ0AG         177 175 
QSO:  3550 CW  2017-08-19 0934 LZ0AX         164 177 LZ0FA         164 169 
QSO:  3550 CW  2017-08-19 0935 LZ0AX         165 164 LZ0DY         189 090 
QSO:  3550 CW  2017-08-19 0936 LZ0AX         166 189 LZ0AA         160 173 
QSO:  3550 CW  2017-08-19 0937 LZ0AX         167 160 LZ0AK         172 136 
QSO:  3550 CW  2017-08-19 0937 LZ0AX         168 172 LZ0FC         161 192 
QSO:  3550 CW  2017-08-19 0940 LZ0AX         169 161 LZ0AD         107 164 
QSO:  3550 CW  2017-08-19 0941 LZ0AX         170 107 LZ0DD         142 100 
QSO:  3550 CW  2017-08-19 0942 LZ0AX         171 142 LZ0DM         175 177 
QSO:  3550 CW  2017-08-19 0944 LZ0AX         172 175 LZ0DZ         203 184 
QSO:  3550 CW  2017-08-19 0945 LZ0AX         173 203 LZ0DF         176 208 
QSO:  3550 CW  2017-08-19 0947 LZ0AX         174 176 LZ0AV         183 198 
QSO:  3550 CW  2017-08-19 0948 LZ0AX         175 183 LZ0FJ         207 193 
QSO:  3550 CW  2017-08-19 0948 LZ0AX         176 207 LZ0AJ         207 187 
QSO:  3550 CW  2017-08-19 0949 LZ0AX         177 207 LZ0FD         191 178 
QSO:  3550 CW  2017-08-19 0949 LZ0AX         178 191 LZ0DL         190 113 
QSO:  3550 CW  2017-08-19 0950 LZ0AX         179 190 LZ0DC         222 175 
QSO:  3550 CW  2017-08-19 0951 LZ0AX         180 222 LZ0AY         183 182 
QSO:  3550 CW  2017-08-19 0952 LZ0AX         181 183 LZ0DA         205 110 
QSO:  3550 CW  2017-08-19 0953 LZ0AX         182 205 LZ0AL         179 207 
QSO:  3550 CW  2017-08-19 0954 LZ0AX         183 179 LZ0AM         214 190 
QSO:  3550 CW  2017-08-19 0954 LZ0AX         184 214 LZ0DJ         207 207 
QSO:  3550 CW  2017-08-19 0955 LZ0AX         185 207 LZ0FG         205 185 
QSO:  3550 CW  2017-08-19 0956 LZ0AX         186 205 LZ0DN         195 209 
QSO:  3550 CW  2017-08-19 0957 LZ0AX         187 195 LZ0AF         201 145 
QSO:  3550 CW  2017-08-19 0959 LZ0AX         188 201 LZ0AP         187 156 
QSO:  3550 CW  2017-08-19 1000 LZ0AX         189 187 LZ0AC         127 220 
QSO:  3550 CW  2017-08-19 1001 LZ0AX         190 127 LZ0AW         213 221 
QSO:  3550 CW  2017-08-19 1002 LZ0AX         191 213 LZ0FF         209 112 
QSO:  3550 CW  2017-08-19 1002 LZ0AX         192 209 LZ0DU         116 226 
QSO:  3550 CW  2017-08-19 1004 LZ0AX         193 116 LZ0AN         227 202 
QSO:  3550 CW  2017-08-19 1004 LZ0AX         194 227 LZ0DG         214 191 
QSO:  3550 CW  2017-08-19 1006 LZ0AX         195 214 LZ0AR         199 216 
QSO:  3550 CW  2017-08-19 1008 LZ0AX         196 199 LZ0FX         156 208 
QSO:  3550 CW  2017-08-19 1012 LZ0AX         197 156 LZ0AU         111 224 
QSO:  3550 CW  2017-08-19 1012 LZ0AX         198 111 LZ0AG         223 110 
QSO:  3550 CW  2017-08-19 1013 LZ0AX         199 223 LZ0FK         002 250 
QSO:  3550 CW  2017-08-19 1014 LZ0AX         200 002 LZ0AA         194 199 
QSO:  3550 CW  2017-08-19 1017 LZ0AX         201 194 LZ0DF         209 242 
QSO:  3550 CW  2017-08-19 1018 LZ0AX         202 209 LZ0DZ         247 213 
QSO:  3550 CW  2017-08-19 1020 LZ0AX         203 247 LZ0FD         229 222 
QSO:  3550 CW  2017-08-19 1020 LZ0AX         204 229 LZ0DY         241 234 
QSO:  3550 CW  2017-08-19 1022 LZ0AX         205 241 LZ0DA         244 261 
QSO:  3550 CW  2017-08-19 1023 LZ0AX         206 244 LZ0DL         223 213 
QSO:  3550 CW  2017-08-19 1023 LZ0AX         207 223 LZ0FA         221 216 
QSO:  3550 CW  2017-08-19 1024 LZ0AX         208 221 LZ0DJ         243 172 
QSO:  3550 CW  2017-08-19 1025 LZ0AX         209 243 LZ0DD         184 259 
QSO:  3550 CW  2017-08-19 1026 LZ0AX         210 184 LZ0AM         253 230 
QSO:  3550 CW  2017-08-19 1026 LZ0AX         211 253 LZ0AL         211 244 
QSO:  3550 CW  2017-08-19 1028 LZ0AX         212 211 LZ0FY         234 250 
QSO:  3550 CW  2017-08-19 1028 LZ0AX         213 234 LZ0AK         228 220 
QSO:  3550 CW  2017-08-19 1029 LZ0AX         214 228 LZ0FC         221 228 
QSO:  3550 CW  2017-08-19 1029 LZ0AX         215 221 LZ0AY         226 231 
QSO:  3550 CW  2017-08-19 1030 LZ0AX         216 226 LZ0DX         142 179 
QSO:  3550 CW  2017-08-19 1031 LZ0AX         217 142 LZ0AW         252 262 
QSO:  3550 CW  2017-08-19 1032 LZ0AX         218 252 LZ0AV         234 253 
QSO:  3550 CW  2017-08-19 1032 LZ0AX         219 234 LZ0AC         158 264 
QSO:  3550 CW  2017-08-19 1033 LZ0AX         220 158 LZ0AD         161 248 
QSO:  3550 CW  2017-08-19 1034 LZ0AX         221 161 LZ0AP         227 206 
QSO:  3550 CW  2017-08-19 1035 LZ0AX         222 227 LZ0DM         241 185 
QSO:  3550 CW  2017-08-19 1035 LZ0AX         223 241 LZ0AF         241 256 
QSO:  3550 CW  2017-08-19 1036 LZ0AX         224 241 LZ0DG         258 230 
QSO:  3550 CW  2017-08-19 1037 LZ0AX         225 258 LZ0DU         147 236 
QSO:  3550 CW  2017-08-19 1037 LZ0AX         226 147 LZ0DV         256 229 
QSO:  3550 CW  2017-08-19 1039 LZ0AX         227 256 LZ0AR         240 240 
QSO:  3550 CW  2017-08-19 1040 LZ0AX         228 240 LZ0DW         261 230 
QSO:  3550 CW  2017-08-19 1041 LZ0AX         229 261 LZ0FJ         274 277 
QSO:  3550 CW  2017-08-19 1041 LZ0AX         230 274 LZ0DP         239 285 
QSO:  3550 CW  2017-08-19 1042 LZ0AX         231 239 LZ0AJ         277 245 
QSO:  3550 CW  2017-08-19 1043 LZ0AX         232 277 LZ0AT         281 233 
QSO:  3550 CW  2017-08-19 1044 LZ0AX         233 281 LZ0FG         261 260 
QSO:  3550 CW  2017-08-19 1045 LZ0AX         234 261 LZ0AG         266 252 
QSO:  3550 CW  2017-08-19 1045 LZ0AX         235 266 LZ0AU         131 192 
QSO:  3550 CW  2017-08-19 1047 LZ0AX         236 131 LZ0DN         252 248 
QSO:  3550 CW  2017-08-19 1048 LZ0AX         237 252 LZ0AA         233 242 
QSO:  3550 CW  2017-08-19 1050 LZ0AX         238 233 LZ0DZ         286 262 
QSO:  3550 CW  2017-08-19 1054 LZ0AX         239 286 LZ0DA         283 245 
QSO:  3550 CW  2017-08-19 1056 LZ0AX         240 283 LZ0DD         220 278 
QSO:  3550 CW  2017-08-19 1058 LZ0AX         241 220 LZ0FY         271 288 
QSO:  3550 CW  2017-08-19 1058 LZ0AX         242 271 LZ0AK         268 252 
QSO:  3550 CW  2017-08-19 1059 LZ0AX         243 268 LZ0FX         205 302 
QSO:  3550 CW  2017-08-19 1059 LZ0AX         244 205 LZ0FC         258 267 
QSO:  3550 CW  2017-08-19 1059 LZ0AX         245 258 LZ0AY         260 269 
END-OF-LOG:
