START-OF-LOG: 
CALLSIGN: LZ0AG
CLUB: Пловдив
CONTEST:
CATEGORY: 
CLAIMED-SCORE: 287
OPERATORS: LZ0AG
NAME: Илиан Гаджев LZ1CNN
ADDRESS: 
ADDRESS: 
CREATED-BY: N1MM Logger+ 1.0.6706.0
QSO:  3500 CW 2017-08-19 0701 LZ0AG         001 000       LZ0AX         002 001      
QSO:  3502 CW 2017-08-19 0702 LZ0AG         002 002       LZ0AR         003 002      
QSO:  3511 CW 2017-08-19 0703 LZ0AG         003 003       LZ0DG         008 006      
QSO:  3517 CW 2017-08-19 0704 LZ0AG         004 008       LZ0DZ         009 005      
QSO:  3520 CW 2017-08-19 0705 LZ0AG         005 009       LZ0FF         013 010      
QSO:  3522 CW 2017-08-19 0706 LZ0AG         006 013       LZ0DA         010 007      
QSO:  3527 CW 2017-08-19 0706 LZ0AG         007 010       LZ0DP         010 006      
QSO:  3530 CW 2017-08-19 0708 LZ0AG         008 010       LZ0DV         013 012      
QSO:  3531 CW 2017-08-19 0708 LZ0AG         009 013       LZ0DY         015 006      
QSO:  3532 CW 2017-08-19 0709 LZ0AG         010 015       LZ0AA         014 012      
QSO:  3533 CW 2017-08-19 0709 LZ0AG         011 014       LZ0AJ         015 013      
QSO:  3534 CW 2017-08-19 0709 LZ0AG         012 015       LZ0DC         022 014      
QSO:  3537 CW 2017-08-19 0710 LZ0AG         013 022       LZ0AP         015 011      
QSO:  3542 CW 2017-08-19 0711 LZ0AG         014 015       LZ0AT         018 008      
QSO:  3550 CW 2017-08-19 0712 LZ0AG         015 018       LZ0DT         018 018      
QSO:  3554 CW 2017-08-19 0712 LZ0AG         016 018       LZ0AU         012 015      
QSO:  3557 CW 2017-08-19 0713 LZ0AG         017 012       LZ0FC         007 018      
QSO:  3559 CW 2017-08-19 0714 LZ0AG         018 007       LZ0AY         013 015      
QSO:  3509 CW 2017-08-19 0715 LZ0AG         019 013       LZ0FX         009 022      
QSO:  3513 CW 2017-08-19 0716 LZ0AG         020 009       LZ0DF         019 016      
QSO:  3522 CW 2017-08-19 0716 LZ0AG         021 019       LZ0AW         026 024      
QSO:  3524 CW 2017-08-19 0717 LZ0AG         022 026       LZ0AC         013 023      
QSO:  3528 CW 2017-08-19 0717 LZ0AG         023 013       LZ0FD         025 018      
QSO:  3535 CW 2017-08-19 0718 LZ0AG         024 025       LZ0AD         024 019      
QSO:  3540 CW 2017-08-19 0720 LZ0AG         025 024       LZ0DM         021 023      
QSO:  3542 CW 2017-08-19 0720 LZ0AG         026 021       LZ0AF         023 028      
QSO:  3552 CW 2017-08-19 0724 LZ0AG         027 023       LZ0DN         026 026      
QSO:  3552 CW 2017-08-19 0725 LZ0AG         028 026       LZ0DW         034 030      
QSO:  3552 CW 2017-08-19 0725 LZ0AG         029 034       LZ0FJ         031 037      
QSO:  3552 CW 2017-08-19 0727 LZ0AG         030 031       LZ0DJ         032 028      
QSO:  3552 CW 2017-08-19 0728 LZ0AG         031 032       LZ0FG         034 027      
QSO:  3552 CW 2017-08-19 0729 LZ0AG         032 034       LZ0AM         035 021      
QSO:  3552 CW 2017-08-19 0729 LZ0AG         033 035       LZ0DA         034 033      
QSO:  3552 CW 2017-08-19 0731 LZ0AG         034 034       LZ0AX         034 032      
QSO:  3552 CW 2017-08-19 0733 LZ0AG         035 034       LZ0DR         030 025      
QSO:  3511 CW 2017-08-19 0733 LZ0AG         036 030       LZ0DG         046 037      
QSO:  3514 CW 2017-08-19 0734 LZ0AG         037 046       LZ0AR         036 033      
QSO:  3517 CW 2017-08-19 0734 LZ0AG         038 036       LZ0DZ         044 033      
QSO:  3520 CW 2017-08-19 0736 LZ0AG         039 044       LZ0FF         042 032      
QSO:  3530 CW 2017-08-19 0739 LZ0AG         040 042       LZ0DV         045 048      
QSO:  3527 CW 2017-08-19 0740 LZ0AG         041 045       LZ0DP         040 047      
QSO:  3533 CW 2017-08-19 0740 LZ0AG         042 040       LZ0AJ         050 040      
QSO:  3534 CW 2017-08-19 0741 LZ0AG         043 050       LZ0DC         064 007      
QSO:  3537 CW 2017-08-19 0741 LZ0AG         044 064       LZ0AP         046 041      
QSO:  3531 CW 2017-08-19 0741 LZ0AG         045 046       LZ0DY         050 050      
QSO:  3532 CW 2017-08-19 0742 LZ0AG         046 050       LZ0AA         040 061      
QSO:  3542 CW 2017-08-19 0742 LZ0AG         047 040       LZ0AT         060 051      
QSO:  3550 CW 2017-08-19 0743 LZ0AG         048 060       LZ0DT         053 042      
QSO:  3557 CW 2017-08-19 0743 LZ0AG         049 053       LZ0FC         035 053      
QSO:  3559 CW 2017-08-19 0744 LZ0AG         050 035       LZ0AY         047 042      
QSO:  3513 CW 2017-08-19 0746 LZ0AG         051 047       LZ0DF         050 049      
QSO:  3522 CW 2017-08-19 0747 LZ0AG         052 050       LZ0AW         060 045      
QSO:  3524 CW 2017-08-19 0747 LZ0AG         053 060       LZ0AC         051 056      
QSO:  3528 CW 2017-08-19 0747 LZ0AG         054 051       LZ0FD         056 061      
QSO:  3509 CW 2017-08-19 0748 LZ0AG         055 056       LZ0DD         038 052      
QSO:  3552 CW 2017-08-19 0749 LZ0AG         056 038       LZ0AN         062 042      
QSO:  3540 CW 2017-08-19 0750 LZ0AG         057 062       LZ0DM         054 031      
QSO:  3555 CW 2017-08-19 0752 LZ0AG         058 054       LZ0DL         070 069      
QSO:  3552 CW 2017-08-19 0753 LZ0AG         059 070       LZ0AF         054 071      
QSO:  3552 CW 2017-08-19 0753 LZ0AG         060 054       LZ0DX         035 065      
QSO:  3552 CW 2017-08-19 0754 LZ0AG         061 035       LZ0FX         026 054      
QSO:  3552 CW 2017-08-19 0755 LZ0AG         062 026       LZ0FJ         069 070      
QSO:  3552 CW 2017-08-19 0756 LZ0AG         063 069       LZ0DN         061 059      
QSO:  3552 CW 2017-08-19 0756 LZ0AG         064 061       LZ0FA         057 061      
QSO:  3552 CW 2017-08-19 0758 LZ0AG         065 057       LZ0DW         069 057      
QSO:  3552 CW 2017-08-19 0758 LZ0AG         066 069       LZ0DJ         065 063      
QSO:  3552 CW 2017-08-19 0759 LZ0AG         067 065       LZ0FG         069 062      
QSO:  3552 CW 2017-08-19 0759 LZ0AG         068 069       LZ0AM         070 059      
QSO:  3552 CW 2017-08-19 0800 LZ0AG         069 070       LZ0DA         067 071      
QSO:  3545 CW 2017-08-19 0801 LZ0AG         070 067       LZ0AX         070 044      
QSO:  3529 CW 2017-08-19 0803 LZ0AG         071 070       LZ0AL         067 072      
QSO:  3511 CW 2017-08-19 0804 LZ0AG         072 067       LZ0DG         081 069      
QSO:  3514 CW 2017-08-19 0805 LZ0AG         073 081       LZ0AR         071 044      
QSO:  3517 CW 2017-08-19 0806 LZ0AG         074 071       LZ0DZ         077 080      
QSO:  3520 CW 2017-08-19 0806 LZ0AG         075 077       LZ0FF         074 045      
QSO:  3545 CW 2017-08-19 0807 LZ0AG         076 074       LZ0FY         070 083      
QSO:  3550 CW 2017-08-19 0808 LZ0AG         077 070       LZ0AU         038 089      
QSO:  3552 CW 2017-08-19 0809 LZ0AG         078 038       LZ0AK         073 065      
QSO:  3530 CW 2017-08-19 0809 LZ0AG         079 073       LZ0DV         078 085      
QSO:  3533 CW 2017-08-19 0811 LZ0AG         080 078       LZ0AJ         088 080      
QSO:  3535 CW 2017-08-19 0811 LZ0AG         081 088       LZ0DR         069 073      
QSO:  3537 CW 2017-08-19 0811 LZ0AG         082 069       LZ0AP         076 074      
QSO:  3534 CW 2017-08-19 0812 LZ0AG         083 076       LZ0DC         103 082      
QSO:  3527 CW 2017-08-19 0812 LZ0AG         084 103       LZ0DP         077 082      
QSO:  3531 CW 2017-08-19 0813 LZ0AG         085 077       LZ0DY         090 086      
QSO:  3532 CW 2017-08-19 0813 LZ0AG         086 090       LZ0AA         076 091      
QSO:  3542 CW 2017-08-19 0814 LZ0AG         087 076       LZ0AT         097 077      
QSO:  3557 CW 2017-08-19 0814 LZ0AG         088 097       LZ0FC         068 086      
QSO:  3559 CW 2017-08-19 0815 LZ0AG         089 068       LZ0AY         079 077      
QSO:  3513 CW 2017-08-19 0817 LZ0AG         090 079       LZ0DF         085 082      
QSO:  3522 CW 2017-08-19 0817 LZ0AG         091 085       LZ0AW         095 097      
QSO:  3528 CW 2017-08-19 0817 LZ0AG         092 095       LZ0FD         089 079      
QSO:  3550 CW 2017-08-19 0818 LZ0AG         093 089       LZ0DT         088 086      
QSO:  3524 CW 2017-08-19 0818 LZ0AG         094 088       LZ0AC         082 083      
QSO:  3540 CW 2017-08-19 0821 LZ0AG         095 082       LZ0DM         090 078      
QSO:  3552 CW 2017-08-19 0823 LZ0AG         096 090       LZ0AF         090 028      
QSO:  3552 CW 2017-08-19 0825 LZ0AG         097 090       LZ0AN         107 100      
QSO:  3552 CW 2017-08-19 0826 LZ0AG         098 107       LZ0FJ         107 047      
QSO:  3552 CW 2017-08-19 0828 LZ0AG         099 107       LZ0FA         084 087      
QSO:  3552 CW 2017-08-19 0828 LZ0AG         100 084       LZ0DN         094 086      
QSO:  3552 CW 2017-08-19 0829 LZ0AG         101 094       LZ0DJ         102 104      
QSO:  3552 CW 2017-08-19 0830 LZ0AG         102 102       LZ0FG         102 076      
QSO:  3552 CW 2017-08-19 0830 LZ0AG         103 102       LZ0DW         108 096      
QSO:  3552 CW 2017-08-19 0830 LZ0AG         104 108       LZ0AM         107 035      
QSO:  3552 CW 2017-08-19 0831 LZ0AG         105 107       LZ0DA         105 109      
QSO:  3545 CW 2017-08-19 0831 LZ0AG         106 105       LZ0AX         101 103      
QSO:  3511 CW 2017-08-19 0834 LZ0AG         107 101       LZ0DG         116 097      
QSO:  3535 CW 2017-08-19 0836 LZ0AG         108 116       LZ0DD         083 110      
QSO:  3520 CW 2017-08-19 0837 LZ0AG         109 083       LZ0FF         110 100      
QSO:  3517 CW 2017-08-19 0837 LZ0AG         110 110       LZ0DZ         117 113      
QSO:  3545 CW 2017-08-19 0838 LZ0AG         111 117       LZ0FY         103 098      
QSO:  3530 CW 2017-08-19 0841 LZ0AG         112 103       LZ0DV         110 117      
QSO:  3533 CW 2017-08-19 0841 LZ0AG         113 110       LZ0AJ         124 075      
QSO:  3535 CW 2017-08-19 0842 LZ0AG         114 124       LZ0DR         103 111      
QSO:  3534 CW 2017-08-19 0843 LZ0AG         115 103       LZ0DC         136 104      
QSO:  3532 CW 2017-08-19 0843 LZ0AG         116 136       LZ0AA         106 125      
QSO:  3531 CW 2017-08-19 0844 LZ0AG         117 106       LZ0DY         126 106      
QSO:  3537 CW 2017-08-19 0845 LZ0AG         118 126       LZ0AP         108 123      
QSO:  3514 CW 2017-08-19 0845 LZ0AG         119 108       LZ0AR         104 162      
QSO:  3542 CW 2017-08-19 0846 LZ0AG         120 104       LZ0AT         134 113      
QSO:  3557 CW 2017-08-19 0847 LZ0AG         121 134       LZ0FC         103 127      
QSO:  3522 CW 2017-08-19 0848 LZ0AG         122 103       LZ0AW         133 043      
QSO:  3551 CW 2017-08-19 0848 LZ0AG         123 133       LZ0DT         114 117      
QSO:  3528 CW 2017-08-19 0850 LZ0AG         124 114       LZ0FD         125 119      
QSO:  3559 CW 2017-08-19 0850 LZ0AG         125 125       LZ0AY         117 121      
QSO:  3529 CW 2017-08-19 0852 LZ0AG         126 117       LZ0AL         118 133      
QSO:  3527 CW 2017-08-19 0853 LZ0AG         127 118       LZ0DP         117 137      
QSO:  3542 CW 2017-08-19 0853 LZ0AG         128 117       LZ0AF         125 046      
QSO:  3524 CW 2017-08-19 0855 LZ0AG         129 125       LZ0DL         138 139      
QSO:  3540 CW 2017-08-19 0856 LZ0AG         130 138       LZ0DM         128 130      
QSO:  3550 CW 2017-08-19 0858 LZ0AG         131 128       LZ0AU         069 116      
QSO:  3552 CW 2017-08-19 0859 LZ0AG         132 069       LZ0FA         127 089      
QSO:  3552 CW 2017-08-19 0900 LZ0AG         133 127       LZ0DJ         140 119      
QSO:  3552 CW 2017-08-19 0901 LZ0AG         134 140       LZ0FX         093 104      
QSO:  3552 CW 2017-08-19 0901 LZ0AG         135 093       LZ0DW         144 145      
QSO:  3552 CW 2017-08-19 0901 LZ0AG         136 144       LZ0AN         148 071      
QSO:  3552 CW 2017-08-19 0902 LZ0AG         137 148       LZ0DA         141 095      
QSO:  3552 CW 2017-08-19 0902 LZ0AG         138 141       LZ0AX         130 130      
QSO:  3552 CW 2017-08-19 0902 LZ0AG         139 130       LZ0FG         137 136      
QSO:  3552 CW 2017-08-19 0903 LZ0AG         140 137       LZ0DN         135 096      
QSO:  3511 CW 2017-08-19 0904 LZ0AG         141 135       LZ0DG         148 134      
QSO:  3524 CW 2017-08-19 0905 LZ0AG         142 148       LZ0AC         105 062      
QSO:  3511 CW 2017-08-19 0907 LZ0AG         143 105       LZ0FZ         056 065      
QSO:  3513 CW 2017-08-19 0907 LZ0AG         144 056       LZ0DX         068 153      
QSO:  3516 CW 2017-08-19 0908 LZ0AG         145 068       LZ0AM         156 154      
QSO:  3526 CW 2017-08-19 0909 LZ0AG         146 156       LZ0FJ         155 058      
QSO:  3517 CW 2017-08-19 0910 LZ0AG         147 155       LZ0DZ         159 148      
QSO:  3520 CW 2017-08-19 0910 LZ0AG         148 159       LZ0FF         150 132      
QSO:  3533 CW 2017-08-19 0912 LZ0AG         149 150       LZ0AJ         160 138      
QSO:  3535 CW 2017-08-19 0912 LZ0AG         150 160       LZ0DR         135 139      
QSO:  3530 CW 2017-08-19 0913 LZ0AG         151 135       LZ0DV         147 159      
QSO:  3532 CW 2017-08-19 0913 LZ0AG         152 147       LZ0AA         141 150      
QSO:  3534 CW 2017-08-19 0914 LZ0AG         153 141       LZ0DC         173 161      
QSO:  3545 CW 2017-08-19 0914 LZ0AG         154 173       LZ0FY         145 134      
QSO:  3552 CW 2017-08-19 0915 LZ0AG         155 145       LZ0DK         103 107      
QSO:  3514 CW 2017-08-19 0916 LZ0AG         156 103       LZ0AR         143 073      
QSO:  3531 CW 2017-08-19 0916 LZ0AG         157 143       LZ0DY         161 140      
QSO:  3537 CW 2017-08-19 0917 LZ0AG         158 161       LZ0AP         142 177      
QSO:  3542 CW 2017-08-19 0917 LZ0AG         159 142       LZ0AT         174 149      
QSO:  3557 CW 2017-08-19 0918 LZ0AG         160 174       LZ0FC         136 144      
QSO:  3522 CW 2017-08-19 0918 LZ0AG         161 136       LZ0AW         167 179      
QSO:  3552 CW 2017-08-19 0919 LZ0AG         162 167       LZ0AK         147 110      
QSO:  3528 CW 2017-08-19 0920 LZ0AG         163 147       LZ0FD         158 145      
QSO:  3559 CW 2017-08-19 0921 LZ0AG         164 158       LZ0AY         152 171      
QSO:  3550 CW 2017-08-19 0921 LZ0AG         165 152       LZ0DT         146 172      
QSO:  3552 CW 2017-08-19 0922 LZ0AG         166 146       LZ0DD         125 147      
QSO:  3527 CW 2017-08-19 0923 LZ0AG         167 125       LZ0DP         150 173      
QSO:  3542 CW 2017-08-19 0924 LZ0AG         168 150       LZ0AF         161 186      
QSO:  3529 CW 2017-08-19 0924 LZ0AG         169 161       LZ0AL         150 158      
QSO:  3512 CW 2017-08-19 0926 LZ0AG         170 150       LZ0DF         152 791      
QSO:  3540 CW 2017-08-19 0926 LZ0AG         171 152       LZ0DM         164 167      
QSO:  3525 CW 2017-08-19 0930 LZ0AG         172 164       LZ0FA         160 130      
QSO:  3552 CW 2017-08-19 0931 LZ0AG         173 160       LZ0DJ         180 084      
QSO:  3552 CW 2017-08-19 0931 LZ0AG         174 180       LZ0DW         181 166      
QSO:  3552 CW 2017-08-19 0932 LZ0AG         175 181       LZ0AN         186 165      
QSO:  3552 CW 2017-08-19 0932 LZ0AG         176 186       LZ0FG         175 166      
QSO:  3524 CW 2017-08-19 0933 LZ0AG         177 175       LZ0AX         163 162      
QSO:  3511 CW 2017-08-19 0934 LZ0AG         178 163       LZ0DG         184 183      
QSO:  3552 CW 2017-08-19 0936 LZ0AG         179 184       LZ0DN         173 168      
QSO:  3511 CW 2017-08-19 0938 LZ0AG         180 173       LZ0FZ         076 094      
QSO:  3513 CW 2017-08-19 0938 LZ0AG         181 076       LZ0DX         095 177      
QSO:  3550 CW 2017-08-19 0940 LZ0AG         182 095       LZ0AU         095 179      
QSO:  3526 CW 2017-08-19 0941 LZ0AG         183 095       LZ0FJ         098 175      
QSO:  3520 CW 2017-08-19 0942 LZ0AG         184 098       LZ0FF         188 208      
QSO:  3533 CW 2017-08-19 0942 LZ0AG         185 188       LZ0AJ         198 172      
QSO:  3517 CW 2017-08-19 0943 LZ0AG         186 198       LZ0DZ         200 190      
QSO:  3530 CW 2017-08-19 0943 LZ0AG         187 200       LZ0DV         185 185      
QSO:  3516 CW 2017-08-19 0944 LZ0AG         188 185       LZ0AM         200 172      
QSO:  3532 CW 2017-08-19 0944 LZ0AG         189 200       LZ0AA         175 167      
QSO:  3545 CW 2017-08-19 0945 LZ0AG         190 175       LZ0FY         181 165      
QSO:  3534 CW 2017-08-19 0945 LZ0AG         191 181       LZ0DC         213 176      
QSO:  3531 CW 2017-08-19 0947 LZ0AG         192 213       LZ0DY         200 187      
QSO:  3522 CW 2017-08-19 0948 LZ0AG         193 200       LZ0AW         204 218      
QSO:  3537 CW 2017-08-19 0949 LZ0AG         194 204       LZ0AP         177 195      
QSO:  3524 CW 2017-08-19 0950 LZ0AG         195 177       LZ0AD         115 179      
QSO:  3528 CW 2017-08-19 0952 LZ0AG         196 115       LZ0FD         195 197      
QSO:  3550 CW 2017-08-19 0952 LZ0AG         197 195       LZ0DT         179 202      
QSO:  3557 CW 2017-08-19 0952 LZ0AG         198 179       LZ0FC         178 203      
QSO:  3514 CW 2017-08-19 0953 LZ0AG         199 178       LZ0AR         183 176      
QSO:  3542 CW 2017-08-19 0953 LZ0AG         200 183       LZ0AT         218 204      
QSO:  3527 CW 2017-08-19 0954 LZ0AG         201 218       LZ0DP         185 213      
QSO:  3542 CW 2017-08-19 0954 LZ0AG         202 185       LZ0AF         196 186      
QSO:  3559 CW 2017-08-19 0955 LZ0AG         203 196       LZ0AY         189 191      
QSO:  3552 CW 2017-08-19 0956 LZ0AG         204 189       LZ0DR         176 198      
QSO:  3552 CW 2017-08-19 0956 LZ0AG         205 176       LZ0DL         196 181      
QSO:  3540 CW 2017-08-19 0957 LZ0AG         206 196       LZ0DM         201 187      
QSO:  3512 CW 2017-08-19 0958 LZ0AG         207 201       LZ0DF         188 221      
QSO:  3552 CW 2017-08-19 0959 LZ0AG         208 188       LZ0AK         197 202      
QSO:  3552 CW 2017-08-19 1000 LZ0AG         209 197       LZ0DU         114 185      
QSO:  3552 CW 2017-08-19 1000 LZ0AG         210 114       LZ0DA         216 217      
QSO:  3552 CW 2017-08-19 1001 LZ0AG         211 216       LZ0FX         148 103      
QSO:  3552 CW 2017-08-19 1001 LZ0AG         212 148       LZ0DW         216 197      
QSO:  3552 CW 2017-08-19 1002 LZ0AG         213 216       LZ0DJ         216 225      
QSO:  3552 CW 2017-08-19 1003 LZ0AG         214 216       LZ0FG         213 219      
QSO:  3552 CW 2017-08-19 1003 LZ0AG         215 213       LZ0DD         165 217      
QSO:  3525 CW 2017-08-19 1004 LZ0AG         216 165       LZ0FA         198 203      
QSO:  3552 CW 2017-08-19 1005 LZ0AG         217 198       LZ0AV         204 212      
QSO:  3552 CW 2017-08-19 1005 LZ0AG         218 204       LZ0AN         230 193      
QSO:  3552 CW 2017-08-19 1007 LZ0AG         219 230       LZ0DN         206 185      
QSO:  3513 CW 2017-08-19 1009 LZ0AG         220 206       LZ0DX         124 227      
QSO:  3511 CW 2017-08-19 1009 LZ0AG         221 124       LZ0DG         221 228      
QSO:  3550 CW 2017-08-19 1011 LZ0AG         222 221       LZ0AU         110 219      
QSO:  3552 CW 2017-08-19 1012 LZ0AG         223 110       LZ0AX         198 111      
QSO:  3533 CW 2017-08-19 1013 LZ0AG         224 198       LZ0AJ         236 230      
QSO:  3520 CW 2017-08-19 1013 LZ0AG         225 236       LZ0FF         221 227      
QSO:  3517 CW 2017-08-19 1014 LZ0AG         226 221       LZ0DZ         240 125      
QSO:  3530 CW 2017-08-19 1015 LZ0AG         227 240       LZ0DV         227 233      
QSO:  3534 CW 2017-08-19 1016 LZ0AG         228 227       LZ0DC         254 234      
QSO:  3552 CW 2017-08-19 1018 LZ0AG         229 254       LZ0FJ         242 115      
QSO:  3552 CW 2017-08-19 1018 LZ0AG         230 242       LZ0FK         007 205      
QSO:  3545 CW 2017-08-19 1019 LZ0AG         231 007       LZ0FY         221 246      
QSO:  3522 CW 2017-08-19 1019 LZ0AG         232 221       LZ0AW         240 214      
QSO:  3516 CW 2017-08-19 1019 LZ0AG         233 240       LZ0AM         244 225      
QSO:  3531 CW 2017-08-19 1020 LZ0AG         234 244       LZ0DY         240 202      
QSO:  3532 CW 2017-08-19 1020 LZ0AG         235 240       LZ0AA         205 249      
QSO:  3537 CW 2017-08-19 1021 LZ0AG         236 205       LZ0AP         212 236      
QSO:  3535 CW 2017-08-19 1021 LZ0AG         237 212       LZ0AD         143 220      
QSO:  3552 CW 2017-08-19 1022 LZ0AG         238 143       LZ0AC         147 211      
QSO:  3550 CW 2017-08-19 1022 LZ0AG         239 147       LZ0DT         212 146      
QSO:  3528 CW 2017-08-19 1023 LZ0AG         240 212       LZ0FD         232 237      
QSO:  3542 CW 2017-08-19 1023 LZ0AG         241 232       LZ0AT         257 211      
QSO:  3557 CW 2017-08-19 1024 LZ0AG         242 257       LZ0FC         214 236      
QSO:  3527 CW 2017-08-19 1024 LZ0AG         243 214       LZ0DP         220 216      
QSO:  3542 CW 2017-08-19 1025 LZ0AG         244 220       LZ0AF         232 246      
QSO:  3559 CW 2017-08-19 1026 LZ0AG         245 232       LZ0AY         221 222      
QSO:  3552 CW 2017-08-19 1027 LZ0AG         246 221       LZ0DL         227 239      
QSO:  3535 CW 2017-08-19 1028 LZ0AG         248 230       LZ0DR         160 223      
QSO:  3540 CW 2017-08-19 1028 LZ0AG         247 227       LZ0DM         230 243      
QSO:  3538 CW 2017-08-19 1033 LZ0AG         249 160       LZ0DD         193 254      
QSO:  3514 CW 2017-08-19 1033 LZ0AG         250 193       LZ0AR         229 274      
QSO:  3525 CW 2017-08-19 1035 LZ0AG         251 229       LZ0FA         230 146      
QSO:  3519 CW 2017-08-19 1035 LZ0AG         252 230       LZ0AN         268 239      
QSO:  3512 CW 2017-08-19 1036 LZ0AG         253 268       LZ0DF         223 257      
QSO:  3552 CW 2017-08-19 1036 LZ0AG         254 223       LZ0AV         242 252      
QSO:  3552 CW 2017-08-19 1037 LZ0AG         255 242       LZ0DW         258 247      
QSO:  3552 CW 2017-08-19 1037 LZ0AG         256 258       LZ0DJ         255 270      
QSO:  3552 CW 2017-08-19 1038 LZ0AG         257 255       LZ0DA         262 269      
QSO:  3552 CW 2017-08-19 1039 LZ0AG         258 262       LZ0DN         243 229      
QSO:  3552 CW 2017-08-19 1039 LZ0AG         259 243       LZ0FG         256 234      
QSO:  3513 CW 2017-08-19 1040 LZ0AG         260 256       LZ0DX         153 257      
QSO:  3511 CW 2017-08-19 1040 LZ0AG         261 153       LZ0DG         264 212      
QSO:  3552 CW 2017-08-19 1041 LZ0AG         262 264       LZ0FX         191 272      
QSO:  3520 CW 2017-08-19 1043 LZ0AG         263 191       LZ0FF         261 244      
QSO:  3533 CW 2017-08-19 1044 LZ0AG         264 261       LZ0AJ         278 231      
QSO:  3552 CW 2017-08-19 1044 LZ0AG         265 278       LZ0AK         252 278      
QSO:  3552 CW 2017-08-19 1045 LZ0AG         266 252       LZ0AX         234 261      
QSO:  3517 CW 2017-08-19 1045 LZ0AG         267 234       LZ0DZ         280 269      
QSO:  3530 CW 2017-08-19 1046 LZ0AG         268 280       LZ0DV         267 155      
QSO:  3534 CW 2017-08-19 1046 LZ0AG         269 267       LZ0DC         293 275      
QSO:  3554 CW 2017-08-19 1048 LZ0AG         270 293       LZ0AU         134 285      
QSO:  3526 CW 2017-08-19 1049 LZ0AG         271 134       LZ0FJ         284 253      
QSO:  3522 CW 2017-08-19 1049 LZ0AG         272 284       LZ0AW         278 171      
QSO:  3531 CW 2017-08-19 1050 LZ0AG         273 278       LZ0DY         280 252      
QSO:  3532 CW 2017-08-19 1050 LZ0AG         274 280       LZ0AA         239 283      
QSO:  3545 CW 2017-08-19 1051 LZ0AG         275 239       LZ0FY         258 287      
QSO:  3537 CW 2017-08-19 1051 LZ0AG         276 258       LZ0AP         245 279      
QSO:  3535 CW 2017-08-19 1051 LZ0AG         277 245       LZ0AD         174 236      
QSO:  3524 CW 2017-08-19 1052 LZ0AG         278 174       LZ0AC         170 244      
QSO:  3528 CW 2017-08-19 1053 LZ0AG         279 170       LZ0FD         267 276      
QSO:  3542 CW 2017-08-19 1054 LZ0AG         280 267       LZ0AT         295 169      
QSO:  3557 CW 2017-08-19 1054 LZ0AG         281 295       LZ0FC         252 275      
QSO:  3552 CW 2017-08-19 1055 LZ0AG         282 252       LZ0AM         289 240      
QSO:  3552 CW 2017-08-19 1055 LZ0AG         283 289       LZ0AF         270 253      
QSO:  3527 CW 2017-08-19 1056 LZ0AG         284 270       LZ0DP         263 259      
QSO:  3559 CW 2017-08-19 1056 LZ0AG         285 263       LZ0AY         254 269      
QSO:  3552 CW 2017-08-19 1057 LZ0AG         286 254       LZ0DL         265 268      
QSO:  3552 CW 2017-08-19 1059 LZ0AG         287 265       LZ0DR         228 253      
QSO:  3540 CW 2017-08-19 1059 LZ0AG         288 228       LZ0DM         271 264      
END-OF-LOG:
