START-OF-LOG: 2.0 
CALLSIGN: LZ0DW
CLUB: Русе  
CONTEST: LZ-OPEN-DOMESTIC
CATEGORY: SINGLE-OP-ASSISTED ALL HIGH MIXED
CLAIMED-SCORE: 290
OPERATORS: LZ2PL
NAME: Владимир Лазаров LZ2PL 
ADDRESS: str."LOVEC" #26
ADDRESS: P.O.BOX 202 RUSE 7000
ADDRESS: RUSE,  7000
ADDRESS: BULGARIA
CREATED-BY: N1MM Logger+ 1.0.6711.0
QSO:  3559 CW 2017-08-19 0700 LZ0DW         001 000       LZ0DM         001 000      
QSO:  3555 CW 2017-08-19 0701 LZ0DW         002 001       LZ0FD         001 000      
QSO:  3555 CW 2017-08-19 0701 LZ0DW         003 001       LZ0AU         003 002      
QSO:  3552 CW 2017-08-19 0702 LZ0DW         004 003       LZ0AK         004 002      
QSO:  3545 CW 2017-08-19 0703 LZ0DW         005 004       LZ0FG         004 003      
QSO:  3537 CW 2017-08-19 0704 LZ0DW         006 004       LZ0AP         008 004      
QSO:  3534 CW 2017-08-19 0705 LZ0DW         007 008       LZ0DC         010 003      
QSO:  3532 CW 2017-08-19 0706 LZ0DW         008 010       LZ0AA         010 008      
QSO:  3530 CW 2017-08-19 0707 LZ0DW         009 010       LZ0DV         011 007      
QSO:  3527 CW 2017-08-19 0707 LZ0DW         010 011       LZ0DP         014 007      
QSO:  3526 CW 2017-08-19 0708 LZ0DW         011 014       LZ0FJ         010 007      
QSO:  3525 CW 2017-08-19 0708 LZ0DW         012 010       LZ0FA         010 008      
QSO:  3522 CW 2017-08-19 0709 LZ0DW         013 010       LZ0AW         015 009      
QSO:  3520 CW 2017-08-19 0709 LZ0DW         014 015       LZ0FF         020 009      
QSO:  3517 CW 2017-08-19 0710 LZ0DW         015 020       LZ0DZ         018 010      
QSO:  3515 CW 2017-08-19 0711 LZ0DW         016 018       LZ0AR         011 011      
QSO:  3511 CW 2017-08-19 0711 LZ0DW         017 011       LZ0DG         021 010      
QSO:  3509 CW 2017-08-19 0712 LZ0DW         018 021       LZ0FX         004 011      
QSO:  3550 CW 2017-08-19 0713 LZ0DW         019 004       LZ0DT         020 019      
QSO:  3533 CW 2017-08-19 0713 LZ0DW         020 020       LZ0AJ         022 023      
QSO:  3557 CW 2017-08-19 0714 LZ0DW         021 022       LZ0FC         008 017      
QSO:  3559 CW 2017-08-19 0715 LZ0DW         022 008       LZ0AY         016 016      
QSO:  3524 CW 2017-08-19 0717 LZ0DW         023 016       LZ0AC         012 024      
QSO:  3546 CW 2017-08-19 0718 LZ0DW         024 012       LZ0FY         021 022      
QSO:  3529 CW 2017-08-19 0719 LZ0DW         025 021       LZ0AL         020 023      
QSO:  3518 CW 2017-08-19 0720 LZ0DW         026 020       LZ0AM         030 032      
QSO:  3518 CW 2017-08-19 0721 LZ0DW         027 030       LZ0DN         023 026      
QSO:  3518 CW 2017-08-19 0721 LZ0DW         028 023       LZ0AN         031 031      
QSO:  3518 CW 2017-08-19 0722 LZ0DW         029 031       LZ0DL         034 025      
QSO:  3518 CW 2017-08-19 0722 LZ0DW         030 034       LZ0AD         030 031      
QSO:  3518 CW 2017-08-19 0723 LZ0DW         031 030       LZ0DF         030 032      
QSO:  3518 CW 2017-08-19 0723 LZ0DW         032 030       LZ0AT         034 032      
QSO:  3542 CW 2017-08-19 0724 LZ0DW         033 034       LZ0DJ         030 029      
QSO:  3552 CW 2017-08-19 0725 LZ0DW         034 030       LZ0AG         028 026      
QSO:  3535 CW 2017-08-19 0725 LZ0DW         035 028       LZ0DR         024 031      
QSO:  3523 CW 2017-08-19 0728 LZ0DW         036 024       LZ0AV         029 028      
QSO:  3533 CW 2017-08-19 0728 LZ0DW         037 029       LZ0DD         023 030      
QSO:  3534 CW 2017-08-19 0729 LZ0DW         038 023       LZ0FZ         007 035      
QSO:  3518 CW 2017-08-19 0730 LZ0DW         039 007       LZ0AF         033 037      
QSO:  3540 CW 2017-08-19 0731 LZ0DW         040 033       LZ0DM         033 041      
QSO:  3531 CW 2017-08-19 0732 LZ0DW         041 033       LZ0DY         040 043      
QSO:  3528 CW 2017-08-19 0733 LZ0DW         042 040       LZ0FD         036 037      
QSO:  3545 CW 2017-08-19 0733 LZ0DW         043 036       LZ0FG         038 035      
QSO:  3537 CW 2017-08-19 0735 LZ0DW         044 038       LZ0AP         036 048      
QSO:  3534 CW 2017-08-19 0735 LZ0DW         045 036       LZ0DC         050 043      
QSO:  3532 CW 2017-08-19 0736 LZ0DW         046 050       LZ0AA         034 034      
QSO:  3530 CW 2017-08-19 0737 LZ0DW         047 034       LZ0DV         042 037      
QSO:  3525 CW 2017-08-19 0738 LZ0DW         048 042       LZ0FA         036 036      
QSO:  3527 CW 2017-08-19 0738 LZ0DW         049 036       LZ0DP         036 053      
QSO:  3522 CW 2017-08-19 0740 LZ0DW         050 036       LZ0AW         049 041      
QSO:  3517 CW 2017-08-19 0740 LZ0DW         051 049       LZ0DZ         052 042      
QSO:  3526 CW 2017-08-19 0741 LZ0DW         052 052       LZ0FJ         051 041      
QSO:  3511 CW 2017-08-19 0742 LZ0DW         053 051       LZ0DG         062 039      
QSO:  3550 CW 2017-08-19 0743 LZ0DW         054 062       LZ0DT         054 048      
QSO:  3533 CW 2017-08-19 0744 LZ0DW         055 054       LZ0AJ         053 059      
QSO:  3559 CW 2017-08-19 0746 LZ0DW         056 053       LZ0AY         051 052      
QSO:  3524 CW 2017-08-19 0748 LZ0DW         057 051       LZ0AC         054 046      
QSO:  3545 CW 2017-08-19 0748 LZ0DW         058 054       LZ0AX         052 065      
QSO:  3518 CW 2017-08-19 0749 LZ0DW         059 052       LZ0AK         052 055      
QSO:  3518 CW 2017-08-19 0749 LZ0DW         060 052       LZ0AR         046 059      
QSO:  3519 CW 2017-08-19 0751 LZ0DW         061 046       LZ0AN         066 057      
QSO:  3518 CW 2017-08-19 0753 LZ0DW         062 066       LZ0DL         072 053      
QSO:  3518 CW 2017-08-19 0753 LZ0DW         063 072       LZ0AM         066 051      
QSO:  3518 CW 2017-08-19 0754 LZ0DW         064 066       LZ0AT         073 069      
QSO:  3518 CW 2017-08-19 0754 LZ0DW         065 073       LZ0AL         054 061      
QSO:  3509 CW 2017-08-19 0756 LZ0DW         066 054       LZ0FX         032 042      
QSO:  3545 CW 2017-08-19 0757 LZ0DW         067 032       LZ0FY         061 068      
QSO:  3557 CW 2017-08-19 0757 LZ0DW         068 061       LZ0FC         057 058      
QSO:  3552 CW 2017-08-19 0758 LZ0DW         069 057       LZ0AG         065 057      
QSO:  3523 CW 2017-08-19 0758 LZ0DW         070 065       LZ0AV         061 064      
QSO:  3535 CW 2017-08-19 0759 LZ0DW         071 061       LZ0DR         061 060      
QSO:  3551 CW 2017-08-19 0800 LZ0DW         072 061       LZ0AU         034 072      
QSO:  3554 CW 2017-08-19 0801 LZ0DW         073 034       LZ0DJ         069 068      
QSO:  3540 CW 2017-08-19 0802 LZ0DW         074 069       LZ0DM         069 063      
QSO:  3531 CW 2017-08-19 0802 LZ0DW         075 069       LZ0DY         079 065      
QSO:  3528 CW 2017-08-19 0804 LZ0DW         076 079       LZ0FD         069 072      
QSO:  3520 CW 2017-08-19 0804 LZ0DW         077 069       LZ0FF         070 073      
QSO:  3537 CW 2017-08-19 0805 LZ0DW         078 070       LZ0AP         069 068      
QSO:  3518 CW 2017-08-19 0807 LZ0DW         079 069       LZ0FG         076 065      
QSO:  3518 CW 2017-08-19 0807 LZ0DW         080 076       LZ0DF         072 078      
QSO:  3527 CW 2017-08-19 0809 LZ0DW         081 072       LZ0DP         073 079      
QSO:  3522 CW 2017-08-19 0810 LZ0DW         082 073       LZ0AW         085 072      
QSO:  3534 CW 2017-08-19 0811 LZ0DW         083 085       LZ0DC         100 075      
QSO:  3525 CW 2017-08-19 0811 LZ0DW         084 100       LZ0FA         071 077      
QSO:  3517 CW 2017-08-19 0811 LZ0DW         085 071       LZ0DZ         087 050      
QSO:  3532 CW 2017-08-19 0812 LZ0DW         086 087       LZ0AA         074 051      
QSO:  3526 CW 2017-08-19 0812 LZ0DW         087 074       LZ0FJ         089 071      
QSO:  3542 CW 2017-08-19 0813 LZ0DW         088 089       LZ0AF         076 090      
QSO:  3511 CW 2017-08-19 0814 LZ0DW         089 076       LZ0DG         098 077      
QSO:  3533 CW 2017-08-19 0814 LZ0DW         090 098       LZ0AJ         093 079      
QSO:  3539 CW 2017-08-19 0815 LZ0DW         091 093       LZ0AD         074 093      
QSO:  3550 CW 2017-08-19 0815 LZ0DW         092 074       LZ0DT         086 077      
QSO:  3559 CW 2017-08-19 0816 LZ0DW         093 086       LZ0AY         081 092      
QSO:  3545 CW 2017-08-19 0818 LZ0DW         094 081       LZ0AX         086 084      
QSO:  3514 CW 2017-08-19 0819 LZ0DW         095 086       LZ0AR         079 027      
QSO:  3544 CW 2017-08-19 0821 LZ0DW         096 079       LZ0DN         087 022      
QSO:  3524 CW 2017-08-19 0821 LZ0DW         097 087       LZ0AC         092 102      
QSO:  3521 CW 2017-08-19 0822 LZ0DW         098 092       LZ0DU         023 086      
QSO:  3516 CW 2017-08-19 0823 LZ0DW         099 023       LZ0AM         100 102      
QSO:  3518 CW 2017-08-19 0824 LZ0DW         100 100       LZ0AN         106 087      
QSO:  3518 CW 2017-08-19 0824 LZ0DW         101 106       LZ0DL         102 101      
QSO:  3518 CW 2017-08-19 0825 LZ0DW         102 102       LZ0AT         107 099      
QSO:  3535 CW 2017-08-19 0827 LZ0DW         103 107       LZ0FZ         033 111      
QSO:  3547 CW 2017-08-19 0827 LZ0DW         104 033       LZ0AK         091 086      
QSO:  3533 CW 2017-08-19 0828 LZ0DW         105 091       LZ0DD         074 120      
QSO:  3520 CW 2017-08-19 0829 LZ0DW         106 074       LZ0FX         065 103      
QSO:  3523 CW 2017-08-19 0829 LZ0DW         107 065       LZ0AV         096 031      
QSO:  3552 CW 2017-08-19 0830 LZ0DW         108 096       LZ0AG         103 102      
QSO:  3545 CW 2017-08-19 0831 LZ0DW         109 103       LZ0FY         095 094      
QSO:  3530 CW 2017-08-19 0831 LZ0DW         110 095       LZ0DV         100 104      
QSO:  3554 CW 2017-08-19 0832 LZ0DW         111 100       LZ0DJ         106 106      
QSO:  3535 CW 2017-08-19 0833 LZ0DW         112 106       LZ0DR         095 079      
QSO:  3557 CW 2017-08-19 0834 LZ0DW         113 095       LZ0FC         092 109      
QSO:  3528 CW 2017-08-19 0834 LZ0DW         114 092       LZ0FD         105 108      
QSO:  3520 CW 2017-08-19 0835 LZ0DW         115 105       LZ0FF         106 109      
QSO:  3518 CW 2017-08-19 0836 LZ0DW         116 106       LZ0DY         117 110      
QSO:  3537 CW 2017-08-19 0837 LZ0DW         117 117       LZ0AP         096 108      
QSO:  3518 CW 2017-08-19 0838 LZ0DW         118 096       LZ0FG         113 093      
QSO:  3518 CW 2017-08-19 0838 LZ0DW         119 113       LZ0DK         068 093      
QSO:  3518 CW 2017-08-19 0838 LZ0DW         120 068       LZ0DF         107 118      
QSO:  3522 CW 2017-08-19 0841 LZ0DW         121 107       LZ0AW         121 109      
QSO:  3517 CW 2017-08-19 0841 LZ0DW         122 121       LZ0DZ         124 049      
QSO:  3525 CW 2017-08-19 0842 LZ0DW         123 124       LZ0FA         107 118      
QSO:  3526 CW 2017-08-19 0843 LZ0DW         124 107       LZ0FJ         125 111      
QSO:  3532 CW 2017-08-19 0843 LZ0DW         125 125       LZ0AA         105 097      
QSO:  3541 CW 2017-08-19 0844 LZ0DW         126 105       LZ0AF         113 127      
QSO:  3533 CW 2017-08-19 0844 LZ0DW         127 113       LZ0AJ         128 105      
QSO:  3555 CW 2017-08-19 0845 LZ0DW         128 128       LZ0AU         064 099      
QSO:  3550 CW 2017-08-19 0846 LZ0DW         129 064       LZ0DT         110 117      
QSO:  3559 CW 2017-08-19 0848 LZ0DW         130 110       LZ0AY         114 131      
QSO:  3529 CW 2017-08-19 0849 LZ0DW         131 114       LZ0AL         114 130      
QSO:  3527 CW 2017-08-19 0850 LZ0DW         132 114       LZ0DP         114 119      
QSO:  3545 CW 2017-08-19 0852 LZ0DW         133 114       LZ0AX         117 129      
QSO:  3555 CW 2017-08-19 0854 LZ0DW         134 117       LZ0DU         051 149      
QSO:  3519 CW 2017-08-19 0854 LZ0DW         135 051       LZ0AN         140 137      
QSO:  3511 CW 2017-08-19 0855 LZ0DW         136 140       LZ0DG         141 150      
QSO:  3514 CW 2017-08-19 0856 LZ0DW         137 141       LZ0AR         114 145      
QSO:  3516 CW 2017-08-19 0858 LZ0DW         138 114       LZ0AM         141 137      
QSO:  3540 CW 2017-08-19 0858 LZ0DW         139 141       LZ0DM         130 059      
QSO:  3544 CW 2017-08-19 0859 LZ0DW         140 130       LZ0DN         130 085      
QSO:  3523 CW 2017-08-19 0859 LZ0DW         141 130       LZ0AV         126 144      
QSO:  3524 CW 2017-08-19 0900 LZ0DW         142 126       LZ0AC         093 097      
QSO:  3518 CW 2017-08-19 0900 LZ0DW         143 093       LZ0DL         145 134      
QSO:  3552 CW 2017-08-19 0901 LZ0DW         144 145       LZ0AG         135 093      
QSO:  3545 CW 2017-08-19 0901 LZ0DW         145 135       LZ0FY         131 061      
QSO:  3530 CW 2017-08-19 0902 LZ0DW         146 131       LZ0DV         137 136      
QSO:  3537 CW 2017-08-19 0903 LZ0DW         147 137       LZ0FX         097 127      
QSO:  3554 CW 2017-08-19 0903 LZ0DW         148 097       LZ0DJ         145 143      
QSO:  3547 CW 2017-08-19 0904 LZ0DW         149 145       LZ0AK         133 144      
QSO:  3528 CW 2017-08-19 0904 LZ0DW         150 133       LZ0FD         140 139      
QSO:  3511 CW 2017-08-19 0905 LZ0DW         151 140       LZ0FZ         054 140      
QSO:  3535 CW 2017-08-19 0905 LZ0DW         152 054       LZ0DR         129 145      
QSO:  3520 CW 2017-08-19 0905 LZ0DW         153 129       LZ0FF         140 139      
QSO:  3518 CW 2017-08-19 0906 LZ0DW         154 140       LZ0AT         162 155      
QSO:  3537 CW 2017-08-19 0907 LZ0DW         155 162       LZ0AP         128 129      
QSO:  3512 CW 2017-08-19 0908 LZ0DW         156 128       LZ0DF         133 165      
QSO:  3545 CW 2017-08-19 0909 LZ0DW         157 133       LZ0FG         147 129      
QSO:  3557 CW 2017-08-19 0909 LZ0DW         158 147       LZ0FC         130 129      
QSO:  3521 CW 2017-08-19 0910 LZ0DW         159 130       LZ0DK         097 138      
QSO:  3518 CW 2017-08-19 0911 LZ0DW         160 097       LZ0DY         154 169      
QSO:  3517 CW 2017-08-19 0911 LZ0DW         161 154       LZ0DZ         162 153      
QSO:  3522 CW 2017-08-19 0912 LZ0DW         162 162       LZ0AW         159 144      
QSO:  3525 CW 2017-08-19 0913 LZ0DW         163 159       LZ0FA         141 155      
QSO:  3526 CW 2017-08-19 0913 LZ0DW         164 141       LZ0FJ         161 101      
QSO:  3536 CW 2017-08-19 0914 LZ0DW         165 161       LZ0DD         118 137      
QSO:  3532 CW 2017-08-19 0914 LZ0DW         166 118       LZ0AA         144 092      
QSO:  3533 CW 2017-08-19 0915 LZ0DW         167 144       LZ0AJ         165 140      
QSO:  3542 CW 2017-08-19 0915 LZ0DW         168 165       LZ0AF         153 153      
QSO:  3551 CW 2017-08-19 0916 LZ0DW         169 153       LZ0DT         140 154      
QSO:  3559 CW 2017-08-19 0918 LZ0DW         170 140       LZ0AY         147 157      
QSO:  3529 CW 2017-08-19 0919 LZ0DW         171 147       LZ0AL         145 073      
QSO:  3527 CW 2017-08-19 0921 LZ0DW         172 145       LZ0DP         147 150      
QSO:  3550 CW 2017-08-19 0923 LZ0DW         173 147       LZ0AU         083 068      
QSO:  3519 CW 2017-08-19 0924 LZ0DW         174 083       LZ0AN         178 151      
QSO:  3511 CW 2017-08-19 0926 LZ0DW         175 178       LZ0DG         176 152      
QSO:  3514 CW 2017-08-19 0926 LZ0DW         176 176       LZ0AR         152 172      
QSO:  3516 CW 2017-08-19 0928 LZ0DW         177 152       LZ0AM         181 175      
QSO:  3540 CW 2017-08-19 0929 LZ0DW         178 181       LZ0DM         166 171      
QSO:  3523 CW 2017-08-19 0929 LZ0DW         179 166       LZ0AV         161 183      
QSO:  3544 CW 2017-08-19 0930 LZ0DW         180 161       LZ0DN         166 159      
QSO:  3552 CW 2017-08-19 0931 LZ0DW         181 166       LZ0AG         174 180      
QSO:  3545 CW 2017-08-19 0932 LZ0DW         182 174       LZ0FY         169 086      
QSO:  3529 CW 2017-08-19 0933 LZ0DW         183 169       LZ0FX         124 187      
QSO:  3554 CW 2017-08-19 0933 LZ0DW         184 124       LZ0DJ         182 176      
QSO:  3528 CW 2017-08-19 0934 LZ0DW         185 182       LZ0FD         174 167      
QSO:  3511 CW 2017-08-19 0935 LZ0DW         186 174       LZ0FZ         074 177      
QSO:  3520 CW 2017-08-19 0936 LZ0DW         187 074       LZ0FF         180 175      
QSO:  3518 CW 2017-08-19 0937 LZ0DW         188 180       LZ0DC         201 176      
QSO:  3518 CW 2017-08-19 0937 LZ0DW         189 201       LZ0AT         200 194      
QSO:  3518 CW 2017-08-19 0937 LZ0DW         190 200       LZ0DR         161 090      
QSO:  3518 CW 2017-08-19 0938 LZ0DW         191 161       LZ0DL         073 091      
QSO:  3537 CW 2017-08-19 0939 LZ0DW         192 073       LZ0AP         163 169      
QSO:  3557 CW 2017-08-19 0940 LZ0DW         193 163       LZ0FC         165 093      
QSO:  3545 CW 2017-08-19 0940 LZ0DW         194 165       LZ0FG         184 163      
QSO:  3517 CW 2017-08-19 0942 LZ0DW         195 184       LZ0DZ         198 170      
QSO:  3522 CW 2017-08-19 0942 LZ0DW         196 198       LZ0AW         194 167      
QSO:  3518 CW 2017-08-19 0943 LZ0DW         197 194       LZ0AK         178 196      
QSO:  3518 CW 2017-08-19 0943 LZ0DW         198 178       LZ0DY         195 170      
QSO:  3525 CW 2017-08-19 0943 LZ0DW         199 195       LZ0FA         176 191      
QSO:  3526 CW 2017-08-19 0944 LZ0DW         200 176       LZ0FJ         201 097      
QSO:  3530 CW 2017-08-19 0944 LZ0DW         201 201       LZ0DV         188 193      
QSO:  3532 CW 2017-08-19 0945 LZ0DW         202 188       LZ0AA         178 189      
QSO:  3533 CW 2017-08-19 0946 LZ0DW         203 178       LZ0AJ         202 196      
QSO:  3541 CW 2017-08-19 0946 LZ0DW         204 202       LZ0AF         188 199      
QSO:  3550 CW 2017-08-19 0946 LZ0DW         205 188       LZ0DT         170 192      
QSO:  3559 CW 2017-08-19 0948 LZ0DW         206 170       LZ0AY         177 167      
QSO:  3518 CW 2017-08-19 0949 LZ0DW         207 177       LZ0DU         108 178      
QSO:  3527 CW 2017-08-19 0951 LZ0DW         208 108       LZ0DP         183 182      
QSO:  3519 CW 2017-08-19 0954 LZ0DW         209 183       LZ0AN         214 184      
QSO:  3514 CW 2017-08-19 0957 LZ0DW         210 214       LZ0AR         185 118      
QSO:  3511 CW 2017-08-19 0957 LZ0DW         211 185       LZ0DG         207 205      
QSO:  3527 CW 2017-08-19 0958 LZ0DW         212 207       LZ0AL         184 204      
QSO:  3516 CW 2017-08-19 0958 LZ0DW         213 184       LZ0AM         222 213      
QSO:  3512 CW 2017-08-19 1000 LZ0DW         214 222       LZ0DF         193 198      
QSO:  3523 CW 2017-08-19 1000 LZ0DW         215 193       LZ0AV         197 224      
QSO:  3552 CW 2017-08-19 1001 LZ0DW         216 197       LZ0AG         212 148      
QSO:  3540 CW 2017-08-19 1001 LZ0DW         217 212       LZ0DM         205 222      
QSO:  3545 CW 2017-08-19 1002 LZ0DW         218 205       LZ0FY         205 220      
QSO:  3535 CW 2017-08-19 1003 LZ0DW         219 205       LZ0AD         130 149      
QSO:  3554 CW 2017-08-19 1004 LZ0DW         220 130       LZ0DJ         219 214      
QSO:  3528 CW 2017-08-19 1004 LZ0DW         221 219       LZ0FD         210 212      
QSO:  3550 CW 2017-08-19 1005 LZ0DW         222 210       LZ0AU         104 147      
QSO:  3529 CW 2017-08-19 1007 LZ0DW         223 104       LZ0FX         154 232      
QSO:  3535 CW 2017-08-19 1007 LZ0DW         224 154       LZ0DR         188 133      
QSO:  3537 CW 2017-08-19 1010 LZ0DW         225 188       LZ0AP         197 196      
QSO:  3557 CW 2017-08-19 1011 LZ0DW         226 197       LZ0FC         200 236      
QSO:  3518 CW 2017-08-19 1012 LZ0DW         227 200       LZ0DC         248 211      
QSO:  3518 CW 2017-08-19 1012 LZ0DW         228 248       LZ0DX         127 236      
QSO:  3517 CW 2017-08-19 1012 LZ0DW         229 127       LZ0DZ         238 212      
QSO:  3522 CW 2017-08-19 1013 LZ0DW         230 238       LZ0AW         228 220      
QSO:  3545 CW 2017-08-19 1013 LZ0DW         231 228       LZ0FG         222 223      
QSO:  3562 CW 2017-08-19 1014 LZ0DW         232 222       LZ0FK         003 199      
QSO:  3530 CW 2017-08-19 1014 LZ0DW         233 003       LZ0DV         226 239      
QSO:  3525 CW 2017-08-19 1015 LZ0DW         234 226       LZ0FA         210 201      
QSO:  3547 CW 2017-08-19 1016 LZ0DW         235 210       LZ0AK         217 235      
QSO:  3541 CW 2017-08-19 1016 LZ0DW         236 217       LZ0AF         220 241      
QSO:  3533 CW 2017-08-19 1016 LZ0DW         237 220       LZ0AJ         242 234      
QSO:  3531 CW 2017-08-19 1017 LZ0DW         238 242       LZ0DY         237 210      
QSO:  3551 CW 2017-08-19 1018 LZ0DW         239 237       LZ0DT         206 230      
QSO:  3559 CW 2017-08-19 1018 LZ0DW         240 206       LZ0AY         212 132      
QSO:  3542 CW 2017-08-19 1019 LZ0DW         241 212       LZ0AT         249 199      
QSO:  3526 CW 2017-08-19 1019 LZ0DW         242 249       LZ0FJ         245 247      
QSO:  3532 CW 2017-08-19 1021 LZ0DW         243 245       LZ0AA         207 181      
QSO:  3518 CW 2017-08-19 1022 LZ0DW         244 207       LZ0DL         221 142      
QSO:  3518 CW 2017-08-19 1023 LZ0DW         245 221       LZ0DK         146 252      
QSO:  3518 CW 2017-08-19 1024 LZ0DW         246 146       LZ0DU         138 148      
QSO:  3518 CW 2017-08-19 1024 LZ0DW         247 138       LZ0AN         252 222      
QSO:  3527 CW 2017-08-19 1026 LZ0DW         248 252       LZ0DP         224 244      
QSO:  3520 CW 2017-08-19 1028 LZ0DW         249 224       LZ0FF         244 177      
QSO:  3516 CW 2017-08-19 1028 LZ0DW         250 244       LZ0AM         257 019      
QSO:  3511 CW 2017-08-19 1029 LZ0DW         251 257       LZ0DG         248 178      
QSO:  3544 CW 2017-08-19 1029 LZ0DW         252 248       LZ0DN         233 245      
QSO:  3545 CW 2017-08-19 1032 LZ0DW         253 233       LZ0FY         242 247      
QSO:  3540 CW 2017-08-19 1033 LZ0DW         254 242       LZ0DM         239 248      
QSO:  3535 CW 2017-08-19 1034 LZ0DW         255 239       LZ0AD         163 249      
QSO:  3514 CW 2017-08-19 1035 LZ0DW         256 163       LZ0AR         234 231      
QSO:  3528 CW 2017-08-19 1036 LZ0DW         257 234       LZ0FD         247 195      
QSO:  3552 CW 2017-08-19 1036 LZ0DW         258 247       LZ0AG         255 242      
QSO:  3523 CW 2017-08-19 1038 LZ0DW         259 255       LZ0FX         189 232      
QSO:  3512 CW 2017-08-19 1038 LZ0DW         260 189       LZ0DF         230 242      
QSO:  3518 CW 2017-08-19 1040 LZ0DW         261 230       LZ0AX         228 240      
QSO:  3537 CW 2017-08-19 1041 LZ0DW         262 228       LZ0AP         232 220      
QSO:  3557 CW 2017-08-19 1041 LZ0DW         263 232       LZ0FC         236 245      
QSO:  3554 CW 2017-08-19 1042 LZ0DW         264 236       LZ0DJ         264 203      
QSO:  3513 CW 2017-08-19 1042 LZ0DW         265 264       LZ0DX         158 274      
QSO:  3538 CW 2017-08-19 1042 LZ0DW         266 158       LZ0DD         204 263      
QSO:  3517 CW 2017-08-19 1043 LZ0DW         267 204       LZ0DZ         275 236      
QSO:  3522 CW 2017-08-19 1043 LZ0DW         268 275       LZ0AW         267 169      
QSO:  3545 CW 2017-08-19 1044 LZ0DW         269 267       LZ0FG         262 233      
QSO:  3530 CW 2017-08-19 1044 LZ0DW         270 262       LZ0DV         264 277      
QSO:  3527 CW 2017-08-19 1045 LZ0DW         271 264       LZ0AL         225 268      
QSO:  3533 CW 2017-08-19 1046 LZ0DW         272 225       LZ0AJ         282 239      
QSO:  3531 CW 2017-08-19 1047 LZ0DW         273 282       LZ0DY         277 255      
QSO:  3541 CW 2017-08-19 1047 LZ0DW         274 277       LZ0AF         259 279      
QSO:  3518 CW 2017-08-19 1049 LZ0DW         275 259       LZ0DT         238 271      
QSO:  3542 CW 2017-08-19 1049 LZ0DW         276 238       LZ0AT         287 251      
QSO:  3560 CW 2017-08-19 1050 LZ0DW         277 287       LZ0AY         244 285      
QSO:  3524 CW 2017-08-19 1051 LZ0DW         278 244       LZ0AC         167 297      
QSO:  3532 CW 2017-08-19 1052 LZ0DW         279 167       LZ0AA         242 290      
QSO:  3525 CW 2017-08-19 1053 LZ0DW         280 242       LZ0FA         253 299      
QSO:  3526 CW 2017-08-19 1053 LZ0DW         281 253       LZ0FJ         292 300      
QSO:  3518 CW 2017-08-19 1054 LZ0DW         282 292       LZ0DL         260 260      
QSO:  3518 CW 2017-08-19 1055 LZ0DW         283 260       LZ0AN         290 251      
QSO:  3518 CW 2017-08-19 1056 LZ0DW         284 290       LZ0DU         166 177      
QSO:  3518 CW 2017-08-19 1056 LZ0DW         285 166       LZ0DK         179 252      
QSO:  3534 CW 2017-08-19 1057 LZ0DW         286 179       LZ0DC         306 046      
QSO:  3539 CW 2017-08-19 1058 LZ0DW         287 306       LZ0FK         047 305      
QSO:  3520 CW 2017-08-19 1058 LZ0DW         288 047       LZ0FF         276 298      
QSO:  3544 CW 2017-08-19 1059 LZ0DW         290 289       LZ0DN         267 247      
QSO:  3511 CW 2017-08-19 1059 LZ0DW         289 276       LZ0DG         289 246      
END-OF-LOG:
