START-OF-LOG: 3.0
CREATED-BY: DXLog.net v2.3.14
CONTEST: LZ-HF-FIELD
CALLSIGN: LZ0DU
CATEGORY-OPERATOR: SINGLE-OP
CATEGORY-TRANSMITTER: ONE
CATEGORY-ASSISTED: NON-ASSISTED
CATEGORY-POWER: HIGH
CATEGORY-BAND: 80M
CATEGORY-MODE: CW
CLAIMED-SCORE: 336
CLUB: Russia
NAME: Дмитрий Жихарев RA9USU
ADDRESS: 
ADDRESS: 
ADDRESS: 
OPERATORS: 
SOAPBOX: 
QSO:  3516 CW  2017-08-19 0701 LZ0DU         001 000 LZ0DZ         002 001 
QSO:  3500 CW  2017-08-19 0705 LZ0DU         002 002 LZ0DM         002 001 
QSO:  3521 CW  2017-08-19 0712 LZ0DU         003 002 LZ0AW         019 015 
QSO:  3527 CW  2017-08-19 0712 LZ0DU         004 019 LZ0FD         018 017 
QSO:  3532 CW  2017-08-19 0713 LZ0DU         005 018 LZ0AJ         020 014 
QSO:  3536 CW  2017-08-19 0715 LZ0DU         006 020 LZ0AP         020 012 
QSO:  3533 CW  2017-08-19 0803 LZ0DU         007 020 LZ0DC         063 048 
QSO:  3526 CW  2017-08-19 0805 LZ0DU         008 063 LZ0DP         064 073 
QSO:  3513 CW  2017-08-19 0807 LZ0DU         009 064 LZ0DL         085 062 
QSO:  3510 CW  2017-08-19 0808 LZ0DU         010 085 LZ0DG         089 041 
QSO:  3522 CW  2017-08-19 0809 LZ0DU         011 089 LZ0AW         081 091 
QSO:  3524 CW  2017-08-19 0810 LZ0DU         012 081 LZ0FA         068 055 
QSO:  3525 CW  2017-08-19 0810 LZ0DU         013 068 LZ0FJ         085 082 
QSO:  3528 CW  2017-08-19 0810 LZ0DU         014 085 LZ0FD         077 083 
QSO:  3529 CW  2017-08-19 0811 LZ0DU         015 077 LZ0DV         079 079 
QSO:  3532 CW  2017-08-19 0812 LZ0DU         016 079 LZ0AJ         089 080 
QSO:  3539 CW  2017-08-19 0814 LZ0DU         017 089 LZ0DM         081 083 
QSO:  3542 CW  2017-08-19 0815 LZ0DU         018 081 LZ0AM         088 082 
QSO:  3515 CW  2017-08-19 0817 LZ0DU         019 088 LZ0AK         079 089 
QSO:  3515 CW  2017-08-19 0818 LZ0DU         020 079 LZ0AC         080 061 
QSO:  3557 CW  2017-08-19 0820 LZ0DU         021 080 LZ0FC         078 086 
QSO:  3543 CW  2017-08-19 0821 LZ0DU         022 078 LZ0DN         086 086 
QSO:  3520 CW  2017-08-19 0823 LZ0DU         023 086 LZ0DW         098 092 
QSO:  3520 CW  2017-08-19 0824 LZ0DU         024 098 LZ0DC         114 103 
QSO:  3519 CW  2017-08-19 0825 LZ0DU         025 114 LZ0FX         058 091 
QSO:  3512 CW  2017-08-19 0825 LZ0DU         026 058 LZ0DF         095 069 
QSO:  3553 CW  2017-08-19 0826 LZ0DU         027 095 LZ0DJ         097 088 
QSO:  3550 CW  2017-08-19 0826 LZ0DU         028 097 LZ0DT         091 091 
QSO:  3532 CW  2017-08-19 0827 LZ0DU         029 091 LZ0DD         072 061 
QSO:  3529 CW  2017-08-19 0828 LZ0DU         030 072 LZ0AL         093 099 
QSO:  3522 CW  2017-08-19 0829 LZ0DU         031 093 LZ0AV         095 093 
QSO:  3517 CW  2017-08-19 0830 LZ0DU         032 095 LZ0DZ         105 092 
QSO:  3528 CW  2017-08-19 0832 LZ0DU         033 105 LZ0DA         107 104 
QSO:  3534 CW  2017-08-19 0835 LZ0DU         034 107 LZ0DR         097 110 
QSO:  3514 CW  2017-08-19 0837 LZ0DU         035 097 LZ0AT         123 114 
QSO:  3544 CW  2017-08-19 0839 LZ0DU         036 123 LZ0AX         109 127 
QSO:  3528 CW  2017-08-19 0840 LZ0DU         037 109 LZ0DY         120 098 
QSO:  3519 CW  2017-08-19 0841 LZ0DU         038 120 LZ0FF         117 121 
QSO:  3554 CW  2017-08-19 0843 LZ0DU         039 117 LZ0AU         060 021 
QSO:  3528 CW  2017-08-19 0845 LZ0DU         040 060 LZ0AM         124 061 
QSO:  3528 CW  2017-08-19 0846 LZ0DU         041 124 LZ0DL         125 125 
QSO:  3514 CW  2017-08-19 0847 LZ0DU         042 125 LZ0AR         105 119 
QSO:  3521 CW  2017-08-19 0848 LZ0DU         043 105 LZ0AW         132 135 
QSO:  3524 CW  2017-08-19 0850 LZ0DU         044 132 LZ0FA         117 111 
QSO:  3525 CW  2017-08-19 0850 LZ0DU         045 117 LZ0FJ         133 124 
QSO:  3527 CW  2017-08-19 0851 LZ0DU         046 133 LZ0FD         126 124 
QSO:  3539 CW  2017-08-19 0852 LZ0DU         047 126 LZ0DM         120 135 
QSO:  3543 CW  2017-08-19 0853 LZ0DU         048 120 LZ0DN         121 118 
QSO:  3544 CW  2017-08-19 0853 LZ0DU         049 121 LZ0FG         129 110 
QSO:  3555 CW  2017-08-19 0854 LZ0DU         050 129 LZ0DC         149 121 
QSO:  3555 CW  2017-08-19 0855 LZ0DU         051 149 LZ0DW         134 117 
QSO:  3555 CW  2017-08-19 0855 LZ0DU         052 134 LZ0FY         117 138 
QSO:  3553 CW  2017-08-19 0856 LZ0DU         053 117 LZ0DJ         135 121 
QSO:  3549 CW  2017-08-19 0857 LZ0DU         054 135 LZ0DT         124 127 
QSO:  3536 CW  2017-08-19 0858 LZ0DU         055 124 LZ0AP         121 124 
QSO:  3519 CW  2017-08-19 0900 LZ0DU         056 121 LZ0AN         145 117 
QSO:  3559 CW  2017-08-19 0901 LZ0DU         057 145 LZ0AY         128 135 
QSO:  3556 CW  2017-08-19 0902 LZ0DU         058 128 LZ0FC         122 159 
QSO:  3536 CW  2017-08-19 0903 LZ0DU         059 122 LZ0FX         095 142 
QSO:  3533 CW  2017-08-19 0904 LZ0DU         060 095 LZ0AJ         149 106 
QSO:  3526 CW  2017-08-19 0904 LZ0DU         061 149 LZ0DP         126 090 
QSO:  3523 CW  2017-08-19 0905 LZ0DU         062 126 LZ0AC         104 139 
QSO:  3517 CW  2017-08-19 0906 LZ0DU         063 104 LZ0DZ         153 152 
QSO:  3512 CW  2017-08-19 0906 LZ0DU         064 153 LZ0DX         065 146 
QSO:  3510 CW  2017-08-19 0907 LZ0DU         065 065 LZ0FZ         055 151 
QSO:  3546 CW  2017-08-19 0909 LZ0DU         066 055 LZ0AK         140 157 
QSO:  3535 CW  2017-08-19 0911 LZ0DU         067 140 LZ0DD         113 131 
QSO:  3532 CW  2017-08-19 0911 LZ0DU         068 113 LZ0AA         134 153 
QSO:  3517 CW  2017-08-19 0913 LZ0DU         069 134 LZ0AD         089 163 
QSO:  3528 CW  2017-08-19 0916 LZ0DU         070 089 LZ0AM         164 143 
QSO:  3528 CW  2017-08-19 0917 LZ0DU         071 164 LZ0FF         158 167 
QSO:  3528 CW  2017-08-19 0918 LZ0DU         072 158 LZ0DA         163 134 
QSO:  3528 CW  2017-08-19 0919 LZ0DU         073 163 LZ0AL         144 165 
QSO:  3521 CW  2017-08-19 0920 LZ0DU         074 144 LZ0AW         169 143 
QSO:  3539 CW  2017-08-19 0923 LZ0DU         075 169 LZ0DM         159 166 
QSO:  3525 CW  2017-08-19 0923 LZ0DU         076 159 LZ0FJ         176 174 
QSO:  3524 CW  2017-08-19 0924 LZ0DU         077 176 LZ0FA         152 149 
QSO:  3510 CW  2017-08-19 0925 LZ0DU         078 152 LZ0DG         173 163 
QSO:  3544 CW  2017-08-19 0926 LZ0DU         079 173 LZ0FG         169 174 
QSO:  3544 CW  2017-08-19 0926 LZ0DU         080 169 LZ0DN         162 158 
QSO:  3542 CW  2017-08-19 0927 LZ0DU         081 162 LZ0AT         183 171 
QSO:  3527 CW  2017-08-19 0928 LZ0DU         082 183 LZ0FD         170 180 
QSO:  3512 CW  2017-08-19 0929 LZ0DU         083 170 LZ0DF         157 172 
QSO:  3553 CW  2017-08-19 0930 LZ0DU         084 157 LZ0DJ         179 157 
QSO:  3549 CW  2017-08-19 0931 LZ0DU         085 179 LZ0AU         087 157 
QSO:  3545 CW  2017-08-19 0932 LZ0DU         086 087 LZ0FY         168 167 
QSO:  3536 CW  2017-08-19 0933 LZ0DU         087 168 LZ0AP         157 158 
QSO:  3533 CW  2017-08-19 0934 LZ0DU         088 157 LZ0DC         199 156 
QSO:  3532 CW  2017-08-19 0934 LZ0DU         089 199 LZ0AJ         187 162 
QSO:  3531 CW  2017-08-19 0935 LZ0DU         090 187 LZ0DY         188 194 
QSO:  3528 CW  2017-08-19 0936 LZ0DU         091 188 LZ0FX         127 175 
QSO:  3516 CW  2017-08-19 0937 LZ0DU         092 127 LZ0DZ         193 160 
QSO:  3512 CW  2017-08-19 0937 LZ0DU         093 193 LZ0DX         092 172 
QSO:  3510 CW  2017-08-19 0938 LZ0DU         094 092 LZ0FZ         075 186 
QSO:  3550 CW  2017-08-19 0938 LZ0DU         095 075 LZ0DT         163 137 
QSO:  3534 CW  2017-08-19 0939 LZ0DU         096 163 LZ0DV         178 094 
QSO:  3534 CW  2017-08-19 0940 LZ0DU         097 178 LZ0AV         174 192 
QSO:  3534 CW  2017-08-19 0940 LZ0DU         098 174 LZ0AN         194 092 
QSO:  3534 CW  2017-08-19 0940 LZ0DU         099 194 LZ0AK         174 163 
QSO:  3534 CW  2017-08-19 0941 LZ0DU         100 174 LZ0DD         141 172 
QSO:  3534 CW  2017-08-19 0942 LZ0DU         101 141 LZ0DR         162 190 
QSO:  3534 CW  2017-08-19 0942 LZ0DU         102 162 LZ0DL         180 195 
QSO:  3531 CW  2017-08-19 0943 LZ0DU         103 180 LZ0AA         171 194 
QSO:  3526 CW  2017-08-19 0944 LZ0DU         104 171 LZ0DP         171 180 
QSO:  3559 CW  2017-08-19 0946 LZ0DU         105 171 LZ0AY         175 197 
QSO:  3534 CW  2017-08-19 0947 LZ0DU         106 175 LZ0AM         205 183 
QSO:  3534 CW  2017-08-19 0948 LZ0DU         107 205 LZ0AR         178 201 
QSO:  3517 CW  2017-08-19 0950 LZ0DU         108 178 LZ0DW         207 177 
QSO:  3543 CW  2017-08-19 0952 LZ0DU         109 207 LZ0DK         119 223 
QSO:  3543 CW  2017-08-19 0952 LZ0DU         110 119 LZ0DA         204 196 
QSO:  3540 CW  2017-08-19 0953 LZ0DU         111 204 LZ0DM         195 210 
QSO:  3556 CW  2017-08-19 0958 LZ0DU         112 195 LZ0FF         206 183 
QSO:  3556 CW  2017-08-19 0959 LZ0DU         113 206 LZ0FC         185 177 
QSO:  3551 CW  2017-08-19 1000 LZ0DU         114 185 LZ0AG         209 197 
QSO:  3539 CW  2017-08-19 1002 LZ0DU         115 209 LZ0FJ         226 221 
QSO:  3518 CW  2017-08-19 1003 LZ0DU         116 226 LZ0AX         192 209 
QSO:  3518 CW  2017-08-19 1003 LZ0DU         117 192 LZ0AT         229 210 
QSO:  3545 CW  2017-08-19 1008 LZ0DU         118 229 LZ0FY         209 189 
QSO:  3536 CW  2017-08-19 1009 LZ0DU         119 209 LZ0AP         193 106 
QSO:  3529 CW  2017-08-19 1011 LZ0DU         120 193 LZ0FX         163 210 
QSO:  3527 CW  2017-08-19 1012 LZ0DU         121 163 LZ0FD         215 224 
QSO:  3527 CW  2017-08-19 1012 LZ0DU         122 215 LZ0AL         195 220 
QSO:  3525 CW  2017-08-19 1013 LZ0DU         123 195 LZ0FA         205 227 
QSO:  3522 CW  2017-08-19 1013 LZ0DU         124 205 LZ0AV         214 212 
QSO:  3517 CW  2017-08-19 1014 LZ0DU         125 214 LZ0DZ         239 229 
QSO:  3510 CW  2017-08-19 1015 LZ0DU         126 239 LZ0DG         232 128 
QSO:  3561 CW  2017-08-19 1015 LZ0DU         127 232 LZ0FK         004 232 
QSO:  3543 CW  2017-08-19 1016 LZ0DU         128 004 LZ0DN         217 195 
QSO:  3535 CW  2017-08-19 1017 LZ0DU         129 217 LZ0DR         194 239 
QSO:  3534 CW  2017-08-19 1017 LZ0DU         130 194 LZ0AD         139 196 
QSO:  3533 CW  2017-08-19 1018 LZ0DU         131 139 LZ0DC         256 197 
QSO:  3532 CW  2017-08-19 1018 LZ0DU         132 256 LZ0AJ         245 198 
QSO:  3531 CW  2017-08-19 1019 LZ0DU         133 245 LZ0DY         238 238 
QSO:  3559 CW  2017-08-19 1021 LZ0DU         134 238 LZ0AY         215 241 
QSO:  3550 CW  2017-08-19 1022 LZ0DU         135 215 LZ0DT         210 221 
QSO:  3549 CW  2017-08-19 1022 LZ0DU         136 210 LZ0AU         119 225 
QSO:  3523 CW  2017-08-19 1024 LZ0DU         137 119 LZ0AC         148 238 
QSO:  3521 CW  2017-08-19 1025 LZ0DU         138 148 LZ0DW         246 146 
QSO:  3521 CW  2017-08-19 1025 LZ0DU         139 246 LZ0DK         148 225 
QSO:  3518 CW  2017-08-19 1027 LZ0DU         140 148 LZ0DM         228 137 
QSO:  3551 CW  2017-08-19 1029 LZ0DU         141 228 LZ0AW         250 199 
QSO:  3526 CW  2017-08-19 1030 LZ0DU         142 250 LZ0DP         230 259 
QSO:  3519 CW  2017-08-19 1031 LZ0DU         143 230 LZ0FF         248 261 
QSO:  3509 CW  2017-08-19 1033 LZ0DU         144 248 LZ0FC         224 219 
QSO:  3517 CW  2017-08-19 1036 LZ0DU         145 224 LZ0DJ         253 262 
QSO:  3518 CW  2017-08-19 1036 LZ0DU         146 253 LZ0AK         236 147 
QSO:  3517 CW  2017-08-19 1037 LZ0DU         147 236 LZ0AX         225 258 
QSO:  3518 CW  2017-08-19 1037 LZ0DU         148 225 LZ0FG         254 225 
QSO:  3514 CW  2017-08-19 1038 LZ0DU         149 254 LZ0AR         237 198 
QSO:  3512 CW  2017-08-19 1039 LZ0DU         150 237 LZ0AP         229 128 
QSO:  3512 CW  2017-08-19 1040 LZ0DU         151 229 LZ0DF         233 241 
QSO:  3555 CW  2017-08-19 1043 LZ0DU         152 233 LZ0AA         230 221 
QSO:  3529 CW  2017-08-19 1044 LZ0DU         153 230 LZ0FA         242 248 
QSO:  3529 CW  2017-08-19 1045 LZ0DU         154 242 LZ0AV         253 249 
QSO:  3522 CW  2017-08-19 1046 LZ0DU         155 253 LZ0DV         266 254 
QSO:  3516 CW  2017-08-19 1047 LZ0DU         156 266 LZ0FD         257 271 
QSO:  3539 CW  2017-08-19 1048 LZ0DU         157 257 LZ0DZ         283 266 
QSO:  3539 CW  2017-08-19 1049 LZ0DU         158 283 LZ0DG         276 133 
QSO:  3554 CW  2017-08-19 1049 LZ0DU         159 276 LZ0DX         165 236 
QSO:  3535 CW  2017-08-19 1050 LZ0DU         160 165 LZ0FX         200 258 
QSO:  3535 CW  2017-08-19 1051 LZ0DU         161 200 LZ0DL         254 278 
QSO:  3535 CW  2017-08-19 1053 LZ0DU         162 254 LZ0DR         225 291 
QSO:  3514 CW  2017-08-19 1054 LZ0DU         163 225 LZ0DT         246 282 
QSO:  3511 CW  2017-08-19 1055 LZ0DU         164 246 LZ0AT         296 280 
QSO:  3509 CW  2017-08-19 1055 LZ0DU         165 296 LZ0AD         177 216 
QSO:  3509 CW  2017-08-19 1057 LZ0DU         166 177 LZ0DW         284 290 
QSO:  3553 CW  2017-08-19 1058 LZ0DU         167 284 LZ0DM         267 170 
QSO:  3538 CW  2017-08-19 1059 LZ0DU         168 267 LZ0AU         142 274 
QSO:  3538 CW  2017-08-19 1059 LZ0DU         169 142 LZ0FY         275 286 
END-OF-LOG:
