START-OF-LOG: 2.0 
CALLSIGN: LZ0DY
CLUB: Ukrainå
CONTEST: LZ-OPEN
CATEGORY: SINGLE-OP- NON ASSISTED ALL QRP CW
CLAIMED-SCORE: 288
OPERATORS: US2YW
NAME: Âÿ÷åñëàâ Æóê  US2YW
ADDRESS: p.o. box 21
ADDRESS: Chernivtsi,  58013
ADDRESS: BULGARIA
CREATED-BY: N1MM Logger+ 1.0.6666.0
QSO:  3531 CW 2017-08-19 0700 LZ0DY         001 000       LZ0AX         001 000      
QSO:  3531 CW 2017-08-19 0700 LZ0DY         002 001       LZ0DA         001 000      
QSO:  3531 CW 2017-08-19 0700 LZ0DY         003 001       LZ0AN         003 001      
QSO:  3531 CW 2017-08-19 0701 LZ0DY         004 003       LZ0FJ         001 000      
QSO:  3531 CW 2017-08-19 0701 LZ0DY         005 001       LZ0AT         004 002      
QSO:  3532 CW 2017-08-19 0702 LZ0DY         006 004       LZ0AA         002 005      
QSO:  3537 CW 2017-08-19 0703 LZ0DY         007 002       LZ0AP         004 005      
QSO:  3545 CW 2017-08-19 0703 LZ0DY         008 004       LZ0FY         001 000      
QSO:  3550 CW 2017-08-19 0704 LZ0DY         009 001       LZ0DT         005 005      
QSO:  3520 CW 2017-08-19 0704 LZ0DY         010 005       LZ0FF         012 004      
QSO:  3522 CW 2017-08-19 0704 LZ0DY         011 012       LZ0AW         007 005      
QSO:  3530 CW 2017-08-19 0705 LZ0DY         012 007       LZ0DV         007 006      
QSO:  3531 CW 2017-08-19 0706 LZ0DY         013 007       LZ0FD         008 008      
QSO:  3525 CW 2017-08-19 0707 LZ0DY         014 008       LZ0FA         006 006      
QSO:  3531 CW 2017-08-19 0708 LZ0DY         015 006       LZ0AG         009 013      
QSO:  3531 CW 2017-08-19 0709 LZ0DY         016 009       LZ0DN         010 014      
QSO:  3531 CW 2017-08-19 0709 LZ0DY         017 010       LZ0DJ         015 015      
QSO:  3531 CW 2017-08-19 0710 LZ0DY         018 015       LZ0AD         012 016      
QSO:  3533 CW 2017-08-19 0711 LZ0DY         019 012       LZ0AJ         016 011      
QSO:  3542 CW 2017-08-19 0711 LZ0DY         020 016       LZ0AF         014 013      
QSO:  3540 CW 2017-08-19 0712 LZ0DY         021 014       LZ0DM         014 017      
QSO:  3531 CW 2017-08-19 0714 LZ0DY         022 014       LZ0DD         002 006      
QSO:  3527 CW 2017-08-19 0716 LZ0DY         023 002       LZ0DP         023 021      
QSO:  3524 CW 2017-08-19 0716 LZ0DY         024 023       LZ0AC         011 017      
QSO:  3517 CW 2017-08-19 0717 LZ0DY         025 011       LZ0DZ         026 024      
QSO:  3513 CW 2017-08-19 0717 LZ0DY         026 026       LZ0DF         023 017      
QSO:  3509 CW 2017-08-19 0718 LZ0DY         027 023       LZ0FX         011 021      
QSO:  3557 CW 2017-08-19 0719 LZ0DY         028 011       LZ0FC         020 028      
QSO:  3559 CW 2017-08-19 0720 LZ0DY         029 020       LZ0AY         025 015      
QSO:  3555 CW 2017-08-19 0721 LZ0DY         030 025       LZ0AU         022 039      
QSO:  3545 CW 2017-08-19 0721 LZ0DY         031 022       LZ0FG         028 021      
QSO:  3534 CW 2017-08-19 0723 LZ0DY         032 028       LZ0DC         037 022      
QSO:  3529 CW 2017-08-19 0724 LZ0DY         033 037       LZ0AL         025 036      
QSO:  3523 CW 2017-08-19 0724 LZ0DY         034 025       LZ0AV         024 029      
QSO:  3514 CW 2017-08-19 0727 LZ0DY         035 024       LZ0AR         025 030      
QSO:  3519 CW 2017-08-19 0730 LZ0DY         036 025       LZ0AN         039 034      
QSO:  3531 CW 2017-08-19 0731 LZ0DY         037 039       LZ0DA         035 033      
QSO:  3531 CW 2017-08-19 0731 LZ0DY         038 035       LZ0FJ         035 020      
QSO:  3531 CW 2017-08-19 0732 LZ0DY         039 035       LZ0AT         043 036      
QSO:  3531 CW 2017-08-19 0732 LZ0DY         040 043       LZ0DW         041 033      
QSO:  3531 CW 2017-08-19 0733 LZ0DY         041 041       LZ0DL         043 037      
QSO:  3532 CW 2017-08-19 0734 LZ0DY         042 043       LZ0AA         028 044      
QSO:  3545 CW 2017-08-19 0734 LZ0DY         043 028       LZ0FY         034 035      
QSO:  3522 CW 2017-08-19 0734 LZ0DY         044 034       LZ0AW         038 044      
QSO:  3528 CW 2017-08-19 0736 LZ0DY         045 038       LZ0FD         039 040      
QSO:  3511 CW 2017-08-19 0737 LZ0DY         046 039       LZ0DG         054 038      
QSO:  3520 CW 2017-08-19 0737 LZ0DY         047 054       LZ0FF         044 041      
QSO:  3530 CW 2017-08-19 0738 LZ0DY         048 044       LZ0DV         044 044      
QSO:  3550 CW 2017-08-19 0740 LZ0DY         049 044       LZ0DT         050 041      
QSO:  3531 CW 2017-08-19 0741 LZ0DY         050 050       LZ0AG         045 046      
QSO:  3531 CW 2017-08-19 0742 LZ0DY         051 045       LZ0DJ         047 047      
QSO:  3531 CW 2017-08-19 0743 LZ0DY         052 047       LZ0AD         050 044      
QSO:  3531 CW 2017-08-19 0743 LZ0DY         053 050       LZ0DX         028 051      
QSO:  3531 CW 2017-08-19 0744 LZ0DY         054 028       LZ0DD         033 043      
QSO:  3531 CW 2017-08-19 0744 LZ0DY         055 033       LZ0DN         047 051      
QSO:  3533 CW 2017-08-19 0745 LZ0DY         056 047       LZ0AJ         057 046      
QSO:  3540 CW 2017-08-19 0746 LZ0DY         057 057       LZ0DM         048 060      
QSO:  3537 CW 2017-08-19 0747 LZ0DY         058 048       LZ0AP         054 047      
QSO:  3517 CW 2017-08-19 0748 LZ0DY         059 054       LZ0DZ         063 057      
QSO:  3513 CW 2017-08-19 0748 LZ0DY         060 063       LZ0DF         055 058      
QSO:  3525 CW 2017-08-19 0749 LZ0DY         061 055       LZ0FA         054 062      
QSO:  3524 CW 2017-08-19 0750 LZ0DY         062 054       LZ0AC         058 057      
QSO:  3516 CW 2017-08-19 0750 LZ0DY         063 058       LZ0AM         060 053      
QSO:  3527 CW 2017-08-19 0751 LZ0DY         064 060       LZ0DP         050 051      
QSO:  3535 CW 2017-08-19 0752 LZ0DY         065 050       LZ0DR         054 048      
QSO:  3545 CW 2017-08-19 0753 LZ0DY         066 054       LZ0FG         063 055      
QSO:  3559 CW 2017-08-19 0754 LZ0DY         067 063       LZ0AY         059 068      
QSO:  3551 CW 2017-08-19 0754 LZ0DY         068 059       LZ0AU         031 056      
QSO:  3542 CW 2017-08-19 0756 LZ0DY         069 031       LZ0AF         060 076      
QSO:  3523 CW 2017-08-19 0756 LZ0DY         070 060       LZ0AV         059 068      
QSO:  3509 CW 2017-08-19 0757 LZ0DY         071 059       LZ0FX         033 066      
QSO:  3546 CW 2017-08-19 0757 LZ0DY         072 033       LZ0AX         064 070      
QSO:  3557 CW 2017-08-19 0758 LZ0DY         073 064       LZ0FC         058 068      
QSO:  3514 CW 2017-08-19 0758 LZ0DY         074 058       LZ0AR         061 065      
QSO:  3547 CW 2017-08-19 0800 LZ0DY         075 061       LZ0AK         066 046      
QSO:  3531 CW 2017-08-19 0801 LZ0DY         076 066       LZ0DC         082 067      
QSO:  3531 CW 2017-08-19 0801 LZ0DY         077 082       LZ0DA         069 068      
QSO:  3531 CW 2017-08-19 0802 LZ0DY         078 069       LZ0AL         065 075      
QSO:  3531 CW 2017-08-19 0802 LZ0DY         079 065       LZ0DW         075 069      
QSO:  3531 CW 2017-08-19 0802 LZ0DY         080 075       LZ0AT         082 054      
QSO:  3531 CW 2017-08-19 0804 LZ0DY         081 082       LZ0FJ         079 067      
QSO:  3522 CW 2017-08-19 0805 LZ0DY         082 079       LZ0AW         073 084      
QSO:  3545 CW 2017-08-19 0807 LZ0DY         083 073       LZ0FY         069 082      
QSO:  3528 CW 2017-08-19 0808 LZ0DY         084 069       LZ0FD         073 068      
QSO:  3530 CW 2017-08-19 0809 LZ0DY         085 073       LZ0DV         077 075      
QSO:  3532 CW 2017-08-19 0809 LZ0DY         086 077       LZ0AA         071 078      
QSO:  3520 CW 2017-08-19 0811 LZ0DY         087 071       LZ0FF         081 043      
QSO:  3511 CW 2017-08-19 0811 LZ0DY         088 081       LZ0DG         095 075      
QSO:  3531 CW 2017-08-19 0812 LZ0DY         089 095       LZ0DJ         086 080      
QSO:  3531 CW 2017-08-19 0813 LZ0DY         090 086       LZ0AG         085 077      
QSO:  3531 CW 2017-08-19 0813 LZ0DY         091 085       LZ0DT         084 088      
QSO:  3531 CW 2017-08-19 0815 LZ0DY         092 084       LZ0DN         079 085      
QSO:  3531 CW 2017-08-19 0815 LZ0DY         093 079       LZ0DD         059 079      
QSO:  3533 CW 2017-08-19 0816 LZ0DY         094 059       LZ0AJ         095 078      
QSO:  3540 CW 2017-08-19 0817 LZ0DY         095 095       LZ0DM         087 087      
QSO:  3537 CW 2017-08-19 0818 LZ0DY         096 087       LZ0AP         086 081      
QSO:  3519 CW 2017-08-19 0818 LZ0DY         097 086       LZ0AN         098 084      
QSO:  3517 CW 2017-08-19 0819 LZ0DY         098 098       LZ0DZ         099 090      
QSO:  3513 CW 2017-08-19 0819 LZ0DY         099 099       LZ0DF         089 093      
QSO:  3527 CW 2017-08-19 0822 LZ0DY         100 089       LZ0DP         085 099      
QSO:  3525 CW 2017-08-19 0823 LZ0DY         101 085       LZ0FA         088 092      
QSO:  3516 CW 2017-08-19 0823 LZ0DY         102 088       LZ0AM         099 090      
QSO:  3535 CW 2017-08-19 0824 LZ0DY         103 099       LZ0DR         088 089      
QSO:  3531 CW 2017-08-19 0826 LZ0DY         104 088       LZ0AV         092 058      
QSO:  3520 CW 2017-08-19 0828 LZ0DY         105 092       LZ0FX         063 119      
QSO:  3514 CW 2017-08-19 0829 LZ0DY         106 063       LZ0AR         091 097      
QSO:  3542 CW 2017-08-19 0829 LZ0DY         107 091       LZ0AF         097 088      
QSO:  3545 CW 2017-08-19 0830 LZ0DY         108 097       LZ0AX         099 095      
QSO:  3559 CW 2017-08-19 0831 LZ0DY         109 099       LZ0AY         096 098      
QSO:  3557 CW 2017-08-19 0831 LZ0DY         110 096       LZ0FC         089 096      
QSO:  3547 CW 2017-08-19 0831 LZ0DY         111 089       LZ0AK         097 105      
QSO:  3545 CW 2017-08-19 0832 LZ0DY         112 097       LZ0FG         107 105      
QSO:  3531 CW 2017-08-19 0833 LZ0DY         113 107       LZ0DA         109 093      
QSO:  3531 CW 2017-08-19 0834 LZ0DY         114 109       LZ0AT         119 103      
QSO:  3531 CW 2017-08-19 0834 LZ0DY         115 119       LZ0FJ         117 099      
QSO:  3522 CW 2017-08-19 0836 LZ0DY         116 117       LZ0AW         110 100      
QSO:  3518 CW 2017-08-19 0836 LZ0DY         117 110       LZ0DW         116 106      
QSO:  3534 CW 2017-08-19 0837 LZ0DY         118 116       LZ0DC         126 103      
QSO:  3532 CW 2017-08-19 0839 LZ0DY         119 126       LZ0AA         098 114      
QSO:  3529 CW 2017-08-19 0840 LZ0DY         120 098       LZ0DU         037 109      
QSO:  3528 CW 2017-08-19 0840 LZ0DY         121 037       LZ0FD         109 105      
QSO:  3530 CW 2017-08-19 0840 LZ0DY         122 109       LZ0DV         108 097      
QSO:  3555 CW 2017-08-19 0841 LZ0DY         123 108       LZ0AU         059 102      
QSO:  3531 CW 2017-08-19 0843 LZ0DY         124 059       LZ0DJ         122 112      
QSO:  3531 CW 2017-08-19 0843 LZ0DY         125 122       LZ0AL         106 126      
QSO:  3531 CW 2017-08-19 0844 LZ0DY         126 106       LZ0AG         117 106      
QSO:  3531 CW 2017-08-19 0845 LZ0DY         127 117       LZ0DT         108 115      
QSO:  3531 CW 2017-08-19 0846 LZ0DY         128 108       LZ0DD         092 109      
QSO:  3531 CW 2017-08-19 0846 LZ0DY         129 092       LZ0DL         127 082      
QSO:  3531 CW 2017-08-19 0846 LZ0DY         130 127       LZ0DN         116 121      
QSO:  3520 CW 2017-08-19 0848 LZ0DY         131 116       LZ0FF         125 132      
QSO:  3533 CW 2017-08-19 0848 LZ0DY         132 125       LZ0AJ         133 041      
QSO:  3537 CW 2017-08-19 0849 LZ0DY         133 133       LZ0AP         113 114      
QSO:  3517 CW 2017-08-19 0850 LZ0DY         134 113       LZ0DZ         135 134      
QSO:  3540 CW 2017-08-19 0850 LZ0DY         135 135       LZ0DM         119 112      
QSO:  3512 CW 2017-08-19 0851 LZ0DY         136 119       LZ0DF         116 073      
QSO:  3527 CW 2017-08-19 0853 LZ0DY         137 116       LZ0DP         116 132      
QSO:  3525 CW 2017-08-19 0853 LZ0DY         138 116       LZ0FA         120 122      
QSO:  3511 CW 2017-08-19 0854 LZ0DY         139 120       LZ0DG         139 116      
QSO:  3516 CW 2017-08-19 0854 LZ0DY         140 139       LZ0AM         136 121      
QSO:  3519 CW 2017-08-19 0855 LZ0DY         141 136       LZ0AN         141 135      
QSO:  3545 CW 2017-08-19 0856 LZ0DY         142 141       LZ0FY         121 136      
QSO:  3535 CW 2017-08-19 0857 LZ0DY         143 121       LZ0DR         123 121      
QSO:  3531 CW 2017-08-19 0858 LZ0DY         144 123       LZ0AV         125 144      
QSO:  3559 CW 2017-08-19 0902 LZ0DY         145 125       LZ0AY         130 146      
QSO:  3531 CW 2017-08-19 0903 LZ0DY         146 130       LZ0AX         133 131      
QSO:  3531 CW 2017-08-19 0904 LZ0DY         147 133       LZ0DK         091 125      
QSO:  3531 CW 2017-08-19 0904 LZ0DY         148 091       LZ0AT         158 135      
QSO:  3522 CW 2017-08-19 0907 LZ0DY         149 158       LZ0AW         149 130      
QSO:  3547 CW 2017-08-19 0908 LZ0DY         150 149       LZ0AK         138 127      
QSO:  3514 CW 2017-08-19 0908 LZ0DY         151 138       LZ0AR         136 130      
QSO:  3524 CW 2017-08-19 0909 LZ0DY         152 136       LZ0AC         110 095      
QSO:  3534 CW 2017-08-19 0910 LZ0DY         153 110       LZ0DC         169 156      
QSO:  3518 CW 2017-08-19 0911 LZ0DY         154 169       LZ0DW         160 097      
QSO:  3528 CW 2017-08-19 0911 LZ0DY         155 160       LZ0FD         146 101      
QSO:  3530 CW 2017-08-19 0911 LZ0DY         156 146       LZ0DV         145 154      
QSO:  3532 CW 2017-08-19 0912 LZ0DY         157 145       LZ0AA         138 117      
QSO:  3542 CW 2017-08-19 0915 LZ0DY         158 138       LZ0AF         151 146      
QSO:  3531 CW 2017-08-19 0916 LZ0DY         159 151       LZ0AD         095 138      
QSO:  3531 CW 2017-08-19 0916 LZ0DY         160 095       LZ0AL         140 167      
QSO:  3531 CW 2017-08-19 0916 LZ0DY         161 140       LZ0AG         157 143      
QSO:  3511 CW 2017-08-19 0917 LZ0DY         162 157       LZ0FZ         061 142      
QSO:  3520 CW 2017-08-19 0919 LZ0DY         163 061       LZ0FF         163 150      
QSO:  3533 CW 2017-08-19 0919 LZ0DY         164 163       LZ0AJ         170 151      
QSO:  3537 CW 2017-08-19 0919 LZ0DY         165 170       LZ0AP         145 165      
QSO:  3540 CW 2017-08-19 0920 LZ0DY         166 145       LZ0DM         158 145      
QSO:  3544 CW 2017-08-19 0921 LZ0DY         167 158       LZ0DN         153 156      
QSO:  3550 CW 2017-08-19 0922 LZ0DY         168 153       LZ0AU         082 162      
QSO:  3550 CW 2017-08-19 0923 LZ0DY         169 082       LZ0DT         149 148      
QSO:  3554 CW 2017-08-19 0923 LZ0DY         170 149       LZ0DJ         171 126      
QSO:  3557 CW 2017-08-19 0923 LZ0DY         171 171       LZ0FC         147 174      
QSO:  3525 CW 2017-08-19 0924 LZ0DY         172 147       LZ0FA         153 077      
QSO:  3527 CW 2017-08-19 0924 LZ0DY         173 153       LZ0DP         153 149      
QSO:  3545 CW 2017-08-19 0925 LZ0DY         174 153       LZ0FG         168 084      
QSO:  3517 CW 2017-08-19 0925 LZ0DY         175 168       LZ0DZ         179 166      
QSO:  3512 CW 2017-08-19 0926 LZ0DY         176 179       LZ0DF         153 170      
QSO:  3511 CW 2017-08-19 0926 LZ0DY         177 153       LZ0DG         178 157      
QSO:  3516 CW 2017-08-19 0927 LZ0DY         178 178       LZ0AM         178 180      
QSO:  3531 CW 2017-08-19 0927 LZ0DY         179 178       LZ0DA         174 158      
QSO:  3531 CW 2017-08-19 0928 LZ0DY         180 174       LZ0FJ         182 129      
QSO:  3531 CW 2017-08-19 0928 LZ0DY         181 182       LZ0AV         159 161      
QSO:  3531 CW 2017-08-19 0929 LZ0DY         182 159       LZ0AN         184 154      
QSO:  3529 CW 2017-08-19 0930 LZ0DY         183 184       LZ0FX         121 182      
QSO:  3545 CW 2017-08-19 0930 LZ0DY         184 121       LZ0FY         165 162      
QSO:  3535 CW 2017-08-19 0931 LZ0DY         185 165       LZ0DR         157 183      
QSO:  3555 CW 2017-08-19 0932 LZ0DY         186 157       LZ0DX         087 160      
QSO:  3531 CW 2017-08-19 0934 LZ0DY         187 087       LZ0AT         194 163      
QSO:  3531 CW 2017-08-19 0935 LZ0DY         188 194       LZ0DU         090 187      
QSO:  3531 CW 2017-08-19 0935 LZ0DY         189 090       LZ0AX         165 164      
QSO:  3514 CW 2017-08-19 0938 LZ0DY         190 165       LZ0AR         173 191      
QSO:  3522 CW 2017-08-19 0938 LZ0DY         191 173       LZ0AW         189 187      
QSO:  3534 CW 2017-08-19 0940 LZ0DY         192 189       LZ0DC         207 196      
QSO:  3530 CW 2017-08-19 0942 LZ0DY         193 207       LZ0DV         183 196      
QSO:  3532 CW 2017-08-19 0942 LZ0DY         194 183       LZ0AA         170 181      
QSO:  3518 CW 2017-08-19 0943 LZ0DY         195 170       LZ0DW         198 178      
QSO:  3528 CW 2017-08-19 0943 LZ0DY         196 198       LZ0FD         183 133      
QSO:  3559 CW 2017-08-19 0944 LZ0DY         197 183       LZ0AY         174 193      
QSO:  3547 CW 2017-08-19 0945 LZ0DY         198 174       LZ0AK         180 081      
QSO:  3542 CW 2017-08-19 0946 LZ0DY         199 180       LZ0AF         187 190      
QSO:  3531 CW 2017-08-19 0947 LZ0DY         200 187       LZ0AG         192 213      
QSO:  3531 CW 2017-08-19 0948 LZ0DY         201 192       LZ0AL         173 195      
QSO:  3533 CW 2017-08-19 0950 LZ0DY         202 173       LZ0AJ         209 104      
QSO:  3540 CW 2017-08-19 0950 LZ0DY         203 209       LZ0DM         190 181      
QSO:  3537 CW 2017-08-19 0951 LZ0DY         204 190       LZ0AP         180 188      
QSO:  3511 CW 2017-08-19 0952 LZ0DY         205 180       LZ0FZ         084 198      
QSO:  3544 CW 2017-08-19 0953 LZ0DY         206 084       LZ0DN         189 201      
QSO:  3554 CW 2017-08-19 0953 LZ0DY         207 189       LZ0DJ         206 188      
QSO:  3551 CW 2017-08-19 0953 LZ0DY         208 206       LZ0DT         182 206      
QSO:  3525 CW 2017-08-19 0955 LZ0DY         209 182       LZ0FA         185 187      
QSO:  3517 CW 2017-08-19 0956 LZ0DY         210 185       LZ0DZ         218 086      
QSO:  3527 CW 2017-08-19 0956 LZ0DY         211 218       LZ0DP         189 208      
QSO:  3512 CW 2017-08-19 0957 LZ0DY         212 189       LZ0DF         185 192      
QSO:  3516 CW 2017-08-19 0958 LZ0DY         213 185       LZ0AM         219 124      
QSO:  3531 CW 2017-08-19 0958 LZ0DY         214 219       LZ0DD         157 186      
QSO:  3531 CW 2017-08-19 0958 LZ0DY         215 157       LZ0FJ         222 187      
QSO:  3531 CW 2017-08-19 0959 LZ0DY         216 222       LZ0AV         195 192      
QSO:  3531 CW 2017-08-19 0959 LZ0DY         217 195       LZ0DA         215 186      
QSO:  3531 CW 2017-08-19 1001 LZ0DY         218 215       LZ0AN         223 225      
QSO:  3545 CW 2017-08-19 1002 LZ0DY         219 223       LZ0FG         212 203      
QSO:  3545 CW 2017-08-19 1002 LZ0DY         220 212       LZ0FY         204 211      
QSO:  3557 CW 2017-08-19 1002 LZ0DY         221 204       LZ0FC         188 206      
QSO:  3531 CW 2017-08-19 1003 LZ0DY         222 188       LZ0FX         150 129      
QSO:  3531 CW 2017-08-19 1005 LZ0DY         223 150       LZ0DX         117 152      
QSO:  3531 CW 2017-08-19 1005 LZ0DY         224 117       LZ0DK         130 197      
QSO:  3531 CW 2017-08-19 1005 LZ0DY         225 130       LZ0AD         133 237      
QSO:  3531 CW 2017-08-19 1006 LZ0DY         226 133       LZ0AC         130 199      
QSO:  3520 CW 2017-08-19 1007 LZ0DY         227 130       LZ0FF         215 195      
QSO:  3522 CW 2017-08-19 1008 LZ0DY         228 215       LZ0AW         223 225      
QSO:  3514 CW 2017-08-19 1011 LZ0DY         229 223       LZ0AR         207 203      
QSO:  3530 CW 2017-08-19 1012 LZ0DY         230 207       LZ0DV         222 203      
QSO:  3528 CW 2017-08-19 1013 LZ0DY         231 222       LZ0FD         217 216      
QSO:  3550 CW 2017-08-19 1014 LZ0DY         232 217       LZ0AU         113 243      
QSO:  3511 CW 2017-08-19 1014 LZ0DY         233 113       LZ0DG         233 126      
QSO:  3534 CW 2017-08-19 1015 LZ0DY         234 233       LZ0DC         253 239      
QSO:  3547 CW 2017-08-19 1015 LZ0DY         235 253       LZ0AK         216 176      
QSO:  3559 CW 2017-08-19 1016 LZ0DY         236 216       LZ0AY         210 236      
QSO:  3531 CW 2017-08-19 1017 LZ0DY         237 210       LZ0DW         238 242      
QSO:  3531 CW 2017-08-19 1018 LZ0DY         238 238       LZ0DU         133 245      
QSO:  3531 CW 2017-08-19 1019 LZ0DY         239 133       LZ0AL         202 233      
QSO:  3531 CW 2017-08-19 1020 LZ0DY         240 202       LZ0AG         234 244      
QSO:  3531 CW 2017-08-19 1020 LZ0DY         241 234       LZ0AX         204 229      
QSO:  3533 CW 2017-08-19 1022 LZ0DY         242 204       LZ0AJ         250 224      
QSO:  3532 CW 2017-08-19 1023 LZ0DY         243 250       LZ0AA         210 231      
QSO:  3537 CW 2017-08-19 1024 LZ0DY         244 210       LZ0AP         217 219      
QSO:  3540 CW 2017-08-19 1024 LZ0DY         245 217       LZ0DM         226 147      
QSO:  3542 CW 2017-08-19 1025 LZ0DY         246 226       LZ0AF         231 218      
QSO:  3542 CW 2017-08-19 1025 LZ0DY         247 231       LZ0AT         261 246      
QSO:  3554 CW 2017-08-19 1027 LZ0DY         248 261       LZ0DJ         246 262      
QSO:  3531 CW 2017-08-19 1029 LZ0DY         250 222       LZ0DA         252 156      
QSO:  3531 CW 2017-08-19 1029 LZ0DY         249 246       LZ0DT         222 265      
QSO:  3531 CW 2017-08-19 1029 LZ0DY         251 252       LZ0AM         260 225      
QSO:  3531 CW 2017-08-19 1031 LZ0DY         252 260       LZ0DL         233 232      
QSO:  3531 CW 2017-08-19 1031 LZ0DY         253 233       LZ0AV         233 232      
QSO:  3531 CW 2017-08-19 1031 LZ0DY         254 233       LZ0AN         263 235      
QSO:  3531 CW 2017-08-19 1033 LZ0DY         255 263       LZ0DN         237 022      
QSO:  3531 CW 2017-08-19 1033 LZ0DY         256 237       LZ0DZ         263 242      
QSO:  3531 CW 2017-08-19 1034 LZ0DY         257 263       LZ0FJ         265 251      
QSO:  3531 CW 2017-08-19 1034 LZ0DY         258 265       LZ0FG         250 162      
QSO:  3531 CW 2017-08-19 1034 LZ0DY         259 250       LZ0DD         194 249      
QSO:  3531 CW 2017-08-19 1035 LZ0DY         260 194       LZ0DK         157 221      
QSO:  3531 CW 2017-08-19 1036 LZ0DY         261 157       LZ0DX         149 279      
QSO:  3531 CW 2017-08-19 1037 LZ0DY         262 149       LZ0AT         274 231      
QSO:  3535 CW 2017-08-19 1037 LZ0DY         263 274       LZ0AD         167 159      
QSO:  3520 CW 2017-08-19 1038 LZ0DY         264 167       LZ0FF         255 250      
QSO:  3522 CW 2017-08-19 1038 LZ0DY         265 255       LZ0AW         258 260      
QSO:  3525 CW 2017-08-19 1039 LZ0DY         266 258       LZ0FA         238 218      
QSO:  3527 CW 2017-08-19 1039 LZ0DY         267 238       LZ0DP         236 246      
QSO:  3545 CW 2017-08-19 1040 LZ0DY         268 236       LZ0FY         248 161      
QSO:  3557 CW 2017-08-19 1040 LZ0DY         269 248       LZ0FC         234 219      
QSO:  3512 CW 2017-08-19 1040 LZ0DY         270 234       LZ0DF         235 244      
QSO:  3524 CW 2017-08-19 1041 LZ0DY         271 235       LZ0AC         163 238      
QSO:  3530 CW 2017-08-19 1043 LZ0DY         272 163       LZ0DV         261 260      
QSO:  3528 CW 2017-08-19 1044 LZ0DY         273 261       LZ0FD         255 254      
QSO:  3511 CW 2017-08-19 1044 LZ0DY         274 255       LZ0DG         273 242      
QSO:  3531 CW 2017-08-19 1045 LZ0DY         275 273       LZ0DC         292 247      
QSO:  3531 CW 2017-08-19 1046 LZ0DY         276 292       LZ0AK         255 166      
QSO:  3531 CW 2017-08-19 1047 LZ0DY         277 255       LZ0DW         273 282      
QSO:  3531 CW 2017-08-19 1048 LZ0DY         278 273       LZ0FK         032 269      
QSO:  3531 CW 2017-08-19 1049 LZ0DY         279 032       LZ0AR         252 272      
QSO:  3531 CW 2017-08-19 1050 LZ0DY         280 252       LZ0AG         273 278      
QSO:  3531 CW 2017-08-19 1051 LZ0DY         281 273       LZ0FX         201 160      
QSO:  3559 CW 2017-08-19 1052 LZ0DY         282 201       LZ0AY         249 280      
QSO:  3527 CW 2017-08-19 1053 LZ0DY         283 249       LZ0AL         239 289      
QSO:  3533 CW 2017-08-19 1053 LZ0DY         284 239       LZ0AJ         292 277      
QSO:  3537 CW 2017-08-19 1054 LZ0DY         285 292       LZ0AP         249 258      
QSO:  3540 CW 2017-08-19 1055 LZ0DY         286 249       LZ0DM         263 291      
QSO:  3532 CW 2017-08-19 1058 LZ0DY         287 263       LZ0AA         255 284      
QSO:  3542 CW 2017-08-19 1059 LZ0DY         288 255       LZ0AF         275 141      
QSO:  3531 CW 2017-08-19 1059 LZ0DY         289 275       LZ0AM         299 265      
END-OF-LOG:
