START-OF-LOG: 3.0
CREATED-BY: DXLog.net v2.3.14
CONTEST: LZ-HF-FIELD
CALLSIGN: LZ0DG
CATEGORY-OPERATOR: SINGLE-OP
CATEGORY-TRANSMITTER: ONE
CATEGORY-ASSISTED: NON-ASSISTED
CATEGORY-POWER: HIGH
CATEGORY-BAND: 80M
CATEGORY-MODE: CW
CLAIMED-SCORE: 580
CLUB: USA
NAME: Красимир Петков K1LZ
ADDRESS: 
ADDRESS: 
ADDRESS: 
OPERATORS: 
SOAPBOX: 
QSO:  3510 CW  2017-08-19 0700 LZ0DG         001 000 LZ0AL         001 000 
QSO:  3510 CW  2017-08-19 0701 LZ0DG         002 001 LZ0DL         003 001 
QSO:  3510 CW  2017-08-19 0701 LZ0DG         003 003 LZ0AM         002 001 
QSO:  3510 CW  2017-08-19 0701 LZ0DG         004 002 LZ0AV         001 000 
QSO:  3510 CW  2017-08-19 0702 LZ0DG         005 001 LZ0DP         002 001 
QSO:  3510 CW  2017-08-19 0702 LZ0DG         006 002 LZ0DA         004 003 
QSO:  3510 CW  2017-08-19 0702 LZ0DG         007 004 LZ0AN         006 003 
QSO:  3510 CW  2017-08-19 0703 LZ0DG         008 006 LZ0AG         003 003 
QSO:  3510 CW  2017-08-19 0703 LZ0DG         009 003 LZ0DF         003 004 
QSO:  3510 CW  2017-08-19 0704 LZ0DG         010 003 LZ0FA         003 006 
QSO:  3510 CW  2017-08-19 0704 LZ0DG         011 003 LZ0AX         004 001 
QSO:  3510 CW  2017-08-19 0705 LZ0DG         012 004 LZ0DX         003 005 
QSO:  3510 CW  2017-08-19 0705 LZ0DG         013 003 LZ0DJ         009 005 
QSO:  3510 CW  2017-08-19 0706 LZ0DG         014 009 LZ0AR         006 002 
QSO:  3510 CW  2017-08-19 0707 LZ0DG         015 006 LZ0DK         007 015 
QSO:  3510 CW  2017-08-19 0707 LZ0DG         016 007 LZ0AK         010 013 
QSO:  3510 CW  2017-08-19 0707 LZ0DG         017 010 LZ0AA         011 008 
QSO:  3510 CW  2017-08-19 0708 LZ0DG         018 011 LZ0DR         007 005 
QSO:  3510 CW  2017-08-19 0710 LZ0DG         019 007 LZ0AF         012 009 
QSO:  3510 CW  2017-08-19 0711 LZ0DG         020 012 LZ0FY         010 016 
QSO:  3510 CW  2017-08-19 0712 LZ0DG         021 010 LZ0DW         017 011 
QSO:  3510 CW  2017-08-19 0712 LZ0DG         022 017 LZ0FG         018 012 
QSO:  3516 CW  2017-08-19 0714 LZ0DG         023 018 LZ0DZ         023 021 
QSO:  3521 CW  2017-08-19 0714 LZ0DG         024 023 LZ0AW         025 026 
QSO:  3527 CW  2017-08-19 0715 LZ0DG         025 025 LZ0FD         022 003 
QSO:  3529 CW  2017-08-19 0716 LZ0DG         026 022 LZ0DV         020 013 
QSO:  3532 CW  2017-08-19 0716 LZ0DG         027 020 LZ0AJ         026 029 
QSO:  3539 CW  2017-08-19 0717 LZ0DG         028 026 LZ0DM         018 023 
QSO:  3550 CW  2017-08-19 0717 LZ0DG         029 018 LZ0DT         026 024 
QSO:  3556 CW  2017-08-19 0718 LZ0DG         030 026 LZ0FC         017 025 
QSO:  3559 CW  2017-08-19 0719 LZ0DG         031 017 LZ0AY         023 026 
QSO:  3510 CW  2017-08-19 0720 LZ0DG         032 023 LZ0DN         021 025 
QSO:  3510 CW  2017-08-19 0720 LZ0DG         033 021 LZ0DC         034 030 
QSO:  3510 CW  2017-08-19 0721 LZ0DG         034 034 LZ0FF         030 026 
QSO:  3511 CW  2017-08-19 0722 LZ0DG         035 030 LZ0FX         015 030 
QSO:  3511 CW  2017-08-19 0722 LZ0DG         036 015 LZ0AD         031 030 
QSO:  3526 CW  2017-08-19 0724 LZ0DG         037 031 LZ0FJ         030 033 
QSO:  3532 CW  2017-08-19 0725 LZ0DG         038 030 LZ0DD         018 028 
QSO:  3536 CW  2017-08-19 0726 LZ0DG         039 018 LZ0AP         030 027 
QSO:  3542 CW  2017-08-19 0727 LZ0DG         040 030 LZ0AT         037 028 
QSO:  3534 CW  2017-08-19 0730 LZ0DG         041 037 LZ0FZ         009 036 
QSO:  3511 CW  2017-08-19 0732 LZ0DG         042 009 LZ0AL         030 033 
QSO:  3511 CW  2017-08-19 0732 LZ0DG         043 030 LZ0DP         030 031 
QSO:  3511 CW  2017-08-19 0732 LZ0DG         044 030 LZ0AM         040 037 
QSO:  3511 CW  2017-08-19 0733 LZ0DG         045 040 LZ0DA         037 027 
QSO:  3511 CW  2017-08-19 0733 LZ0DG         046 037 LZ0AG         036 030 
QSO:  3511 CW  2017-08-19 0733 LZ0DG         047 036 LZ0AV         035 037 
QSO:  3511 CW  2017-08-19 0734 LZ0DG         048 035 LZ0DF         035 018 
QSO:  3511 CW  2017-08-19 0734 LZ0DG         049 035 LZ0AX         036 035 
QSO:  3511 CW  2017-08-19 0734 LZ0DG         050 036 LZ0AN         044 032 
QSO:  3511 CW  2017-08-19 0735 LZ0DG         051 044 LZ0FA         032 041 
QSO:  3511 CW  2017-08-19 0735 LZ0DG         052 032 LZ0DX         019 034 
QSO:  3511 CW  2017-08-19 0735 LZ0DG         053 019 LZ0DJ         038 039 
QSO:  3511 CW  2017-08-19 0737 LZ0DG         054 038 LZ0DY         046 039 
QSO:  3511 CW  2017-08-19 0738 LZ0DG         055 046 LZ0AR         038 020 
QSO:  3511 CW  2017-08-19 0738 LZ0DG         056 038 LZ0DL         052 043 
QSO:  3511 CW  2017-08-19 0738 LZ0DG         057 052 LZ0DK         026 029 
QSO:  3511 CW  2017-08-19 0739 LZ0DG         058 026 LZ0DR         038 044 
QSO:  3511 CW  2017-08-19 0740 LZ0DG         059 038 LZ0AK         036 046 
QSO:  3511 CW  2017-08-19 0740 LZ0DG         060 036 LZ0AF         043 051 
QSO:  3511 CW  2017-08-19 0741 LZ0DG         061 043 LZ0AA         039 051 
QSO:  3511 CW  2017-08-19 0742 LZ0DG         062 039 LZ0DW         053 051 
QSO:  3511 CW  2017-08-19 0743 LZ0DG         063 053 LZ0FY         043 053 
QSO:  3511 CW  2017-08-19 0744 LZ0DG         064 043 LZ0FG         052 046 
QSO:  3521 CW  2017-08-19 0744 LZ0DG         065 052 LZ0AW         056 043 
QSO:  3528 CW  2017-08-19 0745 LZ0DG         066 056 LZ0FD         052 034 
QSO:  3517 CW  2017-08-19 0745 LZ0DG         067 052 LZ0DZ         058 057 
QSO:  3533 CW  2017-08-19 0746 LZ0DG         068 058 LZ0AJ         059 069 
QSO:  3530 CW  2017-08-19 0747 LZ0DG         069 059 LZ0DV         055 047 
QSO:  3540 CW  2017-08-19 0747 LZ0DG         070 055 LZ0DM         050 057 
QSO:  3550 CW  2017-08-19 0748 LZ0DG         071 050 LZ0DT         060 057 
QSO:  3557 CW  2017-08-19 0749 LZ0DG         072 060 LZ0FC         044 050 
QSO:  3559 CW  2017-08-19 0750 LZ0DG         073 044 LZ0AY         057 058 
QSO:  3511 CW  2017-08-19 0751 LZ0DG         074 057 LZ0DC         074 065 
QSO:  3511 CW  2017-08-19 0751 LZ0DG         075 074 LZ0DN         056 057 
QSO:  3526 CW  2017-08-19 0754 LZ0DG         076 056 LZ0FJ         067 061 
QSO:  3536 CW  2017-08-19 0758 LZ0DG         077 067 LZ0AP         065 068 
QSO:  3511 CW  2017-08-19 0801 LZ0DG         078 065 LZ0AL         063 040 
QSO:  3511 CW  2017-08-19 0802 LZ0DG         079 063 LZ0DP         062 064 
QSO:  3511 CW  2017-08-19 0803 LZ0DG         080 062 LZ0AV         069 068 
QSO:  3511 CW  2017-08-19 0804 LZ0DG         081 069 LZ0AG         072 067 
QSO:  3511 CW  2017-08-19 0804 LZ0DG         082 072 LZ0AM         076 072 
QSO:  3511 CW  2017-08-19 0804 LZ0DG         083 076 LZ0AX         074 074 
QSO:  3511 CW  2017-08-19 0805 LZ0DG         084 074 LZ0DA         072 070 
QSO:  3511 CW  2017-08-19 0805 LZ0DG         085 072 LZ0DF         070 043 
QSO:  3511 CW  2017-08-19 0806 LZ0DG         086 070 LZ0DJ         076 062 
QSO:  3511 CW  2017-08-19 0807 LZ0DG         087 076 LZ0AN         083 068 
QSO:  3511 CW  2017-08-19 0807 LZ0DG         088 083 LZ0DX         041 068 
QSO:  3510 CW  2017-08-19 0808 LZ0DG         089 041 LZ0DU         010 085 
QSO:  3511 CW  2017-08-19 0809 LZ0DG         090 010 LZ0DK         048 073 
QSO:  3511 CW  2017-08-19 0809 LZ0DG         091 048 LZ0DL         087 069 
QSO:  3511 CW  2017-08-19 0809 LZ0DG         092 087 LZ0DD         056 067 
QSO:  3511 CW  2017-08-19 0810 LZ0DG         093 056 LZ0AF         073 084 
QSO:  3511 CW  2017-08-19 0811 LZ0DG         094 073 LZ0AK         075 075 
QSO:  3511 CW  2017-08-19 0811 LZ0DG         095 075 LZ0DY         088 081 
QSO:  3535 CW  2017-08-19 0813 LZ0DG         096 088 LZ0DR         074 095 
QSO:  3511 CW  2017-08-19 0814 LZ0DG         097 074 LZ0AC         077 083 
QSO:  3511 CW  2017-08-19 0814 LZ0DG         098 077 LZ0DW         089 076 
QSO:  3522 CW  2017-08-19 0815 LZ0DG         099 089 LZ0AW         091 093 
QSO:  3517 CW  2017-08-19 0815 LZ0DG         100 091 LZ0DZ         093 087 
QSO:  3511 CW  2017-08-19 0817 LZ0DG         101 093 LZ0FY         080 099 
QSO:  3511 CW  2017-08-19 0817 LZ0DG         102 080 LZ0DV         086 083 
QSO:  3511 CW  2017-08-19 0817 LZ0DG         103 086 LZ0FG         091 100 
QSO:  3528 CW  2017-08-19 0818 LZ0DG         104 091 LZ0FD         091 098 
QSO:  3549 CW  2017-08-19 0819 LZ0DG         105 091 LZ0AU         042 083 
QSO:  3559 CW  2017-08-19 0820 LZ0DG         106 042 LZ0AY         087 087 
QSO:  3511 CW  2017-08-19 0822 LZ0DG         107 087 LZ0DC         111 043 
QSO:  3514 CW  2017-08-19 0823 LZ0DG         108 111 LZ0AR         083 068 
QSO:  3520 CW  2017-08-19 0825 LZ0DG         109 083 LZ0FX         059 025 
QSO:  3525 CW  2017-08-19 0826 LZ0DG         110 059 LZ0FA         092 096 
QSO:  3540 CW  2017-08-19 0828 LZ0DG         111 092 LZ0DM         098 105 
QSO:  3511 CW  2017-08-19 0831 LZ0DG         112 098 LZ0DN         098 036 
QSO:  3511 CW  2017-08-19 0833 LZ0DG         113 098 LZ0AP         094 096 
QSO:  3511 CW  2017-08-19 0834 LZ0DG         114 094 LZ0AV         102 104 
QSO:  3511 CW  2017-08-19 0834 LZ0DG         115 102 LZ0DT         097 091 
QSO:  3511 CW  2017-08-19 0834 LZ0DG         116 097 LZ0AG         107 101 
QSO:  3511 CW  2017-08-19 0835 LZ0DG         117 107 LZ0AX         105 113 
QSO:  3511 CW  2017-08-19 0836 LZ0DG         118 105 LZ0DA         110 113 
QSO:  3511 CW  2017-08-19 0836 LZ0DG         119 110 LZ0AL         096 039 
QSO:  3511 CW  2017-08-19 0836 LZ0DG         120 096 LZ0DF         105 090 
QSO:  3511 CW  2017-08-19 0837 LZ0DG         121 105 LZ0FJ         118 115 
QSO:  3511 CW  2017-08-19 0838 LZ0DG         122 118 LZ0DJ         113 114 
QSO:  3511 CW  2017-08-19 0838 LZ0DG         123 113 LZ0DP         096 102 
QSO:  3511 CW  2017-08-19 0839 LZ0DG         124 096 LZ0AM         119 095 
QSO:  3511 CW  2017-08-19 0839 LZ0DG         125 119 LZ0AN         121 106 
QSO:  3533 CW  2017-08-19 0840 LZ0DG         126 121 LZ0AJ         120 103 
QSO:  3511 CW  2017-08-19 0841 LZ0DG         127 120 LZ0DD         088 122 
QSO:  3511 CW  2017-08-19 0841 LZ0DG         128 088 LZ0DL         123 102 
QSO:  3511 CW  2017-08-19 0841 LZ0DG         129 123 LZ0AF         110 120 
QSO:  3511 CW  2017-08-19 0842 LZ0DG         130 110 LZ0AK         106 101 
QSO:  3542 CW  2017-08-19 0843 LZ0DG         131 106 LZ0AT         131 111 
QSO:  3511 CW  2017-08-19 0845 LZ0DG         132 131 LZ0DK         071 125 
QSO:  3517 CW  2017-08-19 0845 LZ0DG         133 071 LZ0DZ         130 120 
QSO:  3557 CW  2017-08-19 0846 LZ0DG         134 130 LZ0FC         101 114 
QSO:  3522 CW  2017-08-19 0847 LZ0DG         135 101 LZ0AW         131 108 
QSO:  3532 CW  2017-08-19 0850 LZ0DG         136 131 LZ0AA         112 121 
QSO:  3511 CW  2017-08-19 0852 LZ0DG         137 112 LZ0DV         126 114 
QSO:  3511 CW  2017-08-19 0854 LZ0DG         138 126 LZ0FY         116 107 
QSO:  3511 CW  2017-08-19 0854 LZ0DG         139 116 LZ0DY         139 120 
QSO:  3511 CW  2017-08-19 0855 LZ0DG         140 139 LZ0DC         150 050 
QSO:  3511 CW  2017-08-19 0855 LZ0DG         141 150 LZ0DW         136 140 
QSO:  3520 CW  2017-08-19 0858 LZ0DG         142 136 LZ0FF         134 087 
QSO:  3559 CW  2017-08-19 0859 LZ0DG         143 134 LZ0AY         126 115 
QSO:  3528 CW  2017-08-19 0859 LZ0DG         144 126 LZ0FD         136 131 
QSO:  3525 CW  2017-08-19 0900 LZ0DG         145 136 LZ0FA         129 120 
QSO:  3514 CW  2017-08-19 0901 LZ0DG         146 129 LZ0AR         125 147 
QSO:  3511 CW  2017-08-19 0904 LZ0DG         147 125 LZ0AV         134 138 
QSO:  3511 CW  2017-08-19 0904 LZ0DG         148 134 LZ0AG         141 135 
QSO:  3511 CW  2017-08-19 0905 LZ0DG         149 141 LZ0FG         141 053 
QSO:  3540 CW  2017-08-19 0906 LZ0DG         150 141 LZ0DM         137 094 
QSO:  3511 CW  2017-08-19 0908 LZ0DG         151 137 LZ0DN         142 155 
QSO:  3511 CW  2017-08-19 0909 LZ0DG         152 142 LZ0DJ         151 151 
QSO:  3511 CW  2017-08-19 0909 LZ0DG         153 151 LZ0DT         132 135 
QSO:  3511 CW  2017-08-19 0909 LZ0DG         154 132 LZ0DA         151 146 
QSO:  3511 CW  2017-08-19 0910 LZ0DG         155 151 LZ0AM         159 134 
QSO:  3511 CW  2017-08-19 0910 LZ0DG         156 159 LZ0AD         085 109 
QSO:  3511 CW  2017-08-19 0911 LZ0DG         157 085 LZ0DP         133 149 
QSO:  3511 CW  2017-08-19 0911 LZ0DG         158 133 LZ0DL         157 155 
QSO:  3512 CW  2017-08-19 0912 LZ0DG         159 157 LZ0DF         138 132 
QSO:  3526 CW  2017-08-19 0914 LZ0DG         160 138 LZ0FJ         163 135 
QSO:  3535 CW  2017-08-19 0915 LZ0DG         161 163 LZ0DD         120 152 
QSO:  3536 CW  2017-08-19 0915 LZ0DG         162 120 LZ0AP         139 147 
QSO:  3542 CW  2017-08-19 0916 LZ0DG         163 139 LZ0AT         171 138 
QSO:  3545 CW  2017-08-19 0917 LZ0DG         164 171 LZ0AX         150 161 
QSO:  3511 CW  2017-08-19 0918 LZ0DG         165 150 LZ0AL         143 160 
QSO:  3511 CW  2017-08-19 0918 LZ0DG         166 143 LZ0AF         156 169 
QSO:  3511 CW  2017-08-19 0919 LZ0DG         167 156 LZ0AK         148 162 
QSO:  3532 CW  2017-08-19 0920 LZ0DG         168 148 LZ0AA         148 156 
QSO:  3533 CW  2017-08-19 0921 LZ0DG         169 148 LZ0AJ         173 115 
QSO:  3511 CW  2017-08-19 0922 LZ0DG         170 173 LZ0AN         173 145 
QSO:  3511 CW  2017-08-19 0923 LZ0DG         171 173 LZ0FX         116 172 
QSO:  3511 CW  2017-08-19 0924 LZ0DG         172 116 LZ0DV         163 148 
QSO:  3511 CW  2017-08-19 0924 LZ0DG         173 163 LZ0DU         078 152 
QSO:  3511 CW  2017-08-19 0925 LZ0DG         174 078 LZ0DC         189 155 
QSO:  3511 CW  2017-08-19 0925 LZ0DG         175 189 LZ0DR         152 176 
QSO:  3511 CW  2017-08-19 0926 LZ0DG         176 152 LZ0DW         175 178 
QSO:  3511 CW  2017-08-19 0926 LZ0DG         177 175 LZ0FY         157 156 
QSO:  3511 CW  2017-08-19 0926 LZ0DG         178 157 LZ0DY         177 153 
QSO:  3511 CW  2017-08-19 0929 LZ0DG         179 177 LZ0FF         172 067 
QSO:  3517 CW  2017-08-19 0931 LZ0DG         180 172 LZ0DZ         186 164 
QSO:  3557 CW  2017-08-19 0932 LZ0DG         181 186 LZ0FC         155 161 
QSO:  3559 CW  2017-08-19 0932 LZ0DG         182 155 LZ0AY         162 168 
QSO:  3522 CW  2017-08-19 0932 LZ0DG         183 162 LZ0AW         183 163 
QSO:  3511 CW  2017-08-19 0934 LZ0DG         184 183 LZ0AG         178 163 
QSO:  3511 CW  2017-08-19 0935 LZ0DG         185 178 LZ0AV         168 176 
QSO:  3511 CW  2017-08-19 0935 LZ0DG         186 168 LZ0FA         165 164 
QSO:  3511 CW  2017-08-19 0935 LZ0DG         187 165 LZ0FG         179 167 
QSO:  3511 CW  2017-08-19 0938 LZ0DG         188 179 LZ0DK         107 178 
QSO:  3511 CW  2017-08-19 0938 LZ0DG         189 107 LZ0DN         175 170 
QSO:  3511 CW  2017-08-19 0939 LZ0DG         190 175 LZ0DJ         188 188 
QSO:  3511 CW  2017-08-19 0939 LZ0DG         191 188 LZ0DA         188 185 
QSO:  3511 CW  2017-08-19 0940 LZ0DG         192 188 LZ0DT         165 175 
QSO:  3511 CW  2017-08-19 0941 LZ0DG         193 165 LZ0AM         196 164 
QSO:  3511 CW  2017-08-19 0942 LZ0DG         194 196 LZ0DP         168 193 
QSO:  3511 CW  2017-08-19 0943 LZ0DG         195 168 LZ0DX         100 195 
QSO:  3540 CW  2017-08-19 0944 LZ0DG         196 100 LZ0DM         178 164 
QSO:  3511 CW  2017-08-19 0946 LZ0DG         197 178 LZ0DL         185 190 
QSO:  3511 CW  2017-08-19 0946 LZ0DG         198 185 LZ0AT         211 182 
QSO:  3511 CW  2017-08-19 0947 LZ0DG         199 211 LZ0AD         108 169 
QSO:  3526 CW  2017-08-19 0948 LZ0DG         200 108 LZ0FJ         209 189 
QSO:  3536 CW  2017-08-19 0949 LZ0DG         201 209 LZ0AP         178 194 
QSO:  3532 CW  2017-08-19 0952 LZ0DG         202 178 LZ0AA         184 192 
QSO:  3511 CW  2017-08-19 0955 LZ0DG         203 184 LZ0DC         228 215 
QSO:  3511 CW  2017-08-19 0956 LZ0DG         204 228 LZ0AL         183 122 
QSO:  3511 CW  2017-08-19 0956 LZ0DG         205 183 LZ0AN         218 155 
QSO:  3511 CW  2017-08-19 0957 LZ0DG         206 218 LZ0DV         205 219 
QSO:  3511 CW  2017-08-19 0957 LZ0DG         207 205 LZ0DW         211 185 
QSO:  3541 CW  2017-08-19 0958 LZ0DG         208 211 LZ0AF         202 187 
QSO:  3545 CW  2017-08-19 0959 LZ0DG         209 202 LZ0FY         199 212 
QSO:  3511 CW  2017-08-19 1000 LZ0DG         210 199 LZ0DD         161 127 
QSO:  3511 CW  2017-08-19 1002 LZ0DG         211 161 LZ0DR         181 211 
QSO:  3528 CW  2017-08-19 1003 LZ0DG         212 181 LZ0FD         209 201 
QSO:  3557 CW  2017-08-19 1004 LZ0DG         213 209 LZ0FC         191 236 
QSO:  3545 CW  2017-08-19 1004 LZ0DG         214 191 LZ0AX         194 227 
QSO:  3559 CW  2017-08-19 1005 LZ0DG         215 194 LZ0AY         199 231 
QSO:  3511 CW  2017-08-19 1007 LZ0DG         216 199 LZ0AV         206 191 
QSO:  3522 CW  2017-08-19 1007 LZ0DG         217 206 LZ0AW         219 200 
QSO:  3533 CW  2017-08-19 1007 LZ0DG         218 219 LZ0AJ         231 235 
QSO:  3516 CW  2017-08-19 1008 LZ0DG         219 231 LZ0DZ         234 226 
QSO:  3511 CW  2017-08-19 1009 LZ0DG         220 234 LZ0DA         228 123 
QSO:  3511 CW  2017-08-19 1010 LZ0DG         221 228 LZ0AG         221 124 
QSO:  3511 CW  2017-08-19 1010 LZ0DG         222 221 LZ0FG         219 212 
QSO:  3511 CW  2017-08-19 1010 LZ0DG         223 219 LZ0DJ         228 133 
QSO:  3511 CW  2017-08-19 1011 LZ0DG         224 228 LZ0DN         212 245 
QSO:  3511 CW  2017-08-19 1011 LZ0DG         225 212 LZ0DT         197 205 
QSO:  3511 CW  2017-08-19 1011 LZ0DG         226 197 LZ0AM         236 193 
QSO:  3511 CW  2017-08-19 1012 LZ0DG         227 236 LZ0FA         204 211 
QSO:  3511 CW  2017-08-19 1012 LZ0DG         228 204 LZ0AC         136 197 
QSO:  3511 CW  2017-08-19 1013 LZ0DG         229 136 LZ0DP         202 226 
QSO:  3511 CW  2017-08-19 1013 LZ0DG         230 202 LZ0DK         134 227 
QSO:  3511 CW  2017-08-19 1014 LZ0DG         231 134 LZ0DX         128 228 
QSO:  3511 CW  2017-08-19 1014 LZ0DG         232 128 LZ0DU         126 239 
QSO:  3511 CW  2017-08-19 1014 LZ0DG         233 126 LZ0DY         233 113 
QSO:  3549 CW  2017-08-19 1015 LZ0DG         234 233 LZ0AU         115 223 
QSO:  3540 CW  2017-08-19 1017 LZ0DG         235 115 LZ0DM         218 236 
QSO:  3511 CW  2017-08-19 1018 LZ0DG         236 218 LZ0DL         218 229 
QSO:  3511 CW  2017-08-19 1018 LZ0DG         237 218 LZ0AR         212 235 
QSO:  3512 CW  2017-08-19 1019 LZ0DG         238 212 LZ0DF         210 201 
QSO:  3536 CW  2017-08-19 1020 LZ0DG         239 210 LZ0AP         210 257 
QSO:  3511 CW  2017-08-19 1020 LZ0DG         240 210 LZ0FJ         248 216 
QSO:  3511 CW  2017-08-19 1022 LZ0DG         241 248 LZ0AT         255 246 
QSO:  3532 CW  2017-08-19 1024 LZ0DG         242 255 LZ0AA         214 228 
QSO:  3511 CW  2017-08-19 1025 LZ0DG         243 214 LZ0DC         267 229 
QSO:  3511 CW  2017-08-19 1026 LZ0DG         244 267 LZ0AL         210 243 
QSO:  3535 CW  2017-08-19 1027 LZ0DG         245 210 LZ0AD         152 263 
QSO:  3511 CW  2017-08-19 1028 LZ0DG         246 152 LZ0FK         020 256 
QSO:  3511 CW  2017-08-19 1028 LZ0DG         247 020 LZ0FX         178 243 
QSO:  3511 CW  2017-08-19 1029 LZ0DG         248 178 LZ0DW         251 257 
QSO:  3511 CW  2017-08-19 1029 LZ0DG         249 251 LZ0DV         246 258 
QSO:  3511 CW  2017-08-19 1029 LZ0DG         250 246 LZ0AN         260 240 
QSO:  3511 CW  2017-08-19 1030 LZ0DG         251 260 LZ0AF         235 150 
QSO:  3511 CW  2017-08-19 1030 LZ0DG         252 235 LZ0AK         230 230 
QSO:  3545 CW  2017-08-19 1031 LZ0DG         253 230 LZ0FY         239 249 
QSO:  3511 CW  2017-08-19 1033 LZ0DG         254 239 LZ0FF         249 143 
QSO:  3528 CW  2017-08-19 1033 LZ0DG         255 249 LZ0FD         244 214 
QSO:  3557 CW  2017-08-19 1035 LZ0DG         256 244 LZ0FC         228 277 
QSO:  3559 CW  2017-08-19 1035 LZ0DG         257 228 LZ0AY         230 250 
QSO:  3545 CW  2017-08-19 1036 LZ0DG         258 230 LZ0AX         224 241 
QSO:  3511 CW  2017-08-19 1038 LZ0DG         259 224 LZ0AV         244 225 
QSO:  3511 CW  2017-08-19 1038 LZ0DG         260 244 LZ0DD         200 228 
QSO:  3533 CW  2017-08-19 1039 LZ0DG         261 200 LZ0AJ         271 245 
QSO:  3511 CW  2017-08-19 1039 LZ0DG         262 271 LZ0DA         264 168 
QSO:  3511 CW  2017-08-19 1040 LZ0DG         263 264 LZ0DR         212 236 
QSO:  3511 CW  2017-08-19 1040 LZ0DG         264 212 LZ0AG         261 153 
QSO:  3522 CW  2017-08-19 1041 LZ0DG         265 261 LZ0AW         262 271 
QSO:  3511 CW  2017-08-19 1041 LZ0DG         266 262 LZ0AM         275 258 
QSO:  3511 CW  2017-08-19 1041 LZ0DG         267 275 LZ0FG         259 262 
QSO:  3511 CW  2017-08-19 1042 LZ0DG         268 259 LZ0DZ         273 156 
QSO:  3511 CW  2017-08-19 1043 LZ0DG         269 273 LZ0DJ         266 250 
QSO:  3511 CW  2017-08-19 1043 LZ0DG         270 266 LZ0DN         248 286 
QSO:  3511 CW  2017-08-19 1043 LZ0DG         271 248 LZ0DK         164 276 
QSO:  3511 CW  2017-08-19 1044 LZ0DG         272 164 LZ0DP         242 250 
QSO:  3511 CW  2017-08-19 1044 LZ0DG         273 242 LZ0DY         274 255 
QSO:  3511 CW  2017-08-19 1045 LZ0DG         274 274 LZ0DX         160 277 
QSO:  3554 CW  2017-08-19 1047 LZ0DG         275 160 LZ0AU         133 284 
QSO:  3511 CW  2017-08-19 1048 LZ0DG         276 133 LZ0DU         158 283 
QSO:  3540 CW  2017-08-19 1049 LZ0DG         277 158 LZ0DM         254 283 
QSO:  3511 CW  2017-08-19 1050 LZ0DG         278 254 LZ0DL         253 208 
QSO:  3536 CW  2017-08-19 1051 LZ0DG         279 253 LZ0AP         244 284 
QSO:  3511 CW  2017-08-19 1051 LZ0DG         280 244 LZ0FJ         288 288 
QSO:  3511 CW  2017-08-19 1053 LZ0DG         281 288 LZ0AT         293 287 
QSO:  3512 CW  2017-08-19 1053 LZ0DG         282 293 LZ0DF         249 254 
QSO:  3511 CW  2017-08-19 1054 LZ0DG         283 249 LZ0AA         246 217 
QSO:  3511 CW  2017-08-19 1055 LZ0DG         284 246 LZ0FA         256 259 
QSO:  3511 CW  2017-08-19 1055 LZ0DG         285 256 LZ0DC         303 247 
QSO:  3535 CW  2017-08-19 1057 LZ0DG         286 303 LZ0AD         180 283 
QSO:  3511 CW  2017-08-19 1058 LZ0DG         287 180 LZ0FK         048 287 
QSO:  3511 CW  2017-08-19 1058 LZ0DG         288 048 LZ0AL         246 307 
QSO:  3511 CW  2017-08-19 1059 LZ0DG         289 246 LZ0DW         289 276 
QSO:  3511 CW  2017-08-19 1059 LZ0DG         290 289 LZ0DV         286 296 
QSO:  3511 CW  2017-08-19 1059 LZ0DG         291 286 LZ0AK         270 247 
QSO:  3511 CW  2017-08-19 1059 LZ0DG         292 270 LZ0AN         299 275 
END-OF-LOG:
