START-OF-LOG: 2.0 
CALLSIGN: LZ0DP
CONTEST: LZ-OPEN-DOMESTIC
CATEGORY: SINGLE-OP-PORTABLE 80M QRP CW
CLAIMED-SCORE: 260
OPERATORS: LZ0DP
NAME: Антон Генков LZ5EE
CLUB: София
ADDRESS: Nadezhda-127-G-5-62
ADDRESS: Sofia,  1220
ADDRESS: BULGARIA
CREATED-BY: N1MM Logger+ 1.0.6706.0
QSO:  3502 CW 2017-08-19 0701 LZ0DP         001 000       LZ0AL         001 000      
QSO:  3511 CW 2017-08-19 0702 LZ0DP         002 001       LZ0DG         005 001      
QSO:  3517 CW 2017-08-19 0702 LZ0DP         003 005       LZ0DZ         005 002      
QSO:  3520 CW 2017-08-19 0703 LZ0DP         004 005       LZ0FF         009 002      
QSO:  3522 CW 2017-08-19 0703 LZ0DP         005 009       LZ0AW         004 006      
QSO:  3527 CW 2017-08-19 0704 LZ0DP         006 004       LZ0DK         005 005      
QSO:  3527 CW 2017-08-19 0705 LZ0DP         007 005       LZ0AV         004 008      
QSO:  3527 CW 2017-08-19 0706 LZ0DP         008 004       LZ0DF         006 008      
QSO:  3527 CW 2017-08-19 0706 LZ0DP         009 006       LZ0AL         006 006      
QSO:  3527 CW 2017-08-19 0706 LZ0DP         010 006       LZ0AG         007 010      
QSO:  3527 CW 2017-08-19 0707 LZ0DP         011 007       LZ0DA         009 004      
QSO:  3527 CW 2017-08-19 0707 LZ0DP         012 009       LZ0AT         013 012      
QSO:  3527 CW 2017-08-19 0707 LZ0DP         013 013       LZ0DN         007 005      
QSO:  3527 CW 2017-08-19 0708 LZ0DP         014 007       LZ0DW         010 011      
QSO:  3527 CW 2017-08-19 0708 LZ0DP         015 010       LZ0AM         013 012      
QSO:  3528 CW 2017-08-19 0709 LZ0DP         016 013       LZ0FD         013 013      
QSO:  3530 CW 2017-08-19 0710 LZ0DP         017 013       LZ0DV         017 011      
QSO:  3533 CW 2017-08-19 0711 LZ0DP         018 017       LZ0AJ         017 019      
QSO:  3527 CW 2017-08-19 0714 LZ0DP         019 017       LZ0AD         018 014      
QSO:  3527 CW 2017-08-19 0714 LZ0DP         020 018       LZ0FG         022 022      
QSO:  3527 CW 2017-08-19 0715 LZ0DP         021 022       LZ0DC         028 019      
QSO:  3527 CW 2017-08-19 0715 LZ0DP         022 028       LZ0AK         021 020      
QSO:  3527 CW 2017-08-19 0716 LZ0DP         023 021       LZ0DY         023 002      
QSO:  3527 CW 2017-08-19 0716 LZ0DP         024 023       LZ0DL         027 017      
QSO:  3526 CW 2017-08-19 0723 LZ0DP         025 027       LZ0FJ         028 030      
QSO:  3524 CW 2017-08-19 0724 LZ0DP         026 028       LZ0AC         026 026      
QSO:  3514 CW 2017-08-19 0725 LZ0DP         027 026       LZ0AR         021 033      
QSO:  3535 CW 2017-08-19 0728 LZ0DP         028 021       LZ0DR         027 036      
QSO:  3538 CW 2017-08-19 0729 LZ0DP         029 027       LZ0AX         031 023      
QSO:  3511 CW 2017-08-19 0732 LZ0DP         030 031       LZ0DG         043 030      
QSO:  3517 CW 2017-08-19 0733 LZ0DP         031 043       LZ0DZ         040 033      
QSO:  3520 CW 2017-08-19 0736 LZ0DP         032 040       LZ0FF         041 036      
QSO:  3522 CW 2017-08-19 0737 LZ0DP         033 041       LZ0AW         043 033      
QSO:  3527 CW 2017-08-19 0738 LZ0DP         034 043       LZ0AV         040 054      
QSO:  3527 CW 2017-08-19 0738 LZ0DP         035 040       LZ0AT         053 044      
QSO:  3527 CW 2017-08-19 0738 LZ0DP         036 053       LZ0DW         049 036      
QSO:  3527 CW 2017-08-19 0739 LZ0DP         037 049       LZ0DN         039 030      
QSO:  3527 CW 2017-08-19 0739 LZ0DP         038 039       LZ0DA         044 035      
QSO:  3527 CW 2017-08-19 0740 LZ0DP         039 044       LZ0AM         047 040      
QSO:  3527 CW 2017-08-19 0740 LZ0DP         040 047       LZ0AG         041 045      
QSO:  3527 CW 2017-08-19 0740 LZ0DP         041 041       LZ0DL         055 049      
QSO:  3528 CW 2017-08-19 0741 LZ0DP         042 055       LZ0FD         044 056      
QSO:  3533 CW 2017-08-19 0742 LZ0DP         043 044       LZ0AJ         051 042      
QSO:  3525 CW 2017-08-19 0744 LZ0DP         044 051       LZ0FA         045 042      
QSO:  3557 CW 2017-08-19 0746 LZ0DP         045 045       LZ0FC         038 051      
QSO:  3559 CW 2017-08-19 0747 LZ0DP         046 038       LZ0AY         052 056      
QSO:  3540 CW 2017-08-19 0748 LZ0DP         047 052       LZ0DM         051 079      
QSO:  3537 CW 2017-08-19 0749 LZ0DP         048 051       LZ0AP         055 058      
QSO:  3527 CW 2017-08-19 0750 LZ0DP         049 055       LZ0AL         051 043      
QSO:  3527 CW 2017-08-19 0751 LZ0DP         050 051       LZ0DY         064 060      
QSO:  3527 CW 2017-08-19 0752 LZ0DP         051 064       LZ0FX         023 065      
QSO:  3527 CW 2017-08-19 0752 LZ0DP         052 023       LZ0DK         038 055      
QSO:  3527 CW 2017-08-19 0753 LZ0DP         053 038       LZ0AN         068 063      
QSO:  3527 CW 2017-08-19 0753 LZ0DP         054 068       LZ0DA         062 065      
QSO:  3527 CW 2017-08-19 0753 LZ0DP         055 062       LZ0DF         059 014      
QSO:  3527 CW 2017-08-19 0754 LZ0DP         056 059       LZ0DJ         060 064      
QSO:  3514 CW 2017-08-19 0756 LZ0DP         057 060       LZ0AR         058 057      
QSO:  3527 CW 2017-08-19 0757 LZ0DP         058 058       LZ0AC         064 067      
QSO:  3527 CW 2017-08-19 0758 LZ0DP         059 064       LZ0FJ         072 077      
QSO:  3535 CW 2017-08-19 0759 LZ0DP         060 072       LZ0DR         060 069      
QSO:  3527 CW 2017-08-19 0801 LZ0DP         061 060       LZ0FY         064 051      
QSO:  3511 CW 2017-08-19 0802 LZ0DP         062 064       LZ0DG         079 063      
QSO:  3517 CW 2017-08-19 0803 LZ0DP         063 079       LZ0DZ         073 075      
QSO:  3527 CW 2017-08-19 0805 LZ0DP         064 073       LZ0DU         008 063      
QSO:  3527 CW 2017-08-19 0805 LZ0DP         065 008       LZ0FG         075 086      
QSO:  3527 CW 2017-08-19 0806 LZ0DP         066 075       LZ0AK         070 070      
QSO:  3527 CW 2017-08-19 0806 LZ0DP         067 070       LZ0DC         090 070      
QSO:  3520 CW 2017-08-19 0807 LZ0DP         068 090       LZ0FF         075 075      
QSO:  3522 CW 2017-08-19 0808 LZ0DP         069 075       LZ0AW         079 073      
QSO:  3527 CW 2017-08-19 0809 LZ0DP         070 079       LZ0AV         075 094      
QSO:  3527 CW 2017-08-19 0809 LZ0DP         071 075       LZ0AT         092 080      
QSO:  3527 CW 2017-08-19 0809 LZ0DP         072 092       LZ0DA         079 070      
QSO:  3527 CW 2017-08-19 0810 LZ0DP         073 079       LZ0DW         081 072      
QSO:  3527 CW 2017-08-19 0810 LZ0DP         074 081       LZ0DN         072 082      
QSO:  3528 CW 2017-08-19 0811 LZ0DP         075 072       LZ0FD         079 089      
QSO:  3530 CW 2017-08-19 0812 LZ0DP         076 079       LZ0DV         082 057      
QSO:  3527 CW 2017-08-19 0812 LZ0DP         077 082       LZ0AG         084 103      
QSO:  3527 CW 2017-08-19 0813 LZ0DP         078 084       LZ0AM         086 081      
QSO:  3533 CW 2017-08-19 0813 LZ0DP         079 086       LZ0AJ         092 091      
QSO:  3525 CW 2017-08-19 0815 LZ0DP         080 092       LZ0FA         077 080      
QSO:  3557 CW 2017-08-19 0817 LZ0DP         081 077       LZ0FC         072 090      
QSO:  3559 CW 2017-08-19 0818 LZ0DP         082 072       LZ0AY         085 097      
QSO:  3540 CW 2017-08-19 0818 LZ0DP         083 085       LZ0DM         088 095      
QSO:  3527 CW 2017-08-19 0821 LZ0DP         084 088       LZ0DL         099 101      
QSO:  3527 CW 2017-08-19 0822 LZ0DP         085 099       LZ0DY         100 089      
QSO:  3527 CW 2017-08-19 0823 LZ0DP         086 100       LZ0AL         090 085      
QSO:  3527 CW 2017-08-19 0824 LZ0DP         087 090       LZ0AN         105 030      
QSO:  3527 CW 2017-08-19 0825 LZ0DP         088 105       LZ0DJ         096 089      
QSO:  3514 CW 2017-08-19 0828 LZ0DP         089 096       LZ0AR         089 092      
QSO:  3527 CW 2017-08-19 0829 LZ0DP         090 089       LZ0DK         061 096      
QSO:  3527 CW 2017-08-19 0831 LZ0DP         091 061       LZ0DT         096 096      
QSO:  3517 CW 2017-08-19 0834 LZ0DP         092 096       LZ0DZ         111 113      
QSO:  3527 CW 2017-08-19 0836 LZ0DP         093 111       LZ0FG         112 124      
QSO:  3527 CW 2017-08-19 0837 LZ0DP         094 112       LZ0FY         101 109      
QSO:  3527 CW 2017-08-19 0837 LZ0DP         095 101       LZ0AT         102 099      
QSO:  3511 CW 2017-08-19 0838 LZ0DP         096 102       LZ0DG         123 113      
QSO:  3520 CW 2017-08-19 0838 LZ0DP         097 123       LZ0FF         111 109      
QSO:  3522 CW 2017-08-19 0839 LZ0DP         098 111       LZ0AW         116 100      
QSO:  3555 CW 2017-08-19 0840 LZ0DP         099 116       LZ0AU         057 125      
QSO:  3527 CW 2017-08-19 0841 LZ0DP         100 057       LZ0AT         129 118      
QSO:  3527 CW 2017-08-19 0842 LZ0DP         101 129       LZ0DA         118 109      
QSO:  3527 CW 2017-08-19 0842 LZ0DP         102 118       LZ0AV         109 105      
QSO:  3527 CW 2017-08-19 0843 LZ0DP         103 109       LZ0DF         110 119      
QSO:  3528 CW 2017-08-19 0843 LZ0DP         104 110       LZ0FD         113 121      
QSO:  3533 CW 2017-08-19 0844 LZ0DP         105 113       LZ0AJ         127 105      
QSO:  3530 CW 2017-08-19 0844 LZ0DP         106 127       LZ0DV         115 111      
QSO:  3535 CW 2017-08-19 0845 LZ0DP         107 115       LZ0DR         106 126      
QSO:  3527 CW 2017-08-19 0845 LZ0DP         108 106       LZ0DC         139 122      
QSO:  3525 CW 2017-08-19 0846 LZ0DP         109 139       LZ0FA         112 128      
QSO:  3557 CW 2017-08-19 0848 LZ0DP         110 112       LZ0FC         104 121      
QSO:  3559 CW 2017-08-19 0849 LZ0DP         111 104       LZ0AY         115 130      
QSO:  3540 CW 2017-08-19 0849 LZ0DP         112 115       LZ0DM         118 113      
QSO:  3527 CW 2017-08-19 0850 LZ0DP         113 118       LZ0DN         119 115      
QSO:  3527 CW 2017-08-19 0850 LZ0DP         114 119       LZ0DW         132 114      
QSO:  3527 CW 2017-08-19 0852 LZ0DP         115 132       LZ0AM         132 130      
QSO:  3527 CW 2017-08-19 0853 LZ0DP         116 132       LZ0DY         137 116      
QSO:  3527 CW 2017-08-19 0853 LZ0DP         117 137       LZ0AG         127 118      
QSO:  3527 CW 2017-08-19 0853 LZ0DP         118 127       LZ0FJ         141 119      
QSO:  3527 CW 2017-08-19 0854 LZ0DP         119 141       LZ0AN         138 139      
QSO:  3527 CW 2017-08-19 0855 LZ0DP         120 138       LZ0AL         121 122      
QSO:  3527 CW 2017-08-19 0855 LZ0DP         121 121       LZ0DJ         134 126      
QSO:  3537 CW 2017-08-19 0856 LZ0DP         122 134       LZ0AP         119 143      
QSO:  3527 CW 2017-08-19 0857 LZ0DP         123 119       LZ0DL         141 122      
QSO:  3514 CW 2017-08-19 0902 LZ0DP         124 141       LZ0AR         126 126      
QSO:  3527 CW 2017-08-19 0903 LZ0DP         125 126       LZ0DK         090 138      
QSO:  3527 CW 2017-08-19 0904 LZ0DP         126 090       LZ0DU         061 149      
QSO:  3517 CW 2017-08-19 0904 LZ0DP         127 061       LZ0DZ         151 127      
QSO:  3527 CW 2017-08-19 0906 LZ0DP         128 151       LZ0FX         098 147      
QSO:  3527 CW 2017-08-19 0907 LZ0DP         129 098       LZ0FG         144 141      
QSO:  3527 CW 2017-08-19 0908 LZ0DP         130 144       LZ0FY         139 140      
QSO:  3527 CW 2017-08-19 0909 LZ0DP         131 139       LZ0DD         112 145      
QSO:  3520 CW 2017-08-19 0910 LZ0DP         132 112       LZ0FF         149 140      
QSO:  3511 CW 2017-08-19 0910 LZ0DP         133 149       LZ0DG         157 085      
QSO:  3522 CW 2017-08-19 0911 LZ0DP         134 157       LZ0AW         156 156      
QSO:  3527 CW 2017-08-19 0912 LZ0DP         135 156       LZ0AV         145 144      
QSO:  3527 CW 2017-08-19 0912 LZ0DP         136 145       LZ0DA         156 140      
QSO:  3527 CW 2017-08-19 0913 LZ0DP         137 156       LZ0DT         136 141      
QSO:  3527 CW 2017-08-19 0913 LZ0DP         138 136       LZ0AT         170 148      
QSO:  3528 CW 2017-08-19 0914 LZ0DP         139 170       LZ0FD         148 157      
QSO:  3533 CW 2017-08-19 0914 LZ0DP         140 148       LZ0AJ         164 159      
QSO:  3530 CW 2017-08-19 0915 LZ0DP         141 164       LZ0DV         152 146      
QSO:  3535 CW 2017-08-19 0916 LZ0DP         142 152       LZ0DR         139 094      
QSO:  3525 CW 2017-08-19 0917 LZ0DP         143 139       LZ0FA         146 167      
QSO:  3557 CW 2017-08-19 0919 LZ0DP         144 146       LZ0FC         138 164      
QSO:  3540 CW 2017-08-19 0919 LZ0DP         145 138       LZ0DM         157 147      
QSO:  3559 CW 2017-08-19 0920 LZ0DP         146 157       LZ0AY         150 159      
QSO:  3527 CW 2017-08-19 0921 LZ0DP         147 150       LZ0DW         172 145      
QSO:  3527 CW 2017-08-19 0922 LZ0DP         148 172       LZ0DX         081 155      
QSO:  3527 CW 2017-08-19 0923 LZ0DP         149 081       LZ0AM         173 169      
QSO:  3527 CW 2017-08-19 0923 LZ0DP         150 173       LZ0AG         167 125      
QSO:  3527 CW 2017-08-19 0924 LZ0DP         151 167       LZ0AN         177 187      
QSO:  3527 CW 2017-08-19 0924 LZ0DP         152 177       LZ0DF         149 143      
QSO:  3527 CW 2017-08-19 0924 LZ0DP         153 149       LZ0DY         173 153      
QSO:  3527 CW 2017-08-19 0925 LZ0DP         154 173       LZ0DJ         175 150      
QSO:  3527 CW 2017-08-19 0926 LZ0DP         155 175       LZ0AK         156 163      
QSO:  3527 CW 2017-08-19 0927 LZ0DP         156 156       LZ0DN         063 080      
QSO:  3527 CW 2017-08-19 0931 LZ0DP         157 063       LZ0FJ         185 182      
QSO:  3527 CW 2017-08-19 0932 LZ0DP         158 185       LZ0AF         167 152      
QSO:  3514 CW 2017-08-19 0933 LZ0DP         159 167       LZ0AR         164 168      
QSO:  3517 CW 2017-08-19 0935 LZ0DP         160 164       LZ0DZ         191 189      
QSO:  3537 CW 2017-08-19 0936 LZ0DP         161 191       LZ0AP         159 166      
QSO:  3527 CW 2017-08-19 0938 LZ0DP         162 159       LZ0FG         182 182      
QSO:  3527 CW 2017-08-19 0938 LZ0DP         163 182       LZ0DL         174 191      
QSO:  3527 CW 2017-08-19 0939 LZ0DP         164 174       LZ0FY         175 138      
QSO:  3527 CW 2017-08-19 0940 LZ0DP         165 175       LZ0DC         205 175      
QSO:  3527 CW 2017-08-19 0940 LZ0DP         166 205       LZ0FX         131 174      
QSO:  3522 CW 2017-08-19 0941 LZ0DP         167 131       LZ0AW         193 178      
QSO:  3511 CW 2017-08-19 0942 LZ0DP         168 193       LZ0DG         194 196      
QSO:  3520 CW 2017-08-19 0943 LZ0DP         169 194       LZ0FF         189 184      
QSO:  3527 CW 2017-08-19 0943 LZ0DP         170 189       LZ0AV         180 170      
QSO:  3527 CW 2017-08-19 0944 LZ0DP         171 180       LZ0DU         104 171      
QSO:  3527 CW 2017-08-19 0944 LZ0DP         172 104       LZ0DT         167 177      
QSO:  3527 CW 2017-08-19 0944 LZ0DP         173 167       LZ0DA         195 186      
QSO:  3527 CW 2017-08-19 0945 LZ0DP         174 195       LZ0AT         209 175      
QSO:  3527 CW 2017-08-19 0946 LZ0DP         175 209       LZ0DK         112 102      
QSO:  3530 CW 2017-08-19 0947 LZ0DP         176 112       LZ0DV         194 182      
QSO:  3533 CW 2017-08-19 0947 LZ0DP         177 194       LZ0AJ         205 171      
QSO:  3528 CW 2017-08-19 0948 LZ0DP         178 205       LZ0FD         190 201      
QSO:  3525 CW 2017-08-19 0949 LZ0DP         179 190       LZ0FA         183 217      
QSO:  3557 CW 2017-08-19 0949 LZ0DP         180 183       LZ0FC         172 200      
QSO:  3540 CW 2017-08-19 0950 LZ0DP         181 172       LZ0DM         189 176      
QSO:  3559 CW 2017-08-19 0951 LZ0DP         182 189       LZ0AY         182 177      
QSO:  3527 CW 2017-08-19 0951 LZ0DP         183 182       LZ0DW         208 108      
QSO:  3527 CW 2017-08-19 0954 LZ0DP         184 208       LZ0AN         213 184      
QSO:  3527 CW 2017-08-19 0954 LZ0DP         185 213       LZ0AG         201 218      
QSO:  3527 CW 2017-08-19 0954 LZ0DP         186 201       LZ0DR         174 193      
QSO:  3527 CW 2017-08-19 0955 LZ0DP         187 174       LZ0AM         216 179      
QSO:  3527 CW 2017-08-19 0955 LZ0DP         188 216       LZ0DJ         208 184      
QSO:  3527 CW 2017-08-19 0956 LZ0DP         189 208       LZ0DY         211 218      
QSO:  3527 CW 2017-08-19 0957 LZ0DP         190 211       LZ0AK         194 199      
QSO:  3527 CW 2017-08-19 1000 LZ0DP         191 194       LZ0AL         185 212      
QSO:  3514 CW 2017-08-19 1004 LZ0DP         192 185       LZ0AR         196 203      
QSO:  3527 CW 2017-08-19 1005 LZ0DP         193 196       LZ0DD         167 152      
QSO:  3527 CW 2017-08-19 1005 LZ0DP         194 167       LZ0DF         199 225      
QSO:  3517 CW 2017-08-19 1006 LZ0DP         195 199       LZ0DZ         230 217      
QSO:  3527 CW 2017-08-19 1007 LZ0DP         196 230       LZ0AD         135 209      
QSO:  3527 CW 2017-08-19 1007 LZ0DP         197 135       LZ0AF         210 207      
QSO:  3527 CW 2017-08-19 1008 LZ0DP         198 210       LZ0FG         217 198      
QSO:  3527 CW 2017-08-19 1011 LZ0DP         199 217       LZ0DC         246 211      
QSO:  3527 CW 2017-08-19 1011 LZ0DP         200 246       LZ0FY         211 162      
QSO:  3522 CW 2017-08-19 1012 LZ0DP         201 211       LZ0AW         226 210      
QSO:  3511 CW 2017-08-19 1013 LZ0DP         202 226       LZ0DG         229 136      
QSO:  3520 CW 2017-08-19 1013 LZ0DP         203 229       LZ0FF         222 225      
QSO:  3527 CW 2017-08-19 1014 LZ0DP         204 222       LZ0DT         200 193      
QSO:  3527 CW 2017-08-19 1014 LZ0DP         205 200       LZ0DA         234 224      
QSO:  3527 CW 2017-08-19 1015 LZ0DP         206 234       LZ0AV         215 124      
QSO:  3527 CW 2017-08-19 1015 LZ0DP         207 215       LZ0DL         216 215      
QSO:  3527 CW 2017-08-19 1015 LZ0DP         208 216       LZ0DX         130 136      
QSO:  3527 CW 2017-08-19 1016 LZ0DP         209 130       LZ0AT         245 230      
QSO:  3527 CW 2017-08-19 1017 LZ0DP         210 245       LZ0DK         139 227      
QSO:  3530 CW 2017-08-19 1018 LZ0DP         211 139       LZ0DV         231 205      
QSO:  3533 CW 2017-08-19 1018 LZ0DP         212 231       LZ0AJ         246 132      
QSO:  3528 CW 2017-08-19 1019 LZ0DP         213 246       LZ0FD         226 243      
QSO:  3557 CW 2017-08-19 1019 LZ0DP         214 226       LZ0FC         208 238      
QSO:  3527 CW 2017-08-19 1020 LZ0DP         215 208       LZ0DN         223 228      
QSO:  3540 CW 2017-08-19 1021 LZ0DP         216 223       LZ0DM         221 205      
QSO:  3559 CW 2017-08-19 1021 LZ0DP         217 221       LZ0AY         217 207      
QSO:  3525 CW 2017-08-19 1022 LZ0DP         218 217       LZ0FA         219 263      
QSO:  3537 CW 2017-08-19 1023 LZ0DP         219 219       LZ0AP         216 211      
QSO:  3527 CW 2017-08-19 1024 LZ0DP         220 216       LZ0AG         243 214      
QSO:  3527 CW 2017-08-19 1025 LZ0DP         221 243       LZ0FK         014 234      
QSO:  3535 CW 2017-08-19 1025 LZ0DP         222 014       LZ0AD         148 252      
QSO:  3527 CW 2017-08-19 1026 LZ0DP         223 148       LZ0DJ         244 208      
QSO:  3527 CW 2017-08-19 1026 LZ0DP         224 244       LZ0DW         248 252      
QSO:  3527 CW 2017-08-19 1027 LZ0DP         225 248       LZ0AK         226 245      
QSO:  3527 CW 2017-08-19 1027 LZ0DP         226 226       LZ0AM         255 228      
QSO:  3527 CW 2017-08-19 1027 LZ0DP         227 255       LZ0AN         257 268      
QSO:  3527 CW 2017-08-19 1028 LZ0DP         228 257       LZ0DR         200 249      
QSO:  3527 CW 2017-08-19 1029 LZ0DP         229 200       LZ0FJ         259 258      
QSO:  3527 CW 2017-08-19 1030 LZ0DP         230 259       LZ0DU         142 250      
QSO:  3514 CW 2017-08-19 1035 LZ0DP         231 142       LZ0AR         233 239      
QSO:  3527 CW 2017-08-19 1036 LZ0DP         232 233       LZ0FX         188 226      
QSO:  3517 CW 2017-08-19 1037 LZ0DP         233 188       LZ0DZ         268 224      
QSO:  3527 CW 2017-08-19 1038 LZ0DP         234 268       LZ0FG         255 148      
QSO:  3527 CW 2017-08-19 1039 LZ0DP         235 255       LZ0AF         246 270      
QSO:  3527 CW 2017-08-19 1039 LZ0DP         236 246       LZ0DY         267 238      
QSO:  3527 CW 2017-08-19 1040 LZ0DP         237 267       LZ0DD         201 260      
QSO:  3527 CW 2017-08-19 1040 LZ0DP         238 201       LZ0DC         285 251      
QSO:  3527 CW 2017-08-19 1041 LZ0DP         239 285       LZ0AX         230 274      
QSO:  3522 CW 2017-08-19 1042 LZ0DP         240 230       LZ0AW         265 246      
QSO:  3527 CW 2017-08-19 1043 LZ0DP         241 265       LZ0FY         250 289      
QSO:  3511 CW 2017-08-19 1044 LZ0DP         242 250       LZ0DG         272 164      
QSO:  3527 CW 2017-08-19 1044 LZ0DP         243 272       LZ0DT         232 249      
QSO:  3527 CW 2017-08-19 1045 LZ0DP         244 232       LZ0DA         271 244      
QSO:  3527 CW 2017-08-19 1045 LZ0DP         245 271       LZ0DF         238 245      
QSO:  3527 CW 2017-08-19 1046 LZ0DP         246 238       LZ0DF         239 245      
QSO:  3527 CW 2017-08-19 1046 LZ0DP         247 239       LZ0DX         161 274      
QSO:  3527 CW 2017-08-19 1046 LZ0DP         248 161       LZ0AT         285 132      
QSO:  3520 CW 2017-08-19 1047 LZ0DP         249 285       LZ0FF         264 253      
QSO:  3527 CW 2017-08-19 1047 LZ0DP         250 264       LZ0DK         168 217      
QSO:  3527 CW 2017-08-19 1048 LZ0DP         251 168       LZ0AV         257 254      
QSO:  3530 CW 2017-08-19 1048 LZ0DP         252 257       LZ0DV         272 237      
QSO:  3533 CW 2017-08-19 1049 LZ0DP         253 272       LZ0AJ         286 275      
QSO:  3528 CW 2017-08-19 1049 LZ0DP         254 286       LZ0FD         262 283      
QSO:  3557 CW 2017-08-19 1050 LZ0DP         255 262       LZ0FC         245 248      
QSO:  3527 CW 2017-08-19 1051 LZ0DP         256 245       LZ0DL         255 161      
QSO:  3540 CW 2017-08-19 1052 LZ0DP         257 255       LZ0DM         259 253      
QSO:  3559 CW 2017-08-19 1053 LZ0DP         258 259       LZ0AY         250 282      
QSO:  3525 CW 2017-08-19 1053 LZ0DP         259 250       LZ0FA         255 288      
QSO:  3537 CW 2017-08-19 1055 LZ0DP         260 255       LZ0AP         250 285      
QSO:  3527 CW 2017-08-19 1055 LZ0DP         261 250       LZ0FK         044 269      
QSO:  3527 CW 2017-08-19 1056 LZ0DP         262 044       LZ0DN         259 271      
QSO:  3527 CW 2017-08-19 1056 LZ0DP         263 259       LZ0AG         284 270      
QSO:  3527 CW 2017-08-19 1057 LZ0DP         264 284       LZ0AK         266 284      
QSO:  3527 CW 2017-08-19 1057 LZ0DP         265 266       LZ0DJ         284 179      
QSO:  3527 CW 2017-08-19 1059 LZ0DP         266 284       LZ0AN         297 308      
QSO:  3535 CW 2017-08-19 1059 LZ0DP         268 302       LZ0AD         187 183      
QSO:  3527 CW 2017-08-19 1059 LZ0DP         267 297       LZ0FJ         302 182      
END-OF-LOG:
