START-OF-LOG: 2.0 
CALLSIGN: LZ0DJ
CLUB: Карлово
CONTEST: LZ-HF-FIELD DAY
CATEGORY: SINGLE-OP 80M LOW CW
CLAIMED-SCORE: 284
OPERATORS: LZ1NK
NAME: Николай Енчев LZ1NK 
ADDRESS: 
ADDRESS: Karlovvo, PLD 4300
ADDRESS: BULGARIA
CREATED-BY: N1MM Logger+ 1.0.6527.0
QSO:  3537 CW 2017-08-19 0700 LZ0DJ         001 000       LZ0AK         001 000      
QSO:  3555 CW 2017-08-19 0701 LZ0DJ         002 001       LZ0AU         001 000      
QSO:  3550 CW 2017-08-19 0701 LZ0DJ         003 001       LZ0DT         001 000      
QSO:  3534 CW 2017-08-19 0702 LZ0DJ         004 001       LZ0DC         004 002      
QSO:  3533 CW 2017-08-19 0702 LZ0DJ         005 004       LZ0AJ         005 006      
QSO:  3532 CW 2017-08-19 0703 LZ0DJ         006 005       LZ0AA         003 006      
QSO:  3526 CW 2017-08-19 0703 LZ0DJ         007 003       LZ0FJ         005 003      
QSO:  3522 CW 2017-08-19 0704 LZ0DJ         008 005       LZ0AW         005 005      
QSO:  3511 CW 2017-08-19 0705 LZ0DJ         009 005       LZ0DG         013 003      
QSO:  3517 CW 2017-08-19 0706 LZ0DJ         010 013       LZ0DZ         014 009      
QSO:  3520 CW 2017-08-19 0707 LZ0DJ         011 014       LZ0FF         017 005      
QSO:  3525 CW 2017-08-19 0708 LZ0DJ         012 017       LZ0FA         008 007      
QSO:  3528 CW 2017-08-19 0708 LZ0DJ         013 008       LZ0FD         012 009      
QSO:  3530 CW 2017-08-19 0709 LZ0DJ         014 012       LZ0DV         015 009      
QSO:  3531 CW 2017-08-19 0709 LZ0DJ         015 015       LZ0DY         017 010      
QSO:  3537 CW 2017-08-19 0711 LZ0DJ         016 017       LZ0AP         017 009      
QSO:  3540 CW 2017-08-19 0711 LZ0DJ         017 017       LZ0DM         013 010      
QSO:  3542 CW 2017-08-19 0712 LZ0DJ         018 013       LZ0AT         021 018      
QSO:  3545 CW 2017-08-19 0712 LZ0DJ         019 021       LZ0AX         013 015      
QSO:  3559 CW 2017-08-19 0714 LZ0DJ         020 013       LZ0AY         014 018      
QSO:  3557 CW 2017-08-19 0715 LZ0DJ         021 014       LZ0FC         011 023      
QSO:  3552 CW 2017-08-19 0716 LZ0DJ         022 011       LZ0DN         017 015      
QSO:  3535 CW 2017-08-19 0716 LZ0DJ         023 017       LZ0AD         022 025      
QSO:  3524 CW 2017-08-19 0717 LZ0DJ         024 022       LZ0AC         015 018      
QSO:  3512 CW 2017-08-19 0719 LZ0DJ         025 015       LZ0DF         025 026      
QSO:  3519 CW 2017-08-19 0719 LZ0DJ         026 025       LZ0DL         031 028      
QSO:  3542 CW 2017-08-19 0722 LZ0DJ         027 031       LZ0DD         015 031      
QSO:  3542 CW 2017-08-19 0723 LZ0DJ         028 015       LZ0AF         027 024      
QSO:  3542 CW 2017-08-19 0723 LZ0DJ         029 027       LZ0FG         029 031      
QSO:  3542 CW 2017-08-19 0724 LZ0DJ         030 029       LZ0DW         033 034      
QSO:  3545 CW 2017-08-19 0725 LZ0DJ         031 033       LZ0FY         028 034      
QSO:  3552 CW 2017-08-19 0727 LZ0DJ         032 028       LZ0AG         030 031      
QSO:  3554 CW 2017-08-19 0727 LZ0DJ         033 030       LZ0DA         033 033      
QSO:  3519 CW 2017-08-19 0730 LZ0DJ         034 033       LZ0AN         038 032      
QSO:  3534 CW 2017-08-19 0733 LZ0DJ         035 038       LZ0DC         044 034      
QSO:  3532 CW 2017-08-19 0734 LZ0DJ         036 044       LZ0AA         030 036      
QSO:  3522 CW 2017-08-19 0735 LZ0DJ         037 030       LZ0AW         039 044      
QSO:  3511 CW 2017-08-19 0735 LZ0DJ         038 039       LZ0DG         053 019      
QSO:  3533 CW 2017-08-19 0736 LZ0DJ         039 053       LZ0AJ         043 037      
QSO:  3550 CW 2017-08-19 0736 LZ0DJ         040 043       LZ0DT         041 038      
QSO:  3526 CW 2017-08-19 0737 LZ0DJ         041 041       LZ0FJ         042 044      
QSO:  3517 CW 2017-08-19 0737 LZ0DJ         042 042       LZ0DZ         048 021      
QSO:  3520 CW 2017-08-19 0738 LZ0DJ         043 048       LZ0FF         046 022      
QSO:  3525 CW 2017-08-19 0739 LZ0DJ         044 046       LZ0FA         038 039      
QSO:  3528 CW 2017-08-19 0739 LZ0DJ         045 038       LZ0FD         042 048      
QSO:  3530 CW 2017-08-19 0740 LZ0DJ         046 042       LZ0DV         047 044      
QSO:  3531 CW 2017-08-19 0742 LZ0DJ         047 047       LZ0DY         051 045      
QSO:  3537 CW 2017-08-19 0742 LZ0DJ         048 051       LZ0AP         049 044      
QSO:  3540 CW 2017-08-19 0743 LZ0DJ         049 049       LZ0DM         045 031      
QSO:  3542 CW 2017-08-19 0743 LZ0DJ         050 045       LZ0AT         063 032      
QSO:  3557 CW 2017-08-19 0745 LZ0DJ         051 063       LZ0FC         037 052      
QSO:  3559 CW 2017-08-19 0746 LZ0DJ         052 037       LZ0AY         050 050      
QSO:  3535 CW 2017-08-19 0747 LZ0DJ         053 050       LZ0DR         048 049      
QSO:  3524 CW 2017-08-19 0748 LZ0DJ         054 048       LZ0AC         055 057      
QSO:  3519 CW 2017-08-19 0749 LZ0DJ         055 055       LZ0DL         066 051      
QSO:  3512 CW 2017-08-19 0750 LZ0DJ         056 066       LZ0DF         056 060      
QSO:  3550 CW 2017-08-19 0751 LZ0DJ         057 056       LZ0AU         029 070      
QSO:  3544 CW 2017-08-19 0752 LZ0DJ         058 029       LZ0DN         058 061      
QSO:  3545 CW 2017-08-19 0753 LZ0DJ         059 058       LZ0FG         064 066      
QSO:  3527 CW 2017-08-19 0754 LZ0DJ         060 064       LZ0DP         056 059      
QSO:  3514 CW 2017-08-19 0755 LZ0DJ         061 056       LZ0AR         056 067      
QSO:  3545 CW 2017-08-19 0756 LZ0DJ         062 056       LZ0FY         059 059      
QSO:  3541 CW 2017-08-19 0756 LZ0DJ         063 059       LZ0AF         061 069      
QSO:  3539 CW 2017-08-19 0757 LZ0DJ         064 061       LZ0AD         063 055      
QSO:  3552 CW 2017-08-19 0758 LZ0DJ         065 063       LZ0AG         066 069      
QSO:  3545 CW 2017-08-19 0758 LZ0DJ         066 066       LZ0AX         066 060      
QSO:  3554 CW 2017-08-19 0800 LZ0DJ         067 066       LZ0DA         068 069      
QSO:  3554 CW 2017-08-19 0801 LZ0DJ         068 068       LZ0DA         068 069      
QSO:  3554 CW 2017-08-19 0801 LZ0DJ         069 068       LZ0DW         073 034      
QSO:  3554 CW 2017-08-19 0801 LZ0DJ         070 073       LZ0DD         049 068      
QSO:  3554 CW 2017-08-19 0802 LZ0DJ         071 049       LZ0AM         072 074      
QSO:  3554 CW 2017-08-19 0802 LZ0DJ         072 072       LZ0AL         066 078      
QSO:  3554 CW 2017-08-19 0803 LZ0DJ         073 066       LZ0DC         085 067      
QSO:  3519 CW 2017-08-19 0804 LZ0DJ         074 085       LZ0AN         079 066      
QSO:  3532 CW 2017-08-19 0806 LZ0DJ         075 079       LZ0AA         062 067      
QSO:  3511 CW 2017-08-19 0806 LZ0DJ         076 062       LZ0DG         086 070      
QSO:  3522 CW 2017-08-19 0806 LZ0DJ         077 086       LZ0AW         076 071      
QSO:  3533 CW 2017-08-19 0807 LZ0DJ         078 076       LZ0AJ         083 073      
QSO:  3550 CW 2017-08-19 0808 LZ0DJ         079 083       LZ0DT         077 087      
QSO:  3520 CW 2017-08-19 0808 LZ0DJ         080 077       LZ0FF         078 074      
QSO:  3517 CW 2017-08-19 0808 LZ0DJ         081 078       LZ0DZ         083 074      
QSO:  3526 CW 2017-08-19 0809 LZ0DJ         082 083       LZ0FJ         084 095      
QSO:  3528 CW 2017-08-19 0809 LZ0DJ         083 084       LZ0FD         076 075      
QSO:  3525 CW 2017-08-19 0810 LZ0DJ         084 076       LZ0FA         069 012      
QSO:  3530 CW 2017-08-19 0810 LZ0DJ         085 069       LZ0DV         080 015      
QSO:  3531 CW 2017-08-19 0812 LZ0DJ         086 080       LZ0DY         089 095      
QSO:  3537 CW 2017-08-19 0813 LZ0DJ         087 089       LZ0AP         080 058      
QSO:  3540 CW 2017-08-19 0814 LZ0DJ         088 080       LZ0DM         082 017      
QSO:  3554 CW 2017-08-19 0814 LZ0DJ         089 082       LZ0AK         078 105      
QSO:  3557 CW 2017-08-19 0816 LZ0DJ         090 078       LZ0FC         070 091      
QSO:  3559 CW 2017-08-19 0816 LZ0DJ         091 070       LZ0AY         082 093      
QSO:  3524 CW 2017-08-19 0818 LZ0DJ         092 082       LZ0AC         083 094      
QSO:  3535 CW 2017-08-19 0820 LZ0DJ         093 083       LZ0DR         081 075      
QSO:  3512 CW 2017-08-19 0820 LZ0DJ         094 081       LZ0DF         092 098      
QSO:  3544 CW 2017-08-19 0822 LZ0DJ         095 092       LZ0DN         089 096      
QSO:  3527 CW 2017-08-19 0824 LZ0DJ         096 089       LZ0DP         088 105      
QSO:  3554 CW 2017-08-19 0825 LZ0DJ         097 088       LZ0DU         027 095      
QSO:  3514 CW 2017-08-19 0826 LZ0DJ         098 027       LZ0AR         085 107      
QSO:  3541 CW 2017-08-19 0827 LZ0DJ         099 085       LZ0AF         095 112      
QSO:  3545 CW 2017-08-19 0827 LZ0DJ         100 095       LZ0FY         091 103      
QSO:  3519 CW 2017-08-19 0829 LZ0DJ         101 091       LZ0DL         104 090      
QSO:  3552 CW 2017-08-19 0829 LZ0DJ         102 104       LZ0AG         101 094      
QSO:  3545 CW 2017-08-19 0830 LZ0DJ         103 101       LZ0AX         100 108      
QSO:  3554 CW 2017-08-19 0831 LZ0DJ         104 100       LZ0DA         106 105      
QSO:  3554 CW 2017-08-19 0831 LZ0DJ         105 106       LZ0FG         106 096      
QSO:  3554 CW 2017-08-19 0832 LZ0DJ         106 106       LZ0DW         111 100      
QSO:  3560 CW 2017-08-19 0833 LZ0DJ         107 111       LZ0AU         052 108      
QSO:  3554 CW 2017-08-19 0834 LZ0DJ         108 052       LZ0DC         123 065      
QSO:  3519 CW 2017-08-19 0834 LZ0DJ         109 123       LZ0AN         115 109      
QSO:  3554 CW 2017-08-19 0835 LZ0DJ         110 115       LZ0DD         082 102      
QSO:  3554 CW 2017-08-19 0836 LZ0DJ         111 082       LZ0AV         104 092      
QSO:  3522 CW 2017-08-19 0837 LZ0DJ         112 104       LZ0AW         114 095      
QSO:  3511 CW 2017-08-19 0837 LZ0DJ         113 114       LZ0DG         122 118      
QSO:  3532 CW 2017-08-19 0839 LZ0DJ         114 122       LZ0AA         097 102      
QSO:  3517 CW 2017-08-19 0839 LZ0DJ         115 097       LZ0DZ         121 099      
QSO:  3520 CW 2017-08-19 0840 LZ0DJ         116 121       LZ0FF         115 108      
QSO:  3526 CW 2017-08-19 0841 LZ0DJ         117 115       LZ0FJ         123 100      
QSO:  3525 CW 2017-08-19 0841 LZ0DJ         118 123       LZ0FA         106 108      
QSO:  3530 CW 2017-08-19 0841 LZ0DJ         119 106       LZ0DV         111 112      
QSO:  3533 CW 2017-08-19 0842 LZ0DJ         120 111       LZ0AJ         125 113      
QSO:  3528 CW 2017-08-19 0842 LZ0DJ         121 125       LZ0FD         112 108      
QSO:  3531 CW 2017-08-19 0843 LZ0DJ         122 112       LZ0DY         124 059      
QSO:  3537 CW 2017-08-19 0843 LZ0DJ         123 124       LZ0AP         105 137      
QSO:  3540 CW 2017-08-19 0844 LZ0DJ         124 105       LZ0DM         115 112      
QSO:  3551 CW 2017-08-19 0846 LZ0DJ         125 115       LZ0DT         111 129      
QSO:  3559 CW 2017-08-19 0847 LZ0DJ         126 111       LZ0AY         112 128      
QSO:  3557 CW 2017-08-19 0848 LZ0DJ         127 112       LZ0FC         106 017      
QSO:  3554 CW 2017-08-19 0850 LZ0DJ         128 106       LZ0AK         114 077      
QSO:  3554 CW 2017-08-19 0851 LZ0DJ         129 114       LZ0AT         140 118      
QSO:  3554 CW 2017-08-19 0851 LZ0DJ         130 140       LZ0AM         131 108      
QSO:  3535 CW 2017-08-19 0852 LZ0DJ         131 131       LZ0DR         115 125      
QSO:  3512 CW 2017-08-19 0853 LZ0DJ         132 115       LZ0DF         120 140      
QSO:  3544 CW 2017-08-19 0854 LZ0DJ         133 120       LZ0DN         126 121      
QSO:  3527 CW 2017-08-19 0855 LZ0DJ         134 126       LZ0DP         121 121      
QSO:  3554 CW 2017-08-19 0856 LZ0DJ         135 121       LZ0DU         053 117      
QSO:  3554 CW 2017-08-19 0857 LZ0DJ         136 053       LZ0DK         083 067      
QSO:  3545 CW 2017-08-19 0857 LZ0DJ         137 083       LZ0FY         124 129      
QSO:  3541 CW 2017-08-19 0858 LZ0DJ         138 124       LZ0AF         130 123      
QSO:  3514 CW 2017-08-19 0858 LZ0DJ         139 130       LZ0AR         119 142      
QSO:  3552 CW 2017-08-19 0900 LZ0DJ         140 119       LZ0AG         133 127      
QSO:  3524 CW 2017-08-19 0900 LZ0DJ         141 133       LZ0AC         094 142      
QSO:  3554 CW 2017-08-19 0901 LZ0DJ         142 094       LZ0FX         094 134      
QSO:  3554 CW 2017-08-19 0903 LZ0DJ         143 094       LZ0FG         138 139      
QSO:  3554 CW 2017-08-19 0903 LZ0DJ         144 138       LZ0DA         143 136      
QSO:  3554 CW 2017-08-19 0903 LZ0DJ         145 143       LZ0DW         148 097      
QSO:  3554 CW 2017-08-19 0904 LZ0DJ         146 148       LZ0DX         063 125      
QSO:  3519 CW 2017-08-19 0904 LZ0DJ         147 063       LZ0AN         153 151      
QSO:  3545 CW 2017-08-19 0905 LZ0DJ         148 153       LZ0AX         136 157      
QSO:  3554 CW 2017-08-19 0906 LZ0DJ         149 136       LZ0AV         136 128      
QSO:  3522 CW 2017-08-19 0907 LZ0DJ         150 136       LZ0AW         151 147      
QSO:  3511 CW 2017-08-19 0908 LZ0DJ         151 151       LZ0DG         152 142      
QSO:  3554 CW 2017-08-19 0910 LZ0DJ         152 152       LZ0AA         131 137      
QSO:  3517 CW 2017-08-19 0911 LZ0DJ         153 131       LZ0DZ         161 131      
QSO:  3525 CW 2017-08-19 0911 LZ0DJ         154 161       LZ0FA         138 142      
QSO:  3526 CW 2017-08-19 0912 LZ0DJ         155 138       LZ0FJ         158 102      
QSO:  3520 CW 2017-08-19 0912 LZ0DJ         156 158       LZ0FF         153 133      
QSO:  3528 CW 2017-08-19 0912 LZ0DJ         157 153       LZ0FD         147 155      
QSO:  3530 CW 2017-08-19 0913 LZ0DJ         158 147       LZ0DV         148 151      
QSO:  3533 CW 2017-08-19 0914 LZ0DJ         159 148       LZ0AJ         163 149      
QSO:  3537 CW 2017-08-19 0914 LZ0DJ         160 163       LZ0AP         137 151      
QSO:  3540 CW 2017-08-19 0915 LZ0DJ         161 137       LZ0DM         150 105      
QSO:  3550 CW 2017-08-19 0916 LZ0DJ         162 150       LZ0AU         077 167      
QSO:  3551 CW 2017-08-19 0917 LZ0DJ         163 077       LZ0DT         141 169      
QSO:  3557 CW 2017-08-19 0918 LZ0DJ         164 141       LZ0FC         137 160      
QSO:  3559 CW 2017-08-19 0919 LZ0DJ         165 137       LZ0AY         148 170      
QSO:  3554 CW 2017-08-19 0921 LZ0DJ         166 148       LZ0DC         183 144      
QSO:  3554 CW 2017-08-19 0921 LZ0DJ         167 183       LZ0AT         178 155      
QSO:  3554 CW 2017-08-19 0922 LZ0DJ         168 178       LZ0AK         151 147      
QSO:  3554 CW 2017-08-19 0922 LZ0DJ         169 151       LZ0AM         172 141      
QSO:  3554 CW 2017-08-19 0922 LZ0DJ         170 172       LZ0DD         126 166      
QSO:  3554 CW 2017-08-19 0923 LZ0DJ         171 126       LZ0DY         170 149      
QSO:  3535 CW 2017-08-19 0923 LZ0DJ         172 170       LZ0DR         149 162      
QSO:  3544 CW 2017-08-19 0924 LZ0DJ         173 149       LZ0DN         159 083      
QSO:  3512 CW 2017-08-19 0925 LZ0DJ         174 159       LZ0DF         150 152      
QSO:  3527 CW 2017-08-19 0925 LZ0DJ         175 150       LZ0DP         154 173      
QSO:  3545 CW 2017-08-19 0928 LZ0DJ         176 154       LZ0FY         161 158      
QSO:  3554 CW 2017-08-19 0929 LZ0DJ         177 161       LZ0AF         165 159      
QSO:  3514 CW 2017-08-19 0929 LZ0DJ         178 165       LZ0AR         157 132      
QSO:  3554 CW 2017-08-19 0930 LZ0DJ         179 157       LZ0DU         084 157      
QSO:  3552 CW 2017-08-19 0930 LZ0DJ         180 084       LZ0AG         173 160      
QSO:  3554 CW 2017-08-19 0933 LZ0DJ         181 173       LZ0FG         176 176      
QSO:  3554 CW 2017-08-19 0933 LZ0DJ         182 176       LZ0DW         184 124      
QSO:  3554 CW 2017-08-19 0934 LZ0DJ         183 184       LZ0AN         189 188      
QSO:  3554 CW 2017-08-19 0935 LZ0DJ         184 189       LZ0AL         160 158      
QSO:  3554 CW 2017-08-19 0936 LZ0DJ         185 160       LZ0DA         182 190      
QSO:  3554 CW 2017-08-19 0936 LZ0DJ         186 182       LZ0AV         170 160      
QSO:  3522 CW 2017-08-19 0937 LZ0DJ         187 170       LZ0AW         188 184      
QSO:  3511 CW 2017-08-19 0939 LZ0DJ         188 188       LZ0DG         190 175      
QSO:  3554 CW 2017-08-19 0942 LZ0DJ         189 190       LZ0FX         132 166      
QSO:  3517 CW 2017-08-19 0942 LZ0DJ         190 132       LZ0DZ         199 195      
QSO:  3525 CW 2017-08-19 0943 LZ0DJ         191 199       LZ0FA         175 192      
QSO:  3520 CW 2017-08-19 0943 LZ0DJ         192 175       LZ0FF         190 169      
QSO:  3530 CW 2017-08-19 0944 LZ0DJ         193 190       LZ0DV         187 194      
QSO:  3528 CW 2017-08-19 0944 LZ0DJ         194 187       LZ0FD         184 196      
QSO:  3526 CW 2017-08-19 0945 LZ0DJ         195 184       LZ0FJ         203 168      
QSO:  3533 CW 2017-08-19 0945 LZ0DJ         196 203       LZ0AJ         201 187      
QSO:  3540 CW 2017-08-19 0946 LZ0DJ         197 201       LZ0DM         183 210      
QSO:  3537 CW 2017-08-19 0947 LZ0DJ         198 183       LZ0AP         172 183      
QSO:  3551 CW 2017-08-19 0947 LZ0DJ         199 172       LZ0DT         172 205      
QSO:  3557 CW 2017-08-19 0949 LZ0DJ         200 172       LZ0FC         171 173      
QSO:  3559 CW 2017-08-19 0949 LZ0DJ         201 171       LZ0AY         179 210      
QSO:  3524 CW 2017-08-19 0951 LZ0DJ         202 179       LZ0AD         118 187      
QSO:  3554 CW 2017-08-19 0951 LZ0DJ         203 118       LZ0DC         224 118      
QSO:  3554 CW 2017-08-19 0952 LZ0DJ         204 224       LZ0AT         217 199      
QSO:  3554 CW 2017-08-19 0952 LZ0DJ         205 217       LZ0AK         188 140      
QSO:  3554 CW 2017-08-19 0953 LZ0DJ         206 188       LZ0DY         207 189      
QSO:  3545 CW 2017-08-19 0954 LZ0DJ         207 207       LZ0AX         184 214      
QSO:  3527 CW 2017-08-19 0955 LZ0DJ         208 184       LZ0DP         188 216      
QSO:  3544 CW 2017-08-19 0956 LZ0DJ         209 188       LZ0DN         194 107      
QSO:  3554 CW 2017-08-19 0957 LZ0DJ         210 194       LZ0DL         197 205      
QSO:  3512 CW 2017-08-19 0957 LZ0DJ         211 197       LZ0DF         186 212      
QSO:  3545 CW 2017-08-19 0959 LZ0DJ         212 186       LZ0FY         198 203      
QSO:  3514 CW 2017-08-19 0959 LZ0DJ         213 198       LZ0AR         188 224      
QSO:  3554 CW 2017-08-19 1000 LZ0DJ         214 188       LZ0AF         204 197      
QSO:  3554 CW 2017-08-19 1000 LZ0DJ         215 204       LZ0AM         225 189      
QSO:  3552 CW 2017-08-19 1001 LZ0DJ         216 225       LZ0AG         213 216      
QSO:  3554 CW 2017-08-19 1002 LZ0DJ         217 213       LZ0DD         164 192      
QSO:  3554 CW 2017-08-19 1003 LZ0DJ         218 164       LZ0FG         214 214      
QSO:  3554 CW 2017-08-19 1004 LZ0DJ         219 214       LZ0DW         220 130      
QSO:  3519 CW 2017-08-19 1004 LZ0DJ         220 220       LZ0AN         228 193      
QSO:  3550 CW 2017-08-19 1005 LZ0DJ         221 228       LZ0AU         105 222      
QSO:  3554 CW 2017-08-19 1006 LZ0DJ         222 105       LZ0DA         222 206      
QSO:  3554 CW 2017-08-19 1006 LZ0DJ         223 222       LZ0AL         190 189      
QSO:  3554 CW 2017-08-19 1007 LZ0DJ         224 190       LZ0AV         207 216      
QSO:  3522 CW 2017-08-19 1008 LZ0DJ         225 207       LZ0AW         222 225      
QSO:  3535 CW 2017-08-19 1009 LZ0DJ         226 222       LZ0DR         189 224      
QSO:  3554 CW 2017-08-19 1009 LZ0DJ         227 189       LZ0DK         133 207      
QSO:  3511 CW 2017-08-19 1010 LZ0DJ         228 133       LZ0DG         223 219      
QSO:  3554 CW 2017-08-19 1013 LZ0DJ         229 223       LZ0AA         192 205      
QSO:  3520 CW 2017-08-19 1014 LZ0DJ         230 192       LZ0FF         223 203      
QSO:  3517 CW 2017-08-19 1014 LZ0DJ         231 223       LZ0DZ         242 138      
QSO:  3525 CW 2017-08-19 1015 LZ0DJ         232 242       LZ0FA         211 234      
QSO:  3528 CW 2017-08-19 1015 LZ0DJ         233 211       LZ0FD         220 202      
QSO:  3533 CW 2017-08-19 1016 LZ0DJ         234 220       LZ0AJ         241 224      
QSO:  3530 CW 2017-08-19 1016 LZ0DJ         235 241       LZ0DV         228 227      
QSO:  3540 CW 2017-08-19 1017 LZ0DJ         236 228       LZ0DM         217 246      
QSO:  3537 CW 2017-08-19 1017 LZ0DJ         237 217       LZ0AP         206 218      
QSO:  3551 CW 2017-08-19 1018 LZ0DJ         238 206       LZ0DT         207 239      
QSO:  3526 CW 2017-08-19 1019 LZ0DJ         239 207       LZ0FJ         246 242      
QSO:  3557 CW 2017-08-19 1020 LZ0DJ         240 246       LZ0FC         209 214      
QSO:  3559 CW 2017-08-19 1020 LZ0DJ         241 209       LZ0AY         214 235      
QSO:  3524 CW 2017-08-19 1022 LZ0DJ         242 214       LZ0FX         172 215      
QSO:  3545 CW 2017-08-19 1024 LZ0DJ         243 172       LZ0AX         208 221      
QSO:  3527 CW 2017-08-19 1026 LZ0DJ         244 208       LZ0DP         223 148      
QSO:  3554 CW 2017-08-19 1027 LZ0DJ         245 223       LZ0AT         262 150      
QSO:  3554 CW 2017-08-19 1027 LZ0DJ         246 262       LZ0DY         248 261      
QSO:  3544 CW 2017-08-19 1027 LZ0DJ         247 248       LZ0DN         231 229      
QSO:  3545 CW 2017-08-19 1029 LZ0DJ         248 231       LZ0FY         235 212      
QSO:  3514 CW 2017-08-19 1030 LZ0DJ         249 235       LZ0AR         222 219      
QSO:  3554 CW 2017-08-19 1031 LZ0DJ         250 222       LZ0DF         218 236      
QSO:  3553 CW 2017-08-19 1033 LZ0DJ         251 218       LZ0DL         237 236      
QSO:  3554 CW 2017-08-19 1034 LZ0DJ         252 237       LZ0DC         276 264       
QSO:  3554 CW 2017-08-19 1035 LZ0DJ         253 262       LZ0DU         145 224      
QSO:  3519 CW 2017-08-19 1036 LZ0DJ         254 145       LZ0AN         270 258      
QSO:  3552 CW 2017-08-19 1037 LZ0DJ         255 270       LZ0AG         256 258      
QSO:  3551 CW 2017-08-19 1038 LZ0DJ         256 256       LZ0AU         129 228      
QSO:  3522 CW 2017-08-19 1039 LZ0DJ         257 129       LZ0AW         259 265      
QSO:  3554 CW 2017-08-19 1039 LZ0DJ         258 259       LZ0AF         248 232      
QSO:  3554 CW 2017-08-19 1040 LZ0DJ         259 248       LZ0DK         161 233      
QSO:  3554 CW 2017-08-19 1040 LZ0DJ         260 161       LZ0DA         266 273      
QSO:  3554 CW 2017-08-19 1040 LZ0DJ         261 266       LZ0AK         244 234      
QSO:  3554 CW 2017-08-19 1041 LZ0DJ         262 244       LZ0FG         258 252      
QSO:  3554 CW 2017-08-19 1041 LZ0DJ         263 258       LZ0DD         203 274      
QSO:  3554 CW 2017-08-19 1042 LZ0DJ         264 203       LZ0DW         264 236      
QSO:  3554 CW 2017-08-19 1042 LZ0DJ         265 264       LZ0AV         250 240      
QSO:  3511 CW 2017-08-19 1042 LZ0DJ         266 250       LZ0DG         269 273      
QSO:  3554 CW 2017-08-19 1044 LZ0DJ         267 269       LZ0AM         279 289      
QSO:  3554 CW 2017-08-19 1044 LZ0DJ         268 279       LZ0AL         224 165      
QSO:  3517 CW 2017-08-19 1045 LZ0DJ         269 224       LZ0DZ         279 240      
QSO:  3520 CW 2017-08-19 1045 LZ0DJ         270 279       LZ0FF         262 263      
QSO:  3528 CW 2017-08-19 1046 LZ0DJ         271 262       LZ0FD         256 273      
QSO:  3530 CW 2017-08-19 1047 LZ0DJ         272 256       LZ0DV         268 268      
QSO:  3540 CW 2017-08-19 1048 LZ0DJ         273 268       LZ0DM         252 286      
QSO:  3537 CW 2017-08-19 1048 LZ0DJ         274 252       LZ0AP         238 257      
QSO:  3533 CW 2017-08-19 1048 LZ0DJ         275 238       LZ0AJ         285 243      
QSO:  3551 CW 2017-08-19 1049 LZ0DJ         276 285       LZ0DT         239 275      
QSO:  3525 CW 2017-08-19 1050 LZ0DJ         277 239       LZ0FA         249 244      
QSO:  3526 CW 2017-08-19 1050 LZ0DJ         278 249       LZ0FJ         286 243      
QSO:  3535 CW 2017-08-19 1050 LZ0DJ         279 286       LZ0DR         222 285      
QSO:  3559 CW 2017-08-19 1052 LZ0DJ         280 222       LZ0AY         248 237      
QSO:  3557 CW 2017-08-19 1053 LZ0DJ         281 248       LZ0FC         249 261      
QSO:  3524 CW 2017-08-19 1055 LZ0DJ         282 249       LZ0AC         171 278      
QSO:  3535 CW 2017-08-19 1056 LZ0DJ         283 171       LZ0AD         179 297      
QSO:  3527 CW 2017-08-19 1057 LZ0DJ         284 179       LZ0DP         265 266      
QSO:  3544 CW 2017-08-19 1058 LZ0DJ         285 265       LZ0DN         264 295      
QSO:  3545 CW 2017-08-19 1059 LZ0DJ         286 264       LZ0FY         274 258      
END-OF-LOG:
