START-OF-LOG: 2.0 
CALLSIGN: LZ0DR
CLUB: Казанлък
CONTEST: LZ-OPEN
CATEGORY: SINGLE-OP 80M QRP CW
CLAIMED-SCORE: 227
OPERATORS: LZ1RW
NAME: Марин Буковски LZ1RW
ADDRESS: vk Iztok 47-G-65
ADDRESS: Kazanlak,  6100
ADDRESS: BULGARIA
CREATED-BY: N1MM Logger+ 1.0.6706.0
QSO:  3535 CW 2017-08-19 0700 LZ0DR         001 000       LZ0DK         001 000      
QSO:  3535 CW 2017-08-19 0701 LZ0DR         002 001       LZ0DA         002 002      
QSO:  3535 CW 2017-08-19 0702 LZ0DR         003 002       LZ0DN         002 003      
QSO:  3535 CW 2017-08-19 0703 LZ0DR         004 002       LZ0AT         007 004      
QSO:  3535 CW 2017-08-19 0704 LZ0DR         005 007       LZ0DL         008 005      
QSO:  3535 CW 2017-08-19 0705 LZ0DR         006 008       LZ0AF         005 007      
QSO:  3511 CW 2017-08-19 0708 LZ0DR         007 005       LZ0DG         018 011      
QSO:  3517 CW 2017-08-19 0709 LZ0DR         008 018       LZ0DZ         016 008      
QSO:  3520 CW 2017-08-19 0709 LZ0DR         009 016       LZ0FF         019 012      
QSO:  3522 CW 2017-08-19 0710 LZ0DR         010 019       LZ0AW         016 013      
QSO:  3525 CW 2017-08-19 0710 LZ0DR         011 016       LZ0FA         014 013      
QSO:  3528 CW 2017-08-19 0711 LZ0DR         012 014       LZ0FD         016 011      
QSO:  3530 CW 2017-08-19 0711 LZ0DR         013 016       LZ0DV         019 010      
QSO:  3533 CW 2017-08-19 0712 LZ0DR         014 019       LZ0AJ         019 011      
QSO:  3555 CW 2017-08-19 0713 LZ0DR         015 019       LZ0AU         013 016      
QSO:  3557 CW 2017-08-19 0714 LZ0DR         016 013       LZ0FC         009 021      
QSO:  3559 CW 2017-08-19 0718 LZ0DR         017 009       LZ0AY         021 020      
QSO:  3546 CW 2017-08-19 0719 LZ0DR         018 021       LZ0FY         022 024      
QSO:  3545 CW 2017-08-19 0719 LZ0DR         019 022       LZ0AX         023 022      
QSO:  3540 CW 2017-08-19 0722 LZ0DR         020 023       LZ0DM         024 022      
QSO:  3537 CW 2017-08-19 0723 LZ0DR         021 024       LZ0AP         028 031      
QSO:  3535 CW 2017-08-19 0724 LZ0DR         022 028       LZ0FX         018 023      
QSO:  3535 CW 2017-08-19 0725 LZ0DR         023 018       LZ0FG         031 027      
QSO:  3535 CW 2017-08-19 0725 LZ0DR         024 031       LZ0DW         035 028      
QSO:  3535 CW 2017-08-19 0727 LZ0DR         025 035       LZ0DC         040 021      
QSO:  3535 CW 2017-08-19 0728 LZ0DR         026 040       LZ0AN         036 003      
QSO:  3535 CW 2017-08-19 0728 LZ0DR         027 036       LZ0DP         028 021      
QSO:  3535 CW 2017-08-19 0731 LZ0DR         028 028       LZ0DA         036 037      
QSO:  3535 CW 2017-08-19 0732 LZ0DR         029 036       LZ0DK         025 035      
QSO:  3552 CW 2017-08-19 0733 LZ0DR         030 025       LZ0AG         035 034      
QSO:  3535 CW 2017-08-19 0734 LZ0DR         031 035       LZ0AT         047 011      
QSO:  3535 CW 2017-08-19 0735 LZ0DR         032 047       LZ0DL         047 012      
QSO:  3535 CW 2017-08-19 0735 LZ0DR         033 047       LZ0AF         036 034      
QSO:  3535 CW 2017-08-19 0735 LZ0DR         034 036       LZ0DN         037 013      
QSO:  3535 CW 2017-08-19 0737 LZ0DR         035 037       LZ0AC         038 042      
QSO:  3535 CW 2017-08-19 0737 LZ0DR         036 038       LZ0AL         035 033      
QSO:  3535 CW 2017-08-19 0739 LZ0DR         037 035       LZ0FJ         044 056      
QSO:  3511 CW 2017-08-19 0739 LZ0DR         038 044       LZ0DG         058 026      
QSO:  3520 CW 2017-08-19 0740 LZ0DR         039 058       LZ0FF         051 041      
QSO:  3522 CW 2017-08-19 0741 LZ0DR         040 051       LZ0AW         051 047      
QSO:  3517 CW 2017-08-19 0743 LZ0DR         041 051       LZ0DZ         055 053      
QSO:  3525 CW 2017-08-19 0743 LZ0DR         042 055       LZ0FA         044 055      
QSO:  3528 CW 2017-08-19 0744 LZ0DR         043 044       LZ0FD         050 042      
QSO:  3535 CW 2017-08-19 0745 LZ0DR         044 050       LZ0DX         030 054      
QSO:  3535 CW 2017-08-19 0745 LZ0DR         045 030       LZ0DV         053 045      
QSO:  3557 CW 2017-08-19 0746 LZ0DR         046 053       LZ0FC         039 045      
QSO:  3535 CW 2017-08-19 0747 LZ0DR         047 039       LZ0AK         049 060      
QSO:  3535 CW 2017-08-19 0748 LZ0DR         048 049       LZ0DJ         053 050      
QSO:  3533 CW 2017-08-19 0748 LZ0DR         049 053       LZ0AJ         061 048      
QSO:  3559 CW 2017-08-19 0748 LZ0DR         050 061       LZ0AY         055 051      
QSO:  3545 CW 2017-08-19 0750 LZ0DR         051 055       LZ0AX         054 063      
QSO:  3546 CW 2017-08-19 0750 LZ0DR         052 054       LZ0FY         051 062      
QSO:  3535 CW 2017-08-19 0751 LZ0DR         053 051       LZ0AA         048 061      
QSO:  3535 CW 2017-08-19 0752 LZ0DR         054 048       LZ0DY         065 050      
QSO:  3540 CW 2017-08-19 0753 LZ0DR         055 065       LZ0DM         057 055      
QSO:  3537 CW 2017-08-19 0754 LZ0DR         056 057       LZ0AP         062 066      
QSO:  3514 CW 2017-08-19 0756 LZ0DR         057 062       LZ0AR         057 061      
QSO:  3509 CW 2017-08-19 0757 LZ0DR         058 057       LZ0FX         034 071      
QSO:  3516 CW 2017-08-19 0758 LZ0DR         059 034       LZ0AM         069 058      
QSO:  3535 CW 2017-08-19 0759 LZ0DR         060 069       LZ0DP         060 072      
QSO:  3535 CW 2017-08-19 0759 LZ0DR         061 060       LZ0DW         071 061      
QSO:  3535 CW 2017-08-19 0800 LZ0DR         062 071       LZ0DC         080 043      
QSO:  3535 CW 2017-08-19 0800 LZ0DR         063 080       LZ0FG         070 067      
QSO:  3535 CW 2017-08-19 0801 LZ0DR         064           LZ0AN         072 066      
QSO:  3535 CW 2017-08-19 0802 LZ0DR         065 072       LZ0AD         067 063      
QSO:  3535 CW 2017-08-19 0802 LZ0DR         066 067       LZ0DA         070 077      
QSO:  3535 CW 2017-08-19 0803 LZ0DR         067 070       LZ0DD         050 070      
QSO:  3535 CW 2017-08-19 0811 LZ0DR         068 050       LZ0DN         073 074      
QSO:  3535 CW 2017-08-19 0811 LZ0DR         069 073       LZ0AG         081 088      
QSO:  3535 CW 2017-08-19 0811 LZ0DR         070 081       LZ0AF         074 093      
QSO:  3535 CW 2017-08-19 0812 LZ0DR         071 074       LZ0FJ         088 078      
QSO:  3535 CW 2017-08-19 0812 LZ0DR         072 088       LZ0DL         090 078      
QSO:  3535 CW 2017-08-19 0813 LZ0DR         073 090       LZ0AT         095 078      
QSO:  3535 CW 2017-08-19 0813 LZ0DR         074 095       LZ0DG         096 088      
QSO:  3520 CW 2017-08-19 0815 LZ0DR         075 096       LZ0FF         089 051      
QSO:  3517 CW 2017-08-19 0816 LZ0DR         076 089       LZ0DZ         094 100      
QSO:  3522 CW 2017-08-19 0816 LZ0DR         077 094       LZ0AW         093 109      
QSO:  3525 CW 2017-08-19 0816 LZ0DR         078 093       LZ0FA         081 081      
QSO:  3528 CW 2017-08-19 0817 LZ0DR         079 081       LZ0FD         088 091      
QSO:  3557 CW 2017-08-19 0818 LZ0DR         080 088       LZ0FC         075 095      
QSO:  3535 CW 2017-08-19 0820 LZ0DR         081 075       LZ0DJ         093 083      
QSO:  3535 CW 2017-08-19 0820 LZ0DR         082 093       LZ0AJ         098 081      
QSO:  3535 CW 2017-08-19 0821 LZ0DR         083 098       LZ0AX         088 090      
QSO:  3535 CW 2017-08-19 0821 LZ0DR         084 088       LZ0DV         089 100      
QSO:  3535 CW 2017-08-19 0822 LZ0DR         085 089       LZ0AL         089 087      
QSO:  3535 CW 2017-08-19 0823 LZ0DR         086 089       LZ0DK         055 094      
QSO:  3535 CW 2017-08-19 0824 LZ0DR         087 055       LZ0AK         089 093      
QSO:  3535 CW 2017-08-19 0824 LZ0DR         088 089       LZ0DY         103 099      
QSO:  3537 CW 2017-08-19 0825 LZ0DR         089 103       LZ0AP         090 103      
QSO:  3540 CW 2017-08-19 0826 LZ0DR         090 090       LZ0DM         095 092      
QSO:  3514 CW 2017-08-19 0829 LZ0DR         091 095       LZ0AR         093 093      
QSO:  3532 CW 2017-08-19 0831 LZ0DR         092 093       LZ0AA         086 111      
QSO:  3535 CW 2017-08-19 0832 LZ0DR         093 086       LZ0DA         108 033      
QSO:  3535 CW 2017-08-19 0833 LZ0DR         094 108       LZ0DD         079 037      
QSO:  3535 CW 2017-08-19 0834 LZ0DR         095 079       LZ0DW         112 106      
QSO:  3535 CW 2017-08-19 0834 LZ0DR         096 112       LZ0FG         110 105      
QSO:  3535 CW 2017-08-19 0834 LZ0DR         097 110       LZ0DU         034 107      
QSO:  3519 CW 2017-08-19 0837 LZ0DR         098 034       LZ0AN         119 115      
QSO:  3545 CW 2017-08-19 0839 LZ0DR         099 119       LZ0FY         104 111      
QSO:  3559 CW 2017-08-19 0841 LZ0DR         100 104       LZ0AY         104 119      
QSO:  3535 CW 2017-08-19 0841 LZ0DR         101 104       LZ0DC         134 103      
QSO:  3535 CW 2017-08-19 0842 LZ0DR         102 134       LZ0AF         111 129      
QSO:  3535 CW 2017-08-19 0842 LZ0DR         103 111       LZ0AG         114 124      
QSO:  3535 CW 2017-08-19 0843 LZ0DR         104 114       LZ0DD         089 127      
QSO:  3535 CW 2017-08-19 0844 LZ0DR         105 089       LZ0FJ         126 124      
QSO:  3535 CW 2017-08-19 0845 LZ0DR         106 126       LZ0DP         107 115      
QSO:  3535 CW 2017-08-19 0845 LZ0DR         107 107       LZ0DN         114 133      
QSO:  3522 CW 2017-08-19 0846 LZ0DR         108 114       LZ0AW         130 140      
QSO:  3520 CW 2017-08-19 0847 LZ0DR         109 130       LZ0FF         123 072      
QSO:  3517 CW 2017-08-19 0847 LZ0DR         110 123       LZ0DZ         133 082      
QSO:  3525 CW 2017-08-19 0848 LZ0DR         111 133       LZ0FA         116 118      
QSO:  3528 CW 2017-08-19 0849 LZ0DR         112 116       LZ0FD         123 042      
QSO:  3535 CW 2017-08-19 0850 LZ0DR         113 123       LZ0DL         131 114      
QSO:  3535 CW 2017-08-19 0852 LZ0DR         114 131       LZ0DV         125 137      
QSO:  3535 CW 2017-08-19 0852 LZ0DR         115 125       LZ0DJ         131 131      
QSO:  3535 CW 2017-08-19 0853 LZ0DR         116 131       LZ0AT         142 119      
QSO:  3535 CW 2017-08-19 0853 LZ0DR         117 142       LZ0AJ         138 114      
QSO:  3535 CW 2017-08-19 0854 LZ0DR         118 138       LZ0DX         058 147      
QSO:  3535 CW 2017-08-19 0855 LZ0DR         119 058       LZ0FZ         048 125      
QSO:  3535 CW 2017-08-19 0855 LZ0DR         120 048       LZ0AL         122 120      
QSO:  3535 CW 2017-08-19 0856 LZ0DR         121 122       LZ0AX         123 122      
QSO:  3535 CW 2017-08-19 0857 LZ0DR         122 123       LZ0AK         121 153      
QSO:  3535 CW 2017-08-19 0857 LZ0DR         123 121       LZ0DY         143 121      
QSO:  3535 CW 2017-08-19 0859 LZ0DR         124 143       LZ0DK         086 129      
QSO:  3516 CW 2017-08-19 0900 LZ0DR         125 086       LZ0AM         144 123      
QSO:  3537 CW 2017-08-19 0901 LZ0DR         126 144       LZ0AP         125 145      
QSO:  3524 CW 2017-08-19 0902 LZ0DR         127 125       LZ0AC         099 148      
QSO:  3535 CW 2017-08-19 0904 LZ0DR         128 099       LZ0DA         145 132      
QSO:  3535 CW 2017-08-19 0905 LZ0DR         129 145       LZ0DW         152 054      
QSO:  3514 CW 2017-08-19 0909 LZ0DR         130 152       LZ0AR         137 151      
QSO:  3519 CW 2017-08-19 0910 LZ0DR         131 137       LZ0AN         159 142      
QSO:  3540 CW 2017-08-19 0910 LZ0DR         132 159       LZ0DM         144 143      
QSO:  3545 CW 2017-08-19 0911 LZ0DR         133 144       LZ0FY         142 160      
QSO:  3559 CW 2017-08-19 0912 LZ0DR         134 142       LZ0AY         139 159      
QSO:  3535 CW 2017-08-19 0912 LZ0DR         135 139       LZ0AG         150 160      
QSO:  3535 CW 2017-08-19 0913 LZ0DR         136 150       LZ0AF         146 162      
QSO:  3535 CW 2017-08-19 0915 LZ0DR         137 146       LZ0FJ         164 160      
QSO:  3535 CW 2017-08-19 0915 LZ0DR         138 164       LZ0AD         094 176      
QSO:  3535 CW 2017-08-19 0916 LZ0DR         139 094       LZ0DP         142 152      
QSO:  3535 CW 2017-08-19 0916 LZ0DR         140 142       LZ0DN         148 138      
QSO:  3535 CW 2017-08-19 0917 LZ0DR         141 148       LZ0DD         121 161      
QSO:  3517 CW 2017-08-19 0918 LZ0DR         142 121       LZ0DZ         171 145      
QSO:  3522 CW 2017-08-19 0919 LZ0DR         143 171       LZ0AW         168 161      
QSO:  3520 CW 2017-08-19 0919 LZ0DR         144 168       LZ0FF         165 158      
QSO:  3525 CW 2017-08-19 0921 LZ0DR         145 165       LZ0FA         150 079      
QSO:  3532 CW 2017-08-19 0922 LZ0DR         146 150       LZ0AA         149 168      
QSO:  3557 CW 2017-08-19 0922 LZ0DR         147 149       LZ0FC         145 165      
QSO:  3535 CW 2017-08-19 0923 LZ0DR         148 145       LZ0DV         162 173      
QSO:  3535 CW 2017-08-19 0924 LZ0DR         149 162       LZ0DJ         172 170      
QSO:  3535 CW 2017-08-19 0924 LZ0DR         150 172       LZ0AT         180 150      
QSO:  3535 CW 2017-08-19 0924 LZ0DR         151 180       LZ0AJ         176 151      
QSO:  3511 CW 2017-08-19 0925 LZ0DR         152 176       LZ0DG         175 189      
QSO:  3528 CW 2017-08-19 0926 LZ0DR         153 175       LZ0FD         167 178      
QSO:  3535 CW 2017-08-19 0928 LZ0DR         154 167       LZ0AK         159 158      
QSO:  3535 CW 2017-08-19 0930 LZ0DR         155 159       LZ0AX         160 153      
QSO:  3535 CW 2017-08-19 0930 LZ0DR         156 160       LZ0AM         183 154      
QSO:  3535 CW 2017-08-19 0931 LZ0DR         157 183       LZ0DY         185 165      
QSO:  3537 CW 2017-08-19 0932 LZ0DR         158 185       LZ0AP         156 184      
QSO:  3535 CW 2017-08-19 0934 LZ0DR         159 156       LZ0DF         163 186      
QSO:  3513 CW 2017-08-19 0936 LZ0DR         160 163       LZ0DX         090 195      
QSO:  3518 CW 2017-08-19 0937 LZ0DR         161 090       LZ0DW         190 200      
QSO:  3535 CW 2017-08-19 0941 LZ0DR         162 190       LZ0DU         101 141      
QSO:  3519 CW 2017-08-19 0942 LZ0DR         163 101       LZ0AN         197 177      
QSO:  3540 CW 2017-08-19 0944 LZ0DR         164 197       LZ0DM         177 211      
QSO:  3545 CW 2017-08-19 0944 LZ0DR         165 177       LZ0FY         180 166      
QSO:  3550 CW 2017-08-19 0945 LZ0DR         166 180       LZ0AU         098 200      
QSO:  3559 CW 2017-08-19 0946 LZ0DR         167 098       LZ0AY         176 105      
QSO:  3536 CW 2017-08-19 0947 LZ0DR         168 176       LZ0DD         148 192      
QSO:  3536 CW 2017-08-19 0948 LZ0DR         169 148       LZ0AR         179 107      
QSO:  3520 CW 2017-08-19 0950 LZ0DR         170 179       LZ0FF         200 191      
QSO:  3517 CW 2017-08-19 0951 LZ0DR         171 200       LZ0DZ         213 186      
QSO:  3522 CW 2017-08-19 0951 LZ0DR         172 213       LZ0AW         206 178      
QSO:  3536 CW 2017-08-19 0953 LZ0DR         173 206       LZ0DL         193 120      
QSO:  3527 CW 2017-08-19 0954 LZ0DR         174 193       LZ0DP         186 201      
QSO:  3541 CW 2017-08-19 0955 LZ0DR         175 186       LZ0AF         198 201      
QSO:  3552 CW 2017-08-19 0956 LZ0DR         176 198       LZ0AG         204 189      
QSO:  3557 CW 2017-08-19 0957 LZ0DR         177 204       LZ0FC         184 125      
QSO:  3525 CW 2017-08-19 0958 LZ0DR         178 184       LZ0FA         190 207      
QSO:  3528 CW 2017-08-19 1001 LZ0DR         179 190       LZ0FD         206 203      
QSO:  3530 CW 2017-08-19 1002 LZ0DR         180 206       LZ0DV         211 228      
QSO:  3511 CW 2017-08-19 1002 LZ0DR         181 211       LZ0DG         211 161      
QSO:  3537 CW 2017-08-19 1003 LZ0DR         182 211       LZ0AP         191 223      
QSO:  3533 CW 2017-08-19 1003 LZ0DR         183 191       LZ0AJ         225 201      
QSO:  3536 CW 2017-08-19 1006 LZ0DR         184 225       LZ0DK         131 224      
QSO:  3536 CW 2017-08-19 1006 LZ0DR         185 131       LZ0DN         205 206      
QSO:  3536 CW 2017-08-19 1007 LZ0DR         186 205       LZ0FJ         232 168      
QSO:  3536 CW 2017-08-19 1007 LZ0DR         187 232       LZ0AC         133 240      
QSO:  3536 CW 2017-08-19 1008 LZ0DR         188 133       LZ0DW         224 154      
QSO:  3535 CW 2017-08-19 1009 LZ0DR         189 224       LZ0DJ         226 222      
QSO:  3535 CW 2017-08-19 1009 LZ0DR         190 226       LZ0AT         239 212      
QSO:  3529 CW 2017-08-19 1012 LZ0DR         191 239       LZ0FX         164 120      
QSO:  3519 CW 2017-08-19 1013 LZ0DR         192 164       LZ0AN         238 213      
QSO:  3536 CW 2017-08-19 1015 LZ0DR         193 238       LZ0AM         239 208      
QSO:  3536 CW 2017-08-19 1016 LZ0DR         194 239       LZ0DU         129 217      
QSO:  3536 CW 2017-08-19 1017 LZ0DR         195 129       LZ0DD         179 217      
QSO:  3532 CW 2017-08-19 1025 LZ0DR         196 179       LZ0AA         215 242      
QSO:  3517 CW 2017-08-19 1025 LZ0DR         197 215       LZ0DZ         255 235      
QSO:  3520 CW 2017-08-19 1027 LZ0DR         198 255       LZ0FF         242 017      
QSO:  3522 CW 2017-08-19 1028 LZ0DR         199 242       LZ0AW         249 256      
QSO:  3527 CW 2017-08-19 1028 LZ0DR         200 249       LZ0DP         228 257      
QSO:  3540 CW 2017-08-19 1029 LZ0DR         201 228       LZ0DM         233 239      
QSO:  3550 CW 2017-08-19 1030 LZ0DR         202 233       LZ0AU         126 222      
QSO:  3545 CW 2017-08-19 1030 LZ0DR         203 126       LZ0FY         237 217      
QSO:  3536 CW 2017-08-19 1032 LZ0DR         204 237       LZ0DL         234 252      
QSO:  3557 CW 2017-08-19 1033 LZ0DR         205 234       LZ0FC         225 144      
QSO:  3537 CW 2017-08-19 1033 LZ0DR         206 225       LZ0AP         226 265      
QSO:  3541 CW 2017-08-19 1034 LZ0DR         207 226       LZ0AF         238 243      
QSO:  3533 CW 2017-08-19 1035 LZ0DR         208 238       LZ0AJ         266 225      
QSO:  3530 CW 2017-08-19 1036 LZ0DR         209 266       LZ0DV         254 270      
QSO:  3528 CW 2017-08-19 1037 LZ0DR         210 254       LZ0FD         249 242      
QSO:  3525 CW 2017-08-19 1037 LZ0DR         211 249       LZ0FA         236 227      
QSO:  3511 CW 2017-08-19 1040 LZ0DR         212 236       LZ0DG         263 264      
QSO:  3513 CW 2017-08-19 1040 LZ0DR         213 263       LZ0DX         154 260      
QSO:  3514 CW 2017-08-19 1041 LZ0DR         214 154       LZ0AR         244 258      
QSO:  3524 CW 2017-08-19 1042 LZ0DR         215 244       LZ0AC         164 271      
QSO:  3536 CW 2017-08-19 1046 LZ0DR         216 164       LZ0FJ         281 028      
QSO:  3536 CW 2017-08-19 1046 LZ0DR         217 281       LZ0DK         167 254      
QSO:  3536 CW 2017-08-19 1048 LZ0DR         218 167       LZ0DN         252 254      
QSO:  3536 CW 2017-08-19 1049 LZ0DR         219 252       LZ0DD         209 252      
QSO:  3536 CW 2017-08-19 1049 LZ0DR         220 209       LZ0FK         034 234      
QSO:  3536 CW 2017-08-19 1050 LZ0DR         221 034       LZ0AM         285 237      
QSO:  3536 CW 2017-08-19 1051 LZ0DR         222 285       LZ0DJ         279 286      
QSO:  3536 CW 2017-08-19 1051 LZ0DR         223 279       LZ0DN         256 280      
QSO:  3536 CW 2017-08-19 1052 LZ0DR         224 256       LZ0AT         291 241      
QSO:  3536 CW 2017-08-19 1052 LZ0DR         225 291       LZ0DU         162 254      
QSO:  3517 CW 2017-08-19 1057 LZ0DR         226 162       LZ0DZ         294 295      
QSO:  3532 CW 2017-08-19 1058 LZ0DR         227 294       LZ0AA         253 267      
QSO:  3552 CW 2017-08-19 1059 LZ0DR         228 253       LZ0AG         287 265      
QSO:  3540 CW 2017-08-19 1059 LZ0DR         229 287       LZ0DM         272 288      
END-OF-LOG:
