START-OF-LOG: 3.0
CREATED-BY: DXLog.net v2.3.14
CONTEST: LZ-HF-FIELD
CALLSIGN: LZ0DN
CATEGORY-OPERATOR: SINGLE-OP
CATEGORY-TRANSMITTER: ONE
CATEGORY-ASSISTED: NON-ASSISTED
CATEGORY-POWER: HIGH
CATEGORY-BAND: 80M
CATEGORY-MODE: CW
CLAIMED-SCORE: 532
CLUB: Russia
NAME: Роман Левичев RN5M
ADDRESS: 
ADDRESS: 
ADDRESS: 
OPERATORS: 
SOAPBOX: 
QSO:  3538 CW  2017-08-19 0701 LZ0DN         001 000 LZ0DC         002 001 
QSO:  3535 CW  2017-08-19 0702 LZ0DN         002 002 LZ0DR         003 002 
QSO:  3516 CW  2017-08-19 0705 LZ0DN         003 003 LZ0DZ         011 008 
QSO:  3519 CW  2017-08-19 0705 LZ0DN         004 011 LZ0FF         014 005 
QSO:  3521 CW  2017-08-19 0706 LZ0DN         005 014 LZ0AW         011 006 
QSO:  3525 CW  2017-08-19 0707 LZ0DN         006 011 LZ0FA         005 008 
QSO:  3526 CW  2017-08-19 0707 LZ0DN         007 005 LZ0DP         013 013 
QSO:  3527 CW  2017-08-19 0708 LZ0DN         008 013 LZ0FD         010 010 
QSO:  3529 CW  2017-08-19 0708 LZ0DN         009 010 LZ0DV         014 000 
QSO:  3530 CW  2017-08-19 0709 LZ0DN         010 014 LZ0DY         016 009 
QSO:  3536 CW  2017-08-19 0709 LZ0DN         011 016 LZ0AP         014 013 
QSO:  3538 CW  2017-08-19 0710 LZ0DN         012 014 LZ0DM         010 010 
QSO:  3541 CW  2017-08-19 0711 LZ0DN         013 010 LZ0AF         013 019 
QSO:  3542 CW  2017-08-19 0711 LZ0DN         014 013 LZ0AT         019 014 
QSO:  3544 CW  2017-08-19 0712 LZ0DN         015 019 LZ0AX         012 015 
QSO:  3559 CW  2017-08-19 0715 LZ0DN         016 012 LZ0AY         015 020 
QSO:  3552 CW  2017-08-19 0716 LZ0DN         017 015 LZ0DJ         022 011 
QSO:  3552 CW  2017-08-19 0717 LZ0DN         018 022 LZ0AN         024 017 
QSO:  3552 CW  2017-08-19 0717 LZ0DN         019 024 LZ0AM         026 018 
QSO:  3552 CW  2017-08-19 0717 LZ0DN         020 026 LZ0DA         025 025 
QSO:  3510 CW  2017-08-19 0720 LZ0DN         021 025 LZ0DG         032 023 
QSO:  3512 CW  2017-08-19 0720 LZ0DN         022 032 LZ0DF         026 025 
QSO:  3517 CW  2017-08-19 0721 LZ0DN         023 026 LZ0DW         027 030 
QSO:  3523 CW  2017-08-19 0721 LZ0DN         024 027 LZ0AC         022 012 
QSO:  3545 CW  2017-08-19 0724 LZ0DN         025 022 LZ0FY         026 029 
QSO:  3551 CW  2017-08-19 0724 LZ0DN         026 026 LZ0AG         027 023 
QSO:  3556 CW  2017-08-19 0726 LZ0DN         027 027 LZ0FC         025 028 
QSO:  3530 CW  2017-08-19 0727 LZ0DN         028 025 LZ0DL         039 029 
QSO:  3530 CW  2017-08-19 0729 LZ0DN         029 039 LZ0DT         035 026 
QSO:  3508 CW  2017-08-19 0730 LZ0DN         030 035 LZ0DX         016 024 
QSO:  3514 CW  2017-08-19 0731 LZ0DN         031 016 LZ0AR         029 022 
QSO:  3526 CW  2017-08-19 0732 LZ0DN         032 029 LZ0FJ         036 038 
QSO:  3531 CW  2017-08-19 0733 LZ0DN         033 036 LZ0AA         025 044 
QSO:  3532 CW  2017-08-19 0733 LZ0DN         034 025 LZ0AJ         039 045 
QSO:  3534 CW  2017-08-19 0734 LZ0DN         035 039 LZ0DC         047 045 
QSO:  3534 CW  2017-08-19 0735 LZ0DN         036 047 LZ0FZ         013 046 
QSO:  3534 CW  2017-08-19 0735 LZ0DN         037 013 LZ0DR         034 036 
QSO:  3530 CW  2017-08-19 0738 LZ0DN         038 034 LZ0DD         030 038 
QSO:  3526 CW  2017-08-19 0739 LZ0DN         039 030 LZ0DP         037 049 
QSO:  3522 CW  2017-08-19 0739 LZ0DN         040 037 LZ0AW         047 023 
QSO:  3520 CW  2017-08-19 0740 LZ0DN         041 047 LZ0FF         050 054 
QSO:  3517 CW  2017-08-19 0740 LZ0DN         042 050 LZ0DZ         053 051 
QSO:  3541 CW  2017-08-19 0742 LZ0DN         043 053 LZ0AF         044 060 
QSO:  3536 CW  2017-08-19 0742 LZ0DN         044 044 LZ0AP         048 048 
QSO:  3542 CW  2017-08-19 0743 LZ0DN         045 048 LZ0AT         061 047 
QSO:  3544 CW  2017-08-19 0743 LZ0DN         046 061 LZ0FG         051 052 
QSO:  3531 CW  2017-08-19 0744 LZ0DN         047 051 LZ0DY         055 033 
QSO:  3525 CW  2017-08-19 0745 LZ0DN         048 055 LZ0FA         048 067 
QSO:  3527 CW  2017-08-19 0745 LZ0DN         049 048 LZ0FD         053 066 
QSO:  3559 CW  2017-08-19 0746 LZ0DN         050 053 LZ0AY         049 060 
QSO:  3530 CW  2017-08-19 0747 LZ0DN         051 049 LZ0DV         056 069 
QSO:  3545 CW  2017-08-19 0747 LZ0DN         052 056 LZ0AX         050 048 
QSO:  3544 CW  2017-08-19 0749 LZ0DN         053 050 LZ0AV         053 066 
QSO:  3544 CW  2017-08-19 0750 LZ0DN         054 053 LZ0DK         036 060 
QSO:  3512 CW  2017-08-19 0750 LZ0DN         055 036 LZ0DF         057 056 
QSO:  3511 CW  2017-08-19 0751 LZ0DN         056 057 LZ0DG         075 074 
QSO:  3523 CW  2017-08-19 0751 LZ0DN         057 075 LZ0AC         061 059 
QSO:  3544 CW  2017-08-19 0752 LZ0DN         058 061 LZ0DJ         058 029 
QSO:  3545 CW  2017-08-19 0754 LZ0DN         059 058 LZ0FY         058 057 
QSO:  3546 CW  2017-08-19 0755 LZ0DN         060 058 LZ0AK         059 069 
QSO:  3552 CW  2017-08-19 0756 LZ0DN         061 059 LZ0AG         063 069 
QSO:  3557 CW  2017-08-19 0756 LZ0DN         062 063 LZ0FC         054 061 
QSO:  3508 CW  2017-08-19 0758 LZ0DN         063 054 LZ0FX         037 068 
QSO:  3514 CW  2017-08-19 0801 LZ0DN         064 037 LZ0AR         064 066 
QSO:  3526 CW  2017-08-19 0802 LZ0DN         065 064 LZ0FJ         076 064 
QSO:  3531 CW  2017-08-19 0803 LZ0DN         066 076 LZ0AA         055 081 
QSO:  3533 CW  2017-08-19 0804 LZ0DN         067 055 LZ0AJ         075 084 
QSO:  3534 CW  2017-08-19 0804 LZ0DN         068 075 LZ0DC         087 074 
QSO:  3539 CW  2017-08-19 0805 LZ0DN         069 087 LZ0DM         070 074 
QSO:  3531 CW  2017-08-19 0808 LZ0DN         070 070 LZ0AA         067 071 
QSO:  3522 CW  2017-08-19 0809 LZ0DN         071 067 LZ0AW         082 011 
QSO:  3526 CW  2017-08-19 0810 LZ0DN         072 082 LZ0DP         074 081 
QSO:  3534 CW  2017-08-19 0811 LZ0DN         073 074 LZ0DR         068 050 
QSO:  3520 CW  2017-08-19 0811 LZ0DN         074 068 LZ0FF         082 087 
QSO:  3517 CW  2017-08-19 0812 LZ0DN         075 082 LZ0DZ         088 085 
QSO:  3536 CW  2017-08-19 0813 LZ0DN         076 088 LZ0AP         078 082 
QSO:  3542 CW  2017-08-19 0814 LZ0DN         077 078 LZ0AT         096 073 
QSO:  3544 CW  2017-08-19 0814 LZ0DN         078 096 LZ0FG         085 077 
QSO:  3531 CW  2017-08-19 0815 LZ0DN         079 085 LZ0DY         091 084 
QSO:  3528 CW  2017-08-19 0815 LZ0DN         080 091 LZ0FD         085 080 
QSO:  3525 CW  2017-08-19 0816 LZ0DN         081 085 LZ0FA         080 108 
QSO:  3559 CW  2017-08-19 0817 LZ0DN         082 080 LZ0AY         083 091 
QSO:  3534 CW  2017-08-19 0817 LZ0DN         083 083 LZ0DD         062 079 
QSO:  3545 CW  2017-08-19 0818 LZ0DN         084 062 LZ0AX         085 084 
QSO:  3544 CW  2017-08-19 0820 LZ0DN         085 085 LZ0AV         086 092 
QSO:  3544 CW  2017-08-19 0820 LZ0DN         086 086 LZ0DU         022 078 
QSO:  3544 CW  2017-08-19 0821 LZ0DN         087 022 LZ0DW         096 079 
QSO:  3544 CW  2017-08-19 0821 LZ0DN         088 096 LZ0DA         096 080 
QSO:  3544 CW  2017-08-19 0822 LZ0DN         089 096 LZ0DJ         095 092 
QSO:  3544 CW  2017-08-19 0823 LZ0DN         090 095 LZ0AM         098 103 
QSO:  3544 CW  2017-08-19 0824 LZ0DN         091 098 LZ0DK         056 086 
QSO:  3512 CW  2017-08-19 0825 LZ0DN         092 056 LZ0DF         096 026 
QSO:  3557 CW  2017-08-19 0827 LZ0DN         093 096 LZ0FC         086 094 
QSO:  3552 CW  2017-08-19 0828 LZ0DN         094 086 LZ0AG         100 084 
QSO:  3545 CW  2017-08-19 0830 LZ0DN         095 100 LZ0FY         093 100 
QSO:  3541 CW  2017-08-19 0830 LZ0DN         096 093 LZ0AF         098 107 
QSO:  3534 CW  2017-08-19 0831 LZ0DN         097 098 LZ0FZ         036 106 
QSO:  3511 CW  2017-08-19 0831 LZ0DN         098 036 LZ0DG         112 098 
QSO:  3546 CW  2017-08-19 0833 LZ0DN         099 112 LZ0AK         101 102 
QSO:  3526 CW  2017-08-19 0833 LZ0DN         100 101 LZ0FJ         115 111 
QSO:  3514 CW  2017-08-19 0834 LZ0DN         101 115 LZ0AR         100 088 
QSO:  3533 CW  2017-08-19 0835 LZ0DN         102 100 LZ0AJ         111 121 
QSO:  3534 CW  2017-08-19 0835 LZ0DN         103 111 LZ0DC         125 111 
QSO:  3540 CW  2017-08-19 0836 LZ0DN         104 125 LZ0DM         106 099 
QSO:  3509 CW  2017-08-19 0837 LZ0DN         105 106 LZ0FX         083 097 
QSO:  3530 CW  2017-08-19 0837 LZ0DN         106 083 LZ0DL         116 101 
QSO:  3531 CW  2017-08-19 0840 LZ0DN         107 116 LZ0AA         100 085 
QSO:  3521 CW  2017-08-19 0842 LZ0DN         108 100 LZ0AW         123 116 
QSO:  3517 CW  2017-08-19 0842 LZ0DN         109 123 LZ0DZ         126 124 
QSO:  3519 CW  2017-08-19 0843 LZ0DN         110 126 LZ0FF         119 050 
QSO:  3530 CW  2017-08-19 0843 LZ0DN         111 119 LZ0DV         114 110 
QSO:  3536 CW  2017-08-19 0844 LZ0DN         112 114 LZ0AP         106 123 
QSO:  3542 CW  2017-08-19 0845 LZ0DN         113 106 LZ0AT         133 090 
QSO:  3535 CW  2017-08-19 0845 LZ0DN         114 133 LZ0DR         107 107 
QSO:  3544 CW  2017-08-19 0846 LZ0DN         115 107 LZ0FG         121 125 
QSO:  3531 CW  2017-08-19 0846 LZ0DN         116 121 LZ0DY         130 127 
QSO:  3528 CW  2017-08-19 0847 LZ0DN         117 130 LZ0FD         120 055 
QSO:  3525 CW  2017-08-19 0848 LZ0DN         118 120 LZ0FA         115 112 
QSO:  3526 CW  2017-08-19 0850 LZ0DN         119 115 LZ0DP         113 118 
QSO:  3559 CW  2017-08-19 0851 LZ0DN         120 113 LZ0AY         118 125 
QSO:  3544 CW  2017-08-19 0852 LZ0DN         121 118 LZ0DU         048 120 
QSO:  3544 CW  2017-08-19 0852 LZ0DN         122 048 LZ0DA         133 138 
QSO:  3544 CW  2017-08-19 0853 LZ0DN         123 133 LZ0AX         119 138 
QSO:  3544 CW  2017-08-19 0853 LZ0DN         124 119 LZ0AM         134 119 
QSO:  3544 CW  2017-08-19 0854 LZ0DN         125 134 LZ0AV         121 121 
QSO:  3544 CW  2017-08-19 0854 LZ0DN         126 121 LZ0DJ         133 120 
QSO:  3512 CW  2017-08-19 0857 LZ0DN         127 133 LZ0DD         102 112 
QSO:  3557 CW  2017-08-19 0858 LZ0DN         128 102 LZ0FC         116 125 
QSO:  3544 CW  2017-08-19 0858 LZ0DN         129 116 LZ0DK         085 125 
QSO:  3544 CW  2017-08-19 0859 LZ0DN         130 085 LZ0DW         140 130 
QSO:  3512 CW  2017-08-19 0859 LZ0DN         131 140 LZ0DF         125 125 
QSO:  3545 CW  2017-08-19 0900 LZ0DN         132 125 LZ0FY         129 135 
QSO:  3541 CW  2017-08-19 0900 LZ0DN         133 129 LZ0AF         133 121 
QSO:  3523 CW  2017-08-19 0901 LZ0DN         134 133 LZ0AC         096 140 
QSO:  3552 CW  2017-08-19 0903 LZ0DN         135 096 LZ0AG         140 137 
QSO:  3526 CW  2017-08-19 0904 LZ0DN         136 140 LZ0FJ         151 150 
QSO:  3546 CW  2017-08-19 0904 LZ0DN         137 151 LZ0AK         134 149 
QSO:  3514 CW  2017-08-19 0905 LZ0DN         138 134 LZ0AR         131 133 
QSO:  3534 CW  2017-08-19 0906 LZ0DN         139 131 LZ0DC         163 093 
QSO:  3540 CW  2017-08-19 0907 LZ0DN         140 163 LZ0DM         139 136 
QSO:  3533 CW  2017-08-19 0908 LZ0DN         141 139 LZ0AJ         155 155 
QSO:  3511 CW  2017-08-19 0908 LZ0DN         142 155 LZ0DG         151 137 
QSO:  3532 CW  2017-08-19 0910 LZ0DN         143 151 LZ0AA         132 152 
QSO:  3522 CW  2017-08-19 0912 LZ0DN         144 132 LZ0AW         158 148 
QSO:  3517 CW  2017-08-19 0913 LZ0DN         145 158 LZ0DZ         164 088 
QSO:  3530 CW  2017-08-19 0915 LZ0DN         146 164 LZ0DV         151 136 
QSO:  3536 CW  2017-08-19 0915 LZ0DN         147 151 LZ0AP         138 160 
QSO:  3537 CW  2017-08-19 0916 LZ0DN         148 138 LZ0DR         140 142 
QSO:  3541 CW  2017-08-19 0917 LZ0DN         149 140 LZ0AT         173 166 
QSO:  3520 CW  2017-08-19 0918 LZ0DN         150 173 LZ0FF         162 171 
QSO:  3519 CW  2017-08-19 0919 LZ0DN         151 162 LZ0AN         170 097 
QSO:  3527 CW  2017-08-19 0919 LZ0DN         152 170 LZ0FD         156 080 
QSO:  3544 CW  2017-08-19 0921 LZ0DN         153 156 LZ0DY         167 158 
QSO:  3544 CW  2017-08-19 0921 LZ0DN         154 167 LZ0FG         163 081 
QSO:  3544 CW  2017-08-19 0922 LZ0DN         155 163 LZ0DA         169 101 
QSO:  3544 CW  2017-08-19 0923 LZ0DN         156 169 LZ0AM         174 149 
QSO:  3544 CW  2017-08-19 0924 LZ0DN         157 174 LZ0AX         156 170 
QSO:  3544 CW  2017-08-19 0924 LZ0DN         158 156 LZ0DX         083 185 
QSO:  3544 CW  2017-08-19 0924 LZ0DN         159 083 LZ0DJ         173 149 
QSO:  3544 CW  2017-08-19 0925 LZ0DN         160 173 LZ0DT         151 179 
QSO:  3544 CW  2017-08-19 0925 LZ0DN         161 151 LZ0AV         158 160 
QSO:  3544 CW  2017-08-19 0926 LZ0DN         162 158 LZ0DU         080 169 
QSO:  3526 CW  2017-08-19 0927 LZ0DN         163 080 LZ0DP         156 156 
QSO:  3557 CW  2017-08-19 0929 LZ0DN         164 156 LZ0FC         150 158 
QSO:  3512 CW  2017-08-19 0929 LZ0DN         165 150 LZ0DF         159 161 
QSO:  3544 CW  2017-08-19 0930 LZ0DN         166 159 LZ0DW         180 161 
QSO:  3545 CW  2017-08-19 0931 LZ0DN         167 180 LZ0FY         167 174 
QSO:  3559 CW  2017-08-19 0932 LZ0DN         168 167 LZ0AY         161 086 
QSO:  3525 CW  2017-08-19 0933 LZ0DN         169 161 LZ0FA         163 166 
QSO:  3546 CW  2017-08-19 0934 LZ0DN         170 163 LZ0AK         167 174 
QSO:  3541 CW  2017-08-19 0935 LZ0DN         171 167 LZ0AF         172 160 
QSO:  3514 CW  2017-08-19 0936 LZ0DN         172 172 LZ0AR         168 178 
QSO:  3551 CW  2017-08-19 0936 LZ0DN         173 168 LZ0AG         179 184 
QSO:  3539 CW  2017-08-19 0937 LZ0DN         174 179 LZ0DM         170 174 
QSO:  3511 CW  2017-08-19 0938 LZ0DN         175 170 LZ0DG         189 107 
QSO:  3533 CW  2017-08-19 0939 LZ0DN         176 189 LZ0AJ         193 173 
QSO:  3533 CW  2017-08-19 0939 LZ0DN         177 193 LZ0DC         203 172 
QSO:  3525 CW  2017-08-19 0942 LZ0DN         178 203 LZ0FJ         199 183 
QSO:  3532 CW  2017-08-19 0944 LZ0DN         179 199 LZ0AA         173 145 
QSO:  3517 CW  2017-08-19 0945 LZ0DN         180 173 LZ0DZ         204 172 
QSO:  3536 CW  2017-08-19 0946 LZ0DN         181 204 LZ0AP         169 188 
QSO:  3530 CW  2017-08-19 0946 LZ0DN         182 169 LZ0DV         193 169 
QSO:  3541 CW  2017-08-19 0947 LZ0DN         183 193 LZ0AT         212 198 
QSO:  3522 CW  2017-08-19 0948 LZ0DN         184 212 LZ0AW         202 185 
QSO:  3520 CW  2017-08-19 0949 LZ0DN         185 202 LZ0FF         198 111 
QSO:  3528 CW  2017-08-19 0949 LZ0DN         186 198 LZ0FD         192 177 
QSO:  3523 CW  2017-08-19 0951 LZ0DN         187 192 LZ0AD         117 151 
QSO:  3544 CW  2017-08-19 0951 LZ0DN         188 117 LZ0FG         201 139 
QSO:  3544 CW  2017-08-19 0953 LZ0DN         189 201 LZ0DY         206 084 
QSO:  3544 CW  2017-08-19 0953 LZ0DN         190 206 LZ0AM         213 192 
QSO:  3544 CW  2017-08-19 0955 LZ0DN         191 213 LZ0DA         208 215 
QSO:  3544 CW  2017-08-19 0955 LZ0DN         192 208 LZ0AV         194 197 
QSO:  3544 CW  2017-08-19 0955 LZ0DN         193 194 LZ0DX         107 193 
QSO:  3544 CW  2017-08-19 0956 LZ0DN         194 107 LZ0DJ         209 188 
QSO:  3544 CW  2017-08-19 0956 LZ0DN         195 209 LZ0AX         186 205 
QSO:  3523 CW  2017-08-19 0957 LZ0DN         196 186 LZ0AC         125 218 
QSO:  3544 CW  2017-08-19 0958 LZ0DN         197 125 LZ0DT         186 124 
QSO:  3519 CW  2017-08-19 0959 LZ0DN         198 186 LZ0AN         220 203 
QSO:  3512 CW  2017-08-19 1000 LZ0DN         199 220 LZ0DF         194 214 
QSO:  3559 CW  2017-08-19 1002 LZ0DN         200 194 LZ0AY         196 186 
QSO:  3545 CW  2017-08-19 1003 LZ0DN         201 196 LZ0FY         206 218 
QSO:  3525 CW  2017-08-19 1003 LZ0DN         202 206 LZ0FA         195 115 
QSO:  3546 CW  2017-08-19 1004 LZ0DN         203 195 LZ0AK         203 195 
QSO:  3541 CW  2017-08-19 1005 LZ0DN         204 203 LZ0AF         206 219 
QSO:  3535 CW  2017-08-19 1006 LZ0DN         205 206 LZ0DR         185 131 
QSO:  3551 CW  2017-08-19 1007 LZ0DN         206 185 LZ0AG         219 230 
QSO:  3514 CW  2017-08-19 1008 LZ0DN         207 219 LZ0AR         202 208 
QSO:  3540 CW  2017-08-19 1009 LZ0DN         208 202 LZ0DM         209 134 
QSO:  3532 CW  2017-08-19 1009 LZ0DN         209 209 LZ0AJ         234 209 
QSO:  3534 CW  2017-08-19 1010 LZ0DN         210 234 LZ0DD         171 242 
QSO:  3534 CW  2017-08-19 1010 LZ0DN         211 171 LZ0DC         245 213 
QSO:  3511 CW  2017-08-19 1011 LZ0DN         212 245 LZ0DG         224 228 
QSO:  3557 CW  2017-08-19 1012 LZ0DN         213 224 LZ0FC         202 242 
QSO:  3526 CW  2017-08-19 1013 LZ0DN         214 202 LZ0FJ         239 206 
QSO:  3529 CW  2017-08-19 1014 LZ0DN         215 239 LZ0FX         166 204 
QSO:  3544 CW  2017-08-19 1015 LZ0DN         216 166 LZ0AA         195 200 
QSO:  3544 CW  2017-08-19 1015 LZ0DN         217 195 LZ0DU         128 004 
QSO:  3536 CW  2017-08-19 1016 LZ0DN         218 128 LZ0AP         204 225 
QSO:  3517 CW  2017-08-19 1017 LZ0DN         219 204 LZ0DZ         243 231 
QSO:  3541 CW  2017-08-19 1017 LZ0DN         220 243 LZ0AT         247 216 
QSO:  3522 CW  2017-08-19 1018 LZ0DN         221 247 LZ0AW         238 218 
QSO:  3528 CW  2017-08-19 1019 LZ0DN         222 238 LZ0FD         228 134 
QSO:  3526 CW  2017-08-19 1020 LZ0DN         223 228 LZ0DP         215 208 
QSO:  3520 CW  2017-08-19 1023 LZ0DN         224 215 LZ0FF         233 239 
QSO:  3534 CW  2017-08-19 1024 LZ0DN         225 233 LZ0AD         146 182 
QSO:  3530 CW  2017-08-19 1025 LZ0DN         226 146 LZ0DV         241 242 
QSO:  3544 CW  2017-08-19 1026 LZ0DN         227 241 LZ0DA         247 260 
QSO:  3544 CW  2017-08-19 1026 LZ0DN         228 247 LZ0AM         254 210 
QSO:  3544 CW  2017-08-19 1026 LZ0DN         229 254 LZ0DX         138 227 
QSO:  3544 CW  2017-08-19 1027 LZ0DN         230 138 LZ0AV         229 015 
QSO:  3544 CW  2017-08-19 1028 LZ0DN         231 229 LZ0DJ         247 248 
QSO:  3544 CW  2017-08-19 1029 LZ0DN         232 247 LZ0FG         245 270 
QSO:  3544 CW  2017-08-19 1029 LZ0DN         233 245 LZ0DW         252 248 
QSO:  3523 CW  2017-08-19 1030 LZ0DN         234 252 LZ0AC         156 260 
QSO:  3519 CW  2017-08-19 1031 LZ0DN         235 156 LZ0AN         262 266 
QSO:  3561 CW  2017-08-19 1031 LZ0DN         236 262 LZ0FK         022 260 
QSO:  3531 CW  2017-08-19 1033 LZ0DN         237 022 LZ0DY         255 263 
QSO:  3546 CW  2017-08-19 1034 LZ0DN         238 255 LZ0AK         233 184 
QSO:  3525 CW  2017-08-19 1035 LZ0DN         239 233 LZ0FA         231 251 
QSO:  3541 CW  2017-08-19 1036 LZ0DN         240 231 LZ0AF         242 223 
QSO:  3545 CW  2017-08-19 1036 LZ0DN         241 242 LZ0FY         246 267 
QSO:  3512 CW  2017-08-19 1038 LZ0DN         242 246 LZ0DF         229 199 
QSO:  3552 CW  2017-08-19 1038 LZ0DN         243 229 LZ0AG         258 262 
QSO:  3514 CW  2017-08-19 1040 LZ0DN         244 258 LZ0AR         241 227 
QSO:  3532 CW  2017-08-19 1041 LZ0DN         245 241 LZ0AJ         276 248 
QSO:  3559 CW  2017-08-19 1042 LZ0DN         246 276 LZ0AY         235 243 
QSO:  3533 CW  2017-08-19 1042 LZ0DN         247 235 LZ0DC         286 238 
QSO:  3511 CW  2017-08-19 1043 LZ0DN         248 286 LZ0DG         270 266 
QSO:  3557 CW  2017-08-19 1044 LZ0DN         249 270 LZ0FC         239 248 
QSO:  3526 CW  2017-08-19 1044 LZ0DN         250 239 LZ0FJ         279 251 
QSO:  3540 CW  2017-08-19 1045 LZ0DN         251 279 LZ0DM         248 291 
QSO:  3535 CW  2017-08-19 1046 LZ0DN         252 248 LZ0AX         236 131 
QSO:  3536 CW  2017-08-19 1049 LZ0DN         253 236 LZ0AP         240 278 
QSO:  3528 CW  2017-08-19 1050 LZ0DN         254 240 LZ0FD         263 254 
QSO:  3522 CW  2017-08-19 1051 LZ0DN         255 263 LZ0AW         280 296 
QSO:  3535 CW  2017-08-19 1051 LZ0DN         256 280 LZ0DR         223 279 
QSO:  3517 CW  2017-08-19 1052 LZ0DN         257 223 LZ0DZ         288 250 
QSO:  3520 CW  2017-08-19 1054 LZ0DN         258 288 LZ0FF         271 268 
QSO:  3526 CW  2017-08-19 1056 LZ0DN         259 271 LZ0DP         262 044 
QSO:  3527 CW  2017-08-19 1056 LZ0DN         260 262 LZ0AL         242 273 
QSO:  3544 CW  2017-08-19 1057 LZ0DN         261 242 LZ0DA         286 300 
QSO:  3544 CW  2017-08-19 1057 LZ0DN         262 286 LZ0AV         265 291 
QSO:  3544 CW  2017-08-19 1058 LZ0DN         263 265 LZ0AM         295 269 
QSO:  3544 CW  2017-08-19 1059 LZ0DN         264 295 LZ0DJ         285 265 
QSO:  3544 CW  2017-08-19 1059 LZ0DN         265 285 LZ0AT         305 182 
QSO:  3544 CW  2017-08-19 1100 LZ0DN         266 305 LZ0AA         257 185 
QSO:  3544 CW  2017-08-19 1100 LZ0DN         267 257 LZ0DW         290 289 
END-OF-LOG:
