START-OF-LOG: 3.0
CREATED-BY: DXLog.net v2.3.15
CONTEST: LZ-HF-FIELD
CALLSIGN: LZ0FY
CATEGORY-OPERATOR: SINGLE-OP
CATEGORY-TRANSMITTER: ONE
CATEGORY-ASSISTED: NON-ASSISTED
CATEGORY-POWER: HIGH
CATEGORY-BAND: 80M
CATEGORY-MODE: CW
CLAIMED-SCORE: 550
CLUB: Croatia
NAME: Kresimir Kovarik 9A5K
ADDRESS: Lug Zabocki 31d
ADDRESS: HR-49210 Zabok
ADDRESS: Croatia
OPERATORS: 9A5K
SOAPBOX: 
QSO:  3545 CW  2017-08-19 0703 LZ0FY         001 000 LZ0DY         008 004 
QSO:  3545 CW  2017-08-19 0704 LZ0FY         002 008 LZ0FD         006 006 
QSO:  3545 CW  2017-08-19 0705 LZ0FY         003 006 LZ0DC         009 008 
QSO:  3545 CW  2017-08-19 0705 LZ0FY         004 009 LZ0AD         005 007 
QSO:  3545 CW  2017-08-19 0706 LZ0FY         005 005 LZ0AM         010 009 
QSO:  3545 CW  2017-08-19 0706 LZ0FY         006 010 LZ0AY         006 004 
QSO:  3545 CW  2017-08-19 0707 LZ0FY         007 006 LZ0AN         011 009 
QSO:  3545 CW  2017-08-19 0707 LZ0FY         008 011 LZ0DL         013 010 
QSO:  3545 CW  2017-08-19 0709 LZ0FY         009 013 LZ0AT         016 008 
QSO:  3511 CW  2017-08-19 0711 LZ0FY         010 016 LZ0DG         020 012 
QSO:  3508 CW  2017-08-19 0712 LZ0FY         011 020 LZ0FX         003 020 
QSO:  3521 CW  2017-08-19 0712 LZ0FY         012 003 LZ0AW         021 020 
QSO:  3522 CW  2017-08-19 0712 LZ0FY         013 021 LZ0AV         012 010 
QSO:  3523 CW  2017-08-19 0713 LZ0FY         014 012 LZ0AC         004 021 
QSO:  3532 CW  2017-08-19 0714 LZ0FY         015 004 LZ0AJ         023 020 
QSO:  3536 CW  2017-08-19 0715 LZ0FY         016 023 LZ0AP         021 005 
QSO:  3544 CW  2017-08-19 0715 LZ0FY         017 021 LZ0AX         017 024 
QSO:  3544 CW  2017-08-19 0716 LZ0FY         018 017 LZ0FG         024 010 
QSO:  3554 CW  2017-08-19 0717 LZ0FY         019 024 LZ0AU         018 030 
QSO:  3556 CW  2017-08-19 0717 LZ0FY         020 018 LZ0AK         022 022 
QSO:  3545 CW  2017-08-19 0719 LZ0FY         021 022 LZ0DW         024 012 
QSO:  3545 CW  2017-08-19 0719 LZ0FY         022 024 LZ0DR         018 021 
QSO:  3545 CW  2017-08-19 0720 LZ0FY         023 018 LZ0DA         029 022 
QSO:  3545 CW  2017-08-19 0722 LZ0FY         024 029 LZ0AF         026 030 
QSO:  3545 CW  2017-08-19 0723 LZ0FY         025 026 LZ0DV         029 025 
QSO:  3545 CW  2017-08-19 0724 LZ0FY         026 029 LZ0DN         025 022 
QSO:  3545 CW  2017-08-19 0725 LZ0FY         027 025 LZ0DZ         034 026 
QSO:  3545 CW  2017-08-19 0726 LZ0FY         028 034 LZ0DJ         031 033 
QSO:  3539 CW  2017-08-19 0727 LZ0FY         029 031 LZ0DM         030 034 
QSO:  3534 CW  2017-08-19 0728 LZ0FY         030 030 LZ0FZ         004 035 
QSO:  3532 CW  2017-08-19 0728 LZ0FY         031 004 LZ0AA         017 006 
QSO:  3529 CW  2017-08-19 0729 LZ0FY         032 017 LZ0AL         030 003 
QSO:  3514 CW  2017-08-19 0733 LZ0FY         033 030 LZ0AR         035 032 
QSO:  3545 CW  2017-08-19 0734 LZ0FY         034 035 LZ0DY         043 028 
QSO:  3545 CW  2017-08-19 0735 LZ0FY         035 043 LZ0DD         028 033 
QSO:  3545 CW  2017-08-19 0736 LZ0FY         036 028 LZ0DC         051 045 
QSO:  3545 CW  2017-08-19 0736 LZ0FY         037 051 LZ0AM         045 032 
QSO:  3545 CW  2017-08-19 0737 LZ0FY         038 045 LZ0AN         047 036 
QSO:  3545 CW  2017-08-19 0737 LZ0FY         039 047 LZ0DL         050 037 
QSO:  3545 CW  2017-08-19 0738 LZ0FY         040 050 LZ0AY         040 037 
QSO:  3545 CW  2017-08-19 0739 LZ0FY         041 040 LZ0AT         056 041 
QSO:  3522 CW  2017-08-19 0742 LZ0FY         042 056 LZ0AW         053 050 
QSO:  3511 CW  2017-08-19 0743 LZ0FY         043 053 LZ0DG         063 053 
QSO:  3522 CW  2017-08-19 0743 LZ0FY         044 063 LZ0AV         044 031 
QSO:  3523 CW  2017-08-19 0744 LZ0FY         045 044 LZ0AC         044 056 
QSO:  3532 CW  2017-08-19 0745 LZ0FY         046 044 LZ0AJ         056 052 
QSO:  3536 CW  2017-08-19 0746 LZ0FY         047 056 LZ0AP         053 053 
QSO:  3545 CW  2017-08-19 0747 LZ0FY         048 053 LZ0AX         049 054 
QSO:  3556 CW  2017-08-19 0747 LZ0FY         049 049 LZ0FC         040 046 
QSO:  3550 CW  2017-08-19 0749 LZ0FY         050 040 LZ0DT         062 056 
QSO:  3545 CW  2017-08-19 0750 LZ0FY         051 062 LZ0DR         052 054 
QSO:  3545 CW  2017-08-19 0751 LZ0FY         052 052 LZ0FG         059 056 
QSO:  3545 CW  2017-08-19 0752 LZ0FY         053 059 LZ0DA         060 047 
QSO:  3545 CW  2017-08-19 0753 LZ0FY         054 060 LZ0FX         025 058 
QSO:  3545 CW  2017-08-19 0753 LZ0FY         055 025 LZ0AK         057 030 
QSO:  3545 CW  2017-08-19 0754 LZ0FY         056 057 LZ0DV         065 058 
QSO:  3545 CW  2017-08-19 0754 LZ0FY         057 065 LZ0AF         057 052 
QSO:  3545 CW  2017-08-19 0754 LZ0FY         058 057 LZ0DN         059 058 
QSO:  3545 CW  2017-08-19 0756 LZ0FY         059 059 LZ0DJ         062 056 
QSO:  3545 CW  2017-08-19 0756 LZ0FY         060 062 LZ0DZ         068 059 
QSO:  3545 CW  2017-08-19 0757 LZ0FY         061 068 LZ0DW         067 032 
QSO:  3539 CW  2017-08-19 0759 LZ0FY         062 067 LZ0DM         065 044 
QSO:  3532 CW  2017-08-19 0759 LZ0FY         063 065 LZ0AA         051 065 
QSO:  3526 CW  2017-08-19 0801 LZ0FY         064 051 LZ0DP         061 060 
QSO:  3519 CW  2017-08-19 0801 LZ0FY         065 061 LZ0FF         066 079 
QSO:  3514 CW  2017-08-19 0803 LZ0FY         066 066 LZ0AR         068 080 
QSO:  3529 CW  2017-08-19 0804 LZ0FY         067 068 LZ0AL         069 018 
QSO:  3545 CW  2017-08-19 0807 LZ0FY         068 069 LZ0AN         082 072 
QSO:  3545 CW  2017-08-19 0807 LZ0FY         069 082 LZ0DY         083 083 
QSO:  3545 CW  2017-08-19 0807 LZ0FY         070 083 LZ0AG         076 074 
QSO:  3545 CW  2017-08-19 0807 LZ0FY         071 076 LZ0AM         082 092 
QSO:  3545 CW  2017-08-19 0808 LZ0FY         072 082 LZ0FZ         022 071 
QSO:  3545 CW  2017-08-19 0810 LZ0FY         073 022 LZ0DF         078 097 
QSO:  3522 CW  2017-08-19 0812 LZ0FY         074 078 LZ0AW         088 081 
QSO:  3522 CW  2017-08-19 0813 LZ0FY         075 088 LZ0AV         078 070 
QSO:  3545 CW  2017-08-19 0814 LZ0FY         076 078 LZ0DC         106 077 
QSO:  3545 CW  2017-08-19 0814 LZ0FY         077 106 LZ0AY         078 079 
QSO:  3532 CW  2017-08-19 0815 LZ0FY         078 078 LZ0AJ         094 090 
QSO:  3545 CW  2017-08-19 0816 LZ0FY         079 094 LZ0AT         099 089 
QSO:  3511 CW  2017-08-19 0817 LZ0FY         080 099 LZ0DG         101 093 
QSO:  3536 CW  2017-08-19 0817 LZ0FY         081 101 LZ0AP         085 075 
QSO:  3556 CW  2017-08-19 0818 LZ0FY         082 085 LZ0FC         076 080 
QSO:  3549 CW  2017-08-19 0823 LZ0FY         083 076 LZ0AU         044 110 
QSO:  3545 CW  2017-08-19 0824 LZ0FY         084 044 LZ0DA         099 045 
QSO:  3545 CW  2017-08-19 0825 LZ0FY         085 099 LZ0DD         071 085 
QSO:  3545 CW  2017-08-19 0825 LZ0FY         086 071 LZ0AK         090 087 
QSO:  3545 CW  2017-08-19 0826 LZ0FY         087 090 LZ0AF         092 084 
QSO:  3545 CW  2017-08-19 0826 LZ0FY         088 092 LZ0AX         093 046 
QSO:  3545 CW  2017-08-19 0827 LZ0FY         089 093 LZ0DV         095 117 
QSO:  3545 CW  2017-08-19 0827 LZ0FY         090 095 LZ0DL         103 101 
QSO:  3545 CW  2017-08-19 0828 LZ0FY         091 103 LZ0DJ         100 095 
QSO:  3545 CW  2017-08-19 0829 LZ0FY         092 100 LZ0FG         100 092 
QSO:  3545 CW  2017-08-19 0829 LZ0FY         093 100 LZ0DN         095 100 
QSO:  3545 CW  2017-08-19 0830 LZ0FY         094 095 LZ0DT         094 094 
QSO:  3545 CW  2017-08-19 0831 LZ0FY         095 094 LZ0DW         109 103 
QSO:  3545 CW  2017-08-19 0832 LZ0FY         096 109 LZ0DZ         107 083 
QSO:  3545 CW  2017-08-19 0833 LZ0FY         097 107 LZ0FX         069 102 
QSO:  3532 CW  2017-08-19 0834 LZ0FY         098 069 LZ0AA         089 099 
QSO:  3540 CW  2017-08-19 0835 LZ0FY         099 089 LZ0DM         105 110 
QSO:  3520 CW  2017-08-19 0836 LZ0FY         100 105 LZ0FF         109 114 
QSO:  3526 CW  2017-08-19 0837 LZ0FY         101 109 LZ0DP         094 112 
QSO:  3545 CW  2017-08-19 0838 LZ0FY         102 094 LZ0AL         098 072 
QSO:  3545 CW  2017-08-19 0838 LZ0FY         103 098 LZ0AG         111 117 
QSO:  3545 CW  2017-08-19 0839 LZ0FY         104 111 LZ0DR         099 110 
QSO:  3545 CW  2017-08-19 0839 LZ0FY         105 099 LZ0AR         101 101 
QSO:  3545 CW  2017-08-19 0840 LZ0FY         106 101 LZ0AM         121 109 
QSO:  3545 CW  2017-08-19 0841 LZ0FY         107 121 LZ0AN         123 110 
QSO:  3545 CW  2017-08-19 0841 LZ0FY         108 123 LZ0FD         111 074 
QSO:  3522 CW  2017-08-19 0844 LZ0FY         109 111 LZ0AW         126 070 
QSO:  3522 CW  2017-08-19 0845 LZ0FY         110 126 LZ0AV         113 118 
QSO:  3532 CW  2017-08-19 0846 LZ0FY         111 113 LZ0AJ         129 127 
QSO:  3545 CW  2017-08-19 0847 LZ0FY         112 129 LZ0DC         142 113 
QSO:  3545 CW  2017-08-19 0847 LZ0FY         113 142 LZ0AT         136 127 
QSO:  3536 CW  2017-08-19 0848 LZ0FY         114 136 LZ0AP         112 076 
QSO:  3556 CW  2017-08-19 0849 LZ0FY         115 112 LZ0FC         107 127 
QSO:  3511 CW  2017-08-19 0854 LZ0FY         116 107 LZ0DG         138 126 
QSO:  3554 CW  2017-08-19 0855 LZ0FY         117 138 LZ0DU         052 134 
QSO:  3559 CW  2017-08-19 0855 LZ0FY         118 052 LZ0AY         123 121 
QSO:  3545 CW  2017-08-19 0856 LZ0FY         119 123 LZ0AX         124 121 
QSO:  3545 CW  2017-08-19 0856 LZ0FY         120 124 LZ0DA         136 111 
QSO:  3545 CW  2017-08-19 0857 LZ0FY         121 136 LZ0DY         142 141 
QSO:  3545 CW  2017-08-19 0857 LZ0FY         122 142 LZ0DL         140 123 
QSO:  3545 CW  2017-08-19 0857 LZ0FY         123 140 LZ0AF         129 124 
QSO:  3545 CW  2017-08-19 0858 LZ0FY         124 129 LZ0DJ         137 083 
QSO:  3545 CW  2017-08-19 0858 LZ0FY         125 137 LZ0DK         084 136 
QSO:  3545 CW  2017-08-19 0859 LZ0FY         126 084 LZ0DV         133 118 
QSO:  3545 CW  2017-08-19 0859 LZ0FY         127 133 LZ0AK         124 146 
QSO:  3545 CW  2017-08-19 0900 LZ0FY         128 124 LZ0FG         135 144 
QSO:  3545 CW  2017-08-19 0900 LZ0FY         129 135 LZ0DN         132 125 
QSO:  3545 CW  2017-08-19 0901 LZ0FY         130 132 LZ0DX         061 148 
QSO:  3545 CW  2017-08-19 0901 LZ0FY         131 061 LZ0DW         145 135 
QSO:  3545 CW  2017-08-19 0902 LZ0FY         132 145 LZ0DT         126 124 
QSO:  3545 CW  2017-08-19 0903 LZ0FY         133 126 LZ0DD         107 148 
QSO:  3545 CW  2017-08-19 0903 LZ0FY         134 107 LZ0DZ         148 130 
QSO:  3545 CW  2017-08-19 0903 LZ0FY         135 148 LZ0DF         128 096 
QSO:  3532 CW  2017-08-19 0905 LZ0FY         136 128 LZ0AA         123 092 
QSO:  3523 CW  2017-08-19 0905 LZ0FY         137 123 LZ0AC         107 160 
QSO:  3540 CW  2017-08-19 0908 LZ0FY         138 107 LZ0DM         140 140 
QSO:  3526 CW  2017-08-19 0908 LZ0FY         139 140 LZ0DP         130 144 
QSO:  3519 CW  2017-08-19 0910 LZ0FY         140 130 LZ0FF         148 167 
QSO:  3545 CW  2017-08-19 0911 LZ0FY         141 148 LZ0AN         160 131 
QSO:  3545 CW  2017-08-19 0911 LZ0FY         142 160 LZ0DR         133 144 
QSO:  3545 CW  2017-08-19 0912 LZ0FY         143 133 LZ0AM         163 147 
QSO:  3545 CW  2017-08-19 0912 LZ0FY         144 163 LZ0AL         134 141 
QSO:  3545 CW  2017-08-19 0914 LZ0FY         145 134 LZ0AG         154 173 
QSO:  3522 CW  2017-08-19 0915 LZ0FY         146 154 LZ0AW         164 165 
QSO:  3522 CW  2017-08-19 0916 LZ0FY         147 164 LZ0AV         150 148 
QSO:  3532 CW  2017-08-19 0916 LZ0FY         148 150 LZ0AJ         168 139 
QSO:  3535 CW  2017-08-19 0918 LZ0FY         149 168 LZ0AD         098 169 
QSO:  3545 CW  2017-08-19 0919 LZ0FY         150 098 LZ0FX         112 152 
QSO:  3556 CW  2017-08-19 0920 LZ0FY         151 112 LZ0FC         140 054 
QSO:  3536 CW  2017-08-19 0920 LZ0FY         152 140 LZ0AP         146 165 
QSO:  3533 CW  2017-08-19 0922 LZ0FY         153 146 LZ0DC         184 166 
QSO:  3527 CW  2017-08-19 0922 LZ0FY         154 184 LZ0FD         161 174 
QSO:  3510 CW  2017-08-19 0923 LZ0FY         155 161 LZ0FZ         065 176 
QSO:  3559 CW  2017-08-19 0925 LZ0FY         156 065 LZ0AY         156 188 
QSO:  3511 CW  2017-08-19 0926 LZ0FY         157 156 LZ0DG         177 175 
QSO:  3545 CW  2017-08-19 0927 LZ0FY         158 177 LZ0DA         173 151 
QSO:  3545 CW  2017-08-19 0927 LZ0FY         159 173 LZ0AF         164 155 
QSO:  3545 CW  2017-08-19 0928 LZ0FY         160 164 LZ0AX         158 085 
QSO:  3545 CW  2017-08-19 0928 LZ0FY         161 158 LZ0DJ         176 154 
QSO:  3545 CW  2017-08-19 0928 LZ0FY         162 176 LZ0AT         188 192 
QSO:  3545 CW  2017-08-19 0929 LZ0FY         163 188 LZ0DV         170 194 
QSO:  3546 CW  2017-08-19 0930 LZ0FY         164 170 LZ0AK         162 104 
QSO:  3545 CW  2017-08-19 0930 LZ0FY         165 162 LZ0DY         184 121 
QSO:  3545 CW  2017-08-19 0931 LZ0FY         166 184 LZ0FG         174 167 
QSO:  3545 CW  2017-08-19 0931 LZ0FY         167 174 LZ0DN         167 180 
QSO:  3545 CW  2017-08-19 0932 LZ0FY         168 167 LZ0DU         086 087 
QSO:  3545 CW  2017-08-19 0932 LZ0FY         169 086 LZ0DW         182 174 
QSO:  3545 CW  2017-08-19 0933 LZ0FY         170 182 LZ0FJ         187 157 
QSO:  3545 CW  2017-08-19 0933 LZ0FY         171 187 LZ0DT         158 186 
QSO:  3545 CW  2017-08-19 0934 LZ0FY         172 158 LZ0DZ         188 165 
QSO:  3531 CW  2017-08-19 0935 LZ0FY         173 188 LZ0AA         159 159 
QSO:  3545 CW  2017-08-19 0938 LZ0FY         174 159 LZ0DD         138 162 
QSO:  3526 CW  2017-08-19 0939 LZ0FY         175 138 LZ0DP         164 174 
QSO:  3540 CW  2017-08-19 0940 LZ0FY         176 164 LZ0DM         173 140 
QSO:  3520 CW  2017-08-19 0941 LZ0FY         177 173 LZ0FF         186 187 
QSO:  3545 CW  2017-08-19 0942 LZ0FY         178 186 LZ0DL         182 169 
QSO:  3545 CW  2017-08-19 0943 LZ0FY         179 182 LZ0AL         166 079 
QSO:  3545 CW  2017-08-19 0944 LZ0FY         180 166 LZ0DR         165 177 
QSO:  3545 CW  2017-08-19 0945 LZ0FY         181 165 LZ0AG         190 175 
QSO:  3545 CW  2017-08-19 0945 LZ0FY         182 190 LZ0AN         201 110 
QSO:  3545 CW  2017-08-19 0946 LZ0FY         183 201 LZ0AM         204 181 
QSO:  3545 CW  2017-08-19 0946 LZ0FY         184 204 LZ0DK         113 175 
QSO:  3522 CW  2017-08-19 0947 LZ0FY         185 113 LZ0AW         201 203 
QSO:  3522 CW  2017-08-19 0947 LZ0FY         186 201 LZ0AV         184 174 
QSO:  3532 CW  2017-08-19 0948 LZ0FY         187 184 LZ0AJ         206 177 
QSO:  3536 CW  2017-08-19 0950 LZ0FY         188 206 LZ0AP         179 021 
QSO:  3556 CW  2017-08-19 0951 LZ0FY         189 179 LZ0FC         175 212 
QSO:  3545 CW  2017-08-19 0951 LZ0FY         190 175 LZ0DF         181 191 
QSO:  3534 CW  2017-08-19 0952 LZ0FY         191 181 LZ0DC         225 203 
QSO:  3527 CW  2017-08-19 0953 LZ0FY         192 225 LZ0FD         196 196 
QSO:  3510 CW  2017-08-19 0954 LZ0FY         193 196 LZ0FZ         085 205 
QSO:  3559 CW  2017-08-19 0956 LZ0FY         194 085 LZ0AY         190 203 
QSO:  3545 CW  2017-08-19 0957 LZ0FY         195 190 LZ0DX         109 206 
QSO:  3545 CW  2017-08-19 0957 LZ0FY         196 109 LZ0DA         211 123 
QSO:  3545 CW  2017-08-19 0959 LZ0FY         197 211 LZ0AF         203 208 
QSO:  3545 CW  2017-08-19 0959 LZ0FY         198 203 LZ0DJ         212 186 
QSO:  3545 CW  2017-08-19 0959 LZ0FY         199 212 LZ0DG         209 202 
QSO:  3545 CW  2017-08-19 1000 LZ0FY         200 209 LZ0DV         209 232 
QSO:  3545 CW  2017-08-19 1000 LZ0FY         201 209 LZ0AT         226 222 
QSO:  3546 CW  2017-08-19 1001 LZ0FY         202 226 LZ0AK         200 191 
QSO:  3545 CW  2017-08-19 1001 LZ0FY         203 200 LZ0FG         211 204 
QSO:  3545 CW  2017-08-19 1002 LZ0FY         204 211 LZ0DY         220 212 
QSO:  3545 CW  2017-08-19 1002 LZ0FY         205 220 LZ0DW         218 205 
QSO:  3545 CW  2017-08-19 1003 LZ0FY         206 218 LZ0DN         201 196 
QSO:  3545 CW  2017-08-19 1004 LZ0FY         207 201 LZ0FJ         229 188 
QSO:  3545 CW  2017-08-19 1004 LZ0FY         208 229 LZ0DT         189 228 
QSO:  3545 CW  2017-08-19 1008 LZ0FY         209 189 LZ0DU         118 229 
QSO:  3529 CW  2017-08-19 1010 LZ0FY         210 118 LZ0FX         162 235 
QSO:  3526 CW  2017-08-19 1011 LZ0FY         211 162 LZ0DP         200 246 
QSO:  3545 CW  2017-08-19 1012 LZ0FY         212 200 LZ0DZ         237 199 
QSO:  3545 CW  2017-08-19 1012 LZ0FY         213 237 LZ0DD         174 212 
QSO:  3539 CW  2017-08-19 1013 LZ0FY         214 174 LZ0DM         212 212 
QSO:  3545 CW  2017-08-19 1013 LZ0FY         215 212 LZ0DL         215 237 
QSO:  3520 CW  2017-08-19 1015 LZ0FY         216 215 LZ0FF         225 206 
QSO:  3522 CW  2017-08-19 1017 LZ0FY         217 225 LZ0AV         219 237 
QSO:  3522 CW  2017-08-19 1018 LZ0FY         218 219 LZ0AW         237 244 
QSO:  3545 CW  2017-08-19 1018 LZ0FY         219 237 LZ0AL         200 222 
QSO:  3545 CW  2017-08-19 1018 LZ0FY         220 200 LZ0AN         246 207 
QSO:  3545 CW  2017-08-19 1019 LZ0FY         221 246 LZ0AG         231 007 
QSO:  3545 CW  2017-08-19 1019 LZ0FY         222 231 LZ0FK         009 208 
QSO:  3545 CW  2017-08-19 1019 LZ0FY         223 009 LZ0DK         141 116 
QSO:  3532 CW  2017-08-19 1020 LZ0FY         224 141 LZ0AJ         249 135 
QSO:  3536 CW  2017-08-19 1022 LZ0FY         225 249 LZ0AP         214 011 
QSO:  3533 CW  2017-08-19 1022 LZ0FY         226 214 LZ0DC         264 218 
QSO:  3556 CW  2017-08-19 1023 LZ0FY         227 264 LZ0FC         212 215 
QSO:  3532 CW  2017-08-19 1024 LZ0FY         228 212 LZ0AA         213 253 
QSO:  3527 CW  2017-08-19 1024 LZ0FY         229 213 LZ0FD         235 013 
QSO:  3545 CW  2017-08-19 1025 LZ0FY         230 235 LZ0AM         252 219 
QSO:  3559 CW  2017-08-19 1027 LZ0FY         231 252 LZ0AY         223 255 
QSO:  3545 CW  2017-08-19 1027 LZ0FY         232 223 LZ0DX         140 241 
QSO:  3545 CW  2017-08-19 1028 LZ0FY         233 140 LZ0DA         250 242 
QSO:  3545 CW  2017-08-19 1028 LZ0FY         234 250 LZ0AX         212 211 
QSO:  3545 CW  2017-08-19 1029 LZ0FY         235 212 LZ0DJ         248 231 
QSO:  3545 CW  2017-08-19 1030 LZ0FY         236 248 LZ0DF         217 234 
QSO:  3545 CW  2017-08-19 1030 LZ0FY         237 217 LZ0DR         203 126 
QSO:  3545 CW  2017-08-19 1031 LZ0FY         238 203 LZ0DV         249 271 
QSO:  3545 CW  2017-08-19 1031 LZ0FY         239 249 LZ0DG         253 230 
QSO:  3545 CW  2017-08-19 1032 LZ0FY         240 253 LZ0AT         269 272 
QSO:  3545 CW  2017-08-19 1032 LZ0FY         241 269 LZ0FG         247 246 
QSO:  3545 CW  2017-08-19 1033 LZ0FY         242 247 LZ0DW         253 233 
QSO:  3545 CW  2017-08-19 1033 LZ0FY         243 253 LZ0AF         237 236 
QSO:  3546 CW  2017-08-19 1035 LZ0FY         244 237 LZ0AK         234 238 
QSO:  3545 CW  2017-08-19 1035 LZ0FY         245 234 LZ0FJ         267 239 
QSO:  3545 CW  2017-08-19 1036 LZ0FY         246 267 LZ0DN         241 242 
QSO:  3545 CW  2017-08-19 1037 LZ0FY         247 241 LZ0AC         161 243 
QSO:  3545 CW  2017-08-19 1040 LZ0FY         248 161 LZ0DY         268 236 
QSO:  3545 CW  2017-08-19 1041 LZ0FY         249 268 LZ0DT         228 257 
QSO:  3526 CW  2017-08-19 1043 LZ0FY         250 228 LZ0DP         241 265 
QSO:  3539 CW  2017-08-19 1044 LZ0FY         251 241 LZ0DM         246 237 
QSO:  3545 CW  2017-08-19 1045 LZ0FY         252 246 LZ0FX         195 256 
QSO:  3520 CW  2017-08-19 1046 LZ0FY         253 195 LZ0FF         263 270 
QSO:  3522 CW  2017-08-19 1047 LZ0FY         254 263 LZ0AV         256 274 
QSO:  3522 CW  2017-08-19 1048 LZ0FY         255 256 LZ0AW         275 281 
QSO:  3545 CW  2017-08-19 1050 LZ0FY         256 275 LZ0DK         172 277 
QSO:  3532 CW  2017-08-19 1050 LZ0FY         257 172 LZ0AJ         287 253 
QSO:  3545 CW  2017-08-19 1051 LZ0FY         258 287 LZ0AG         275 239 
QSO:  3545 CW  2017-08-19 1051 LZ0FY         259 275 LZ0AN         286 269 
QSO:  3545 CW  2017-08-19 1052 LZ0FY         260 286 LZ0FK         038 270 
QSO:  3545 CW  2017-08-19 1052 LZ0FY         261 038 LZ0DD         215 261 
QSO:  3536 CW  2017-08-19 1053 LZ0FY         262 215 LZ0AP         247 275 
QSO:  3545 CW  2017-08-19 1053 LZ0FY         263 247 LZ0DC         301 291 
QSO:  3556 CW  2017-08-19 1055 LZ0FY         264 301 LZ0FC         254 294 
QSO:  3545 CW  2017-08-19 1055 LZ0FY         265 254 LZ0DZ         292 262 
QSO:  3531 CW  2017-08-19 1056 LZ0FY         266 292 LZ0AA         249 257 
QSO:  3527 CW  2017-08-19 1056 LZ0FY         267 249 LZ0FD         271 296 
QSO:  3545 CW  2017-08-19 1057 LZ0FY         268 271 LZ0DL         264 250 
QSO:  3545 CW  2017-08-19 1057 LZ0FY         269 264 LZ0AM         294 255 
QSO:  3545 CW  2017-08-19 1058 LZ0FY         270 294 LZ0DA         288 172 
QSO:  3545 CW  2017-08-19 1058 LZ0FY         271 288 LZ0AX         241 220 
QSO:  3545 CW  2017-08-19 1058 LZ0FY         272 241 LZ0DX         172 279 
QSO:  3559 CW  2017-08-19 1059 LZ0FY         273 172 LZ0AY         258 262 
QSO:  3545 CW  2017-08-19 1059 LZ0FY         274 258 LZ0DJ         286 264 
QSO:  3545 CW  2017-08-19 1059 LZ0FY         275 286 LZ0DU         169 142 
END-OF-LOG:
