START-OF-LOG: 2.0
ARRL-SECTION: DX
CALLSIGN: LZ0FG
CLUB:  Разград
CONTEST: LZ-OPEN-DOMESTIC
CATEGORY: SINGLE-OP-ASSISTED ALL HIGH MIXED
CLAIMED-SCORE: 285
OPERATORS: LZ0FG 
NAME: Валентин Найденов LZ2XA
ADDRESS: Panega 16
ADDRESS: Razgrad, DX 
ADDRESS: BULGARIA
CREATED-BY: N1MM Logger+ 1.0.6349.0
QSO:  3555 CW 2017-08-19 0702 LZ0FG         001 000       LZ0FD         002 002      
QSO:  3537 CW 2017-08-19 0702 LZ0FG         002 002       LZ0AP         002 002      
QSO:  3545 CW 2017-08-19 0703 LZ0FG         003 002       LZ0AF         003 003      
QSO:  3545 CW 2017-08-19 0703 LZ0FG         004 003       LZ0DW         005 004      
QSO:  3545 CW 2017-08-19 0703 LZ0FG         005 005       LZ0DC         007 005      
QSO:  3552 CW 2017-08-19 0704 LZ0FG         006 007       LZ0AK         007 004      
QSO:  3545 CW 2017-08-19 0705 LZ0FG         007 007       LZ0AD         004 002      
QSO:  3555 CW 2017-08-19 0706 LZ0FG         008 004       LZ0AU         006 011      
QSO:  3545 CW 2017-08-19 0706 LZ0FG         009 006       LZ0AN         010 005      
QSO:  3545 CW 2017-08-19 0707 LZ0FG         010 010       LZ0DL         012 010      
QSO:  3532 CW 2017-08-19 0708 LZ0FG         011 012       LZ0AA         012 017      
QSO:  3533 CW 2017-08-19 0708 LZ0FG         012 012       LZ0AJ         013 007      
QSO:  3526 CW 2017-08-19 0709 LZ0FG         013 013       LZ0FJ         012 008      
QSO:  3522 CW 2017-08-19 0710 LZ0FG         014 012       LZ0AW         017 010      
QSO:  3525 CW 2017-08-19 0711 LZ0FG         015 017       LZ0FA         015 011      
QSO:  3520 CW 2017-08-19 0711 LZ0FG         016 015       LZ0FF         023 019      
QSO:  3514 CW 2017-08-19 0712 LZ0FG         017 023       LZ0AR         012 016      
QSO:  3511 CW 2017-08-19 0712 LZ0FG         018 012       LZ0DG         022 017      
QSO:  3550 CW 2017-08-19 0712 LZ0FG         019 022       LZ0DT         019 015      
QSO:  3509 CW 2017-08-19 0713 LZ0FG         020 019       LZ0FX         005 018      
QSO:  3517 CW 2017-08-19 0713 LZ0FG         021 005       LZ0DZ         022 003      
QSO:  3527 CW 2017-08-19 0714 LZ0FG         022 022       LZ0DP         020 018      
QSO:  3557 CW 2017-08-19 0715 LZ0FG         023 020       LZ0FC         010 016      
QSO:  3545 CW 2017-08-19 0716 LZ0FG         024 010       LZ0FY         018 017      
QSO:  3524 CW 2017-08-19 0718 LZ0FG         025 018       LZ0AC         016 024      
QSO:  3559 CW 2017-08-19 0718 LZ0FG         026 016       LZ0AY         022 017      
QSO:  3529 CW 2017-08-19 0720 LZ0FG         027 022       LZ0AL         021 025      
QSO:  3545 CW 2017-08-19 0721 LZ0FG         028 021       LZ0DY         031 022      
QSO:  3542 CW 2017-08-19 0723 LZ0FG         029 031       LZ0DJ         029 027      
QSO:  3540 CW 2017-08-19 0724 LZ0FG         030 029       LZ0DM         027 033      
QSO:  3535 CW 2017-08-19 0725 LZ0FG         031 027       LZ0DR         023 018      
QSO:  3532 CW 2017-08-19 0726 LZ0FG         032 023       LZ0DD         019 038      
QSO:  3523 CW 2017-08-19 0727 LZ0FG         033 019       LZ0AV         027 027      
QSO:  3552 CW 2017-08-19 0728 LZ0FG         034 027       LZ0AG         031 032      
QSO:  3534 CW 2017-08-19 0729 LZ0FG         035 031       LZ0FZ         006 031      
QSO:  3538 CW 2017-08-19 0730 LZ0FG         036 006       LZ0AX         032 029      
QSO:  3528 CW 2017-08-19 0732 LZ0FG         037 032       LZ0FD         035 043      
QSO:  3545 CW 2017-08-19 0733 LZ0FG         038 035       LZ0DW         043 036      
QSO:  3534 CW 2017-08-19 0733 LZ0FG         039 043       LZ0DC         045 035      
QSO:  3545 CW 2017-08-19 0736 LZ0FG         040 045       LZ0AD         040 048      
QSO:  3545 CW 2017-08-19 0736 LZ0FG         041 040       LZ0AF         037 033      
QSO:  3519 CW 2017-08-19 0737 LZ0FG         042 037       LZ0AN         048 038      
QSO:  3537 CW 2017-08-19 0738 LZ0FG         043 048       LZ0AP         040 039      
QSO:  3532 CW 2017-08-19 0738 LZ0FG         044 040       LZ0AA         036 043      
QSO:  3533 CW 2017-08-19 0739 LZ0FG         045 036       LZ0AJ         048 038      
QSO:  3526 CW 2017-08-19 0739 LZ0FG         046 048       LZ0FJ         046 040      
QSO:  3545 CW 2017-08-19 0740 LZ0FG         047 046       LZ0AT         057 041      
QSO:  3545 CW 2017-08-19 0741 LZ0FG         048 057       LZ0DA         046 061      
QSO:  3545 CW 2017-08-19 0741 LZ0FG         049 046       LZ0DF         042 049      
QSO:  3522 CW 2017-08-19 0741 LZ0FG         050 042       LZ0AW         052 040      
QSO:  3545 CW 2017-08-19 0743 LZ0FG         051 052       LZ0DN         046 061      
QSO:  3511 CW 2017-08-19 0744 LZ0FG         052 046       LZ0DG         064 043      
QSO:  3550 CW 2017-08-19 0744 LZ0FG         053 064       LZ0AU         028 051      
QSO:  3517 CW 2017-08-19 0746 LZ0FG         054 028       LZ0DZ         059 067      
QSO:  3557 CW 2017-08-19 0748 LZ0FG         055 059       LZ0FC         041 049      
QSO:  3550 CW 2017-08-19 0748 LZ0FG         056 041       LZ0DT         061 071      
QSO:  3524 CW 2017-08-19 0749 LZ0FG         057 061       LZ0AC         057 072      
QSO:  3559 CW 2017-08-19 0749 LZ0FG         058 057       LZ0AY         056 050      
QSO:  3546 CW 2017-08-19 0751 LZ0FG         059 056       LZ0FY         052 052      
QSO:  3545 CW 2017-08-19 0751 LZ0FG         060 052       LZ0AL         052 049      
QSO:  3545 CW 2017-08-19 0752 LZ0FG         061 052       LZ0FA         056 056      
QSO:  3545 CW 2017-08-19 0752 LZ0FG         062 056       LZ0AK         055 068      
QSO:  3545 CW 2017-08-19 0753 LZ0FG         063 055       LZ0DY         066 054      
QSO:  3545 CW 2017-08-19 0753 LZ0FG         064 066       LZ0DJ         059 058      
QSO:  3514 CW 2017-08-19 0754 LZ0FG         065 059       LZ0AR         053 056      
QSO:  3509 CW 2017-08-19 0755 LZ0FG         066 053       LZ0FX         028 078      
QSO:  3540 CW 2017-08-19 0756 LZ0FG         067 028       LZ0DM         061 060      
QSO:  3523 CW 2017-08-19 0759 LZ0FG         068 061       LZ0AV         062 070      
QSO:  3552 CW 2017-08-19 0759 LZ0FG         069 062       LZ0AG         067 065      
QSO:  3535 CW 2017-08-19 0800 LZ0FG         070 067       LZ0DR         063 080      
QSO:  3545 CW 2017-08-19 0801 LZ0FG         071 063       LZ0AX         071 070      
QSO:  3528 CW 2017-08-19 0802 LZ0FG         072 071       LZ0FD         068 084      
QSO:  3520 CW 2017-08-19 0803 LZ0FG         073 068       LZ0FF         069 068      
QSO:  3534 CW 2017-08-19 0804 LZ0FG         074 069       LZ0DC         086 073      
QSO:  3527 CW 2017-08-19 0805 LZ0FG         075 086       LZ0DP         065 008      
QSO:  3518 CW 2017-08-19 0807 LZ0FG         076 065       LZ0DW         079 069      
QSO:  3539 CW 2017-08-19 0808 LZ0FG         077 079       LZ0AD         071 093      
QSO:  3580 CW 2017-08-19 0809 LZ0FG         078 071       LZ0FZ         023 072      
QSO:  3532 CW 2017-08-19 0810 LZ0FG         079 023       LZ0AA         072 086      
QSO:  3533 CW 2017-08-19 0810 LZ0FG         080 072       LZ0AJ         087 076      
QSO:  3522 CW 2017-08-19 0811 LZ0FG         081 087       LZ0AW         087 044      
QSO:  3537 CW 2017-08-19 0812 LZ0FG         082 087       LZ0AP         077 082      
QSO:  3526 CW 2017-08-19 0813 LZ0FG         083 077       LZ0FJ         090 087      
QSO:  3542 CW 2017-08-19 0813 LZ0FG         084 090       LZ0AF         077 088      
QSO:  3545 CW 2017-08-19 0814 LZ0FG         085 077       LZ0DN         078 096      
QSO:  3545 CW 2017-08-19 0814 LZ0FG         086 078       LZ0AN         094 090      
QSO:  3545 CW 2017-08-19 0815 LZ0FG         087 094       LZ0DA         088 080      
QSO:  3545 CW 2017-08-19 0816 LZ0FG         088 088       LZ0DL         095 084      
QSO:  3517 CW 2017-08-19 0816 LZ0FG         089 095       LZ0DZ         096 052      
QSO:  3545 CW 2017-08-19 0817 LZ0FG         090 096       LZ0AT         100 079      
QSO:  3511 CW 2017-08-19 0817 LZ0FG         091 100       LZ0DG         103 086      
QSO:  3557 CW 2017-08-19 0820 LZ0FG         092 103       LZ0FC         079 021      
QSO:  3524 CW 2017-08-19 0820 LZ0FG         093 079       LZ0AC         088 087      
QSO:  3559 CW 2017-08-19 0821 LZ0FG         094 088       LZ0AY         088 106      
QSO:  3516 CW 2017-08-19 0824 LZ0FG         095 088       LZ0AM         102 101      
QSO:  3525 CW 2017-08-19 0825 LZ0FG         096 102       LZ0FA         091 101      
QSO:  3520 CW 2017-08-19 0826 LZ0FG         097 091       LZ0FX         060 109      
QSO:  3550 CW 2017-08-19 0827 LZ0FG         098 060       LZ0AU         048 106      
QSO:  3529 CW 2017-08-19 0827 LZ0FG         099 048       LZ0AL         092 090      
QSO:  3545 CW 2017-08-19 0829 LZ0FG         100 092       LZ0FY         092 100      
QSO:  3533 CW 2017-08-19 0829 LZ0FG         101 092       LZ0DD         076 107      
QSO:  3552 CW 2017-08-19 0830 LZ0FG         102 076       LZ0AG         102 102      
QSO:  3514 CW 2017-08-19 0830 LZ0FG         103 102       LZ0AR         094 091      
QSO:  3530 CW 2017-08-19 0830 LZ0FG         104 094       LZ0DV         099 094      
QSO:  3547 CW 2017-08-19 0831 LZ0FG         105 099       LZ0AK         096 108      
QSO:  3554 CW 2017-08-19 0831 LZ0FG         106 096       LZ0DJ         105 106      
QSO:  3545 CW 2017-08-19 0832 LZ0FG         107 105       LZ0DY         112 097      
QSO:  3528 CW 2017-08-19 0833 LZ0FG         108 112       LZ0FD         104 121      
QSO:  3520 CW 2017-08-19 0833 LZ0FG         109 104       LZ0FF         105 101      
QSO:  3535 CW 2017-08-19 0834 LZ0FG         110 105       LZ0DR         096 112      
QSO:  3545 CW 2017-08-19 0835 LZ0FG         111 096       LZ0DC         124 108      
QSO:  3527 CW 2017-08-19 0836 LZ0FG         112 124       LZ0DP         093 111      
QSO:  3518 CW 2017-08-19 0838 LZ0FG         113 093       LZ0DW         118 096      
QSO:  3532 CW 2017-08-19 0840 LZ0FG         114 118       LZ0AA         102 116      
QSO:  3533 CW 2017-08-19 0841 LZ0FG         115 102       LZ0AJ         122 132      
QSO:  3522 CW 2017-08-19 0841 LZ0FG         116 122       LZ0AW         122 121      
QSO:  3537 CW 2017-08-19 0843 LZ0FG         117 122       LZ0AP         103 076      
QSO:  3523 CW 2017-08-19 0844 LZ0FG         118 103       LZ0AV         112 052      
QSO:  3541 CW 2017-08-19 0845 LZ0FG         119 112       LZ0AF         115 113      
QSO:  3545 CW 2017-08-19 0845 LZ0FG         120 115       LZ0DA         125 114      
QSO:  3545 CW 2017-08-19 0846 LZ0FG         121 125       LZ0DN         115 107      
QSO:  3517 CW 2017-08-19 0846 LZ0FG         122 115       LZ0DZ         131 133      
QSO:  3526 CW 2017-08-19 0847 LZ0FG         123 131       LZ0FJ         131 117      
QSO:  3545 CW 2017-08-19 0847 LZ0FG         124 131       LZ0AN         130 074      
QSO:  3545 CW 2017-08-19 0848 LZ0FG         125 130       LZ0AT         137 113      
QSO:  3551 CW 2017-08-19 0849 LZ0FG         126 137       LZ0DT         116 144      
QSO:  3559 CW 2017-08-19 0851 LZ0FG         127 116       LZ0AY         119 120      
QSO:  3557 CW 2017-08-19 0852 LZ0FG         128 119       LZ0FC         110 134      
QSO:  3545 CW 2017-08-19 0852 LZ0FG         129 110       LZ0DU         049 121      
QSO:  3540 CW 2017-08-19 0855 LZ0FG         130 049       LZ0DM         126 047      
QSO:  3525 CW 2017-08-19 0856 LZ0FG         131 126       LZ0FA         123 139      
QSO:  3516 CW 2017-08-19 0857 LZ0FG         132 123       LZ0AM         139 086      
QSO:  3512 CW 2017-08-19 0858 LZ0FG         133 139       LZ0DF         123 119      
QSO:  3545 CW 2017-08-19 0859 LZ0FG         134 123       LZ0DL         144 142      
QSO:  3545 CW 2017-08-19 0900 LZ0FG         135 144       LZ0FY         128 124      
QSO:  3530 CW 2017-08-19 0901 LZ0FG         136 128       LZ0DV         136 127      
QSO:  3552 CW 2017-08-19 0902 LZ0FG         137 136       LZ0AG         139 130      
QSO:  3554 CW 2017-08-19 0903 LZ0FG         138 139       LZ0DJ         143 094      
QSO:  3514 CW 2017-08-19 0904 LZ0FG         139 143       LZ0AR         128 131      
QSO:  3510 CW 2017-08-19 0904 LZ0FG         140 128       LZ0FZ         053 147      
QSO:  3511 CW 2017-08-19 0905 LZ0FG         141 053       LZ0DG         149 141      
QSO:  3545 CW 2017-08-19 0905 LZ0FG         142 149       LZ0AX         137 148      
QSO:  3528 CW 2017-08-19 0906 LZ0FG         143 137       LZ0FD         141 150      
QSO:  3527 CW 2017-08-19 0907 LZ0FG         144 141       LZ0DP         129 098      
QSO:  3520 CW 2017-08-19 0907 LZ0FG         145 129       LZ0FF         144 154      
QSO:  3529 CW 2017-08-19 0908 LZ0FG         146 144       LZ0AL         129 126      
QSO:  3545 CW 2017-08-19 0909 LZ0FG         147 129       LZ0DW         157 133      
QSO:  3522 CW 2017-08-19 0912 LZ0FG         148 157       LZ0AW         157 134      
QSO:  3533 CW 2017-08-19 0913 LZ0FG         149 157       LZ0AJ         162 172      
QSO:  3532 CW 2017-08-19 0913 LZ0FG         150 162       LZ0AA         140 132      
QSO:  3537 CW 2017-08-19 0914 LZ0FG         151 140       LZ0AP         136 104      
QSO:  3536 CW 2017-08-19 0914 LZ0FG         152 136       LZ0DD         119 165      
QSO:  3541 CW 2017-08-19 0915 LZ0FG         153 119       LZ0AF         152 158      
QSO:  3548 CW 2017-08-19 0915 LZ0FG         154 152       LZ0FX         108 102      
QSO:  3517 CW 2017-08-19 0916 LZ0FG         155 108       LZ0DZ         169 144      
QSO:  3523 CW 2017-08-19 0917 LZ0FG         156 169       LZ0AV         152 167      
QSO:  3526 CW 2017-08-19 0917 LZ0FG         157 152       LZ0FJ         170 155      
QSO:  3519 CW 2017-08-19 0918 LZ0FG         158 170       LZ0AN         168 151      
QSO:  3545 CW 2017-08-19 0919 LZ0FG         159 168       LZ0AT         175 159      
QSO:  3545 CW 2017-08-19 0919 LZ0FG         160 175       LZ0DA         166 144      
QSO:  3545 CW 2017-08-19 0919 LZ0FG         161 166       LZ0DC         180 166      
QSO:  3550 CW 2017-08-19 0920 LZ0FG         162 180       LZ0AU         081 181      
QSO:  3544 CW 2017-08-19 0921 LZ0FG         163 081       LZ0DN         154 167      
QSO:  3550 CW 2017-08-19 0922 LZ0FG         164 154       LZ0DT         147 155      
QSO:  3557 CW 2017-08-19 0922 LZ0FG         165 147       LZ0FC         144 148      
QSO:  3559 CW 2017-08-19 0923 LZ0FG         166 144       LZ0AY         153 164      
QSO:  3545 CW 2017-08-19 0924 LZ0FG         167 153       LZ0DX         084 158      
QSO:  3545 CW 2017-08-19 0925 LZ0FG         168 084       LZ0DY         174 153      
QSO:  3545 CW 2017-08-19 0925 LZ0FG         169 174       LZ0DU         079 173      
QSO:  3525 CW 2017-08-19 0927 LZ0FG         170 079       LZ0FA         157 179      
QSO:  3516 CW 2017-08-19 0928 LZ0FG         171 157       LZ0AM         179 178      
QSO:  3512 CW 2017-08-19 0928 LZ0FG         172 179       LZ0DF         156 157      
QSO:  3540 CW 2017-08-19 0930 LZ0FG         173 156       LZ0DM         167 178      
QSO:  3545 CW 2017-08-19 0931 LZ0FG         174 167       LZ0FY         166 184      
QSO:  3552 CW 2017-08-19 0932 LZ0FG         175 166       LZ0AG         176 186      
QSO:  3554 CW 2017-08-19 0933 LZ0FG         176 176       LZ0DJ         181 173      
QSO:  3511 CW 2017-08-19 0934 LZ0FG         177 181       LZ0FZ         073 169      
QSO:  3514 CW 2017-08-19 0935 LZ0FG         178 073       LZ0AR         167 158      
QSO:  3511 CW 2017-08-19 0935 LZ0FG         179 167       LZ0DG         187 165      
QSO:  3528 CW 2017-08-19 0937 LZ0FG         180 187       LZ0FD         177 200      
QSO:  3520 CW 2017-08-19 0937 LZ0FG         181 177       LZ0FF         182 191      
QSO:  3527 CW 2017-08-19 0938 LZ0FG         182 182       LZ0DP         162 159      
QSO:  3529 CW 2017-08-19 0938 LZ0FG         183 162       LZ0AL         163 160      
QSO:  3545 CW 2017-08-19 0940 LZ0FG         184 163       LZ0DW         194 165      
QSO:  3530 CW 2017-08-19 0943 LZ0FG         185 194       LZ0DV         184 193      
QSO:  3522 CW 2017-08-19 0944 LZ0FG         186 184       LZ0AW         197 207      
QSO:  3533 CW 2017-08-19 0944 LZ0FG         187 197       LZ0AJ         200 210      
QSO:  3537 CW 2017-08-19 0944 LZ0FG         188 200       LZ0AP         168 181      
QSO:  3532 CW 2017-08-19 0945 LZ0FG         189 168       LZ0AA         177 212      
QSO:  3541 CW 2017-08-19 0945 LZ0FG         190 177       LZ0AF         186 199      
QSO:  3545 CW 2017-08-19 0946 LZ0FG         191 186       LZ0DL         186 197      
QSO:  3517 CW 2017-08-19 0947 LZ0FG         192 186       LZ0DZ         208 170      
QSO:  3526 CW 2017-08-19 0947 LZ0FG         193 208       LZ0FJ         206 184      
QSO:  3523 CW 2017-08-19 0948 LZ0FG         194 206       LZ0AV         186 173      
QSO:  3545 CW 2017-08-19 0949 LZ0FG         195 186       LZ0AN         207 187      
QSO:  3545 CW 2017-08-19 0949 LZ0FG         196 207       LZ0DA         203 175      
QSO:  3545 CW 2017-08-19 0949 LZ0FG         197 203       LZ0DD         150 214      
QSO:  3545 CW 2017-08-19 0950 LZ0FG         198 150       LZ0DC         220 175      
QSO:  3542 CW 2017-08-19 0950 LZ0FG         199 220       LZ0AT         216 190      
QSO:  3529 CW 2017-08-19 0951 LZ0FG         200 216       LZ0FX         139 185      
QSO:  3544 CW 2017-08-19 0951 LZ0FG         201 139       LZ0DN         188 117      
QSO:  3550 CW 2017-08-19 0952 LZ0FG         202 188       LZ0DT         178 119      
QSO:  3557 CW 2017-08-19 0952 LZ0FG         203 178       LZ0FC         177 182      
QSO:  3559 CW 2017-08-19 0953 LZ0FG         204 177       LZ0AY         185 212      
QSO:  3545 CW 2017-08-19 0956 LZ0FG         205 185       LZ0AX         185 207      
QSO:  3545 CW 2017-08-19 0956 LZ0FG         206 185       LZ0DX         108 193      
QSO:  3525 CW 2017-08-19 0957 LZ0FG         207 108       LZ0FA         189 200      
QSO:  3516 CW 2017-08-19 0958 LZ0FG         208 189       LZ0AM         220 213      
QSO:  3512 CW 2017-08-19 0959 LZ0FG         209 220       LZ0DF         190 231      
QSO:  3540 CW 2017-08-19 1000 LZ0FG         210 190       LZ0DM         204 205      
QSO:  3545 CW 2017-08-19 1001 LZ0FG         211 204       LZ0FY         203 200      
QSO:  3545 CW 2017-08-19 1002 LZ0FG         212 203       LZ0DY         219 223      
QSO:  3552 CW 2017-08-19 1003 LZ0FG         213 219       LZ0AG         214 216      
QSO:  3554 CW 2017-08-19 1003 LZ0FG         214 214       LZ0DJ         218 164      
QSO:  3535 CW 2017-08-19 1003 LZ0FG         215 218       LZ0AD         131 219      
QSO:  3514 CW 2017-08-19 1005 LZ0FG         216 131       LZ0AR         198 202      
QSO:  3527 CW 2017-08-19 1008 LZ0FG         217 198       LZ0DP         198 210      
QSO:  3528 CW 2017-08-19 1009 LZ0FG         218 198       LZ0FD         212 213      
QSO:  3511 CW 2017-08-19 1010 LZ0FG         219 212       LZ0DG         222 221      
QSO:  3527 CW 2017-08-19 1011 LZ0FG         220 222       LZ0AL         194 235      
QSO:  3530 CW 2017-08-19 1013 LZ0FG         221 194       LZ0DV         223 230      
QSO:  3545 CW 2017-08-19 1014 LZ0FG         222 223       LZ0DW         231 228      
QSO:  3550 CW 2017-08-19 1014 LZ0FG         223 231       LZ0AU         114 142      
QSO:  3533 CW 2017-08-19 1015 LZ0FG         224 114       LZ0AJ         240 252      
QSO:  3537 CW 2017-08-19 1015 LZ0FG         225 240       LZ0AP         203 208      
QSO:  3562 CW 2017-08-19 1016 LZ0FG         226 203       LZ0FK         005 127      
QSO:  3522 CW 2017-08-19 1016 LZ0FG         227 005       LZ0AW         234 137      
QSO:  3541 CW 2017-08-19 1016 LZ0FG         228 234       LZ0AF         221 236      
QSO:  3517 CW 2017-08-19 1017 LZ0FG         229 221       LZ0DZ         245 243      
QSO:  3523 CW 2017-08-19 1019 LZ0FG         230 245       LZ0AV         220 217      
QSO:  3519 CW 2017-08-19 1019 LZ0FG         231 220       LZ0AN         248 141      
QSO:  3547 CW 2017-08-19 1020 LZ0FG         232 248       LZ0AK         222 209      
QSO:  3532 CW 2017-08-19 1022 LZ0FG         233 222       LZ0AA         208 243      
QSO:  3526 CW 2017-08-19 1022 LZ0FG         234 208       LZ0FJ         250 262      
QSO:  3524 CW 2017-08-19 1023 LZ0FG         235 250       LZ0FX         173 242      
QSO:  3557 CW 2017-08-19 1023 LZ0FG         236 173       LZ0FC         213 227      
QSO:  3542 CW 2017-08-19 1024 LZ0FG         237 213       LZ0AT         258 241      
QSO:  3550 CW 2017-08-19 1024 LZ0FG         238 258       LZ0DT         217 249      
QSO:  3545 CW 2017-08-19 1026 LZ0FG         239 217       LZ0DL         226 227      
QSO:  3545 CW 2017-08-19 1026 LZ0FG         240 226       LZ0DD         185 209      
QSO:  3545 CW 2017-08-19 1027 LZ0FG         241 185       LZ0DX         139 229      
QSO:  3545 CW 2017-08-19 1027 LZ0FG         242 139       LZ0DA         249 151      
QSO:  3545 CW 2017-08-19 1028 LZ0FG         243 249       LZ0FA         226 256      
QSO:  3545 CW 2017-08-19 1028 LZ0FG         244 226       LZ0DC         270 212      
QSO:  3544 CW 2017-08-19 1029 LZ0FG         245 270       LZ0DN         232 247      
QSO:  3520 CW 2017-08-19 1029 LZ0FG         246 232       LZ0FF         246 188      
QSO:  3545 CW 2017-08-19 1032 LZ0FG         247 246       LZ0FY         241 269      
QSO:  3540 CW 2017-08-19 1033 LZ0FG         248 241       LZ0DM         238 231      
QSO:  3535 CW 2017-08-19 1033 LZ0FG         249 238       LZ0AD         162 220      
QSO:  3531 CW 2017-08-19 1034 LZ0FG         250 162       LZ0DY         258 265      
QSO:  3516 CW 2017-08-19 1035 LZ0FG         251 258       LZ0AM         267 265      
QSO:  3514 CW 2017-08-19 1036 LZ0FG         252 267       LZ0AR         235 256      
QSO:  3512 CW 2017-08-19 1036 LZ0FG         253 235       LZ0DF         225 268      
QSO:  3545 CW 2017-08-19 1037 LZ0FG         254 225       LZ0DU         148 225      
QSO:  3527 CW 2017-08-19 1038 LZ0FG         255 148       LZ0DP         234 268      
QSO:  3552 CW 2017-08-19 1039 LZ0FG         256 234       LZ0AG         259 243      
QSO:  3528 CW 2017-08-19 1040 LZ0FG         257 259       LZ0FD         252 284      
QSO:  3554 CW 2017-08-19 1041 LZ0FG         258 252       LZ0DJ         262 244      
QSO:  3511 CW 2017-08-19 1041 LZ0FG         259 262       LZ0DG         267 275      
QSO:  3530 CW 2017-08-19 1043 LZ0FG         260 267       LZ0DV         260 247      
QSO:  3545 CW 2017-08-19 1044 LZ0FG         261 260       LZ0AX         233 281      
QSO:  3545 CW 2017-08-19 1044 LZ0FG         262 233       LZ0DW         269 267      
QSO:  3533 CW 2017-08-19 1045 LZ0FG         263 269       LZ0AJ         280 290      
QSO:  3537 CW 2017-08-19 1045 LZ0FG         264 280       LZ0AP         236 238      
QSO:  3522 CW 2017-08-19 1046 LZ0FG         265 236       LZ0AW         271 241      
QSO:  3517 CW 2017-08-19 1047 LZ0FG         266 271       LZ0DZ         282 280      
QSO:  3541 CW 2017-08-19 1048 LZ0FG         267 282       LZ0AF         260 274      
QSO:  3527 CW 2017-08-19 1048 LZ0FG         268 260       LZ0AL         231 197      
QSO:  3545 CW 2017-08-19 1051 LZ0FG         269 231       LZ0AN         285 243      
QSO:  3545 CW 2017-08-19 1051 LZ0FG         270 285       LZ0FK         037 265      
QSO:  3524 CW 2017-08-19 1052 LZ0FG         271 037       LZ0AC         168 278      
QSO:  3532 CW 2017-08-19 1052 LZ0FG         272 168       LZ0AA         243 279      
QSO:  3526 CW 2017-08-19 1053 LZ0FG         273 243       LZ0FJ         290 251      
QSO:  3559 CW 2017-08-19 1053 LZ0FG         274 290       LZ0AY         251 258      
QSO:  3557 CW 2017-08-19 1054 LZ0FG         275 251       LZ0FC         251 041      
QSO:  3550 CW 2017-08-19 1054 LZ0FG         276 251       LZ0DT         248 302      
QSO:  3545 CW 2017-08-19 1055 LZ0FG         277 248       LZ0AT         298 252      
QSO:  3538 CW 2017-08-19 1056 LZ0FG         278 298       LZ0DD         219 299      
QSO:  3545 CW 2017-08-19 1057 LZ0FG         279 219       LZ0DX         171 266      
QSO:  3545 CW 2017-08-19 1058 LZ0FG         280 171       LZ0DL         266 286      
QSO:  3545 CW 2017-08-19 1058 LZ0FG         281 266       LZ0DA         289 270      
QSO:  3545 CW 2017-08-19 1058 LZ0FG         282 289       LZ0FA         263 257      
QSO:  3520 CW 2017-08-19 1059 LZ0FG         283 263       LZ0FF         278 223      
QSO:  3548 CW 2017-08-19 1059 LZ0FG         284 278       LZ0FX         207 310      
QSO:  3545 CW 2017-08-19 1059 LZ0FG         285 207       LZ0DC         311 206      
END-OF-LOG:
