START-OF-LOG: 2.0 
CALLSIGN: LZ0FK
CLUB: Пловдив
CONTEST: LZ-OPEN-DOMESTIC
CATEGORY: SINGLE-OP-ASSISTED ALL HIGH MIXED
CLAIMED-SCORE: 49
OPERATORS: LZ1YQ
NAME: Христо Здравков LZ1YQ
ADDRESS: MESEMVRIA STR. ?9
ADDRESS: PLOVDIV,  4000
ADDRESS: BULGARIA
CREATED-BY: N1MM Logger+ 1.0.6711.0
QSO:  3562 CW 2017-08-19 1013 LZ0FK         001 000       LZ0DC         250 237      
QSO:  3562 CW 2017-08-19 1013 LZ0FK         002 250       LZ0AX         199 223      
QSO:  3562 CW 2017-08-19 1014 LZ0FK         003 199       LZ0DW         232 222      
QSO:  3562 CW 2017-08-19 1015 LZ0FK         004 232       LZ0DU         127 232      
QSO:  3562 CW 2017-08-19 1016 LZ0FK         005 127       LZ0FG         226 203      
QSO:  3562 CW 2017-08-19 1016 LZ0FK         006 226       LZ0FC         205 177      
QSO:  3552 CW 2017-08-19 1018 LZ0FK         007 205       LZ0AG         230 242      
QSO:  3550 CW 2017-08-19 1018 LZ0FK         008 230       LZ0DT         208 238      
QSO:  3545 CW 2017-08-19 1019 LZ0FK         009 208       LZ0FY         222 231      
QSO:  3542 CW 2017-08-19 1020 LZ0FK         010 222       LZ0AT         253 222      
QSO:  3537 CW 2017-08-19 1021 LZ0FK         011 253       LZ0AP         213 236      
QSO:  3535 CW 2017-08-19 1022 LZ0FK         012 213       LZ0AD         144 237      
QSO:  3528 CW 2017-08-19 1024 LZ0FK         013 144       LZ0FD         234 217      
QSO:  3527 CW 2017-08-19 1025 LZ0FK         014 234       LZ0DP         221 243      
QSO:  3523 CW 2017-08-19 1025 LZ0FK         015 221       LZ0AV         228 253      
QSO:  3522 CW 2017-08-19 1026 LZ0FK         016 228       LZ0AW         244 209      
QSO:  3520 CW 2017-08-19 1026 LZ0FK         017 244       LZ0FF         241 254      
QSO:  3517 CW 2017-08-19 1027 LZ0FK         018 241       LZ0DZ         257 255      
QSO:  3516 CW 2017-08-19 1027 LZ0FK         019 257       LZ0AM         256 226      
QSO:  3511 CW 2017-08-19 1028 LZ0FK         020 256       LZ0DG         246 152      
QSO:  3562 CW 2017-08-19 1029 LZ0FK         021 246       LZ0AJ         260 153      
QSO:  3562 CW 2017-08-19 1031 LZ0FK         022 260       LZ0DN         236 262      
QSO:  3562 CW 2017-08-19 1032 LZ0FK         023 236       LZ0DF         220 223      
QSO:  3562 CW 2017-08-19 1033 LZ0FK         024 220       LZ0FX         182 224      
QSO:  3514 CW 2017-08-19 1042 LZ0FK         025 182       LZ0AR         246 275      
QSO:  3519 CW 2017-08-19 1042 LZ0FK         026 246       LZ0AN         275 157      
QSO:  3525 CW 2017-08-19 1044 LZ0FK         027 275       LZ0FA         243 153      
QSO:  3526 CW 2017-08-19 1045 LZ0FK         028 243       LZ0FJ         280 250      
QSO:  3527 CW 2017-08-19 1046 LZ0FK         029 280       LZ0AL         226 271      
QSO:  3529 CW 2017-08-19 1046 LZ0FK         030 226       LZ0DL         249 277      
QSO:  3530 CW 2017-08-19 1047 LZ0FK         031 249       LZ0DV         269 272      
QSO:  3531 CW 2017-08-19 1048 LZ0FK         032 269       LZ0DY         278 273      
QSO:  3532 CW 2017-08-19 1049 LZ0FK         033 278       LZ0AA         234 237      
QSO:  3535 CW 2017-08-19 1049 LZ0FK         034 234       LZ0DR         220 209      
QSO:  3540 CW 2017-08-19 1050 LZ0FK         035 220       LZ0DM         257 234      
QSO:  3541 CW 2017-08-19 1051 LZ0FK         036 257       LZ0AF         265 235      
QSO:  3545 CW 2017-08-19 1051 LZ0FK         037 265       LZ0FG         270 285      
QSO:  3545 CW 2017-08-19 1052 LZ0FK         038 270       LZ0FY         260 286      
QSO:  3547 CW 2017-08-19 1052 LZ0FK         039 260       LZ0AK         263 280      
QSO:  3554 CW 2017-08-19 1053 LZ0FK         040 263       LZ0AU         136 172      
QSO:  3557 CW 2017-08-19 1053 LZ0FK         041 136       LZ0FC         250 281      
QSO:  3559 CW 2017-08-19 1054 LZ0FK         042 250       LZ0AY         252 274      
QSO:  3528 CW 2017-08-19 1055 LZ0FK         043 252       LZ0FD         269 176      
QSO:  3527 CW 2017-08-19 1055 LZ0FK         044 269       LZ0DP         261 250      
QSO:  3537 CW 2017-08-19 1056 LZ0FK         045 261       LZ0AP         251 260      
QSO:  3539 CW 2017-08-19 1057 LZ0FK         046 251       LZ0DC         305 271      
QSO:  3539 CW 2017-08-19 1058 LZ0FK         047 305       LZ0DW         287 306      
QSO:  3511 CW 2017-08-19 1058 LZ0FK         048 287       LZ0DG         287 180      
QSO:  3539 CW 2017-08-19 1059 LZ0FK         049 287       LZ0AM         296 263      
END-OF-LOG:
