START-OF-LOG: 2.0 
CALLSIGN: LZ0FC
CLUB: Бяла Слатина 
CONTEST: LZ-OPEN
CATEGORY: SINGLE-OP 80M LOW CW
CATEGORY-OVERLAY: EXPERT
CLAIMED-SCORE: 259
OPERATORS: LZ2JE
NAME: Венцислав Пенковски LZ2JE
ADDRESS: 49 "Khan Krum" street
ADDRESS: Byala Slatina,  3200
ADDRESS: BULGARIA
CREATED-BY: N1MM Logger+ 1.0.6666.0
QSO:  3557 CW 2017-08-19 0709 LZ0FC         001 000       LZ0DL         016 009      
QSO:  3557 CW 2017-08-19 0710 LZ0FC         002 016       LZ0AY         010 010      
QSO:  3557 CW 2017-08-19 0711 LZ0FC         003 010       LZ0AM         017 013      
QSO:  3557 CW 2017-08-19 0712 LZ0FC         004 017       LZ0FJ         016 011      
QSO:  3557 CW 2017-08-19 0712 LZ0FC         005 016       LZ0DF         014 015      
QSO:  3557 CW 2017-08-19 0712 LZ0FC         006 014       LZ0DA         018 011      
QSO:  3557 CW 2017-08-19 0713 LZ0FC         007 018       LZ0AG         017 012      
QSO:  3557 CW 2017-08-19 0714 LZ0FC         008 017       LZ0DW         021 022      
QSO:  3557 CW 2017-08-19 0714 LZ0FC         009 021       LZ0DR         016 013      
QSO:  3557 CW 2017-08-19 0715 LZ0FC         010 016       LZ0FG         023 020      
QSO:  3557 CW 2017-08-19 0715 LZ0FC         011 023       LZ0DJ         021 014      
QSO:  3557 CW 2017-08-19 0716 LZ0FC         012 021       LZ0AL         016 014      
QSO:  3557 CW 2017-08-19 0716 LZ0FC         013 016       LZ0AF         019 016      
QSO:  3557 CW 2017-08-19 0717 LZ0FC         014 019       LZ0DX         014 024      
QSO:  3557 CW 2017-08-19 0717 LZ0FC         015 014       LZ0DK         017 015      
QSO:  3557 CW 2017-08-19 0717 LZ0FC         016 017       LZ0AN         025 018      
QSO:  3557 CW 2017-08-19 0718 LZ0FC         017 025       LZ0DG         030 026      
QSO:  3557 CW 2017-08-19 0718 LZ0FC         018 030       LZ0DT         027 029      
QSO:  3557 CW 2017-08-19 0719 LZ0FC         019 027       LZ0FF         028 019      
QSO:  3557 CW 2017-08-19 0719 LZ0FC         020 028       LZ0DY         028 011      
QSO:  3557 CW 2017-08-19 0720 LZ0FC         021 028       LZ0FA         024 020      
QSO:  3557 CW 2017-08-19 0722 LZ0FC         022 024       LZ0DC         036 026      
QSO:  3557 CW 2017-08-19 0723 LZ0FC         023 036       LZ0DV         030 025      
QSO:  3557 CW 2017-08-19 0725 LZ0FC         024 030       LZ0AX         028 029      
QSO:  3557 CW 2017-08-19 0726 LZ0FC         025 028       LZ0DN         027 027      
QSO:  3557 CW 2017-08-19 0726 LZ0FC         026 027       LZ0AD         033 032      
QSO:  3557 CW 2017-08-19 0732 LZ0FC         027 033       LZ0AC         034 029      
QSO:  3557 CW 2017-08-19 0736 LZ0FC         028 034       LZ0AT         050 039      
QSO:  3537 CW 2017-08-19 0738 LZ0FC         029 050       LZ0AP         041 043      
QSO:  3532 CW 2017-08-19 0739 LZ0FC         030 041       LZ0AA         037 044      
QSO:  3523 CW 2017-08-19 0741 LZ0FC         031 037       LZ0AV         043 040      
QSO:  3557 CW 2017-08-19 0741 LZ0FC         032 043       LZ0AY         044 041      
QSO:  3557 CW 2017-08-19 0741 LZ0FC         033 044       LZ0AM         050 051      
QSO:  3557 CW 2017-08-19 0743 LZ0FC         034 050       LZ0FJ         053 034      
QSO:  3557 CW 2017-08-19 0743 LZ0FC         035 053       LZ0AG         049 053      
QSO:  3557 CW 2017-08-19 0744 LZ0FC         036 049       LZ0DA         052 046      
QSO:  3557 CW 2017-08-19 0745 LZ0FC         037 052       LZ0DJ         051 063      
QSO:  3557 CW 2017-08-19 0746 LZ0FC         038 051       LZ0DP         045 045      
QSO:  3557 CW 2017-08-19 0746 LZ0FC         039 045       LZ0DR         046 053      
QSO:  3557 CW 2017-08-19 0747 LZ0FC         040 046       LZ0FY         049 049      
QSO:  3557 CW 2017-08-19 0748 LZ0FC         041 049       LZ0FG         055 059      
QSO:  3557 CW 2017-08-19 0748 LZ0FC         042 055       LZ0AN         061 048      
QSO:  3557 CW 2017-08-19 0748 LZ0FC         043 061       LZ0AL         050 047      
QSO:  3557 CW 2017-08-19 0749 LZ0FC         044 050       LZ0DG         072 060      
QSO:  3557 CW 2017-08-19 0750 LZ0FC         045 072       LZ0AJ         063 053      
QSO:  3557 CW 2017-08-19 0750 LZ0FC         046 063       LZ0DL         067 055      
QSO:  3557 CW 2017-08-19 0750 LZ0FC         047 067       LZ0DT         063 050      
QSO:  3557 CW 2017-08-19 0751 LZ0FC         048 063       LZ0AF         052 054      
QSO:  3557 CW 2017-08-19 0753 LZ0FC         049 052       LZ0DC         077 050      
QSO:  3557 CW 2017-08-19 0753 LZ0FC         050 077       LZ0DX         036 060      
QSO:  3557 CW 2017-08-19 0754 LZ0FC         051 036       LZ0DV         066 056      
QSO:  3557 CW 2017-08-19 0755 LZ0FC         052 066       LZ0AX         060 060      
QSO:  3557 CW 2017-08-19 0756 LZ0FC         053 060       LZ0DF         061 060      
QSO:  3557 CW 2017-08-19 0756 LZ0FC         054 061       LZ0DN         062 063      
QSO:  3557 CW 2017-08-19 0756 LZ0FC         055 062       LZ0AD         062 064      
QSO:  3557 CW 2017-08-19 0757 LZ0FC         056 062       LZ0FA         058 064      
QSO:  3557 CW 2017-08-19 0757 LZ0FC         057 058       LZ0DW         068 061      
QSO:  3557 CW 2017-08-19 0758 LZ0FC         058 068       LZ0DY         073 064      
QSO:  3551 CW 2017-08-19 0802 LZ0FC         059 073       LZ0AU         035 072      
QSO:  3557 CW 2017-08-19 0803 LZ0FC         060 035       LZ0AC         069 065      
QSO:  3557 CW 2017-08-19 0804 LZ0FC         061 069       LZ0DK         045 069      
QSO:  3540 CW 2017-08-19 0805 LZ0FC         062 045       LZ0DM         071 069      
QSO:  3535 CW 2017-08-19 0806 LZ0FC         063 071       LZ0DD         053 069      
QSO:  3557 CW 2017-08-19 0807 LZ0FC         064 053       LZ0FX         049 080      
QSO:  3557 CW 2017-08-19 0807 LZ0FC         065 049       LZ0AT         090 037      
QSO:  3517 CW 2017-08-19 0812 LZ0FC         066 090       LZ0DZ         089 075      
QSO:  3520 CW 2017-08-19 0813 LZ0FC         067 089       LZ0FF         086 076      
QSO:  3557 CW 2017-08-19 0814 LZ0FC         068 086       LZ0AG         088 097      
QSO:  3557 CW 2017-08-19 0815 LZ0FC         069 088       LZ0AM         091 082      
QSO:  3557 CW 2017-08-19 0816 LZ0FC         070 091       LZ0DJ         090 078      
QSO:  3557 CW 2017-08-19 0816 LZ0FC         071 090       LZ0DA         090 081      
QSO:  3557 CW 2017-08-19 0817 LZ0FC         072 090       LZ0DP         081 077      
QSO:  3557 CW 2017-08-19 0817 LZ0FC         073 081       LZ0AV         083 084      
QSO:  3557 CW 2017-08-19 0818 LZ0FC         074 083       LZ0FJ         095 092      
QSO:  3557 CW 2017-08-19 0818 LZ0FC         075 095       LZ0DR         080 088      
QSO:  3557 CW 2017-08-19 0818 LZ0FC         076 080       LZ0FY         082 085      
QSO:  3557 CW 2017-08-19 0819 LZ0FC         077 082       LZ0AL         086 104      
QSO:  3557 CW 2017-08-19 0819 LZ0FC         078 086       LZ0DU         021 080      
QSO:  3557 CW 2017-08-19 0820 LZ0FC         079 021       LZ0FG         092 103      
QSO:  3557 CW 2017-08-19 0820 LZ0FC         080 092       LZ0AN         100 063      
QSO:  3557 CW 2017-08-19 0821 LZ0FC         081 100       LZ0AJ         099 082      
QSO:  3557 CW 2017-08-19 0824 LZ0FC         082 099       LZ0DC         115 024      
QSO:  3557 CW 2017-08-19 0825 LZ0FC         083 115       LZ0DV         093 094      
QSO:  3557 CW 2017-08-19 0826 LZ0FC         084 093       LZ0AX         095 093      
QSO:  3557 CW 2017-08-19 0827 LZ0FC         085 095       LZ0AY         094 094      
QSO:  3557 CW 2017-08-19 0827 LZ0FC         086 094       LZ0DN         093 096      
QSO:  3557 CW 2017-08-19 0828 LZ0FC         087 093       LZ0FA         093 110      
QSO:  3557 CW 2017-08-19 0828 LZ0FC         088 093       LZ0AF         096 099      
QSO:  3557 CW 2017-08-19 0831 LZ0FC         089 096       LZ0DY         110 096      
QSO:  3535 CW 2017-08-19 0832 LZ0FC         090 110       LZ0FZ         038 078      
QSO:  3557 CW 2017-08-19 0833 LZ0FC         091 038       LZ0DL         109 051      
QSO:  3557 CW 2017-08-19 0834 LZ0FC         092 109       LZ0DW         113 095      
QSO:  3557 CW 2017-08-19 0834 LZ0FC         093 113       LZ0DK         067 102      
QSO:  3528 CW 2017-08-19 0836 LZ0FC         094 067       LZ0FD         107 102      
QSO:  3522 CW 2017-08-19 0837 LZ0FC         095 107       LZ0AW         113 111      
QSO:  3557 CW 2017-08-19 0837 LZ0FC         096 113       LZ0AT         125 113      
QSO:  3532 CW 2017-08-19 0841 LZ0FC         097 125       LZ0AA         104 133      
QSO:  3551 CW 2017-08-19 0842 LZ0FC         098 104       LZ0DT         105 122      
QSO:  3555 CW 2017-08-19 0844 LZ0FC         099 105       LZ0AU         063 103      
QSO:  3557 CW 2017-08-19 0845 LZ0FC         100 063       LZ0DF         114 108      
QSO:  3557 CW 2017-08-19 0846 LZ0FC         101 114       LZ0DG         134 130      
QSO:  3557 CW 2017-08-19 0846 LZ0FC         102 134       LZ0DA         127 114      
QSO:  3557 CW 2017-08-19 0847 LZ0FC         103 127       LZ0AG         121 134      
QSO:  3557 CW 2017-08-19 0848 LZ0FC         104 121       LZ0DP         110 112      
QSO:  3557 CW 2017-08-19 0848 LZ0FC         105 110       LZ0AV         017 081      
QSO:  3557 CW 2017-08-19 0848 LZ0FC         106 017       LZ0DJ         127 112      
QSO:  3557 CW 2017-08-19 0849 LZ0FC         107 127       LZ0FY         115 112      
QSO:  3557 CW 2017-08-19 0850 LZ0FC         108 115       LZ0AM         130 116      
QSO:  3557 CW 2017-08-19 0850 LZ0FC         109 130       LZ0FJ         134 045      
QSO:  3557 CW 2017-08-19 0852 LZ0FC         110 134       LZ0FG         128 119      
QSO:  3557 CW 2017-08-19 0852 LZ0FC         111 128       LZ0AJ         136 056      
QSO:  3557 CW 2017-08-19 0853 LZ0FC         112 136       LZ0DZ         138 116      
QSO:  3515 CW 2017-08-19 0855 LZ0FC         113 138       LZ0FX         085 136      
QSO:  3520 CW 2017-08-19 0856 LZ0FC         114 085       LZ0FF         130 120      
QSO:  3557 CW 2017-08-19 0857 LZ0FC         115 130       LZ0AY         125 120      
QSO:  3557 CW 2017-08-19 0858 LZ0FC         116 125       LZ0DN         128 102      
QSO:  3557 CW 2017-08-19 0858 LZ0FC         117 128       LZ0AX         125 119      
QSO:  3557 CW 2017-08-19 0858 LZ0FC         118 125       LZ0DV         132 154      
QSO:  3557 CW 2017-08-19 0859 LZ0FC         119 132       LZ0AF         131 138      
QSO:  3557 CW 2017-08-19 0859 LZ0FC         120 131       LZ0FA         128 132      
QSO:  3557 CW 2017-08-19 0901 LZ0FC         121 128       LZ0DC         159 091      
QSO:  3557 CW 2017-08-19 0901 LZ0FC         122 159       LZ0DU         058 128      
QSO:  3557 CW 2017-08-19 0902 LZ0FC         123 058       LZ0AL         126 097      
QSO:  3557 CW 2017-08-19 0902 LZ0FC         124 126       LZ0AN         149 136      
QSO:  3557 CW 2017-08-19 0902 LZ0FC         125 149       LZ0DX         062 130      
QSO:  3557 CW 2017-08-19 0904 LZ0FC         126 062       LZ0DL         149 102      
QSO:  3547 CW 2017-08-19 0907 LZ0FC         127 149       LZ0AK         137 109      
QSO:  3557 CW 2017-08-19 0907 LZ0FC         128 137       LZ0AT         164 153      
QSO:  3537 CW 2017-08-19 0909 LZ0FC         129 164       LZ0AP         129 155      
QSO:  3557 CW 2017-08-19 0909 LZ0FC         130 129       LZ0DW         158 147      
QSO:  3536 CW 2017-08-19 0910 LZ0FC         131 158       LZ0DD         114 067      
QSO:  3532 CW 2017-08-19 0913 LZ0FC         132 114       LZ0AA         139 157      
QSO:  3557 CW 2017-08-19 0916 LZ0FC         133 139       LZ0DK         104 155      
QSO:  3557 CW 2017-08-19 0916 LZ0FC         134 104       LZ0DA         162 149      
QSO:  3514 CW 2017-08-19 0917 LZ0FC         135 162       LZ0AR         144 156      
QSO:  3557 CW 2017-08-19 0918 LZ0FC         136 144       LZ0AG         160 174      
QSO:  3557 CW 2017-08-19 0918 LZ0FC         137 160       LZ0DJ         164 141      
QSO:  3557 CW 2017-08-19 0919 LZ0FC         138 164       LZ0DP         144 146      
QSO:  3557 CW 2017-08-19 0919 LZ0FC         139 144       LZ0AV         054 077      
QSO:  3557 CW 2017-08-19 0919 LZ0FC         140 054       LZ0FY         151 112      
QSO:  3557 CW 2017-08-19 0920 LZ0FC         141 151       LZ0AM         171 153      
QSO:  3557 CW 2017-08-19 0920 LZ0FC         142 171       LZ0FJ         173 116      
QSO:  3512 CW 2017-08-19 0922 LZ0FC         143 173       LZ0DF         148 175      
QSO:  3557 CW 2017-08-19 0922 LZ0FC         144 148       LZ0FG         165 147      
QSO:  3557 CW 2017-08-19 0922 LZ0FC         145 165       LZ0DR         147 149      
QSO:  3557 CW 2017-08-19 0923 LZ0FC         146 147       LZ0AJ         174 169      
QSO:  3557 CW 2017-08-19 0923 LZ0FC         147 174       LZ0DY         171 171      
QSO:  3522 CW 2017-08-19 0924 LZ0FC         148 171       LZ0AW         176 153      
QSO:  3557 CW 2017-08-19 0928 LZ0FC         149 176       LZ0AY         158 096      
QSO:  3557 CW 2017-08-19 0929 LZ0FC         150 158       LZ0DN         164 156      
QSO:  3557 CW 2017-08-19 0929 LZ0FC         151 164       LZ0AD         103 159      
QSO:  3557 CW 2017-08-19 0929 LZ0FC         152 103       LZ0AF         166 177      
QSO:  3557 CW 2017-08-19 0930 LZ0FC         153 166       LZ0DV         171 163      
QSO:  3557 CW 2017-08-19 0931 LZ0FC         154 171       LZ0FA         161 172      
QSO:  3557 CW 2017-08-19 0932 LZ0FC         155 161       LZ0DG         181 186      
QSO:  3557 CW 2017-08-19 0932 LZ0FC         156 181       LZ0DC         198 134      
QSO:  3557 CW 2017-08-19 0933 LZ0FC         157 198       LZ0AN         187 175      
QSO:  3557 CW 2017-08-19 0933 LZ0FC         158 187       LZ0AL         158 156      
QSO:  3557 CW 2017-08-19 0934 LZ0FC         159 158       LZ0DX         088 186      
QSO:  3557 CW 2017-08-19 0936 LZ0FC         160 088       LZ0DZ         192 160      
QSO:  3557 CW 2017-08-19 0937 LZ0FC         161 192       LZ0AX         168 172      
QSO:  3557 CW 2017-08-19 0938 LZ0FC         162 168       LZ0AT         202 191      
QSO:  3557 CW 2017-08-19 0938 LZ0FC         163 202       LZ0AK         173 167      
QSO:  3550 CW 2017-08-19 0939 LZ0FC         164 173       LZ0AU         093 193      
QSO:  3557 CW 2017-08-19 0940 LZ0FC         165 093       LZ0DW         193 163      
QSO:  3535 CW 2017-08-19 0942 LZ0FC         166 193       LZ0DD         144 191      
QSO:  3532 CW 2017-08-19 0944 LZ0FC         167 144       LZ0AA         174 179      
QSO:  3537 CW 2017-08-19 0946 LZ0FC         168 174       LZ0AP         170 181      
QSO:  3557 CW 2017-08-19 0947 LZ0FC         169 170       LZ0DA         199 182      
QSO:  3550 CW 2017-08-19 0948 LZ0FC         170 199       LZ0DT         173 199      
QSO:  3557 CW 2017-08-19 0949 LZ0FC         171 173       LZ0DJ         200 172      
QSO:  3557 CW 2017-08-19 0949 LZ0FC         172 200       LZ0DP         180 183      
QSO:  3557 CW 2017-08-19 0949 LZ0FC         173 180       LZ0AV         189 188      
QSO:  3557 CW 2017-08-19 0950 LZ0FC         174 189       LZ0FJ         212 182      
QSO:  3557 CW 2017-08-19 0951 LZ0FC         175 212       LZ0FY         189 179      
QSO:  3557 CW 2017-08-19 0951 LZ0FC         176 189       LZ0AR         182 211      
QSO:  3557 CW 2017-08-19 0952 LZ0FC         177 182       LZ0FG         203 178      
QSO:  3557 CW 2017-08-19 0952 LZ0FC         178 203       LZ0AG         198 179      
QSO:  3557 CW 2017-08-19 0954 LZ0FC         179 198       LZ0AM         215 183      
QSO:  3557 CW 2017-08-19 0954 LZ0FC         180 215       LZ0DF         183 183      
QSO:  3557 CW 2017-08-19 0955 LZ0FC         181 183       LZ0DL         195 190      
QSO:  3557 CW 2017-08-19 0956 LZ0FC         182 195       LZ0AJ         214 087      
QSO:  3557 CW 2017-08-19 0956 LZ0FC         183 214       LZ0DK         125 185      
QSO:  3557 CW 2017-08-19 0957 LZ0FC         184 125       LZ0DR         177 204      
QSO:  3557 CW 2017-08-19 0958 LZ0FC         185 177       LZ0DU         113 206      
QSO:  3557 CW 2017-08-19 0958 LZ0FC         186 113       LZ0AY         195 146      
QSO:  3540 CW 2017-08-19 1002 LZ0FC         187 195       LZ0DM         206 217      
QSO:  3557 CW 2017-08-19 1002 LZ0FC         188 206       LZ0DY         221 204      
QSO:  3557 CW 2017-08-19 1003 LZ0FC         189 221       LZ0AL         189 187      
QSO:  3557 CW 2017-08-19 1003 LZ0FC         190 189       LZ0DC         236 223      
QSO:  3557 CW 2017-08-19 1004 LZ0FC         191 236       LZ0DG         213 209      
QSO:  3557 CW 2017-08-19 1004 LZ0FC         192 213       LZ0DV         214 227      
QSO:  3557 CW 2017-08-19 1005 LZ0FC         193 214       LZ0AN         229 220      
QSO:  3557 CW 2017-08-19 1006 LZ0FC         194 229       LZ0AF         207 204      
QSO:  3557 CW 2017-08-19 1006 LZ0FC         195 207       LZ0FF         214 211      
QSO:  3557 CW 2017-08-19 1007 LZ0FC         196 214       LZ0FA         201 233      
QSO:  3524 CW 2017-08-19 1009 LZ0FC         197 201       LZ0AC         135 208      
QSO:  3557 CW 2017-08-19 1010 LZ0FC         198 135       LZ0AK         209 237      
QSO:  3557 CW 2017-08-19 1010 LZ0FC         199 209       LZ0DZ         236 202      
QSO:  3557 CW 2017-08-19 1011 LZ0FC         200 236       LZ0DW         226 197      
QSO:  3557 CW 2017-08-19 1011 LZ0FC         201 226       LZ0AT         242 199      
QSO:  3557 CW 2017-08-19 1012 LZ0FC         202 242       LZ0DN         213 224      
QSO:  3522 CW 2017-08-19 1013 LZ0FC         203 213       LZ0AW         229 230      
QSO:  3557 CW 2017-08-19 1014 LZ0FC         204 229       LZ0DD         177 215      
QSO:  3562 CW 2017-08-19 1016 LZ0FC         205 177       LZ0FK         006 226      
QSO:  3557 CW 2017-08-19 1017 LZ0FC         206 006       LZ0DX         133 211      
QSO:  3557 CW 2017-08-19 1017 LZ0FC         207 133       LZ0DA         238 218      
QSO:  3557 CW 2017-08-19 1019 LZ0FC         208 238       LZ0DP         214 226      
QSO:  3557 CW 2017-08-19 1020 LZ0FC         209 214       LZ0DJ         240 246      
QSO:  3557 CW 2017-08-19 1021 LZ0FC         210 240       LZ0AV         223 251      
QSO:  3537 CW 2017-08-19 1022 LZ0FC         211 223       LZ0AP         215 225      
QSO:  3557 CW 2017-08-19 1023 LZ0FC         212 215       LZ0FY         227 264      
QSO:  3557 CW 2017-08-19 1023 LZ0FC         213 227       LZ0FG         236 173      
QSO:  3557 CW 2017-08-19 1024 LZ0FC         214 236       LZ0AG         242 257      
QSO:  3557 CW 2017-08-19 1024 LZ0FC         215 242       LZ0AM         250 216      
QSO:  3557 CW 2017-08-19 1024 LZ0FC         216 250       LZ0FJ         251 234      
QSO:  3535 CW 2017-08-19 1025 LZ0FC         217 251       LZ0AD         149 222      
QSO:  3557 CW 2017-08-19 1026 LZ0FC         218 149       LZ0AA         217 219      
QSO:  3557 CW 2017-08-19 1027 LZ0FC         219 217       LZ0AJ         257 224      
QSO:  3557 CW 2017-08-19 1027 LZ0FC         220 257       LZ0DL         228 246      
QSO:  3557 CW 2017-08-19 1029 LZ0FC         221 228       LZ0AX         214 228      
QSO:  3557 CW 2017-08-19 1031 LZ0FC         222 214       LZ0AY         227 215      
QSO:  3557 CW 2017-08-19 1031 LZ0FC         223 227       LZ0DF         219 250      
QSO:  3557 CW 2017-08-19 1032 LZ0FC         224 219       LZ0DU         144 248      
QSO:  3557 CW 2017-08-19 1033 LZ0FC         225 144       LZ0DR         205 234      
QSO:  3557 CW 2017-08-19 1033 LZ0FC         226 205       LZ0FX         183 024      
QSO:  3557 CW 2017-08-19 1034 LZ0FC         227 183       LZ0DC         277 252      
QSO:  3557 CW 2017-08-19 1034 LZ0FC         228 277       LZ0DG         256 244      
QSO:  3557 CW 2017-08-19 1036 LZ0FC         229 256       LZ0DV         255 209      
QSO:  3557 CW 2017-08-19 1037 LZ0FC         230 255       LZ0AN         271 254      
QSO:  3557 CW 2017-08-19 1038 LZ0FC         231 271       LZ0DK         159 280      
QSO:  3557 CW 2017-08-19 1039 LZ0FC         232 159       LZ0AF         247 235      
QSO:  3557 CW 2017-08-19 1040 LZ0FC         233 247       LZ0AL         219 237      
QSO:  3557 CW 2017-08-19 1040 LZ0FC         234 219       LZ0DY         269 248      
QSO:  3557 CW 2017-08-19 1041 LZ0FC         235 269       LZ0AK         245 261      
QSO:  3557 CW 2017-08-19 1041 LZ0FC         236 245       LZ0DW         263 232      
QSO:  3557 CW 2017-08-19 1041 LZ0FC         237 263       LZ0AT         278 273      
QSO:  3514 CW 2017-08-19 1043 LZ0FC         238 278       LZ0AR         248 236      
QSO:  3557 CW 2017-08-19 1043 LZ0FC         239 248       LZ0DN         249 270      
QSO:  3517 CW 2017-08-19 1045 LZ0FC         240 249       LZ0DZ         278 248      
QSO:  3522 CW 2017-08-19 1046 LZ0FC         241 278       LZ0AW         270 257      
QSO:  3557 CW 2017-08-19 1047 LZ0FC         242 270       LZ0DX         163 241      
QSO:  3557 CW 2017-08-19 1047 LZ0FC         243 163       LZ0DA         276 250      
QSO:  3525 CW 2017-08-19 1049 LZ0FC         244 276       LZ0FA         248 198      
QSO:  3557 CW 2017-08-19 1050 LZ0FC         245 248       LZ0DP         255 262      
QSO:  3557 CW 2017-08-19 1050 LZ0FC         246 255       LZ0FF         266 276      
QSO:  3557 CW 2017-08-19 1051 LZ0FC         247 266       LZ0DD         213 241      
QSO:  3557 CW 2017-08-19 1052 LZ0FC         248 213       LZ0AV         261 288      
QSO:  3557 CW 2017-08-19 1053 LZ0FC         249 261       LZ0DJ         281 248      
QSO:  3557 CW 2017-08-19 1053 LZ0FC         250 281       LZ0FK         041 136      
QSO:  3557 CW 2017-08-19 1053 LZ0FC         251 041       LZ0FG         275 251      
QSO:  3557 CW 2017-08-19 1054 LZ0FC         252 275       LZ0AG         281 295      
QSO:  3557 CW 2017-08-19 1054 LZ0FC         253 281       LZ0FJ         294 250      
QSO:  3557 CW 2017-08-19 1055 LZ0FC         254 294       LZ0FY         264 301      
QSO:  3557 CW 2017-08-19 1055 LZ0FC         255 264       LZ0AM         290 282      
QSO:  3557 CW 2017-08-19 1058 LZ0FC         256 290       LZ0AJ         297 273      
QSO:  3557 CW 2017-08-19 1058 LZ0FC         257 297       LZ0DL         267 280      
QSO:  3557 CW 2017-08-19 1059 LZ0FC         258 267       LZ0AX         244 205      
QSO:  3557 CW 2017-08-19 1059 LZ0FC         259 244       LZ0AA         258 266      
END-OF-LOG:
