START-OF-LOG: 3.0
CREATED-BY: DXLog.net v2.3.14
CONTEST: LZ-HF-FIELD
CALLSIGN: LZ0FF
CATEGORY-OPERATOR: SINGLE-OP
CATEGORY-TRANSMITTER: ONE
CATEGORY-ASSISTED: NON-ASSISTED
CATEGORY-POWER: LOW
CATEGORY-BAND: 80M
CATEGORY-MODE: CW
CLAIMED-SCORE: 556
CLUB: Macedonia
NAME: Моме Димовски Z32ZM 
ADDRESS: 
ADDRESS: 
ADDRESS: 
OPERATORS: 
SOAPBOX: 
QSO:  3520 CW  2017-08-19 0700 LZ0FF         001 000 LZ0AT         001 000 
QSO:  3520 CW  2017-08-19 0701 LZ0FF         002 001 LZ0AN         004 003 
QSO:  3520 CW  2017-08-19 0701 LZ0FF         003 004 LZ0DA         003 002 
QSO:  3520 CW  2017-08-19 0702 LZ0FF         004 003 LZ0DL         005 003 
QSO:  3520 CW  2017-08-19 0702 LZ0FF         005 005 LZ0DT         003 002 
QSO:  3520 CW  2017-08-19 0702 LZ0FF         006 003 LZ0AM         005 002 
QSO:  3520 CW  2017-08-19 0702 LZ0FF         007 005 LZ0AD         001 000 
QSO:  3520 CW  2017-08-19 0703 LZ0FF         008 001 LZ0AV         003 004 
QSO:  3520 CW  2017-08-19 0703 LZ0FF         009 003 LZ0DP         004 005 
QSO:  3520 CW  2017-08-19 0703 LZ0FF         010 004 LZ0AL         004 007 
QSO:  3520 CW  2017-08-19 0704 LZ0FF         011 004 LZ0DF         004 009 
QSO:  3520 CW  2017-08-19 0704 LZ0FF         012 004 LZ0DY         010 005 
QSO:  3520 CW  2017-08-19 0705 LZ0FF         013 010 LZ0AG         005 009 
QSO:  3520 CW  2017-08-19 0705 LZ0FF         014 005 LZ0DN         004 011 
QSO:  3520 CW  2017-08-19 0706 LZ0FF         015 004 LZ0DK         006 006 
QSO:  3520 CW  2017-08-19 0706 LZ0FF         016 006 LZ0DX         005 012 
QSO:  3520 CW  2017-08-19 0707 LZ0FF         017 005 LZ0DJ         011 014 
QSO:  3520 CW  2017-08-19 0709 LZ0FF         018 011 LZ0AK         012 008 
QSO:  3520 CW  2017-08-19 0709 LZ0FF         019 012 LZ0DR         009 016 
QSO:  3520 CW  2017-08-19 0710 LZ0FF         020 009 LZ0DW         014 015 
QSO:  3520 CW  2017-08-19 0710 LZ0FF         021 014 LZ0AA         016 014 
QSO:  3520 CW  2017-08-19 0711 LZ0FF         022 016 LZ0DZ         019 015 
QSO:  3520 CW  2017-08-19 0711 LZ0FF         023 019 LZ0FG         016 015 
QSO:  3520 CW  2017-08-19 0713 LZ0FF         024 016 LZ0DC         025 013 
QSO:  3520 CW  2017-08-19 0716 LZ0FF         025 025 LZ0DD         005 009 
QSO:  3545 CW  2017-08-19 0717 LZ0FF         026 005 LZ0AX         020 024 
QSO:  3554 CW  2017-08-19 0718 LZ0FF         027 020 LZ0AU         019 019 
QSO:  3557 CW  2017-08-19 0719 LZ0FF         028 019 LZ0FC         019 027 
QSO:  3559 CW  2017-08-19 0720 LZ0FF         029 019 LZ0AY         026 029 
QSO:  3511 CW  2017-08-19 0721 LZ0FF         030 026 LZ0DG         034 034 
QSO:  3521 CW  2017-08-19 0723 LZ0FF         031 034 LZ0FX         016 035 
QSO:  3521 CW  2017-08-19 0724 LZ0FF         032 016 LZ0AD         032 036 
QSO:  3521 CW  2017-08-19 0725 LZ0FF         033 032 LZ0DV         032 019 
QSO:  3520 CW  2017-08-19 0730 LZ0FF         034 032 LZ0AT         039 033 
QSO:  3520 CW  2017-08-19 0731 LZ0FF         035 039 LZ0AN         041 035 
QSO:  3520 CW  2017-08-19 0733 LZ0FF         036 041 LZ0FA         030 041 
QSO:  3520 CW  2017-08-19 0733 LZ0FF         037 030 LZ0AV         034 039 
QSO:  3520 CW  2017-08-19 0733 LZ0FF         038 034 LZ0AM         041 044 
QSO:  3520 CW  2017-08-19 0734 LZ0FF         039 041 LZ0DT         038 038 
QSO:  3520 CW  2017-08-19 0735 LZ0FF         040 038 LZ0DF         036 048 
QSO:  3520 CW  2017-08-19 0736 LZ0FF         041 036 LZ0DP         032 040 
QSO:  3520 CW  2017-08-19 0736 LZ0FF         042 032 LZ0AG         039 044 
QSO:  3520 CW  2017-08-19 0737 LZ0FF         043 039 LZ0DA         041 040 
QSO:  3520 CW  2017-08-19 0737 LZ0FF         044 041 LZ0DY         047 054 
QSO:  3520 CW  2017-08-19 0738 LZ0FF         045 047 LZ0DX         022 047 
QSO:  3520 CW  2017-08-19 0738 LZ0FF         046 022 LZ0DJ         043 048 
QSO:  3520 CW  2017-08-19 0738 LZ0FF         047 043 LZ0AL         038 045 
QSO:  3520 CW  2017-08-19 0739 LZ0FF         048 038 LZ0FD         041 043 
QSO:  3520 CW  2017-08-19 0739 LZ0FF         049 041 LZ0DL         054 049 
QSO:  3520 CW  2017-08-19 0740 LZ0FF         050 054 LZ0DN         041 047 
QSO:  3520 CW  2017-08-19 0740 LZ0FF         051 041 LZ0DR         039 058 
QSO:  3520 CW  2017-08-19 0741 LZ0FF         052 039 LZ0DK         029 052 
QSO:  3520 CW  2017-08-19 0741 LZ0FF         053 029 LZ0DZ         054 042 
QSO:  3520 CW  2017-08-19 0742 LZ0FF         054 054 LZ0AK         040 043 
QSO:  3520 CW  2017-08-19 0744 LZ0FF         055 040 LZ0FJ         054 034 
QSO:  3520 CW  2017-08-19 0745 LZ0FF         056 054 LZ0AA         044 046 
QSO:  3520 CW  2017-08-19 0746 LZ0FF         057 044 LZ0DD         036 048 
QSO:  3520 CW  2017-08-19 0747 LZ0FF         058 036 LZ0AF         050 051 
QSO:  3520 CW  2017-08-19 0748 LZ0FF         059 050 LZ0AR         045 046 
QSO:  3520 CW  2017-08-19 0754 LZ0FF         060 045 LZ0AP         063 056 
QSO:  3520 CW  2017-08-19 0755 LZ0FF         061 063 LZ0AD         060 055 
QSO:  3520 CW  2017-08-19 0756 LZ0FF         062 060 LZ0DM         062 067 
QSO:  3520 CW  2017-08-19 0757 LZ0FF         063 062 LZ0AX         062 062 
QSO:  3520 CW  2017-08-19 0758 LZ0FF         064 062 LZ0AY         063 061 
QSO:  3512 CW  2017-08-19 0800 LZ0FF         065 063 LZ0AT         079 045 
QSO:  3512 CW  2017-08-19 0801 LZ0FF         066 079 LZ0FY         065 061 
QSO:  3512 CW  2017-08-19 0802 LZ0FF         067 065 LZ0AN         073 064 
QSO:  3512 CW  2017-08-19 0803 LZ0FF         068 073 LZ0AV         068 069 
QSO:  3512 CW  2017-08-19 0803 LZ0FF         069 068 LZ0FG         073 068 
QSO:  3512 CW  2017-08-19 0804 LZ0FF         070 073 LZ0DW         077 069 
QSO:  3512 CW  2017-08-19 0804 LZ0FF         071 077 LZ0AM         077 082 
QSO:  3512 CW  2017-08-19 0805 LZ0FF         072 077 LZ0DC         088 068 
QSO:  3512 CW  2017-08-19 0805 LZ0FF         073 088 LZ0FX         045 070 
QSO:  3511 CW  2017-08-19 0806 LZ0FF         074 045 LZ0AG         075 077 
QSO:  3511 CW  2017-08-19 0807 LZ0FF         075 075 LZ0DP         068 090 
QSO:  3511 CW  2017-08-19 0807 LZ0FF         076 068 LZ0DA         076 076 
QSO:  3511 CW  2017-08-19 0808 LZ0FF         077 076 LZ0DF         074 078 
QSO:  3511 CW  2017-08-19 0808 LZ0FF         078 074 LZ0DJ         080 077 
QSO:  3511 CW  2017-08-19 0810 LZ0FF         079 080 LZ0DL         088 091 
QSO:  3511 CW  2017-08-19 0810 LZ0FF         080 088 LZ0DX         043 085 
QSO:  3511 CW  2017-08-19 0811 LZ0FF         081 043 LZ0DY         087 071 
QSO:  3511 CW  2017-08-19 0811 LZ0FF         082 087 LZ0DN         074 068 
QSO:  3511 CW  2017-08-19 0812 LZ0FF         083 074 LZ0AC         076 074 
QSO:  3511 CW  2017-08-19 0812 LZ0FF         084 076 LZ0AL         077 090 
QSO:  3511 CW  2017-08-19 0813 LZ0FF         085 077 LZ0AK         076 094 
QSO:  3511 CW  2017-08-19 0814 LZ0FF         086 076 LZ0FC         067 089 
QSO:  3511 CW  2017-08-19 0814 LZ0FF         087 067 LZ0DZ         092 091 
QSO:  3511 CW  2017-08-19 0815 LZ0FF         088 092 LZ0DK         051 085 
QSO:  3511 CW  2017-08-19 0815 LZ0FF         089 051 LZ0DR         075 096 
QSO:  3511 CW  2017-08-19 0815 LZ0FF         090 075 LZ0FZ         025 081 
QSO:  3511 CW  2017-08-19 0816 LZ0FF         091 025 LZ0FD         086 080 
QSO:  3511 CW  2017-08-19 0817 LZ0FF         092 086 LZ0FJ         094 081 
QSO:  3515 CW  2017-08-19 0818 LZ0FF         093 094 LZ0AF         086 086 
QSO:  3520 CW  2017-08-19 0820 LZ0FF         094 086 LZ0AW         098 096 
QSO:  3531 CW  2017-08-19 0825 LZ0FF         095 098 LZ0AA         081 098 
QSO:  3536 CW  2017-08-19 0826 LZ0FF         096 081 LZ0AP         010 089 
QSO:  3540 CW  2017-08-19 0827 LZ0FF         097 010 LZ0DM         096 090 
QSO:  3559 CW  2017-08-19 0830 LZ0FF         098 096 LZ0AY         095 085 
QSO:  3559 CW  2017-08-19 0830 LZ0FF         099 095 LZ0AU         049 098 
QSO:  3520 CW  2017-08-19 0831 LZ0FF         100 049 LZ0DD         077 101 
QSO:  3520 CW  2017-08-19 0831 LZ0FF         101 077 LZ0AT         115 098 
QSO:  3520 CW  2017-08-19 0832 LZ0FF         102 115 LZ0FA         097 095 
QSO:  3520 CW  2017-08-19 0832 LZ0FF         103 097 LZ0AN         112 101 
QSO:  3520 CW  2017-08-19 0833 LZ0FF         104 112 LZ0AV         101 108 
QSO:  3520 CW  2017-08-19 0833 LZ0FF         105 101 LZ0FG         109 104 
QSO:  3520 CW  2017-08-19 0835 LZ0FF         106 109 LZ0DW         115 105 
QSO:  3520 CW  2017-08-19 0835 LZ0FF         107 115 LZ0DT         099 112 
QSO:  3520 CW  2017-08-19 0836 LZ0FF         108 099 LZ0AM         114 110 
QSO:  3520 CW  2017-08-19 0836 LZ0FF         109 114 LZ0FY         100 105 
QSO:  3509 CW  2017-08-19 0837 LZ0FF         110 100 LZ0AG         109 083 
QSO:  3516 CW  2017-08-19 0838 LZ0FF         111 109 LZ0DP         097 123 
QSO:  3516 CW  2017-08-19 0839 LZ0FF         112 097 LZ0DC         130 117 
QSO:  3516 CW  2017-08-19 0839 LZ0FF         113 130 LZ0DA         115 117 
QSO:  3516 CW  2017-08-19 0839 LZ0FF         114 115 LZ0DF         108 120 
QSO:  3516 CW  2017-08-19 0840 LZ0FF         115 108 LZ0DJ         116 121 
QSO:  3516 CW  2017-08-19 0840 LZ0FF         116 116 LZ0DL         121 117 
QSO:  3516 CW  2017-08-19 0841 LZ0FF         117 121 LZ0DU         038 120 
QSO:  3556 CW  2017-08-19 0842 LZ0FF         118 038 LZ0DX         050 123 
QSO:  3529 CW  2017-08-19 0843 LZ0FF         119 050 LZ0DN         110 126 
QSO:  3533 CW  2017-08-19 0845 LZ0FF         120 110 LZ0DZ         129 107 
QSO:  3533 CW  2017-08-19 0845 LZ0FF         121 129 LZ0AL         108 107 
QSO:  3533 CW  2017-08-19 0845 LZ0FF         122 108 LZ0DK         072 132 
QSO:  3533 CW  2017-08-19 0847 LZ0FF         123 072 LZ0DR         109 130 
QSO:  3533 CW  2017-08-19 0847 LZ0FF         124 109 LZ0FJ         132 123 
QSO:  3533 CW  2017-08-19 0848 LZ0FF         125 132 LZ0DY         131 116 
QSO:  3533 CW  2017-08-19 0848 LZ0FF         126 131 LZ0AF         120 143 
QSO:  3533 CW  2017-08-19 0848 LZ0FF         127 120 LZ0AK         112 065 
QSO:  3520 CW  2017-08-19 0851 LZ0FF         128 112 LZ0DV         123 122 
QSO:  3559 CW  2017-08-19 0853 LZ0FF         129 123 LZ0AX         120 123 
QSO:  3550 CW  2017-08-19 0856 LZ0FF         130 120 LZ0FC         114 085 
QSO:  3550 CW  2017-08-19 0856 LZ0FF         131 114 LZ0AJ         141 134 
QSO:  3550 CW  2017-08-19 0857 LZ0FF         132 141 LZ0FZ         050 152 
QSO:  3550 CW  2017-08-19 0858 LZ0FF         133 050 LZ0FX         087 138 
QSO:  3550 CW  2017-08-19 0858 LZ0FF         134 087 LZ0DG         142 136 
QSO:  3559 CW  2017-08-19 0900 LZ0FF         135 142 LZ0AY         127 143 
QSO:  3557 CW  2017-08-19 0901 LZ0FF         136 127 LZ0AT         151 147 
QSO:  3509 CW  2017-08-19 0903 LZ0FF         137 151 LZ0AN         150 124 
QSO:  3545 CW  2017-08-19 0904 LZ0FF         138 150 LZ0AV         133 101 
QSO:  3545 CW  2017-08-19 0904 LZ0FF         139 133 LZ0FD         139 161 
QSO:  3545 CW  2017-08-19 0906 LZ0FF         140 139 LZ0DW         153 129 
QSO:  3545 CW  2017-08-19 0906 LZ0FF         141 153 LZ0DT         129 135 
QSO:  3545 CW  2017-08-19 0906 LZ0FF         142 129 LZ0FA         132 159 
QSO:  3545 CW  2017-08-19 0907 LZ0FF         143 132 LZ0AM         154 065 
QSO:  3545 CW  2017-08-19 0907 LZ0FF         144 154 LZ0FG         145 129 
QSO:  3545 CW  2017-08-19 0908 LZ0FF         145 145 LZ0DD         111 108 
QSO:  3540 CW  2017-08-19 0909 LZ0FF         146 111 LZ0DA         150 070 
QSO:  3540 CW  2017-08-19 0909 LZ0FF         147 150 LZ0DC         167 142 
QSO:  3540 CW  2017-08-19 0910 LZ0FF         148 167 LZ0FY         140 130 
QSO:  3540 CW  2017-08-19 0910 LZ0FF         149 140 LZ0DP         132 112 
QSO:  3540 CW  2017-08-19 0910 LZ0FF         150 132 LZ0AG         148 159 
QSO:  3520 CW  2017-08-19 0911 LZ0FF         151 148 LZ0DM         145 132 
QSO:  3520 CW  2017-08-19 0912 LZ0FF         152 145 LZ0AP         133 143 
QSO:  3536 CW  2017-08-19 0912 LZ0FF         153 133 LZ0DJ         156 158 
QSO:  3536 CW  2017-08-19 0912 LZ0FF         154 156 LZ0DL         160 146 
QSO:  3532 CW  2017-08-19 0914 LZ0FF         155 160 LZ0AA         142 152 
QSO:  3531 CW  2017-08-19 0914 LZ0FF         156 142 LZ0DX         075 166 
QSO:  3531 CW  2017-08-19 0915 LZ0FF         157 075 LZ0DZ         167 074 
QSO:  3520 CW  2017-08-19 0916 LZ0FF         158 167 LZ0DU         071 164 
QSO:  3520 CW  2017-08-19 0917 LZ0FF         159 071 LZ0AC         114 096 
QSO:  3523 CW  2017-08-19 0917 LZ0FF         160 114 LZ0AL         142 154 
QSO:  3523 CW  2017-08-19 0918 LZ0FF         161 142 LZ0FJ         171 157 
QSO:  3523 CW  2017-08-19 0918 LZ0FF         162 171 LZ0DN         150 173 
QSO:  3523 CW  2017-08-19 0919 LZ0FF         163 150 LZ0DY         163 061 
QSO:  3523 CW  2017-08-19 0919 LZ0FF         164 163 LZ0AF         158 169 
QSO:  3523 CW  2017-08-19 0920 LZ0FF         165 158 LZ0DR         144 168 
QSO:  3523 CW  2017-08-19 0920 LZ0FF         166 144 LZ0AR         146 062 
QSO:  3523 CW  2017-08-19 0920 LZ0FF         167 146 LZ0AK         149 167 
QSO:  3523 CW  2017-08-19 0921 LZ0FF         168 149 LZ0DF         146 157 
QSO:  3523 CW  2017-08-19 0921 LZ0FF         169 146 LZ0DV         160 063 
QSO:  3519 CW  2017-08-19 0923 LZ0FF         170 160 LZ0AX         155 172 
QSO:  3510 CW  2017-08-19 0928 LZ0FF         171 155 LZ0FZ         068 191 
QSO:  3520 CW  2017-08-19 0929 LZ0FF         172 068 LZ0DG         179 177 
QSO:  3512 CW  2017-08-19 0929 LZ0FF         173 179 LZ0AJ         181 155 
QSO:  3520 CW  2017-08-19 0931 LZ0FF         174 181 LZ0AW         181 183 
QSO:  3552 CW  2017-08-19 0933 LZ0FF         175 181 LZ0AT         192 071 
QSO:  3552 CW  2017-08-19 0934 LZ0FF         176 192 LZ0AV         167 165 
QSO:  3552 CW  2017-08-19 0934 LZ0FF         177 167 LZ0AY         164 193 
QSO:  3552 CW  2017-08-19 0935 LZ0FF         178 164 LZ0DK         107 142 
QSO:  3552 CW  2017-08-19 0935 LZ0FF         179 107 LZ0FD         175 185 
QSO:  3552 CW  2017-08-19 0936 LZ0FF         180 175 LZ0DW         187 074 
QSO:  3552 CW  2017-08-19 0936 LZ0FF         181 187 LZ0AN         191 181 
QSO:  3552 CW  2017-08-19 0937 LZ0FF         182 191 LZ0FG         181 177 
QSO:  3552 CW  2017-08-19 0937 LZ0FF         183 181 LZ0AM         192 190 
QSO:  3552 CW  2017-08-19 0938 LZ0FF         184 192 LZ0FA         168 165 
QSO:  3552 CW  2017-08-19 0939 LZ0FF         185 168 LZ0DA         187 096 
QSO:  3540 CW  2017-08-19 0941 LZ0FF         186 187 LZ0FY         177 173 
QSO:  3540 CW  2017-08-19 0941 LZ0FF         187 177 LZ0DC         208 192 
QSO:  3540 CW  2017-08-19 0942 LZ0FF         188 208 LZ0AG         184 098 
QSO:  3540 CW  2017-08-19 0943 LZ0FF         189 184 LZ0DP         169 194 
QSO:  3540 CW  2017-08-19 0943 LZ0FF         190 169 LZ0DJ         192 175 
QSO:  3540 CW  2017-08-19 0944 LZ0FF         191 192 LZ0DM         179 196 
QSO:  3540 CW  2017-08-19 0945 LZ0FF         192 179 LZ0DD         147 201 
QSO:  3540 CW  2017-08-19 0946 LZ0FF         193 147 LZ0FX         135 198 
QSO:  3536 CW  2017-08-19 0946 LZ0FF         194 135 LZ0AA         180 181 
QSO:  3536 CW  2017-08-19 0947 LZ0FF         195 180 LZ0AL         172 204 
QSO:  3536 CW  2017-08-19 0948 LZ0FF         196 172 LZ0DL         187 191 
QSO:  3536 CW  2017-08-19 0948 LZ0FF         197 187 LZ0AD         111 210 
QSO:  3536 CW  2017-08-19 0949 LZ0FF         198 111 LZ0DN         185 202 
QSO:  3536 CW  2017-08-19 0950 LZ0FF         199 185 LZ0AF         191 099 
QSO:  3536 CW  2017-08-19 0950 LZ0FF         200 191 LZ0DR         170 179 
QSO:  3536 CW  2017-08-19 0950 LZ0FF         201 170 LZ0AK         186 211 
QSO:  3536 CW  2017-08-19 0952 LZ0FF         202 186 LZ0DV         199 083 
QSO:  3536 CW  2017-08-19 0952 LZ0FF         203 199 LZ0FJ         214 120 
QSO:  3536 CW  2017-08-19 0953 LZ0FF         204 214 LZ0DZ         216 153 
QSO:  3520 CW  2017-08-19 0954 LZ0FF         205 216 LZ0AP         183 186 
QSO:  3550 CW  2017-08-19 0957 LZ0FF         206 183 LZ0DU         112 195 
QSO:  3559 CW  2017-08-19 0959 LZ0FF         207 112 LZ0AJ         219 102 
QSO:  3559 CW  2017-08-19 1001 LZ0FF         208 219 LZ0DX         112 190 
QSO:  3559 CW  2017-08-19 1002 LZ0FF         209 112 LZ0AX         191 213 
QSO:  3559 CW  2017-08-19 1004 LZ0FF         210 191 LZ0AT         230 117 
QSO:  3559 CW  2017-08-19 1004 LZ0FF         211 230 LZ0AY         197 200 
QSO:  3559 CW  2017-08-19 1005 LZ0FF         212 197 LZ0AV         203 197 
QSO:  3559 CW  2017-08-19 1005 LZ0FF         213 203 LZ0FD         211 221 
QSO:  3557 CW  2017-08-19 1006 LZ0FF         214 211 LZ0FC         195 207 
QSO:  3557 CW  2017-08-19 1007 LZ0FF         215 195 LZ0DY         227 130 
QSO:  3557 CW  2017-08-19 1007 LZ0FF         216 227 LZ0AN         233 223 
QSO:  3557 CW  2017-08-19 1008 LZ0FF         217 233 LZ0AM         233 229 
QSO:  3520 CW  2017-08-19 1009 LZ0FF         218 233 LZ0DT         195 157 
QSO:  3529 CW  2017-08-19 1011 LZ0FF         219 195 LZ0DA         231 235 
QSO:  3520 CW  2017-08-19 1012 LZ0FF         220 231 LZ0AW         227 201 
QSO:  3517 CW  2017-08-19 1013 LZ0FF         221 227 LZ0AG         225 236 
QSO:  3517 CW  2017-08-19 1013 LZ0FF         222 225 LZ0DP         203 229 
QSO:  3517 CW  2017-08-19 1014 LZ0FF         223 203 LZ0DJ         230 192 
QSO:  3517 CW  2017-08-19 1014 LZ0FF         224 230 LZ0DF         206 196 
QSO:  3517 CW  2017-08-19 1015 LZ0FF         225 206 LZ0FY         216 215 
QSO:  3517 CW  2017-08-19 1015 LZ0FF         226 216 LZ0AC         139 241 
QSO:  3520 CW  2017-08-19 1017 LZ0FF         227 139 LZ0DK         138 233 
QSO:  3549 CW  2017-08-19 1020 LZ0FF         228 138 LZ0AU         117 140 
QSO:  3520 CW  2017-08-19 1020 LZ0FF         229 117 LZ0DC         260 170 
QSO:  3534 CW  2017-08-19 1021 LZ0FF         230 260 LZ0AR         214 251 
QSO:  3520 CW  2017-08-19 1022 LZ0FF         231 214 LZ0AA         209 233 
QSO:  3532 CW  2017-08-19 1023 LZ0FF         232 209 LZ0DV         239 251 
QSO:  3532 CW  2017-08-19 1023 LZ0FF         233 239 LZ0DN         224 215 
QSO:  3532 CW  2017-08-19 1023 LZ0FF         234 224 LZ0AF         228 136 
QSO:  3532 CW  2017-08-19 1024 LZ0FF         235 228 LZ0DZ         254 223 
QSO:  3532 CW  2017-08-19 1024 LZ0FF         236 254 LZ0AK         223 232 
QSO:  3530 CW  2017-08-19 1025 LZ0FF         237 223 LZ0DL         225 121 
QSO:  3530 CW  2017-08-19 1025 LZ0FF         238 225 LZ0AL         208 216 
QSO:  3530 CW  2017-08-19 1026 LZ0FF         239 208 LZ0FA         223 220 
QSO:  3530 CW  2017-08-19 1026 LZ0FF         240 223 LZ0FJ         254 236 
QSO:  3530 CW  2017-08-19 1026 LZ0FF         241 254 LZ0FK         017 244 
QSO:  3530 CW  2017-08-19 1027 LZ0FF         242 017 LZ0DR         198 255 
QSO:  3528 CW  2017-08-19 1027 LZ0FF         243 198 LZ0FX         177 247 
QSO:  3528 CW  2017-08-19 1028 LZ0FF         244 177 LZ0DW         249 224 
QSO:  3528 CW  2017-08-19 1028 LZ0FF         245 249 LZ0DD         188 230 
QSO:  3527 CW  2017-08-19 1029 LZ0FF         246 188 LZ0FG         246 232 
QSO:  3527 CW  2017-08-19 1029 LZ0FF         247 246 LZ0AJ         261 021 
QSO:  3519 CW  2017-08-19 1031 LZ0FF         248 261 LZ0DU         143 230 
QSO:  3520 CW  2017-08-19 1033 LZ0FF         249 143 LZ0DG         254 239 
QSO:  3559 CW  2017-08-19 1034 LZ0FF         250 254 LZ0AY         229 273 
QSO:  3557 CW  2017-08-19 1035 LZ0FF         251 229 LZ0AT         271 253 
QSO:  3554 CW  2017-08-19 1035 LZ0FF         252 271 LZ0AV         241 266 
QSO:  3551 CW  2017-08-19 1036 LZ0FF         253 241 LZ0DX         150 261 
QSO:  3548 CW  2017-08-19 1038 LZ0FF         254 150 LZ0FD         250 210 
QSO:  3548 CW  2017-08-19 1038 LZ0FF         255 250 LZ0DY         264 167 
QSO:  3548 CW  2017-08-19 1039 LZ0FF         256 264 LZ0AN         273 269 
QSO:  3545 CW  2017-08-19 1040 LZ0FF         257 273 LZ0DT         227 283 
QSO:  3545 CW  2017-08-19 1040 LZ0FF         258 227 LZ0AM         274 271 
QSO:  3541 CW  2017-08-19 1041 LZ0FF         259 274 LZ0DA         268 155 
QSO:  3520 CW  2017-08-19 1043 LZ0FF         260 268 LZ0DM         244 244 
QSO:  3540 CW  2017-08-19 1043 LZ0FF         261 244 LZ0AG         263 191 
QSO:  3529 CW  2017-08-19 1045 LZ0FF         262 263 LZ0DJ         270 279 
QSO:  3526 CW  2017-08-19 1046 LZ0FF         263 270 LZ0FY         253 195 
QSO:  3526 CW  2017-08-19 1047 LZ0FF         264 253 LZ0DP         249 285 
QSO:  3521 CW  2017-08-19 1049 LZ0FF         265 249 LZ0AW         276 255 
QSO:  3520 CW  2017-08-19 1051 LZ0FF         266 276 LZ0FC         246 255 
QSO:  3554 CW  2017-08-19 1051 LZ0FF         267 246 LZ0DC         298 166 
QSO:  3552 CW  2017-08-19 1052 LZ0FF         268 298 LZ0DF         247 245 
QSO:  3546 CW  2017-08-19 1053 LZ0FF         269 247 LZ0DV         278 291 
QSO:  3546 CW  2017-08-19 1053 LZ0FF         270 278 LZ0AF         268 286 
QSO:  3546 CW  2017-08-19 1054 LZ0FF         271 268 LZ0DN         258 288 
QSO:  3520 CW  2017-08-19 1055 LZ0FF         272 258 LZ0AK         264 039 
QSO:  3542 CW  2017-08-19 1056 LZ0FF         273 264 LZ0AL         241 288 
QSO:  3542 CW  2017-08-19 1056 LZ0FF         274 241 LZ0DL         262 249 
QSO:  3542 CW  2017-08-19 1057 LZ0FF         275 262 LZ0FJ         298 177 
QSO:  3539 CW  2017-08-19 1058 LZ0FF         276 298 LZ0DW         288 047 
QSO:  3539 CW  2017-08-19 1058 LZ0FF         277 288 LZ0DD         223 266 
QSO:  3539 CW  2017-08-19 1059 LZ0FF         278 223 LZ0FG         283 263 
QSO:  3539 CW  2017-08-19 1059 LZ0FF         279 283 LZ0AJ         299 183 
END-OF-LOG:
