START-OF-LOG: 3.0
CREATED-BY: DXLog.net v2.3.14
CONTEST: LZ-HF-FIELD
CALLSIGN: LZ0FZ
CATEGORY-OPERATOR: SINGLE-OP
CATEGORY-TRANSMITTER: ONE
CATEGORY-ASSISTED: NON-ASSISTED
CATEGORY-POWER: HIGH
CATEGORY-BAND: 80M
CATEGORY-MODE: CW
CLAIMED-SCORE: 172
CLUB: Slovenia
NAME: Adi Voh S55M
ADDRESS: 
ADDRESS: 
ADDRESS: 
OPERATORS: 
SOAPBOX: 
QSO:  3534 CW  2017-08-19 0726 LZ0FZ         001 000 LZ0AF         029 029 
QSO:  3534 CW  2017-08-19 0727 LZ0FZ         002 029 LZ0DC         039 016 
QSO:  3534 CW  2017-08-19 0727 LZ0FZ         003 039 LZ0AN         035 020 
QSO:  3534 CW  2017-08-19 0728 LZ0FZ         004 035 LZ0FY         030 030 
QSO:  3534 CW  2017-08-19 0728 LZ0FZ         005 030 LZ0AK         031 021 
QSO:  3534 CW  2017-08-19 0729 LZ0FZ         006 031 LZ0FG         035 031 
QSO:  3534 CW  2017-08-19 0729 LZ0FZ         007 035 LZ0DW         038 023 
QSO:  3534 CW  2017-08-19 0729 LZ0FZ         008 038 LZ0AD         036 030 
QSO:  3534 CW  2017-08-19 0730 LZ0FZ         009 036 LZ0DG         041 037 
QSO:  3534 CW  2017-08-19 0730 LZ0FZ         010 041 LZ0DD         025 026 
QSO:  3534 CW  2017-08-19 0733 LZ0FZ         011 025 LZ0AT         046 038 
QSO:  3534 CW  2017-08-19 0734 LZ0FZ         012 046 LZ0DL         046 046 
QSO:  3534 CW  2017-08-19 0734 LZ0FZ         013 046 LZ0DN         036 047 
QSO:  3512 CW  2017-08-19 0751 LZ0FZ         014 036 LZ0DF         058 055 
QSO:  3514 CW  2017-08-19 0752 LZ0FZ         015 058 LZ0AR         049 062 
QSO:  3516 CW  2017-08-19 0752 LZ0FZ         016 049 LZ0AM         064 067 
QSO:  3521 CW  2017-08-19 0801 LZ0FZ         017 064 LZ0AW         070 065 
QSO:  3529 CW  2017-08-19 0803 LZ0FZ         018 070 LZ0AL         068 071 
QSO:  3532 CW  2017-08-19 0805 LZ0FZ         019 068 LZ0AA         058 008 
QSO:  3533 CW  2017-08-19 0806 LZ0FZ         020 058 LZ0AJ         078 079 
QSO:  3536 CW  2017-08-19 0806 LZ0FZ         021 078 LZ0AP         071 089 
QSO:  3545 CW  2017-08-19 0808 LZ0FZ         022 071 LZ0FY         072 082 
QSO:  3580 CW  2017-08-19 0809 LZ0FZ         023 072 LZ0FG         078 071 
QSO:  3580 CW  2017-08-19 0811 LZ0FZ         024 078 LZ0DA         081 098 
QSO:  3520 CW  2017-08-19 0815 LZ0FZ         025 081 LZ0FF         090 075 
QSO:  3525 CW  2017-08-19 0817 LZ0FZ         026 090 LZ0FA         082 078 
QSO:  3514 CW  2017-08-19 0818 LZ0FZ         027 082 LZ0AR         078 096 
QSO:  3534 CW  2017-08-19 0822 LZ0FZ         028 078 LZ0AF         089 055 
QSO:  3534 CW  2017-08-19 0822 LZ0FZ         029 089 LZ0AK         087 103 
QSO:  3534 CW  2017-08-19 0823 LZ0FZ         030 087 LZ0AN         104 097 
QSO:  3534 CW  2017-08-19 0825 LZ0FZ         031 104 LZ0DC         116 092 
QSO:  3534 CW  2017-08-19 0826 LZ0FZ         032 116 LZ0AT         111 108 
QSO:  3534 CW  2017-08-19 0827 LZ0FZ         033 111 LZ0DW         103 107 
QSO:  3534 CW  2017-08-19 0828 LZ0FZ         034 103 LZ0FJ         109 113 
QSO:  3534 CW  2017-08-19 0829 LZ0FZ         035 109 LZ0AM         106 097 
QSO:  3534 CW  2017-08-19 0831 LZ0FZ         036 106 LZ0DN         096 098 
QSO:  3534 CW  2017-08-19 0832 LZ0FZ         037 096 LZ0DD         078 100 
QSO:  3534 CW  2017-08-19 0833 LZ0FZ         038 078 LZ0FC         090 010 
QSO:  3534 CW  2017-08-19 0833 LZ0FZ         039 090 LZ0AL         095 100 
QSO:  3565 CW  2017-08-19 0835 LZ0FZ         040 095 LZ0FX         071 053 
QSO:  3533 CW  2017-08-19 0848 LZ0FZ         041 071 LZ0AJ         132 115 
QSO:  3528 CW  2017-08-19 0849 LZ0FZ         042 132 LZ0FD         133 128 
QSO:  3522 CW  2017-08-19 0850 LZ0FZ         043 133 LZ0AW         135 107 
QSO:  3532 CW  2017-08-19 0850 LZ0FZ         044 135 LZ0AA         113 136 
QSO:  3512 CW  2017-08-19 0852 LZ0FZ         045 113 LZ0DF         117 136 
QSO:  3541 CW  2017-08-19 0853 LZ0FZ         046 117 LZ0AF         124 080 
QSO:  3540 CW  2017-08-19 0854 LZ0FZ         047 124 LZ0DM         125 117 
QSO:  3535 CW  2017-08-19 0855 LZ0FZ         048 125 LZ0DR         119 058 
QSO:  3534 CW  2017-08-19 0856 LZ0FZ         049 119 LZ0DC         152 121 
QSO:  3520 CW  2017-08-19 0857 LZ0FZ         050 152 LZ0FF         132 141 
QSO:  3510 CW  2017-08-19 0902 LZ0FZ         051 132 LZ0AT         153 135 
QSO:  3510 CW  2017-08-19 0903 LZ0FZ         052 153 LZ0DL         147 088 
QSO:  3510 CW  2017-08-19 0904 LZ0FZ         053 147 LZ0FG         140 128 
QSO:  3510 CW  2017-08-19 0905 LZ0FZ         054 140 LZ0DW         151 140 
QSO:  3510 CW  2017-08-19 0906 LZ0FZ         055 151 LZ0DU         065 065 
QSO:  3510 CW  2017-08-19 0907 LZ0FZ         056 065 LZ0AG         143 105 
QSO:  3510 CW  2017-08-19 0907 LZ0FZ         057 143 LZ0FX         099 128 
QSO:  3510 CW  2017-08-19 0908 LZ0FZ         058 099 LZ0FJ         154 133 
QSO:  3510 CW  2017-08-19 0909 LZ0FZ         059 154 LZ0AL         130 146 
QSO:  3510 CW  2017-08-19 0913 LZ0FZ         060 130 LZ0AK         142 135 
QSO:  3510 CW  2017-08-19 0917 LZ0FZ         061 142 LZ0DY         162 157 
QSO:  3510 CW  2017-08-19 0919 LZ0FZ         062 162 LZ0AR         145 135 
QSO:  3510 CW  2017-08-19 0919 LZ0FZ         063 145 LZ0DV         159 154 
QSO:  3510 CW  2017-08-19 0922 LZ0FZ         064 159 LZ0DZ         176 147 
QSO:  3510 CW  2017-08-19 0923 LZ0FZ         065 176 LZ0FY         155 161 
QSO:  3510 CW  2017-08-19 0925 LZ0FZ         066 155 LZ0AJ         177 151 
QSO:  3510 CW  2017-08-19 0927 LZ0FZ         067 177 LZ0DC         191 154 
QSO:  3510 CW  2017-08-19 0928 LZ0FZ         068 191 LZ0FF         171 155 
QSO:  3510 CW  2017-08-19 0930 LZ0FZ         069 171 LZ0DL         162 158 
QSO:  3510 CW  2017-08-19 0932 LZ0FZ         070 162 LZ0DA         178 161 
QSO:  3510 CW  2017-08-19 0932 LZ0FZ         071 178 LZ0AT         191 156 
QSO:  3510 CW  2017-08-19 0933 LZ0FZ         072 191 LZ0AF         169 163 
QSO:  3510 CW  2017-08-19 0934 LZ0FZ         073 169 LZ0FG         177 181 
QSO:  3510 CW  2017-08-19 0935 LZ0FZ         074 177 LZ0DW         186 174 
QSO:  3510 CW  2017-08-19 0937 LZ0FZ         075 186 LZ0DU         094 092 
QSO:  3510 CW  2017-08-19 0938 LZ0FZ         076 094 LZ0AG         180 173 
QSO:  3510 CW  2017-08-19 0938 LZ0FZ         077 180 LZ0FX         129 164 
QSO:  3510 CW  2017-08-19 0938 LZ0FZ         078 129 LZ0FJ         193 193 
QSO:  3510 CW  2017-08-19 0941 LZ0FZ         079 193 LZ0AL         165 106 
QSO:  3510 CW  2017-08-19 0941 LZ0FZ         080 165 LZ0AM         197 193 
QSO:  3510 CW  2017-08-19 0944 LZ0FZ         081 197 LZ0AK         179 197 
QSO:  3510 CW  2017-08-19 0947 LZ0FZ         082 179 LZ0DF         177 173 
QSO:  3510 CW  2017-08-19 0951 LZ0FZ         083 177 LZ0DV         198 194 
QSO:  3510 CW  2017-08-19 0952 LZ0FZ         084 198 LZ0DY         205 180 
QSO:  3510 CW  2017-08-19 0953 LZ0FZ         085 205 LZ0FY         193 196 
QSO:  3510 CW  2017-08-19 0955 LZ0FZ         086 193 LZ0DZ         217 204 
QSO:  3510 CW  2017-08-19 0955 LZ0FZ         087 217 LZ0AJ         213 185 
QSO:  3510 CW  2017-08-19 0957 LZ0FZ         088 213 LZ0DC         230 191 
END-OF-LOG:
