START-OF-LOG: 2.0 
CALLSIGN: LZ0AC
CLUB: Romania 
CONTEST: LZ-OPEN
CATEGORY: CHECKLOG
CLAIMED-SCORE: 168
OPERATORS: YO8SS
NAME: Coca Pavlic Alexandru YO8SS
ADDRESS: sat Bulai, comuna Moara
ADDRESS: str. Statiunii, nr. 187
ADDRESS:  , SV 
ADDRESS: ROMANIA
CREATED-BY: N1MM Logger V14.2.0
QSO:  3524 CW 2017-08-19 0712 LZ0AC         001 000       LZ0AD         016 018      
QSO:  3524 CW 2017-08-19 0713 LZ0AC         002 016       LZ0AN         019 017      
QSO:  3524 CW 2017-08-19 0713 LZ0AC         003 019       LZ0DZ         021 020      
QSO:  3524 CW 2017-08-19 0714 LZ0AC         004 021       LZ0FY         014 012      
QSO:  3524 CW 2017-08-19 0714 LZ0AC         005 014       LZ0AM         022 017      
QSO:  3524 CW 2017-08-19 0715 LZ0AC         006 022       LZ0AA         017 021      
QSO:  3524 CW 2017-08-19 0715 LZ0AC         007 017       LZ0DL         025 016      
QSO:  3524 CW 2017-08-19 0716 LZ0AC         008 025       LZ0DA         021 015      
QSO:  3524 CW 2017-08-19 0716 LZ0AC         009 021       LZ0DD         004 021      
QSO:  3524 CW 2017-08-19 0717 LZ0AC         010 004       LZ0AV         017 018      
QSO:  3524 CW 2017-08-19 0717 LZ0AC         011 017       LZ0DY         024 023      
QSO:  3524 CW 2017-08-19 0717 LZ0AC         012 024       LZ0DW         023 016      
QSO:  3524 CW 2017-08-19 0717 LZ0AC         013 023       LZ0AG         022 026      
QSO:  3524 CW 2017-08-19 0718 LZ0AC         014 022       LZ0AL         018 022      
QSO:  3524 CW 2017-08-19 0718 LZ0AC         015 018       LZ0DJ         024 022      
QSO:  3524 CW 2017-08-19 0718 LZ0AC         016 024       LZ0FG         025 018      
QSO:  3524 CW 2017-08-19 0719 LZ0AC         017 025       LZ0AR         016 009      
QSO:  3524 CW 2017-08-19 0719 LZ0AC         018 016       LZ0DC         032 019      
QSO:  3524 CW 2017-08-19 0719 LZ0AC         019 032       LZ0FJ         024 027      
QSO:  3524 CW 2017-08-19 0720 LZ0AC         020 024       LZ0DV         024 028      
QSO:  3524 CW 2017-08-19 0721 LZ0AC         021 024       LZ0FX         012 027      
QSO:  3524 CW 2017-08-19 0722 LZ0AC         022 012       LZ0DN         024 027      
QSO:  3524 CW 2017-08-19 0722 LZ0AC         023 024       LZ0AT         032 029      
QSO:  3524 CW 2017-08-19 0723 LZ0AC         024 032       LZ0DT         032 014      
QSO:  3524 CW 2017-08-19 0724 LZ0AC         025 032       LZ0AK         026 033      
QSO:  3524 CW 2017-08-19 0725 LZ0AC         026 026       LZ0DP         026 028      
QSO:  3523 CW 2017-08-19 0726 LZ0AC         027 026       LZ0AV         026 033      
QSO:  3522 CW 2017-08-19 0726 LZ0AC         028 026       LZ0AW         032 026      
QSO:  3519 CW 2017-08-19 0727 LZ0AC         029 032       LZ0DL         038 020      
QSO:  3514 CW 2017-08-19 0727 LZ0AC         030 038       LZ0AR         024 030      
QSO:  3522 CW 2017-08-19 0728 LZ0AC         031 024       LZ0AW         033 028      
QSO:  3528 CW 2017-08-19 0729 LZ0AC         032 033       LZ0FD         033 031      
QSO:  3529 CW 2017-08-19 0729 LZ0AC         033 033       LZ0AL         029 028      
QSO:  3557 CW 2017-08-19 0733 LZ0AC         034 029       LZ0FC         027 033      
QSO:  3516 CW 2017-08-19 0734 LZ0AC         035 027       LZ0AX         035 034      
QSO:  3520 CW 2017-08-19 0735 LZ0AC         036 035       LZ0FF         040 038      
QSO:  3533 CW 2017-08-19 0736 LZ0AC         037 040       LZ0AJ         042 038      
QSO:  3535 CW 2017-08-19 0737 LZ0AC         038 042       LZ0DR         035 037      
QSO:  3537 CW 2017-08-19 0738 LZ0AC         039 035       LZ0AP         039 029      
QSO:  3540 CW 2017-08-19 0738 LZ0AC         040 039       LZ0DM         039 039      
QSO:  3559 CW 2017-08-19 0739 LZ0AC         041 039       LZ0AY         042 045      
QSO:  3524 CW 2017-08-19 0741 LZ0AC         042 042       LZ0AD         048 050      
QSO:  3524 CW 2017-08-19 0744 LZ0AC         043 048       LZ0AN         056 043      
QSO:  3524 CW 2017-08-19 0744 LZ0AC         044 056       LZ0FY         045 044      
QSO:  3524 CW 2017-08-19 0745 LZ0AC         045 045       LZ0DZ         056 041      
QSO:  3524 CW 2017-08-19 0745 LZ0AC         046 056       LZ0AR         044 046      
QSO:  3524 CW 2017-08-19 0746 LZ0AC         047 044       LZ0DA         053 036      
QSO:  3524 CW 2017-08-19 0746 LZ0AC         048 053       LZ0DD         035 051      
QSO:  3524 CW 2017-08-19 0747 LZ0AC         049 035       LZ0AV         050 049      
QSO:  3524 CW 2017-08-19 0747 LZ0AC         050 050       LZ0AM         056 046      
QSO:  3524 CW 2017-08-19 0747 LZ0AC         051 056       LZ0AG         053 060      
QSO:  3524 CW 2017-08-19 0748 LZ0AC         052 053       LZ0DL         064 050      
QSO:  3524 CW 2017-08-19 0748 LZ0AC         053 064       LZ0AA         046 059      
QSO:  3524 CW 2017-08-19 0748 LZ0AC         054 046       LZ0DW         057 051      
QSO:  3524 CW 2017-08-19 0748 LZ0AC         055 057       LZ0DJ         054 048      
QSO:  3524 CW 2017-08-19 0749 LZ0AC         056 054       LZ0DC         072 053      
QSO:  3524 CW 2017-08-19 0749 LZ0AC         057 072       LZ0FG         057 061      
QSO:  3524 CW 2017-08-19 0750 LZ0AC         058 057       LZ0DY         062 054      
QSO:  3524 CW 2017-08-19 0750 LZ0AC         059 062       LZ0FJ         063 034      
QSO:  3524 CW 2017-08-19 0751 LZ0AC         060 063       LZ0DV         059 063      
QSO:  3524 CW 2017-08-19 0752 LZ0AC         061 059       LZ0DN         057 075      
QSO:  3524 CW 2017-08-19 0753 LZ0AC         062 057       LZ0AT         071 063      
QSO:  3550 CW 2017-08-19 0754 LZ0AC         063 071       LZ0DT         068 055      
QSO:  3527 CW 2017-08-19 0758 LZ0AC         064 068       LZ0DP         058 058      
QSO:  3547 CW 2017-08-19 0759 LZ0AC         065 058       LZ0AK         063 065      
QSO:  3524 CW 2017-08-19 0800 LZ0AC         066 063       LZ0AL         061 063      
QSO:  3528 CW 2017-08-19 0802 LZ0AC         067 061       LZ0FD         066 066      
QSO:  3542 CW 2017-08-19 0803 LZ0AC         068 066       LZ0AF         065 072      
QSO:  3557 CW 2017-08-19 0804 LZ0AC         069 065       LZ0FC         060 035      
QSO:  3524 CW 2017-08-19 0806 LZ0AC         070 060       LZ0FX         046 073      
QSO:  3522 CW 2017-08-19 0807 LZ0AC         071 046       LZ0AW         075 073      
QSO:  3533 CW 2017-08-19 0808 LZ0AC         072 075       LZ0AJ         084 078      
QSO:  3537 CW 2017-08-19 0809 LZ0AC         073 084       LZ0AP         072 021      
QSO:  3540 CW 2017-08-19 0810 LZ0AC         074 072       LZ0DM         077 072      
QSO:  3559 CW 2017-08-19 0811 LZ0AC         075 077       LZ0AY         074 074      
QSO:  3520 CW 2017-08-19 0812 LZ0AC         076 074       LZ0FF         083 074      
QSO:  3511 CW 2017-08-19 0814 LZ0AC         077 083       LZ0DG         097 074      
QSO:  3525 CW 2017-08-19 0815 LZ0AC         078 097       LZ0FA         078 080      
QSO:  3535 CW 2017-08-19 0817 LZ0AC         079 078       LZ0DD         061 083      
QSO:  3543 CW 2017-08-19 0818 LZ0AC         080 061       LZ0DU         020 099      
QSO:  3545 CW 2017-08-19 0818 LZ0AC         081 020       LZ0AX         083 093      
QSO:  3524 CW 2017-08-19 0819 LZ0AC         082 083       LZ0AG         094 088      
QSO:  3524 CW 2017-08-19 0819 LZ0AC         083 094       LZ0DJ         092 082      
QSO:  3524 CW 2017-08-19 0820 LZ0AC         084 092       LZ0AD         080 087      
QSO:  3524 CW 2017-08-19 0820 LZ0AC         085 080       LZ0AM         096 084      
QSO:  3524 CW 2017-08-19 0820 LZ0AC         086 096       LZ0DA         094 088      
QSO:  3524 CW 2017-08-19 0820 LZ0AC         087 094       LZ0AV         087 085      
QSO:  3524 CW 2017-08-19 0821 LZ0AC         088 087       LZ0FG         093 079      
QSO:  3524 CW 2017-08-19 0821 LZ0AC         089 093       LZ0DL         097 088      
QSO:  3524 CW 2017-08-19 0821 LZ0AC         090 097       LZ0AN         101 080      
QSO:  3524 CW 2017-08-19 0822 LZ0AC         091 101       LZ0DZ         102 099      
QSO:  3524 CW 2017-08-19 0822 LZ0AC         092 102       LZ0DW         097 087      
QSO:  3524 CW 2017-08-18 0953 LZ0AC         119 148       LZ0AD         121 213      
QSO:  3524 CW 2017-08-18 0954 LZ0AC         120 121       LZ0DD         154 215      
QSO:  3524 CW 2017-08-18 0954 LZ0AC         121 154       LZ0FX         141 187      
QSO:  3524 CW 2017-08-18 0956 LZ0AC         122 141       LZ0AL         182 184      
QSO:  3524 CW 2017-08-18 0957 LZ0AC         123 182       LZ0DA         210 221      
QSO:  3524 CW 2017-08-18 0957 LZ0AC         124 210       LZ0AM         218 186      
QSO:  3524 CW 2017-08-18 0957 LZ0AC         125 218       LZ0DN         196 186      
QSO:  3524 CW 2017-08-18 0958 LZ0AC         126 196       LZ0FJ         220 210      
QSO:  3524 CW 2017-08-18 1001 LZ0AC         127 220       LZ0AX         189 187      
QSO:  3524 CW 2017-08-18 1001 LZ0AC         128 189       LZ0AN         224 218      
QSO:  3525 CW 2017-08-18 1005 LZ0AC         129 224       LZ0FA         199 216      
QSO:  3531 CW 2017-08-18 1006 LZ0AC         130 199       LZ0DY         226 133      
QSO:  3533 CW 2017-08-18 1006 LZ0AC         131 226       LZ0AJ         227 231      
QSO:  3534 CW 2017-08-18 1007 LZ0AC         132 227       LZ0DC         240 118      
QSO:  3535 CW 2017-08-18 1008 LZ0AC         133 240       LZ0DR         187 232      
QSO:  3540 CW 2017-08-18 1008 LZ0AC         134 187       LZ0DM         208 209      
QSO:  3524 CW 2017-08-18 1010 LZ0AC         135 208       LZ0FC         197 201      
QSO:  3511 CW 2017-08-18 1013 LZ0AC         136 197       LZ0DG         228 204      
QSO:  3514 CW 2017-08-18 1013 LZ0AC         137 228       LZ0AR         209 238      
QSO:  3517 CW 2017-08-18 1014 LZ0AC         138 209       LZ0DZ         241 226      
QSO:  3520 CW 2017-08-18 1015 LZ0AC         139 241       LZ0FF         226 216      
QSO:  3522 CW 2017-08-18 1016 LZ0AC         140 226       LZ0AW         232 218      
QSO:  3523 CW 2017-08-18 1016 LZ0AC         141 232       LZ0AV         217 167      
QSO:  3528 CW 2017-08-18 1018 LZ0AC         142 217       LZ0FD         222 179      
QSO:  3530 CW 2017-08-18 1019 LZ0AC         143 222       LZ0DV         230 211      
QSO:  3532 CW 2017-08-18 1019 LZ0AC         144 230       LZ0AA         201 223      
QSO:  3542 CW 2017-08-18 1020 LZ0AC         145 201       LZ0FK         250 241      
QSO:  3551 CW 2017-08-18 1022 LZ0AC         146 250       LZ0DT         211 135      
QSO:  3552 CW 2017-08-18 1022 LZ0AC         147 211       LZ0AG         238 143      
QSO:  3523 CW 2017-08-18 1024 LZ0AC         148 238       LZ0DU         137 119      
QSO:  3524 CW 2017-08-18 1026 LZ0AC         149 137       LZ0DF         212 256      
QSO:  3524 CW 2017-08-18 1027 LZ0AC         150 212       LZ0FX         175 254      
QSO:  3524 CW 2017-08-18 1027 LZ0AC         151 175       LZ0DA         248 227      
QSO:  3524 CW 2017-08-18 1027 LZ0AC         152 248       LZ0DD         186 240      
QSO:  3524 CW 2017-08-18 1028 LZ0AC         153 186       LZ0DL         229 220      
QSO:  3524 CW 2017-08-18 1029 LZ0AC         154 229       LZ0AM         258 250      
QSO:  3524 CW 2017-08-18 1030 LZ0AC         155 258       LZ0FJ         260 229      
QSO:  3524 CW 2017-08-18 1030 LZ0AC         156 260       LZ0DN         234 252      
QSO:  3524 CW 2017-08-18 1032 LZ0AC         157 234       LZ0AN         264 254      
QSO:  3524 CW 2017-08-18 1033 LZ0AC         158 264       LZ0AX         219 234      
QSO:  3535 CW 2017-08-18 1036 LZ0AC         159 219       LZ0AD         166 186      
QSO:  3542 CW 2017-08-18 1037 LZ0AC         160 166       LZ0AF         243 240      
QSO:  3545 CW 2017-08-18 1037 LZ0AC         161 243       LZ0FY         247 241      
QSO:  3547 CW 2017-08-18 1037 LZ0AC         162 247       LZ0AK         238 281      
QSO:  3524 CW 2017-08-18 1042 LZ0AC         163 238       LZ0DY         271 235      
QSO:  3524 CW 2017-08-18 1042 LZ0AC         164 271       LZ0DR         215 244      
QSO:  3524 CW 2017-08-19 0900 LZ0AC         093 097       LZ0DW         142 126      
QSO:  3524 CW 2017-08-19 0900 LZ0AC         094 142       LZ0DJ         141 133      
QSO:  3524 CW 2017-08-19 0901 LZ0AC         095 141       LZ0DA         140 146      
QSO:  3524 CW 2017-08-19 0901 LZ0AC         096 140       LZ0DN         134 133      
QSO:  3524 CW 2017-08-19 0901 LZ0AC         097 134       LZ0AL         125 134      
QSO:  3524 CW 2017-08-19 0902 LZ0AC         098 125       LZ0AM         148 124      
QSO:  3524 CW 2017-08-19 0902 LZ0AC         099 148       LZ0DR         127 125      
QSO:  3524 CW 2017-08-19 0903 LZ0AC         100 127       LZ0AN         151 137      
QSO:  3524 CW 2017-08-19 0903 LZ0AC         101 151       LZ0AV         132 127      
QSO:  3524 CW 2017-08-19 0904 LZ0AC         102 132       LZ0DL         148 052      
QSO:  3524 CW 2017-08-19 0904 LZ0AC         103 148       LZ0DV         139 089      
QSO:  3524 CW 2017-08-19 0904 LZ0AC         104 139       LZ0DU         062 126      
QSO:  3524 CW 2017-08-19 0905 LZ0AC         105 062       LZ0AG         142 148      
QSO:  3524 CW 2017-08-19 0905 LZ0AC         106 142       LZ0AT         160 131      
QSO:  3524 CW 2017-08-19 0905 LZ0AC         107 160       LZ0FY         137 123      
QSO:  3524 CW 2017-08-19 0907 LZ0AC         108 137       LZ0DD         110 136      
QSO:  3524 CW 2017-08-19 0908 LZ0AC         109 110       LZ0DK         095 136      
QSO:  3524 CW 2017-08-19 0910 LZ0AC         110 095       LZ0DY         152 136      
QSO:  3524 CW 2017-08-19 0911 LZ0AC         111 152       LZ0DT         134 098      
QSO:  3524 CW 2017-08-19 0912 LZ0AC         112 134       LZ0FX         103 157      
QSO:  3524 CW 2017-08-19 0916 LZ0AC         113 103       LZ0AD         096 159      
QSO:  3524 CW 2017-08-19 0917 LZ0AC         114 096       LZ0FF         159 071      
QSO:  3524 CW 2017-08-19 0918 LZ0AC         115 159       LZ0DX         098 153      
QSO:  3524 CW 2017-08-19 0920 LZ0AC         116 098       LZ0FJ         172 161      
QSO:  3524 CW 2017-08-19 0921 LZ0AC         117 172       LZ0DZ         174 171      
QSO:  3524 CW 2017-08-19 0921 LZ0AC         118 174       LZ0AR         148 170      
QSO:  3524 CW 2017-08-19 1051 LZ0AC         165 148       LZ0AT         289 260      
QSO:  3524 CW 2017-08-19 1051 LZ0AC         166 289       LZ0DC         297 279      
QSO:  3524 CW 2017-08-19 1052 LZ0AC         167 297       LZ0DW         278 244      
QSO:  3524 CW 2017-08-19 1052 LZ0AC         168 278       LZ0FG         271 037      
QSO:  3524 CW 2017-08-19 1053 LZ0AC         169 271       LZ0DT         244 266      
QSO:  3524 CW 2017-08-19 1053 LZ0AC         170 244       LZ0AG         278 174      
QSO:  3524 CW 2017-08-19 1056 LZ0AC         171 278       LZ0DJ         282 249      
QSO:  3524 CW 2017-08-19 1057 LZ0AC         172 282       LZ0DA         287 261      
QSO:  3524 CW 2017-08-19 1058 LZ0AC         173 287       LZ0DD         221 240      
QSO:  3524 CW 2017-08-19 1058 LZ0AC         174 221       LZ0DL         268 257      
QSO:  3524 CW 2017-08-19 1059 LZ0AC         175 268       LZ0AM         297 049      
QSO:  3524 CW 2017-08-19 1059 LZ0AC         176 297       LZ0DF         252 289      
QSO:  3524 CW 2017-08-19 1059 LZ0AC         177 252       LZ0FJ         303 267      
END-OF-LOG:
