START-OF-LOG: 2.0
CALLSIGN: LZ0AF
CLUB: Видин
CONTEST: LZ-OPEN-DOMESTIC
CATEGORY: SINGLE-OP-ASSISTED ALL HIGH MIXED
CLAIMED-SCORE: 274
OPERATORS: LZ3BB
NAME: Пламен Матев LZ3BB
ADDRESS: 3700,Vidin Bulgaria
ADDRESS: Tzar Alexander II N96 entr.B et.4 ap.10
ADDRESS: Vidin, VIDIN 3700
ADDRESS: BULGARIA
CREATED-BY: N1MM Logger+ 1.0.6091.0
QSO:  3533 CW 2017-08-19 0701 LZ0AF         001 000       LZ0AJ         001 000      
QSO:  3552 CW 2017-08-19 0702 LZ0AF         002 001       LZ0AK         003 001      
QSO:  3545 CW 2017-08-19 0703 LZ0AF         003 003       LZ0FG         003 002      
QSO:  3537 CW 2017-08-19 0704 LZ0AF         004 003       LZ0AP         007 008      
QSO:  3535 CW 2017-08-19 0705 LZ0AF         005 007       LZ0DR         006 008      
QSO:  3534 CW 2017-08-19 0706 LZ0AF         006 006       LZ0DC         013 008      
QSO:  3526 CW 2017-08-19 0708 LZ0AF         007 013       LZ0FJ         009 012      
QSO:  3525 CW 2017-08-19 0708 LZ0AF         008 009       LZ0FA         009 012      
QSO:  3522 CW 2017-08-19 0709 LZ0AF         009 009       LZ0AW         014 006      
QSO:  3517 CW 2017-08-19 0709 LZ0AF         010 014       LZ0DZ         017 008      
QSO:  3515 CW 2017-08-19 0710 LZ0AF         011 017       LZ0AR         009 017      
QSO:  3511 CW 2017-08-19 0710 LZ0AF         012 009       LZ0DG         019 007      
QSO:  3542 CW 2017-08-19 0711 LZ0AF         013 019       LZ0DN         013 010      
QSO:  3541 CW 2017-08-19 0712 LZ0AF         014 013       LZ0DY         020 016      
QSO:  3541 CW 2017-08-19 0712 LZ0AF         015 020       LZ0AL         011 012      
QSO:  3541 CW 2017-08-19 0712 LZ0AF         016 011       LZ0AM         019 020      
QSO:  3545 CW 2017-08-19 0714 LZ0AF         017 019       LZ0AX         015 013      
QSO:  3554 CW 2017-08-19 0715 LZ0AF         018 015       LZ0AU         016 016      
QSO:  3557 CW 2017-08-19 0716 LZ0AF         019 016       LZ0FC         013 016      
QSO:  3560 CW 2017-08-19 0717 LZ0AF         020 013       LZ0AY         020 031      
QSO:  3541 CW 2017-08-19 0718 LZ0AF         021 020       LZ0DL         029 019      
QSO:  3541 CW 2017-08-19 0720 LZ0AF         022 029       LZ0DA         028 027      
QSO:  3541 CW 2017-08-19 0720 LZ0AF         023 028       LZ0AG         026 021      
QSO:  3541 CW 2017-08-19 0720 LZ0AF         024 026       LZ0AT         030 007      
QSO:  3550 CW 2017-08-19 0722 LZ0AF         025 030       LZ0DT         030 023      
QSO:  3545 CW 2017-08-19 0722 LZ0AF         026 030       LZ0FY         024 029      
QSO:  3542 CW 2017-08-19 0723 LZ0AF         027 024       LZ0DJ         028 015      
QSO:  3540 CW 2017-08-19 0725 LZ0AF         028 028       LZ0DM         028 030      
QSO:  3535 CW 2017-08-19 0726 LZ0AF         029 028       LZ0FZ         001 000      
QSO:  3532 CW 2017-08-19 0727 LZ0AF         030 001       LZ0DD         022 034      
QSO:  3523 CW 2017-08-19 0729 LZ0AF         031 022       LZ0AV         031 035      
QSO:  3520 CW 2017-08-19 0729 LZ0AF         032 031       LZ0AN         037 026      
QSO:  3518 CW 2017-08-19 0730 LZ0AF         033 037       LZ0DW         039 007      
QSO:  3533 CW 2017-08-19 0731 LZ0AF         034 039       LZ0AJ         036 024      
QSO:  3537 CW 2017-08-19 0734 LZ0AF         035 036       LZ0AP         034 048      
QSO:  3535 CW 2017-08-19 0735 LZ0AF         036 034       LZ0DR         033 047      
QSO:  3545 CW 2017-08-19 0736 LZ0AF         037 033       LZ0FG         041 040      
QSO:  3534 CW 2017-08-19 0737 LZ0AF         038 041       LZ0DC         053 038      
QSO:  3525 CW 2017-08-19 0738 LZ0AF         039 053       LZ0FA         037 048      
QSO:  3526 CW 2017-08-19 0739 LZ0AF         040 037       LZ0FJ         045 037      
QSO:  3522 CW 2017-08-19 0739 LZ0AF         041 045       LZ0AW         048 040      
QSO:  3517 CW 2017-08-19 0740 LZ0AF         042 048       LZ0DZ         051 027      
QSO:  3511 CW 2017-08-19 0740 LZ0AF         043 051       LZ0DG         060 036      
QSO:  3541 CW 2017-08-19 0742 LZ0AF         044 060       LZ0DN         043 053      
QSO:  3541 CW 2017-08-19 0742 LZ0AF         045 043       LZ0AM         052 059      
QSO:  3541 CW 2017-08-19 0743 LZ0AF         046 052       LZ0AL         044 032      
QSO:  3541 CW 2017-08-19 0744 LZ0AF         047 044       LZ0AD         051 052      
QSO:  3541 CW 2017-08-19 0744 LZ0AF         048 051       LZ0AX         043 049      
QSO:  3513 CW 2017-08-19 0746 LZ0AF         049 043       LZ0DF         051 051      
QSO:  3520 CW 2017-08-19 0747 LZ0AF         050 051       LZ0FF         058 036      
QSO:  3560 CW 2017-08-19 0748 LZ0AF         051 058       LZ0AY         054 071      
QSO:  3557 CW 2017-08-19 0751 LZ0AF         052 054       LZ0FC         048 063      
QSO:  3554 CW 2017-08-19 0752 LZ0AF         053 048       LZ0DL         071 058      
QSO:  3552 CW 2017-08-19 0752 LZ0AF         054 071       LZ0AG         059 070      
QSO:  3550 CW 2017-08-19 0753 LZ0AF         055 059       LZ0DT         067 058      
QSO:  3514 CW 2017-08-19 0754 LZ0AF         056 067       LZ0AR         052 065      
QSO:  3545 CW 2017-08-19 0754 LZ0AF         057 052       LZ0FY         057 065      
QSO:  3541 CW 2017-08-19 0755 LZ0AF         058 057       LZ0DA         063 054      
QSO:  3541 CW 2017-08-19 0755 LZ0AF         059 063       LZ0AT         076 061      
QSO:  3541 CW 2017-08-19 0756 LZ0AF         060 076       LZ0DY         069 031      
QSO:  3541 CW 2017-08-19 0757 LZ0AF         061 069       LZ0DJ         063 059      
QSO:  3523 CW 2017-08-19 0800 LZ0AF         062 063       LZ0AV         064 060      
QSO:  3540 CW 2017-08-19 0801 LZ0AF         063 064       LZ0DM         068 081      
QSO:  3533 CW 2017-08-19 0801 LZ0AF         064 068       LZ0AJ         072 067      
QSO:  3541 CW 2017-08-19 0802 LZ0AF         065 072       LZ0AC         068 066      
QSO:  3550 CW 2017-08-19 0805 LZ0AF         066 068       LZ0AU         036 070      
QSO:  3532 CW 2017-08-19 0806 LZ0AF         067 036       LZ0AA         061 075      
QSO:  3528 CW 2017-08-19 0806 LZ0AF         068 061       LZ0FD         072 047      
QSO:  3519 CW 2017-08-19 0808 LZ0AF         069 072       LZ0AN         084 087      
QSO:  3525 CW 2017-08-19 0808 LZ0AF         070 084       LZ0FA         066 077      
QSO:  3537 CW 2017-08-19 0809 LZ0AF         071 066       LZ0AP         074 076      
QSO:  3522 CW 2017-08-19 0810 LZ0AF         072 074       LZ0AW         084 075      
QSO:  3511 CW 2017-08-19 0810 LZ0AF         073 084       LZ0DG         093 056      
QSO:  3535 CW 2017-08-19 0811 LZ0AF         074 093       LZ0DR         070 081      
QSO:  3517 CW 2017-08-19 0812 LZ0AF         075 070       LZ0DZ         090 066      
QSO:  3541 CW 2017-08-19 0813 LZ0AF         076 090       LZ0DW         088 089      
QSO:  3541 CW 2017-08-19 0813 LZ0AF         077 088       LZ0FG         084 090      
QSO:  3541 CW 2017-08-19 0814 LZ0AF         078 084       LZ0AL         080 077      
QSO:  3541 CW 2017-08-19 0814 LZ0AF         079 080       LZ0AX         079 087      
QSO:  3541 CW 2017-08-19 0814 LZ0AF         080 079       LZ0DC         107 076      
QSO:  3541 CW 2017-08-19 0815 LZ0AF         081 107       LZ0FJ         092 075      
QSO:  3541 CW 2017-08-19 0815 LZ0AF         082 092       LZ0AM         090 098      
QSO:  3535 CW 2017-08-19 0816 LZ0AF         083 090       LZ0DD         060 093      
QSO:  3541 CW 2017-08-19 0817 LZ0AF         084 060       LZ0AK         080 019      
QSO:  3513 CW 2017-08-19 0817 LZ0AF         085 080       LZ0DF         086 090      
QSO:  3520 CW 2017-08-19 0818 LZ0AF         086 086       LZ0FF         093 094      
QSO:  3560 CW 2017-08-19 0819 LZ0AF         087 093       LZ0AY         086 082      
QSO:  3541 CW 2017-08-19 0820 LZ0AF         088 086       LZ0FX         055 105      
QSO:  3535 CW 2017-08-19 0822 LZ0AF         089 055       LZ0FZ         028 078      
QSO:  3552 CW 2017-08-19 0823 LZ0AF         090 028       LZ0AG         096 090      
QSO:  3514 CW 2017-08-19 0824 LZ0AF         091 096       LZ0AR         083 068      
QSO:  3545 CW 2017-08-19 0826 LZ0AF         092 083       LZ0FY         087 090      
QSO:  3541 CW 2017-08-19 0827 LZ0AF         093 087       LZ0DA         101 089      
QSO:  3541 CW 2017-08-19 0827 LZ0AF         094 101       LZ0AT         112 032      
QSO:  3541 CW 2017-08-19 0827 LZ0AF         095 112       LZ0DJ         099 085      
QSO:  3557 CW 2017-08-19 0828 LZ0AF         096 099       LZ0FC         088 093      
QSO:  3541 CW 2017-08-19 0829 LZ0AF         097 088       LZ0DY         107 091      
QSO:  3541 CW 2017-08-19 0830 LZ0AF         098 107       LZ0DN         096 093      
QSO:  3523 CW 2017-08-19 0830 LZ0AF         099 096       LZ0AV         097 107      
QSO:  3541 CW 2017-08-19 0831 LZ0AF         100 097       LZ0DL         106 062      
QSO:  3533 CW 2017-08-19 0832 LZ0AF         101 106       LZ0AJ         108 075      
QSO:  3540 CW 2017-08-19 0832 LZ0AF         102 108       LZ0DM         100 102      
QSO:  3560 CW 2017-08-19 0836 LZ0AF         103 100       LZ0AU         054 070      
QSO:  3532 CW 2017-08-19 0836 LZ0AF         104 054       LZ0AA         093 103      
QSO:  3528 CW 2017-08-19 0836 LZ0AF         105 093       LZ0FD         108 094      
QSO:  3519 CW 2017-08-19 0838 LZ0AF         106 108       LZ0AN         120 098      
QSO:  3525 CW 2017-08-19 0839 LZ0AF         107 120       LZ0FA         102 119      
QSO:  3537 CW 2017-08-19 0840 LZ0AF         108 102       LZ0AP         100 107      
QSO:  3522 CW 2017-08-19 0841 LZ0AF         109 100       LZ0AW         120 109      
QSO:  3511 CW 2017-08-19 0841 LZ0AF         110 120       LZ0DG         129 123      
QSO:  3535 CW 2017-08-19 0842 LZ0AF         111 129       LZ0DR         102 134      
QSO:  3517 CW 2017-08-19 0843 LZ0AF         112 102       LZ0DZ         127 109      
QSO:  3541 CW 2017-08-19 0844 LZ0AF         113 127       LZ0DW         126 105      
QSO:  3541 CW 2017-08-19 0844 LZ0AF         114 126       LZ0AX         113 114      
QSO:  3541 CW 2017-08-19 0845 LZ0AF         115 113       LZ0FG         119 112      
QSO:  3516 CW 2017-08-19 0846 LZ0AF         116 119       LZ0AM         126 116      
QSO:  3526 CW 2017-08-19 0846 LZ0AF         117 126       LZ0FJ         130 054      
QSO:  3535 CW 2017-08-19 0847 LZ0AF         118 130       LZ0DD         093 128      
QSO:  3541 CW 2017-08-19 0848 LZ0AF         119 093       LZ0DC         143 112      
QSO:  3520 CW 2017-08-19 0848 LZ0AF         120 143       LZ0FF         126 131      
QSO:  3560 CW 2017-08-19 0849 LZ0AF         121 126       LZ0AY         116 111      
QSO:  3541 CW 2017-08-19 0850 LZ0AF         122 116       LZ0DV         122 111      
QSO:  3542 CW 2017-08-19 0852 LZ0AF         123 122       LZ0DK         080 136      
QSO:  3542 CW 2017-08-19 0853 LZ0AF         124 080       LZ0FZ         046 117      
QSO:  3542 CW 2017-08-19 0853 LZ0AF         125 046       LZ0AG         128 117      
QSO:  3542 CW 2017-08-19 0854 LZ0AF         126 128       LZ0AK         118 124      
QSO:  3550 CW 2017-08-19 0855 LZ0AF         127 118       LZ0DT         123 122      
QSO:  3550 CW 2017-08-19 0857 LZ0AF         128 123       LZ0DT         124 127      
QSO:  3545 CW 2017-08-19 0857 LZ0AF         129 124       LZ0FY         123 140      
QSO:  3542 CW 2017-08-19 0858 LZ0AF         130 123       LZ0DJ         138 124      
QSO:  3557 CW 2017-08-19 0859 LZ0AF         131 138       LZ0FC         119 132      
QSO:  3514 CW 2017-08-19 0859 LZ0AF         132 119       LZ0AR         121 127      
QSO:  3542 CW 2017-08-19 0900 LZ0AF         133 121       LZ0DN         133 129      
QSO:  3542 CW 2017-08-19 0901 LZ0AF         134 133       LZ0AL         124 149      
QSO:  3542 CW 2017-08-19 0902 LZ0AF         135 124       LZ0AT         152 136      
QSO:  3542 CW 2017-08-19 0902 LZ0AF         136 152       LZ0DA         142 137      
QSO:  3533 CW 2017-08-19 0903 LZ0AF         137 142       LZ0AJ         150 060      
QSO:  3540 CW 2017-08-19 0904 LZ0AF         138 150       LZ0DM         134 149      
QSO:  3528 CW 2017-08-19 0908 LZ0AF         139 134       LZ0FD         142 143      
QSO:  3532 CW 2017-08-19 0909 LZ0AF         140 142       LZ0AA         129 157      
QSO:  3525 CW 2017-08-19 0909 LZ0AF         141 129       LZ0FA         136 143      
QSO:  3513 CW 2017-08-19 0910 LZ0AF         142 136       LZ0DX         071 149      
QSO:  3537 CW 2017-08-19 0911 LZ0AF         143 071       LZ0AP         132 166      
QSO:  3523 CW 2017-08-19 0911 LZ0AF         144 132       LZ0AV         144 099      
QSO:  3519 CW 2017-08-19 0912 LZ0AF         145 144       LZ0AN         162 146      
QSO:  3535 CW 2017-08-19 0913 LZ0AF         146 162       LZ0DR         136 150      
QSO:  3522 CW 2017-08-19 0913 LZ0AF         147 136       LZ0AW         161 090      
QSO:  3517 CW 2017-08-19 0913 LZ0AF         148 161       LZ0DZ         165 145      
QSO:  3542 CW 2017-08-19 0914 LZ0AF         149 165       LZ0FX         106 149      
QSO:  3542 CW 2017-08-19 0914 LZ0AF         150 106       LZ0AX         146 159      
QSO:  3542 CW 2017-08-19 0915 LZ0AF         151 146       LZ0DY         158 138      
QSO:  3542 CW 2017-08-19 0915 LZ0AF         152 158       LZ0FG         153 119      
QSO:  3542 CW 2017-08-19 0915 LZ0AF         153 153       LZ0DW         168 165      
QSO:  3550 CW 2017-08-19 0916 LZ0AF         154 168       LZ0AU         078 162      
QSO:  3526 CW 2017-08-19 0917 LZ0AF         155 078       LZ0FJ         169 155      
QSO:  3511 CW 2017-08-19 0918 LZ0AF         156 169       LZ0DG         166 143      
QSO:  3516 CW 2017-08-19 0919 LZ0AF         157 166       LZ0AM         169 145      
QSO:  3520 CW 2017-08-19 0919 LZ0AF         158 169       LZ0FF         164 163      
QSO:  3559 CW 2017-08-19 0920 LZ0AF         159 164       LZ0AY         149 165      
QSO:  3534 CW 2017-08-19 0923 LZ0AF         160 149       LZ0DC         186 082      
QSO:  3542 CW 2017-08-19 0924 LZ0AF         161 186       LZ0AG         168 150      
QSO:  3542 CW 2017-08-19 0924 LZ0AF         162 168       LZ0DV         164 172      
QSO:  3542 CW 2017-08-19 0925 LZ0AF         163 164       LZ0AK         155 161      
QSO:  3545 CW 2017-08-19 0927 LZ0AF         164 155       LZ0FY         159 173      
QSO:  3554 CW 2017-08-19 0929 LZ0AF         165 159       LZ0DJ         177 161      
QSO:  3557 CW 2017-08-19 0929 LZ0AF         166 177       LZ0FC         152 103      
QSO:  3527 CW 2017-08-19 0931 LZ0AF         167 152       LZ0DP         158 185      
QSO:  3514 CW 2017-08-19 0932 LZ0AF         168 158       LZ0AR         163 162      
QSO:  3511 CW 2017-08-19 0933 LZ0AF         169 163       LZ0FZ         072 191      
QSO:  3542 CW 2017-08-19 0934 LZ0AF         170 072       LZ0DA         179 070      
QSO:  3542 CW 2017-08-19 0935 LZ0AF         171 179       LZ0AL         160 158      
QSO:  3542 CW 2017-08-19 0935 LZ0AF         172 160       LZ0DN         171 167      
QSO:  3533 CW 2017-08-19 0936 LZ0AF         173 171       LZ0AJ         189 188      
QSO:  3540 CW 2017-08-19 0936 LZ0AF         174 189       LZ0DM         169 183      
QSO:  3542 CW 2017-08-19 0938 LZ0AF         175 169       LZ0AT         203 162      
QSO:  3542 CW 2017-08-19 0939 LZ0AF         176 203       LZ0DF         167 161      
QSO:  3542 CW 2017-08-19 0939 LZ0AF         177 167       LZ0DD         139 174      
QSO:  3525 CW 2017-08-19 0940 LZ0AF         178 139       LZ0FA         170 190      
QSO:  3532 CW 2017-08-19 0941 LZ0AF         179 170       LZ0AA         167 171      
QSO:  3523 CW 2017-08-19 0941 LZ0AF         180 167       LZ0AV         178 176      
QSO:  3537 CW 2017-08-19 0942 LZ0AF         181 178       LZ0AP         167 205      
QSO:  3528 CW 2017-08-19 0942 LZ0AF         182 167       LZ0FD         181 173      
QSO:  3519 CW 2017-08-19 0943 LZ0AF         183 181       LZ0AN         198 163      
QSO:  3517 CW 2017-08-19 0943 LZ0AF         184 198       LZ0DZ         202 177      
QSO:  3522 CW 2017-08-19 0944 LZ0AF         185 202       LZ0AW         199 134      
QSO:  3542 CW 2017-08-19 0945 LZ0AF         186 199       LZ0FG         190 177      
QSO:  3542 CW 2017-08-19 0946 LZ0AF         187 190       LZ0DY         199 180      
QSO:  3542 CW 2017-08-19 0946 LZ0AF         188 199       LZ0DW         204 202      
QSO:  3526 CW 2017-08-19 0948 LZ0AF         189 204       LZ0FJ         208 175      
QSO:  3511 CW 2017-08-19 0949 LZ0AF         190 208       LZ0AU         099 166      
QSO:  3520 CW 2017-08-19 0950 LZ0AF         191 099       LZ0FF         199 185      
QSO:  3542 CW 2017-08-19 0952 LZ0AF         192 199       LZ0AM         212 181      
QSO:  3542 CW 2017-08-19 0952 LZ0AF         193 212       LZ0DX         106 193      
QSO:  3534 CW 2017-08-19 0953 LZ0AF         194 106       LZ0DC         226 191      
QSO:  3559 CW 2017-08-19 0954 LZ0AF         195 226       LZ0AY         186 204      
QSO:  3542 CW 2017-08-19 0954 LZ0AF         196 186       LZ0AG         202 185      
QSO:  3542 CW 2017-08-19 0955 LZ0AF         197 202       LZ0DV         201 208      
QSO:  3542 CW 2017-08-19 0956 LZ0AF         198 201       LZ0DR         175 186      
QSO:  3542 CW 2017-08-19 0956 LZ0AF         199 175       LZ0AK         193 209      
QSO:  3542 CW 2017-08-19 0957 LZ0AF         200 193       LZ0FX         145 185      
QSO:  3542 CW 2017-08-19 0957 LZ0AF         201 145       LZ0AX         187 195      
QSO:  3542 CW 2017-08-19 0958 LZ0AF         202 187       LZ0DG         208 211      
QSO:  3545 CW 2017-08-19 0958 LZ0AF         203 208       LZ0FY         197 211      
QSO:  3554 CW 2017-08-19 1000 LZ0AF         204 197       LZ0DJ         214 188      
QSO:  3542 CW 2017-08-19 1005 LZ0AF         205 214       LZ0DA         219 196      
QSO:  3542 CW 2017-08-19 1005 LZ0AF         206 219       LZ0DN         204 203      
QSO:  3557 CW 2017-08-19 1006 LZ0AF         207 204       LZ0FC         194 229      
QSO:  3514 CW 2017-08-19 1007 LZ0AF         208 194       LZ0AR         201 169      
QSO:  3540 CW 2017-08-19 1007 LZ0AF         209 201       LZ0DM         207 187      
QSO:  3527 CW 2017-08-19 1007 LZ0AF         210 207       LZ0DP         197 135      
QSO:  3533 CW 2017-08-19 1008 LZ0AF         211 197       LZ0AJ         232 218      
QSO:  3542 CW 2017-08-19 1009 LZ0AF         212 232       LZ0AT         238 208      
QSO:  3525 CW 2017-08-19 1010 LZ0AF         213 238       LZ0FA         202 196      
QSO:  3523 CW 2017-08-19 1012 LZ0AF         214 202       LZ0AV         212 203      
QSO:  3537 CW 2017-08-19 1012 LZ0AF         215 212       LZ0AP         201 213      
QSO:  3528 CW 2017-08-19 1012 LZ0AF         216 201       LZ0FD         216 121      
QSO:  3542 CW 2017-08-19 1015 LZ0AF         217 216       LZ0DD         178 204      
QSO:  3522 CW 2017-08-19 1015 LZ0AF         218 178       LZ0AW         231 244      
QSO:  3519 CW 2017-08-19 1015 LZ0AF         219 231       LZ0AN         241 135      
QSO:  3542 CW 2017-08-19 1016 LZ0AF         220 241       LZ0DW         236 217      
QSO:  3542 CW 2017-08-19 1017 LZ0AF         221 236       LZ0FG         228 234      
QSO:  3542 CW 2017-08-19 1018 LZ0AF         222 228       LZ0AL         199 244      
QSO:  3532 CW 2017-08-19 1018 LZ0AF         223 199       LZ0AA         200 248      
QSO:  3517 CW 2017-08-19 1019 LZ0AF         224 200       LZ0DZ         249 220      
QSO:  3550 CW 2017-08-19 1021 LZ0AF         225 249       LZ0AU         118 228      
QSO:  3542 CW 2017-08-19 1022 LZ0AF         226 118       LZ0AM         247 254      
QSO:  3513 CW 2017-08-19 1023 LZ0AF         227 247       LZ0DX         136 248      
QSO:  3520 CW 2017-08-19 1023 LZ0AF         228 136       LZ0FF         234 224      
QSO:  3534 CW 2017-08-19 1024 LZ0AF         229 234       LZ0DC         266 215      
QSO:  3559 CW 2017-08-19 1024 LZ0AF         230 266       LZ0AY         218 217      
QSO:  3542 CW 2017-08-19 1025 LZ0AF         231 218       LZ0DY         246 226      
QSO:  3542 CW 2017-08-19 1025 LZ0AF         232 246       LZ0AG         244 220      
QSO:  3542 CW 2017-08-19 1025 LZ0AF         233 244       LZ0DV         242 226      
QSO:  3535 CW 2017-08-19 1026 LZ0AF         234 242       LZ0AD         150 217      
QSO:  3511 CW 2017-08-19 1030 LZ0AF         235 150       LZ0DG         251 260      
QSO:  3542 CW 2017-08-19 1033 LZ0AF         236 251       LZ0DL         236 191      
QSO:  3545 CW 2017-08-19 1033 LZ0AF         237 236       LZ0FY         243 253      
QSO:  3542 CW 2017-08-19 1034 LZ0AF         238 243       LZ0DR         207 226      
QSO:  3542 CW 2017-08-19 1035 LZ0AF         239 207       LZ0FJ         266 257      
QSO:  3542 CW 2017-08-19 1035 LZ0AF         240 266       LZ0DA         256 227      
QSO:  3542 CW 2017-08-19 1035 LZ0AF         241 256       LZ0AX         223 241      
QSO:  3542 CW 2017-08-19 1036 LZ0AF         242 223       LZ0DN         240 231      
QSO:  3542 CW 2017-08-19 1036 LZ0AF         243 240       LZ0AC         160 166      
QSO:  3540 CW 2017-08-19 1038 LZ0AF         244 160       LZ0DM         243 216      
QSO:  3533 CW 2017-08-19 1038 LZ0AF         245 243       LZ0AJ         270 272      
QSO:  3527 CW 2017-08-19 1039 LZ0AF         246 270       LZ0DP         235 255      
QSO:  3557 CW 2017-08-19 1039 LZ0AF         247 235       LZ0FC         232 159      
QSO:  3554 CW 2017-08-19 1040 LZ0AF         248 232       LZ0DJ         258 259      
QSO:  3514 CW 2017-08-19 1040 LZ0AF         249 258       LZ0AR         242 244      
QSO:  3525 CW 2017-08-19 1041 LZ0AF         250 242       LZ0FA         239 266      
QSO:  3542 CW 2017-08-19 1042 LZ0AF         251 239       LZ0AK         246 235      
QSO:  3542 CW 2017-08-19 1042 LZ0AF         252 246       LZ0AT         279 237      
QSO:  3523 CW 2017-08-19 1043 LZ0AF         253 279       LZ0AV         251 265      
QSO:  3528 CW 2017-08-19 1043 LZ0AF         254 251       LZ0FD         254 263      
QSO:  3537 CW 2017-08-19 1043 LZ0AF         255 254       LZ0AP         234 280      
QSO:  3542 CW 2017-08-19 1045 LZ0AF         256 234       LZ0FX         194 277      
QSO:  3522 CW 2017-08-19 1046 LZ0AF         257 194       LZ0AW         269 282      
QSO:  3519 CW 2017-08-19 1046 LZ0AF         258 269       LZ0AN         279 165      
QSO:  3542 CW 2017-08-19 1047 LZ0AF         259 279       LZ0DW         274 277      
QSO:  3542 CW 2017-08-19 1048 LZ0AF         260 274       LZ0FG         267 282      
QSO:  3532 CW 2017-08-19 1049 LZ0AF         261 267       LZ0AA         235 033      
QSO:  3517 CW 2017-08-19 1049 LZ0AF         262 235       LZ0DZ         285 258      
QSO:  3542 CW 2017-08-19 1050 LZ0AF         263 285       LZ0DD         211 255      
QSO:  3542 CW 2017-08-19 1050 LZ0AF         264 211       LZ0AL         235 256      
QSO:  3542 CW 2017-08-19 1051 LZ0AF         265 235       LZ0FK         036 257      
QSO:  3542 CW 2017-08-19 1051 LZ0AF         266 036       LZ0DT         243 260      
QSO:  3542 CW 2017-08-19 1052 LZ0AF         267 243       LZ0AM         286 221      
QSO:  3520 CW 2017-08-19 1053 LZ0AF         268 286       LZ0FF         270 278      
QSO:  3559 CW 2017-08-19 1054 LZ0AF         269 270       LZ0AY         253 042      
QSO:  3552 CW 2017-08-19 1055 LZ0AF         270 253       LZ0AG         283 289      
QSO:  3542 CW 2017-08-19 1056 LZ0AF         271 283       LZ0DC         304 285      
QSO:  3542 CW 2017-08-19 1057 LZ0AF         272 304       LZ0DV         281 203      
QSO:  3535 CW 2017-08-19 1058 LZ0AF         273 281       LZ0AD         181 286      
QSO:  3550 CW 2017-08-19 1058 LZ0AF         274 181       LZ0AU         141 295      
QSO:  3542 CW 2017-08-19 1059 LZ0AF         275 141       LZ0DY         288 255      
END-OF-LOG:

