START-OF-LOG: 2.0 
CALLSIGN: LZ0AK
CLUB: Romania
CONTEST: LZ-OPEN
CATEGORY: SINGLE-OP
CLAIMED-SCORE: 274
OPERATORS: YO9HP
NAME: Alex Panoiu YO9HP 
ADDRESS: Pleasa 159
ADDRESS: Bucov
ADDRESS: Prahova, 107113
ADDRESS: ROMANIA
CREATED-BY: N1MM Logger+ 1.0.6666.0
QSO:  3537 CW 2017-08-19 0700 LZ0AK         001 000       LZ0DJ         001 000      
QSO:  3537 CW 2017-08-19 0701 LZ0AK         002 001       LZ0AP         001 000      
QSO:  3552 CW 2017-08-19 0702 LZ0AK         003 001       LZ0AF         002 001      
QSO:  3552 CW 2017-08-19 0702 LZ0AK         004 002       LZ0DW         004 003      
QSO:  3552 CW 2017-08-19 0703 LZ0AK         005 004       LZ0DC         006 003      
QSO:  3552 CW 2017-08-19 0703 LZ0AK         006 006       LZ0FD         004 004      
QSO:  3552 CW 2017-08-19 0704 LZ0AK         007 004       LZ0FG         006 007      
QSO:  3552 CW 2017-08-19 0704 LZ0AK         008 006       LZ0AT         010 007      
QSO:  3517 CW 2017-08-19 0706 LZ0AK         009 010       LZ0DZ         013 004      
QSO:  3511 CW 2017-08-19 0707 LZ0AK         010 013       LZ0DG         016 007      
QSO:  3552 CW 2017-08-19 0708 LZ0AK         011 016       LZ0AY         008 012      
QSO:  3520 CW 2017-08-19 0709 LZ0AK         012 008       LZ0FF         018 011      
QSO:  3556 CW 2017-08-19 0710 LZ0AK         013 018       LZ0AM         016 015      
QSO:  3556 CW 2017-08-19 0710 LZ0AK         014 016       LZ0AN         016 011      
QSO:  3556 CW 2017-08-19 0711 LZ0AK         015 016       LZ0DF         013 016      
QSO:  3556 CW 2017-08-19 0711 LZ0AK         016 013       LZ0DA         016 011      
QSO:  3522 CW 2017-08-19 0713 LZ0AK         017 016       LZ0AW         022 012      
QSO:  3523 CW 2017-08-19 0713 LZ0AK         018 022       LZ0AV         014 020      
QSO:  3525 CW 2017-08-19 0714 LZ0AK         019 014       LZ0FA         020 027      
QSO:  3526 CW 2017-08-19 0715 LZ0AK         020 020       LZ0FJ         020 024      
QSO:  3527 CW 2017-08-19 0715 LZ0AK         021 020       LZ0DP         022 028      
QSO:  3556 CW 2017-08-19 0717 LZ0AK         022 022       LZ0FY         020 028      
QSO:  3540 CW 2017-08-19 0718 LZ0AK         023 020       LZ0DM         022 021      
QSO:  3550 CW 2017-08-19 0720 LZ0AK         024 022       LZ0DT         028 018      
QSO:  3514 CW 2017-08-19 0721 LZ0AK         025 028       LZ0DL         033 029      
QSO:  3524 CW 2017-08-19 0723 LZ0AK         026 033       LZ0AC         025 032      
QSO:  3529 CW 2017-08-19 0724 LZ0AK         027 025       LZ0AL         026 033      
QSO:  3532 CW 2017-08-19 0725 LZ0AK         028 026       LZ0DD         017 038      
QSO:  3514 CW 2017-08-19 0726 LZ0AK         029 017       LZ0AR         022 027      
QSO:  3521 CW 2017-08-19 0727 LZ0AK         030 022       LZ0DK         021 037      
QSO:  3534 CW 2017-08-19 0728 LZ0AK         031 021       LZ0FZ         005 030      
QSO:  3548 CW 2017-08-19 0731 LZ0AK         032 005       LZ0AX         033 036      
QSO:  3528 CW 2017-08-19 0733 LZ0AK         033 033       LZ0FD         037 042      
QSO:  3532 CW 2017-08-19 0735 LZ0AK         034 037       LZ0AA         031 036      
QSO:  3517 CW 2017-08-19 0736 LZ0AK         035 031       LZ0DZ         046 045      
QSO:  3537 CW 2017-08-19 0739 LZ0AK         036 046       LZ0AP         043 041      
QSO:  3511 CW 2017-08-19 0740 LZ0AK         037 043       LZ0DG         059 038      
QSO:  3519 CW 2017-08-19 0741 LZ0AK         038 059       LZ0AN         053 028      
QSO:  3513 CW 2017-08-19 0742 LZ0AK         039 053       LZ0DF         043 049      
QSO:  3520 CW 2017-08-19 0742 LZ0AK         040 043       LZ0FF         054 054      
QSO:  3534 CW 2017-08-19 0743 LZ0AK         041 054       LZ0DC         066 030      
QSO:  3559 CW 2017-08-19 0743 LZ0AK         042 066       LZ0AY         046 050      
QSO:  3522 CW 2017-08-19 0744 LZ0AK         043 046       LZ0AW         055 057      
QSO:  3523 CW 2017-08-19 0745 LZ0AK         044 055       LZ0AV         047 051      
QSO:  3525 CW 2017-08-19 0745 LZ0AK         045 047       LZ0FA         049 048      
QSO:  3526 CW 2017-08-19 0746 LZ0AK         046 049       LZ0FJ         056 048      
QSO:  3530 CW 2017-08-19 0746 LZ0AK         047 056       LZ0DV         054 045      
QSO:  3533 CW 2017-08-19 0746 LZ0AK         048 054       LZ0AJ         060 068      
QSO:  3535 CW 2017-08-19 0747 LZ0AK         049 060       LZ0DR         047 039      
QSO:  3540 CW 2017-08-19 0748 LZ0AK         050 047       LZ0DM         052 047      
QSO:  3539 CW 2017-08-19 0748 LZ0AK         051 052       LZ0AD         055 048      
QSO:  3518 CW 2017-08-19 0749 LZ0AK         052 055       LZ0DW         059 052      
QSO:  3547 CW 2017-08-19 0750 LZ0AK         053 059       LZ0AM         058 051      
QSO:  3547 CW 2017-08-19 0751 LZ0AK         054 058       LZ0AT         068 032      
QSO:  3545 CW 2017-08-19 0752 LZ0AK         055 068       LZ0FG         062 056      
QSO:  3550 CW 2017-08-19 0752 LZ0AK         056 062       LZ0AU         030 057      
QSO:  3545 CW 2017-08-19 0753 LZ0AK         057 030       LZ0FY         055 025      
QSO:  3550 CW 2017-08-19 0754 LZ0AK         058 055       LZ0DT         069 063      
QSO:  3547 CW 2017-08-19 0755 LZ0AK         059 069       LZ0DN         060 058      
QSO:  3547 CW 2017-08-19 0756 LZ0AK         060 060       LZ0AL         057 071      
QSO:  3514 CW 2017-08-19 0756 LZ0AK         061 057       LZ0AR         059 057      
QSO:  3547 CW 2017-08-19 0757 LZ0AK         062 059       LZ0DA         065 061      
QSO:  3547 CW 2017-08-19 0758 LZ0AK         063 065       LZ0AC         065 058      
QSO:  3521 CW 2017-08-19 0759 LZ0AK         064 065       LZ0DK         042 062      
QSO:  3547 CW 2017-08-19 0800 LZ0AK         065 042       LZ0DD         046 078      
QSO:  3547 CW 2017-08-19 0800 LZ0AK         066 046       LZ0DY         075 061      
QSO:  3545 CW 2017-08-19 0802 LZ0AK         067 075       LZ0AX         072 071      
QSO:  3509 CW 2017-08-19 0802 LZ0AK         068 072       LZ0FX         042 065      
QSO:  3528 CW 2017-08-19 0804 LZ0AK         069 042       LZ0FD         070 076      
QSO:  3527 CW 2017-08-19 0806 LZ0AK         070 070       LZ0DP         066 075      
QSO:  3517 CW 2017-08-19 0807 LZ0AK         071 066       LZ0DZ         080 074      
QSO:  3532 CW 2017-08-19 0807 LZ0AK         072 080       LZ0AA         065 073      
QSO:  3552 CW 2017-08-19 0809 LZ0AK         073 065       LZ0AG         078 038      
QSO:  3537 CW 2017-08-19 0810 LZ0AK         074 078       LZ0AP         075 071      
QSO:  3511 CW 2017-08-19 0811 LZ0AK         075 075       LZ0DG         094 073      
QSO:  3520 CW 2017-08-19 0813 LZ0AK         076 094       LZ0FF         085 077      
QSO:  3534 CW 2017-08-19 0813 LZ0AK         077 085       LZ0DC         105 091      
QSO:  3554 CW 2017-08-19 0814 LZ0AK         078 105       LZ0DJ         089 082      
QSO:  3543 CW 2017-08-19 0816 LZ0AK         079 089       LZ0DU         019 088      
QSO:  3541 CW 2017-08-19 0816 LZ0AK         080 019       LZ0AF         084 060      
QSO:  3533 CW 2017-08-19 0818 LZ0AK         081 084       LZ0AJ         097 076      
QSO:  3525 CW 2017-08-19 0819 LZ0AK         082 097       LZ0FA         085 095      
QSO:  3522 CW 2017-08-19 0820 LZ0AK         083 085       LZ0AW         099 094      
QSO:  3523 CW 2017-08-19 0820 LZ0AK         084 099       LZ0AV         088 087      
QSO:  3513 CW 2017-08-19 0821 LZ0AK         085 088       LZ0DF         093 094      
QSO:  3526 CW 2017-08-19 0822 LZ0AK         086 093       LZ0FJ         103 102      
QSO:  3534 CW 2017-08-19 0822 LZ0AK         087 103       LZ0FZ         029 089      
QSO:  3540 CW 2017-08-19 0823 LZ0AK         088 029       LZ0DM         093 086      
QSO:  3535 CW 2017-08-19 0824 LZ0AK         089 093       LZ0DR         087 055      
QSO:  3546 CW 2017-08-19 0825 LZ0AK         090 087       LZ0FY         086 071      
QSO:  3547 CW 2017-08-19 0827 LZ0AK         091 086       LZ0DW         104 033      
QSO:  3547 CW 2017-08-19 0828 LZ0AK         092 104       LZ0DA         102 093      
QSO:  3514 CW 2017-08-19 0829 LZ0AK         093 102       LZ0AR         092 106      
QSO:  3530 CW 2017-08-19 0829 LZ0AK         094 092       LZ0DV         098 105      
QSO:  3547 CW 2017-08-19 0831 LZ0AK         095 098       LZ0AM         108 104      
QSO:  3547 CW 2017-08-19 0831 LZ0AK         096 108       LZ0FG         105 099      
QSO:  3547 CW 2017-08-19 0831 LZ0AK         097 105       LZ0DY         111 089      
QSO:  3547 CW 2017-08-19 0832 LZ0AK         098 111       LZ0DL         107 100      
QSO:  3547 CW 2017-08-19 0832 LZ0AK         099 107       LZ0AT         116 101      
QSO:  3547 CW 2017-08-19 0832 LZ0AK         100 116       LZ0AX         102 106      
QSO:  3547 CW 2017-08-19 0833 LZ0AK         101 102       LZ0DN         099 112      
QSO:  3547 CW 2017-08-19 0835 LZ0AK         102 099       LZ0DD         081 103      
QSO:  3528 CW 2017-08-19 0835 LZ0AK         103 081       LZ0FD         106 114      
QSO:  3519 CW 2017-08-19 0836 LZ0AK         102 106       LZ0AN         117 106      
QSO:  3527 CW 2017-08-19 0837 LZ0AK         102 117       LZ0DP         095 101      
QSO:  3547 CW 2017-08-19 0840 LZ0AK         104 095       LZ0DT         103 118      
QSO:  3547 CW 2017-08-19 0840 LZ0AK         105 103       LZ0AL         101 122      
QSO:  3511 CW 2017-08-19 0842 LZ0AK         106 101       LZ0DG         130 110      
QSO:  3517 CW 2017-08-19 0843 LZ0AK         107 130       LZ0DZ         128 112      
QSO:  3532 CW 2017-08-19 0844 LZ0AK         108 128       LZ0AA         107 116      
QSO:  3547 CW 2017-08-19 0844 LZ0AK         109 107       LZ0FX         080 106      
QSO:  3537 CW 2017-08-19 0845 LZ0AK         110 080       LZ0AP         110 091      
QSO:  3555 CW 2017-08-19 0847 LZ0AK         111 110       LZ0AU         065 128      
QSO:  3520 CW 2017-08-19 0848 LZ0AK         112 065       LZ0FF         127 120      
QSO:  3547 CW 2017-08-19 0849 LZ0AK         113 127       LZ0DK         077 111      
QSO:  3554 CW 2017-08-19 0850 LZ0AK         114 077       LZ0DJ         128 106      
QSO:  3559 CW 2017-08-19 0852 LZ0AK         115 128       LZ0AY         120 127      
QSO:  3522 CW 2017-08-19 0852 LZ0AK         116 120       LZ0AW         139 118      
QSO:  3540 CW 2017-08-19 0854 LZ0AK         117 139       LZ0DM         124 110      
QSO:  3541 CW 2017-08-19 0854 LZ0AK         118 124       LZ0AF         126 128      
QSO:  3512 CW 2017-08-19 0855 LZ0AK         119 126       LZ0DF         122 151      
QSO:  3534 CW 2017-08-19 0856 LZ0AK         120 122       LZ0DC         153 049      
QSO:  3535 CW 2017-08-19 0856 LZ0AK         121 153       LZ0DR         122 123      
QSO:  3525 CW 2017-08-19 0857 LZ0AK         122 122       LZ0FA         124 131      
QSO:  3526 CW 2017-08-19 0858 LZ0AK         123 124       LZ0FJ         146 143      
QSO:  3546 CW 2017-08-19 0859 LZ0AK         124 146       LZ0FY         127 133      
QSO:  3523 CW 2017-08-19 0859 LZ0AK         125 127       LZ0AV         127 141      
QSO:  3514 CW 2017-08-19 0900 LZ0AK         126 127       LZ0AR         122 132      
QSO:  3530 CW 2017-08-19 0900 LZ0AK         127 122       LZ0DV         135 145      
QSO:  3533 CW 2017-08-19 0901 LZ0AK         128 135       LZ0AJ         146 124      
QSO:  3547 CW 2017-08-19 0902 LZ0AK         129 146       LZ0AX         131 138      
QSO:  3547 CW 2017-08-19 0902 LZ0AK         130 131       LZ0AM         149 098      
QSO:  3547 CW 2017-08-19 0903 LZ0AK         131 149       LZ0AT         155 120      
QSO:  3547 CW 2017-08-19 0904 LZ0AK         132 155       LZ0DA         144 144      
QSO:  3547 CW 2017-08-19 0904 LZ0AK         133 144       LZ0DW         149 145      
QSO:  3547 CW 2017-08-19 0904 LZ0AK         134 149       LZ0DN         137 151      
QSO:  3547 CW 2017-08-19 0906 LZ0AK         135 137       LZ0DL         151 073      
QSO:  3547 CW 2017-08-19 0906 LZ0AK         136 151       LZ0DD         109 135      
QSO:  3547 CW 2017-08-19 0907 LZ0AK         137 109       LZ0FC         127 149      
QSO:  3547 CW 2017-08-19 0908 LZ0AK         138 127       LZ0DY         150 149      
QSO:  3547 CW 2017-08-19 0908 LZ0AK         139 150       LZ0AN         157 156      
QSO:  3547 CW 2017-08-19 0909 LZ0AK         140 157       LZ0DU         066 055      
QSO:  3550 CW 2017-08-19 0911 LZ0AK         141 066       LZ0DT         135 111      
QSO:  3511 CW 2017-08-19 0913 LZ0AK         142 135       LZ0FZ         060 130      
QSO:  3528 CW 2017-08-19 0914 LZ0AK         143 060       LZ0FD         149 139      
QSO:  3532 CW 2017-08-19 0915 LZ0AK         144 149       LZ0AA         145 166      
QSO:  3537 CW 2017-08-19 0916 LZ0AK         144 145       LZ0AP         140 162      
QSO:  3547 CW 2017-08-19 0917 LZ0AK         145 140       LZ0DZ         170 155      
QSO:  3547 CW 2017-08-19 0918 LZ0AK         146 170       LZ0FX         110 144      
QSO:  3552 CW 2017-08-19 0919 LZ0AK         147 110       LZ0AG         162 167      
QSO:  3511 CW 2017-08-19 0919 LZ0AK         148 162       LZ0DG         167 156      
QSO:  3520 CW 2017-08-19 0920 LZ0AK         149 167       LZ0FF         167 146      
QSO:  3529 CW 2017-08-19 0921 LZ0AK         150 167       LZ0AL         147 167      
QSO:  3554 CW 2017-08-19 0922 LZ0AK         151 147       LZ0DJ         168 178      
QSO:  3559 CW 2017-08-19 0923 LZ0AK         152 168       LZ0AY         154 166      
QSO:  3522 CW 2017-08-19 0924 LZ0AK         153 154       LZ0AW         175 177      
QSO:  3540 CW 2017-08-19 0925 LZ0AK         154 175       LZ0DM         161 157      
QSO:  3541 CW 2017-08-19 0925 LZ0AK         155 161       LZ0AF         163 164      
QSO:  3527 CW 2017-08-19 0926 LZ0AK         156 163       LZ0DP         155 175      
QSO:  3512 CW 2017-08-19 0927 LZ0AK         157 155       LZ0DF         155 190      
QSO:  3525 CW 2017-08-19 0927 LZ0AK         158 155       LZ0FA         158 170      
QSO:  3535 CW 2017-08-19 0928 LZ0AK         159 158       LZ0DR         154 167      
QSO:  3534 CW 2017-08-19 0928 LZ0AK         160 154       LZ0DC         193 187      
QSO:  3547 CW 2017-08-19 0929 LZ0AK         161 193       LZ0AD         104 151      
QSO:  3547 CW 2017-08-19 0930 LZ0AK         162 104       LZ0FY         164 170      
QSO:  3514 CW 2017-08-19 0931 LZ0AK         163 164       LZ0AR         160 163      
QSO:  3533 CW 2017-08-19 0932 LZ0AK         164 160       LZ0AJ         185 155      
QSO:  3551 CW 2017-08-19 0933 LZ0AK         165 185       LZ0AU         089 164      
QSO:  3530 CW 2017-08-19 0933 LZ0AK         166 089       LZ0DV         174 184      
QSO:  3547 CW 2017-08-19 0934 LZ0AK         167 174       LZ0DN         170 163      
QSO:  3547 CW 2017-08-19 0935 LZ0AK         168 170       LZ0DA         180 170      
QSO:  3547 CW 2017-08-19 0935 LZ0AK         169 180       LZ0AM         190 190      
QSO:  3547 CW 2017-08-19 0936 LZ0AK         170 190       LZ0AT         198 171      
QSO:  3547 CW 2017-08-19 0936 LZ0AK         171 198       LZ0DD         136 169      
QSO:  3547 CW 2017-08-19 0937 LZ0AK         172 136       LZ0AX         167 160      
QSO:  3557 CW 2017-08-19 0938 LZ0AK         173 167       LZ0FC         163 202      
QSO:  3535 CW 2017-08-19 0939 LZ0AK         174 163       LZ0DU         099 194      
QSO:  3526 CW 2017-08-19 0941 LZ0AK         175 099       LZ0FJ         197 206      
QSO:  3523 CW 2017-08-19 0941 LZ0AK         176 197       LZ0AV         177 171      
QSO:  3520 CW 2017-08-19 0942 LZ0AK         177 177       LZ0AN         196 180      
QSO:  3518 CW 2017-08-19 0942 LZ0AK         178 196       LZ0DW         197 194      
QSO:  3510 CW 2017-08-19 0944 LZ0AK         179 197       LZ0FZ         081 197      
QSO:  3547 CW 2017-08-19 0945 LZ0AK         180 081       LZ0DY         198 174      
QSO:  3532 CW 2017-08-19 0946 LZ0AK         181 198       LZ0AA         179 202      
QSO:  3528 CW 2017-08-19 0946 LZ0AK         182 179       LZ0FD         186 168      
QSO:  3537 CW 2017-08-19 0946 LZ0AK         183 186       LZ0AP         171 168      
QSO:  3550 CW 2017-08-19 0947 LZ0AK         184 171       LZ0DT         171 205      
QSO:  3517 CW 2017-08-19 0948 LZ0AK         185 171       LZ0DZ         211 110      
QSO:  3520 CW 2017-08-19 0950 LZ0AK         186 211       LZ0FF         201 170      
QSO:  3529 CW 2017-08-19 0952 LZ0AK         187 201       LZ0FX         140 200      
QSO:  3554 CW 2017-08-19 0952 LZ0AK         188 140       LZ0DJ         205 217      
QSO:  3547 CW 2017-08-19 0953 LZ0AK         189 205       LZ0AL         180 182      
QSO:  3547 CW 2017-08-19 0954 LZ0AK         190 180       LZ0DL         194 173      
QSO:  3559 CW 2017-08-19 0955 LZ0AK         191 194       LZ0AY         188 184      
QSO:  3522 CW 2017-08-19 0955 LZ0AK         192 188       LZ0AW         209 200      
QSO:  3542 CW 2017-08-19 0956 LZ0AK         193 209       LZ0AF         199 175      
QSO:  3527 CW 2017-08-19 0956 LZ0AK         194 199       LZ0DP         190 211      
QSO:  3547 CW 2017-08-19 0958 LZ0AK         195 190       LZ0DX         110 195      
QSO:  3540 CW 2017-08-19 0958 LZ0AK         196 110       LZ0DM         202 206      
QSO:  3552 CW 2017-08-19 0959 LZ0AK         197 202       LZ0AG         208 188      
QSO:  3512 CW 2017-08-19 0959 LZ0AK         198 208       LZ0DF         192 199      
QSO:  3525 CW 2017-08-19 1000 LZ0AK         199 192       LZ0FA         191 178      
QSO:  3547 CW 2017-08-19 1001 LZ0AK         200 191       LZ0FY         202 226      
QSO:  3533 CW 2017-08-19 1003 LZ0AK         201 202       LZ0AJ         224 190      
QSO:  3514 CW 2017-08-19 1003 LZ0AK         202 224       LZ0AR         195 234      
QSO:  3547 CW 2017-08-19 1004 LZ0AK         203 195       LZ0DN         203 195      
QSO:  3547 CW 2017-08-19 1005 LZ0AK         204 203       LZ0DC         238 132      
QSO:  3547 CW 2017-08-19 1005 LZ0AK         205 238       LZ0DA         220 205      
QSO:  3547 CW 2017-08-19 1006 LZ0AK         206 220       LZ0AM         231 227      
QSO:  3547 CW 2017-08-19 1008 LZ0AK         207 231       LZ0DK         132 184      
QSO:  3547 CW 2017-08-19 1008 LZ0AK         208 132       LZ0AT         237 232      
QSO:  3557 CW 2017-08-19 1010 LZ0AK         209 237       LZ0FC         198 135      
QSO:  3530 CW 2017-08-19 1011 LZ0AK         210 198       LZ0DV         220 109      
QSO:  3526 CW 2017-08-19 1012 LZ0AK         211 220       LZ0FJ         237 126      
QSO:  3523 CW 2017-08-19 1012 LZ0AK         212 237       LZ0AV         213 214      
QSO:  3520 CW 2017-08-19 1013 LZ0AK         213 213       LZ0AN         237 125      
QSO:  3535 CW 2017-08-19 1013 LZ0AK         214 237       LZ0AD         137 201      
QSO:  3547 CW 2017-08-19 1014 LZ0AK         215 137       LZ0DD         176 198      
QSO:  3547 CW 2017-08-19 1015 LZ0AK         216 176       LZ0DY         235 253      
QSO:  3547 CW 2017-08-19 1016 LZ0AK         217 235       LZ0DW         235 210      
QSO:  3537 CW 2017-08-19 1017 LZ0AK         218 235       LZ0AP         205 218      
QSO:  3528 CW 2017-08-19 1018 LZ0AK         219 205       LZ0FD         223 142      
QSO:  3517 CW 2017-08-19 1018 LZ0AK         220 223       LZ0DZ         248 202      
QSO:  3550 CW 2017-08-19 1019 LZ0AK         221 248       LZ0DT         209 008      
QSO:  3547 CW 2017-08-19 1020 LZ0AK         222 209       LZ0FG         232 248      
QSO:  3520 CW 2017-08-19 1024 LZ0AK         223 232       LZ0FF         236 254      
QSO:  3550 CW 2017-08-19 1025 LZ0AK         224 236       LZ0AU         123 226      
QSO:  3522 CW 2017-08-19 1026 LZ0AK         225 123       LZ0AW         245 016      
QSO:  3527 CW 2017-08-19 1026 LZ0AK         226 245       LZ0DP         225 248      
QSO:  3532 CW 2017-08-19 1027 LZ0AK         227 225       LZ0AA         220 244      
QSO:  3547 CW 2017-08-19 1028 LZ0AK         228 220       LZ0AX         213 234      
QSO:  3547 CW 2017-08-19 1028 LZ0AK         229 213       LZ0DL         230 153      
QSO:  3547 CW 2017-08-19 1029 LZ0AK         230 230       LZ0AL         213 269      
QSO:  3511 CW 2017-08-19 1030 LZ0AK         230 230       LZ0DG         252 235      
QSO:  3540 CW 2017-08-19 1032 LZ0AK         231 252       LZ0DM         237 263      
QSO:  3547 CW 2017-08-19 1034 LZ0AK         232 237       LZ0FX         184 226      
QSO:  3547 CW 2017-08-19 1034 LZ0AK         233 184       LZ0DN         238 255      
QSO:  3547 CW 2017-08-19 1035 LZ0AK         234 238       LZ0FY         244 237      
QSO:  3547 CW 2017-08-19 1035 LZ0AK         235 244       LZ0DX         147 229      
QSO:  3547 CW 2017-08-19 1036 LZ0AK         236 147       LZ0DU         146 253      
QSO:  3547 CW 2017-08-19 1036 LZ0AK         237 146       LZ0DC         281 158      
QSO:  3547 CW 2017-08-19 1037 LZ0AK         238 281       LZ0AC         162 247      
QSO:  3547 CW 2017-08-19 1037 LZ0AK         239 162       LZ0AM         271 267      
QSO:  3514 CW 2017-08-19 1039 LZ0AK         240 271       LZ0AR         239 217      
QSO:  3512 CW 2017-08-19 1039 LZ0AK         241 239       LZ0DF         232 245      
QSO:  3533 CW 2017-08-19 1039 LZ0AK         242 232       LZ0AJ         272 261      
QSO:  3559 CW 2017-08-19 1040 LZ0AK         243 272       LZ0AY         234 160      
QSO:  3554 CW 2017-08-19 1040 LZ0AK         244 234       LZ0DJ         261 266      
QSO:  3557 CW 2017-08-19 1041 LZ0AK         245 261       LZ0FC         235 269      
QSO:  3542 CW 2017-08-19 1042 LZ0AK         246 235       LZ0AF         251 239      
QSO:  3530 CW 2017-08-19 1042 LZ0AK         247 251       LZ0DV         259 243      
QSO:  3525 CW 2017-08-19 1042 LZ0AK         248 259       LZ0FA         241 249      
QSO:  3523 CW 2017-08-19 1043 LZ0AK         249 241       LZ0AV         252 253      
QSO:  3519 CW 2017-08-19 1043 LZ0AK         250 252       LZ0AN         276 026      
QSO:  3526 CW 2017-08-19 1044 LZ0AK         251 276       LZ0FJ         278 159      
QSO:  3552 CW 2017-08-19 1044 LZ0AK         252 278       LZ0AG         265 278      
QSO:  3547 CW 2017-08-19 1045 LZ0AK         253 265       LZ0AT         283 268      
QSO:  3547 CW 2017-08-19 1045 LZ0AK         254 283       LZ0DK         166 278      
QSO:  3531 CW 2017-08-19 1046 LZ0AK         255 166       LZ0DY         276 292      
QSO:  3535 CW 2017-08-19 1047 LZ0AK         256 276       LZ0AD         170 266      
QSO:  3537 CW 2017-08-19 1048 LZ0AK         257 170       LZ0AP         237 264      
QSO:  3517 CW 2017-08-19 1048 LZ0AK         258 237       LZ0DZ         284 157      
QSO:  3528 CW 2017-08-19 1050 LZ0AK         259 284       LZ0FD         264 254      
QSO:  3550 CW 2017-08-19 1051 LZ0AK         260 264       LZ0DT         242 212      
QSO:  3547 CW 2017-08-19 1051 LZ0AK         261 242       LZ0DD         214 247      
QSO:  3547 CW 2017-08-19 1052 LZ0AK         262 214       LZ0DA         280 240      
QSO:  3547 CW 2017-08-19 1052 LZ0AK         263 280       LZ0FK         039 260      
QSO:  3547 CW 2017-08-19 1055 LZ0AK         264 039       LZ0FF         272 258      
QSO:  3522 CW 2017-08-19 1056 LZ0AK         265 272       LZ0AW         284 258      
QSO:  3527 CW 2017-08-19 1057 LZ0AK         266 284       LZ0DP         264 284      
QSO:  3532 CW 2017-08-19 1057 LZ0AK         267 264       LZ0AA         252 299      
QSO:  3547 CW 2017-08-19 1058 LZ0AK         268 252       LZ0AX         242 271      
QSO:  3547 CW 2017-08-19 1059 LZ0AK         269 242       LZ0AL         247 288
QSO:  3511 CW 2017-08-19 1059 LZ0AK         270 247       LZ0DG         291 286      
END-OF-LOG:
