START-OF-LOG: 2.0 
CALLSIGN: LZ0AN
CLUB: Romania
SOAPBOX: RADIO BIKE TEAM
CONTEST: LZ-OPEN
CATEGORY: SINGLE-OP 80M QRP CW
CLAIMED-SCORE: 298
OPERATORS: YO9WF
NAME: Ionut Pitigoi YO9WF
ADDRESS: P.O.BOX 16
ADDRESS: PUCIOASA, DB 135400
ADDRESS: ROMANIA
CREATED-BY: N1MM Logger V14.8.0
QSO:  3529 CW 2017-08-19 0700 LZ0AN         001 000       LZ0DL         001 000      
QSO:  3530 CW 2017-08-19 0701 LZ0AN         002 001       LZ0DV         001 000      
QSO:  3531 CW 2017-08-19 0701 LZ0AN         003 001       LZ0DY         003 001      
QSO:  3520 CW 2017-08-19 0702 LZ0AN         004 003       LZ0FF         002 001      
QSO:  3533 CW 2017-08-19 0703 LZ0AN         005 002       LZ0AJ         003 003      
QSO:  3511 CW 2017-08-19 0703 LZ0AN         006 003       LZ0DG         007 004      
QSO:  3537 CW 2017-08-19 0704 LZ0AN         007 007       LZ0AP         005 007      
QSO:  3517 CW 2017-08-19 0705 LZ0AN         008 005       LZ0DZ         010 004      
QSO:  3540 CW 2017-08-19 0706 LZ0AN         009 010       LZ0DM         005 005      
QSO:  3545 CW 2017-08-19 0707 LZ0AN         010 005       LZ0FG         009 006      
QSO:  3545 CW 2017-08-19 0707 LZ0AN         011 009       LZ0FY         007 006      
QSO:  3550 CW 2017-08-19 0708 LZ0AN         012 007       LZ0DT         010 007      
QSO:  3534 CW 2017-08-19 0709 LZ0AN         013 010       LZ0DC         020 008      
QSO:  3532 CW 2017-08-19 0710 LZ0AN         014 020       LZ0AA         015 010      
QSO:  3555 CW 2017-08-19 0711 LZ0AN         015 015       LZ0AU         011 009      
QSO:  3556 CW 2017-08-19 0711 LZ0AN         016 011       LZ0AK         014 016      
QSO:  3528 CW 2017-08-19 0712 LZ0AN         017 014       LZ0FD         017 012      
QSO:  3525 CW 2017-08-19 0712 LZ0AN         018 017       LZ0FA         017 019      
QSO:  3524 CW 2017-08-19 0713 LZ0AN         019 017       LZ0AC         002 016      
QSO:  3523 CW 2017-08-19 0713 LZ0AN         020 002       LZ0AV         013 013      
QSO:  3522 CW 2017-08-19 0714 LZ0AN         021 013       LZ0AW         020 017       
QSO:  3509 CW 2017-08-19 0715 LZ0AN         022 020       LZ0FX         008 018      
QSO:  3559 CW 2017-08-19 0716 LZ0AN         023 008       LZ0AY         017 022      
QSO:  3552 CW 2017-08-19 0717 LZ0AN         024 017       LZ0DN         018 022      
QSO:  3557 CW 2017-08-19 0718 LZ0AN         025 018       LZ0FC         016 017      
QSO:  3545 CW 2017-08-19 0718 LZ0AN         026 016       LZ0AX         021 026      
QSO:  3535 CW 2017-08-19 0719 LZ0AN         027 021       LZ0AD         025 024      
QSO:  3526 CW 2017-08-19 0720 LZ0AN         028 025       LZ0FJ         025 019      
QSO:  3513 CW 2017-08-19 0721 LZ0AN         029 025       LZ0DF         027 022      
QSO:  3516 CW 2017-08-19 0722 LZ0AN         030 027       LZ0AM         031 026      
QSO:  3518 CW 2017-08-19 0722 LZ0AN         031 031       LZ0DW         028 023      
QSO:  3519 CW 2017-08-19 0724 LZ0AN         032 028       LZ0AT         033 023      
QSO:  3530 CW 2017-08-19 0725 LZ0AN         033 033       LZ0DA         032 035      
QSO:  3533 CW 2017-08-19 0727 LZ0AN         034 032       LZ0DD         020 032      
QSO:  3534 CW 2017-08-19 0728 LZ0AN         035 020       LZ0FZ         003 039      
QSO:  3535 CW 2017-08-19 0728 LZ0AN         036 003       LZ0DR         026 040      
QSO:  3519 CW 2017-08-19 0730 LZ0AN         037 026       LZ0AF         032 031      
QSO:  3519 CW 2017-08-19 0731 LZ0AN         038 032       LZ0DJ         034 033      
QSO:  3519 CW 2017-08-19 0731 LZ0AN         039 034       LZ0DY         036 025      
QSO:  3530 CW 2017-08-19 0732 LZ0AN         040 036       LZ0DV         035 027      
QSO:  3520 CW 2017-08-19 0732 LZ0AN         041 035       LZ0FF         035 039      
QSO:  3533 CW 2017-08-19 0733 LZ0AN         042 035       LZ0AJ         037 034      
QSO:  3537 CW 2017-08-19 0734 LZ0AN         043 037       LZ0AP         032 032      
QSO:  3511 CW 2017-08-19 0735 LZ0AN         044 032       LZ0DG         050 036      
QSO:  3517 CW 2017-08-19 0735 LZ0AN         045 050       LZ0DZ         045 038      
QSO:  3540 CW 2017-08-19 0736 LZ0AN         046 045       LZ0DM         036 040      
QSO:  3545 CW 2017-08-19 0737 LZ0AN         047 036       LZ0FY         038 045      
QSO:  3519 CW 2017-08-19 0738 LZ0AN         048 038       LZ0FG         042 037      
QSO:  3550 CW 2017-08-19 0739 LZ0AN         049 042       LZ0DT         046 041      
QSO:  3534 CW 2017-08-19 0740 LZ0AN         050 046       LZ0DC         059 039      
QSO:  3532 CW 2017-08-19 0740 LZ0AN         051 059       LZ0AA         038 030      
QSO:  3519 CW 2017-08-19 0741 LZ0AN         052 038       LZ0DK         028 050      
QSO:  3519 CW 2017-08-19 0742 LZ0AN         053 028       LZ0AK         038 059      
QSO:  3528 CW 2017-08-19 0742 LZ0AN         054 038       LZ0FD         046 026      
QSO:  3525 CW 2017-08-19 0743 LZ0AN         055 046       LZ0FA         043 049      
QSO:  3524 CW 2017-08-19 0744 LZ0AN         056 043       LZ0AC         043 048      
QSO:  3522 CW 2017-08-19 0744 LZ0AN         057 043       LZ0AW         054 042      
QSO:  3523 CW 2017-08-19 0744 LZ0AN         058 054       LZ0AV         045 044      
QSO:  3519 CW 2017-08-19 0745 LZ0AN         059 045       LZ0AL         047 046      
QSO:  3559 CW 2017-08-19 0746 LZ0AN         060 047       LZ0AY         048 050      
QSO:  3557 CW 2017-08-19 0749 LZ0AN         061 048       LZ0FC         042 055      
QSO:  3552 CW 2017-08-19 0750 LZ0AN         062 042       LZ0AG         056 038      
QSO:  3545 CW 2017-08-19 0750 LZ0AN         063 056       LZ0AX         053 058      
QSO:  3519 CW 2017-08-19 0751 LZ0AN         064 053       LZ0FJ         064 059      
QSO:  3519 CW 2017-08-19 0752 LZ0AN         065 064       LZ0AD         057 061      
QSO:  3519 CW 2017-08-19 0752 LZ0AN         066 057       LZ0DW         061 046      
QSO:  3516 CW 2017-08-19 0752 LZ0AN         067 061       LZ0AM         063 056      
QSO:  3527 CW 2017-08-19 0753 LZ0AN         068 063       LZ0DP         053 038      
QSO:  3519 CW 2017-08-19 0754 LZ0AN         069 053       LZ0AT         072 062      
QSO:  3509 CW 2017-08-19 0756 LZ0AN         070 072       LZ0FX         030 070      
QSO:  3519 CW 2017-08-19 0759 LZ0AN         071 030       LZ0DA         066 062      
QSO:  3535 CW 2017-08-19 0802 LZ0AN         072 066       LZ0DR         064 070      
QSO:  3520 CW 2017-08-19 0802 LZ0AN         073 064       LZ0FF         067 065      
QSO:  3530 CW 2017-08-19 0802 LZ0AN         074 067       LZ0DV         069 036      
QSO:  3513 CW 2017-08-19 0803 LZ0AN         075 069       LZ0DF         067 079      
QSO:  3533 CW 2017-08-19 0803 LZ0AN         076 067       LZ0AJ         073 064      
QSO:  3519 CW 2017-08-19 0804 LZ0AN         077 073       LZ0DL         082 071      
QSO:  3537 CW 2017-08-19 0804 LZ0AN         078 082       LZ0AP         066 077      
QSO:  3519 CW 2017-08-19 0805 LZ0AN         079 066       LZ0DJ         074 085      
QSO:  3517 CW 2017-08-19 0806 LZ0AN         080 074       LZ0DZ         076 087      
QSO:  3540 CW 2017-08-19 0806 LZ0AN         081 076       LZ0DM         072 062      
QSO:  3545 CW 2017-08-19 0807 LZ0AN         082 072       LZ0FY         068 069      
QSO:  3511 CW 2017-08-19 0807 LZ0AN         083 068       LZ0DG         087 076      
QSO:  3519 CW 2017-08-19 0808 LZ0AN         084 087       LZ0AF         069 072      
QSO:  3550 CW 2017-08-19 0809 LZ0AN         085 069       LZ0AU         039 077      
QSO:  3521 CW 2017-08-19 0811 LZ0AN         086 039       LZ0DK         049 090      
QSO:  3534 CW 2017-08-19 0812 LZ0AN         087 049       LZ0DC         101 083      
QSO:  3550 CW 2017-08-19 0813 LZ0AN         088 101       LZ0DT         083 102      
QSO:  3525 CW 2017-08-19 0813 LZ0AN         089 083       LZ0FA         074 082      
QSO:  3528 CW 2017-08-19 0813 LZ0AN         090 074       LZ0FD         081 046      
QSO:  3532 CW 2017-08-19 0814 LZ0AN         091 081       LZ0AA         075 086      
QSO:  3523 CW 2017-08-19 0814 LZ0AN         092 075       LZ0AV         079 075      
QSO:  3522 CW 2017-08-19 0814 LZ0AN         093 079       LZ0AW         090 078      
QSO:  3545 CW 2017-08-19 0815 LZ0AN         094 090       LZ0FG         086 078      
QSO:  3529 CW 2017-08-19 0817 LZ0AN         095 086       LZ0AL         083 085      
QSO:  3514 CW 2017-08-19 0817 LZ0AN         096 083       LZ0AR         077 083      
QSO:  3559 CW 2017-08-19 0818 LZ0AN         097 077       LZ0AY         084 082      
QSO:  3519 CW 2017-08-19 0819 LZ0AN         098 084       LZ0DY         097 086      
QSO:  3535 CW 2017-08-19 0819 LZ0AN         099 097       LZ0DD         063 083      
QSO:  3557 CW 2017-08-19 0821 LZ0AN         100 063       LZ0FC         080 092      
QSO:  3524 CW 2017-08-19 0821 LZ0AN         101 080       LZ0AC         090 097      
QSO:  3526 CW 2017-08-19 0822 LZ0AN         102 090       LZ0FJ         102 098      
QSO:  3516 CW 2017-08-19 0822 LZ0AN         103 102       LZ0AM         097 085      
QSO:  3534 CW 2017-08-19 0823 LZ0AN         104 097       LZ0FZ         030 087      
QSO:  3527 CW 2017-08-19 0824 LZ0AN         105 030       LZ0DP         087 090      
QSO:  3518 CW 2017-08-19 0825 LZ0AN         106 087       LZ0DW         100 100      
QSO:  3552 CW 2017-08-19 0826 LZ0AN         107 100       LZ0AG         097 090      
QSO:  3519 CW 2017-08-19 0826 LZ0AN         108 097       LZ0AT         110 091      
QSO:  3519 CW 2017-08-19 0830 LZ0AN         109 110       LZ0DA         104 064      
QSO:  3519 CW 2017-08-19 0831 LZ0AN         110 104       LZ0FX         066 106      
QSO:  3530 CW 2017-08-19 0832 LZ0AN         111 066       LZ0DV         101 110      
QSO:  3520 CW 2017-08-19 0833 LZ0AN         112 101       LZ0FF         103 097      
QSO:  3513 CW 2017-08-19 0833 LZ0AN         113 103       LZ0DF         101 094      
QSO:  3533 CW 2017-08-19 0834 LZ0AN         114 101       LZ0AJ         109 101      
QSO:  3519 CW 2017-08-19 0835 LZ0AN         115 109       LZ0DJ         109 123      
QSO:  3519 CW 2017-08-19 0836 LZ0AN         116 109       LZ0AX         106 117      
QSO:  3519 CW 2017-08-19 0837 LZ0AN         117 106       LZ0AK         102 099      
QSO:  3519 CW 2017-08-19 0837 LZ0AN         118 102       LZ0DZ         115 122      
QSO:  3519 CW 2017-08-19 0838 LZ0AN         119 115       LZ0DR         098 034      
QSO:  3519 CW 2017-08-19 0839 LZ0AN         120 098       LZ0AF         106 108      
QSO:  3511 CW 2017-08-19 0840 LZ0AN         121 106       LZ0DG         125 119      
QSO:  3540 CW 2017-08-19 0841 LZ0AN         122 125       LZ0DM         110 120      
QSO:  3545 CW 2017-08-19 0841 LZ0AN         123 110       LZ0FY         107 121      
QSO:  3537 CW 2017-08-19 0842 LZ0AN         124 107       LZ0AP         101 108      
QSO:  3525 CW 2017-08-19 0843 LZ0AN         125 101       LZ0FA         109 119      
QSO:  3532 CW 2017-08-19 0845 LZ0AN         126 109       LZ0AA         108 108      
QSO:  3522 CW 2017-08-19 0845 LZ0AN         127 108       LZ0AW         127 109      
QSO:  3523 CW 2017-08-19 0846 LZ0AN         128 127       LZ0AV         115 124      
QSO:  3521 CW 2017-08-19 0847 LZ0AN         129 115       LZ0DK         074 115      
QSO:  3545 CW 2017-08-19 0848 LZ0AN         130 074       LZ0FG         124 131      
QSO:  3559 CW 2017-08-19 0849 LZ0AN         131 124       LZ0AY         113 126      
QSO:  3535 CW 2017-08-19 0849 LZ0AN         132 113       LZ0DD         095 129      
QSO:  3551 CW 2017-08-19 0850 LZ0AN         133 095       LZ0DT         117 126      
QSO:  3529 CW 2017-08-19 0851 LZ0AN         134 117       LZ0AL         116 096      
QSO:  3534 CW 2017-08-19 0851 LZ0AN         135 116       LZ0DC         146 132      
QSO:  3528 CW 2017-08-19 0852 LZ0AN         136 146       LZ0FD         129 136      
QSO:  3526 CW 2017-08-19 0853 LZ0AN         137 129       LZ0FJ         139 132      
QSO:  3527 CW 2017-08-19 0854 LZ0AN         138 139       LZ0DP         119 141      
QSO:  3519 CW 2017-08-19 0855 LZ0AN         139 119       LZ0DL         137 084      
QSO:  3519 CW 2017-08-19 0855 LZ0AN         140 137       LZ0DW         135 051      
QSO:  3519 CW 2017-08-19 0856 LZ0AN         141 135       LZ0DY         141 136      
QSO:  3519 CW 2017-08-19 0856 LZ0AN         142 141       LZ0AM         137 140      
QSO:  3519 CW 2017-08-19 0857 LZ0AN         143 137       LZ0AT         146 113      
QSO:  3514 CW 2017-08-19 0858 LZ0AN         144 146       LZ0AR         117 156      
QSO:  3519 CW 2017-08-19 0900 LZ0AN         145 117       LZ0DU         056 121      
QSO:  3519 CW 2017-08-19 0900 LZ0AN         146 056       LZ0DA         139 103      
QSO:  3550 CW 2017-08-19 0901 LZ0AN         147 139       LZ0AU         071 145      
QSO:  3552 CW 2017-08-19 0902 LZ0AN         148 071       LZ0AG         136 144      
QSO:  3557 CW 2017-08-19 0903 LZ0AN         149 136       LZ0FC         124 126      
QSO:  3520 CW 2017-08-19 0903 LZ0AN         150 124       LZ0FF         137 151      
QSO:  3524 CW 2017-08-19 0903 LZ0AN         151 137       LZ0AC         100 127      
QSO:  3533 CW 2017-08-19 0904 LZ0AN         152 100       LZ0AJ         151 137      
QSO:  3519 CW 2017-08-19 0905 LZ0AN         153 151       LZ0DJ         147 063      
QSO:  3519 CW 2017-08-19 0907 LZ0AN         154 147       LZ0DV         141 132      
QSO:  3513 CW 2017-08-19 0907 LZ0AN         155 141       LZ0DX         066 153      
QSO:  3517 CW 2017-08-19 0908 LZ0AN         156 066       LZ0DZ         156 161      
QSO:  3547 CW 2017-08-19 0909 LZ0AN         157 156       LZ0AK         139 150      
QSO:  3519 CW 2017-08-19 0909 LZ0AN         158 139       LZ0AX         142 069      
QSO:  3519 CW 2017-08-19 0910 LZ0AN         159 142       LZ0DR         131 137      
QSO:  3545 CW 2017-08-19 0911 LZ0AN         160 131       LZ0FY         141 148      
QSO:  3540 CW 2017-08-19 0912 LZ0AN         161 141       LZ0DM         146 151      
QSO:  3519 CW 2017-08-19 0912 LZ0AN         162 146       LZ0AF         145 144      
QSO:  3537 CW 2017-08-19 0913 LZ0AN         163 145       LZ0AP         134 152      
QSO:  3525 CW 2017-08-19 0913 LZ0AN         164 134       LZ0FA         142 163      
QSO:  3522 CW 2017-08-19 0915 LZ0AN         165 142       LZ0AW         163 140      
QSO:  3532 CW 2017-08-19 0916 LZ0AN         166 163       LZ0AA         146 144      
QSO:  3523 CW 2017-08-19 0917 LZ0AN         167 146       LZ0AV         151 147      
QSO:  3519 CW 2017-08-19 0918 LZ0AN         168 151       LZ0FG         158 170      
QSO:  3536 CW 2017-08-19 0919 LZ0AN         169 158       LZ0AD         097 113      
QSO:  3519 CW 2017-08-19 0919 LZ0AN         170 097       LZ0DN         151 162      
QSO:  3559 CW 2017-08-19 0921 LZ0AN         171 151       LZ0AY         151 146      
QSO:  3551 CW 2017-08-19 0921 LZ0AN         172 151       LZ0DT         145 182      
QSO:  3511 CW 2017-08-19 0922 LZ0AN         173 145       LZ0DG         170 173      
QSO:  3519 CW 2017-08-19 0923 LZ0AN         174 170       LZ0FJ         175 160      
QSO:  3528 CW 2017-08-19 0923 LZ0AN         175 175       LZ0FD         162 154      
QSO:  3534 CW 2017-08-19 0924 LZ0AN         176 162       LZ0DC         187 160      
QSO:  3527 CW 2017-08-19 0924 LZ0AN         177 187       LZ0DP         151 167      
QSO:  3519 CW 2017-08-19 0925 LZ0AN         178 151       LZ0DW         174 083      
QSO:  3529 CW 2017-08-19 0926 LZ0AN         179 174       LZ0AL         152 118      
QSO:  3516 CW 2017-08-19 0926 LZ0AN         180 152       LZ0AM         177 153      
QSO:  3519 CW 2017-08-19 0927 LZ0AN         181 177       LZ0AT         184 081      
QSO:  3519 CW 2017-08-19 0928 LZ0AN         182 184       LZ0FX         120 152      
QSO:  3514 CW 2017-08-19 0928 LZ0AN         183 120       LZ0AR         154 185      
QSO:  3531 CW 2017-08-19 0929 LZ0AN         184 154       LZ0DY         182 159      
QSO:  3519 CW 2017-08-19 0932 LZ0AN         185 182       LZ0DL         165 185      
QSO:  3552 CW 2017-08-19 0933 LZ0AN         186 165       LZ0AG         175 181      
QSO:  3557 CW 2017-08-19 0933 LZ0AN         187 175       LZ0FC         157 198      
QSO:  3533 CW 2017-08-19 0935 LZ0AN         188 157       LZ0AJ         188 089      
QSO:  3554 CW 2017-08-19 0935 LZ0AN         189 188       LZ0DJ         183 184      
QSO:  3519 CW 2017-08-19 0936 LZ0AN         190 183       LZ0DA         181 168      
QSO:  3520 CW 2017-08-19 0937 LZ0AN         191 181       LZ0FF         181 187      
QSO:  3513 CW 2017-08-19 0938 LZ0AN         192 181       LZ0DX         093 093      
QSO:  3550 CW 2017-08-19 0938 LZ0AN         193 093       LZ0AU         092 183      
QSO:  3535 CW 2017-08-19 0940 LZ0AN         194 092       LZ0DU         098 174      
QSO:  3519 CW 2017-08-19 0941 LZ0AN         195 098       LZ0DV         180 094      
QSO:  3519 CW 2017-08-19 0943 LZ0AN         196 180       LZ0AK         177 177      
QSO:  3519 CW 2017-08-19 0943 LZ0AN         197 177       LZ0DR         163 101      
QSO:  3519 CW 2017-08-19 0944 LZ0AN         198 163       LZ0AF         183 181      
QSO:  3512 CW 2017-08-19 0944 LZ0AN         199 183       LZ0DF         174 101      
QSO:  3521 CW 2017-08-19 0945 LZ0AN         200 174       LZ0DK         110 195      
QSO:  3545 CW 2017-08-19 0946 LZ0AN         201 110       LZ0FY         182 190      
QSO:  3517 CW 2017-08-19 0946 LZ0AN         202 182       LZ0DZ         206 178      
QSO:  3522 CW 2017-08-19 0947 LZ0AN         203 206       LZ0AW         200 185      
QSO:  3525 CW 2017-08-19 0947 LZ0AN         204 200       LZ0FA         180 136      
QSO:  3537 CW 2017-08-19 0948 LZ0AN         205 180       LZ0AP         174 216      
QSO:  3523 CW 2017-08-19 0949 LZ0AN         206 174       LZ0AV         187 194      
QSO:  3545 CW 2017-08-19 0949 LZ0AN         207 187       LZ0FG         195 186      
QSO:  3524 CW 2017-08-19 0949 LZ0AN         208 195       LZ0AD         112 197      
QSO:  3532 CW 2017-08-19 0950 LZ0AN         209 112       LZ0AA         182 209      
QSO:  3540 CW 2017-08-19 0952 LZ0AN         210 182       LZ0DM         194 105      
QSO:  3550 CW 2017-08-19 0953 LZ0AN         211 194       LZ0DT         180 197      
QSO:  3559 CW 2017-08-19 0954 LZ0AN         212 180       LZ0AY         184 180      
QSO:  3527 CW 2017-08-19 0954 LZ0AN         213 184       LZ0DP         184 208      
QSO:  3519 CW 2017-08-19 0955 LZ0AN         214 184       LZ0DW         209 183      
QSO:  3519 CW 2017-08-19 0956 LZ0AN         215 209       LZ0DC         227 194      
QSO:  3526 CW 2017-08-19 0956 LZ0AN         216 227       LZ0FJ         218 198      
QSO:  3535 CW 2017-08-19 0957 LZ0AN         217 218       LZ0DD         155 120      
QSO:  3511 CW 2017-08-19 0957 LZ0AN         218 155       LZ0DG         205 183      
QSO:  3528 CW 2017-08-19 0959 LZ0AN         219 205       LZ0FD         203 220      
QSO:  3519 CW 2017-08-19 1000 LZ0AN         220 203       LZ0DN         198 186      
QSO:  3519 CW 2017-08-19 1000 LZ0AN         221 198       LZ0AM         223 213      
QSO:  3519 CW 2017-08-19 1001 LZ0AN         222 223       LZ0AT         225 187      
QSO:  3531 CW 2017-08-19 1001 LZ0AN         223 225       LZ0DY         218 215      
QSO:  3524 CW 2017-08-19 1002 LZ0AN         224 218       LZ0AC         128 189      
QSO:  3514 CW 2017-08-19 1002 LZ0AN         225 128       LZ0AR         193 128      
QSO:  3519 CW 2017-08-19 1003 LZ0AN         226 193       LZ0DL         202 208      
QSO:  3545 CW 2017-08-19 1004 LZ0AN         227 202       LZ0AX         193 116      
QSO:  3519 CW 2017-08-19 1005 LZ0AN         228 193       LZ0DJ         220 220      
QSO:  3557 CW 2017-08-19 1006 LZ0AN         229 220       LZ0FC         193 214      
QSO:  3552 CW 2017-08-19 1006 LZ0AN         230 193       LZ0AG         218 204      
QSO:  3533 CW 2017-08-19 1006 LZ0AN         231 218       LZ0AJ         226 183      
QSO:  3519 CW 2017-08-19 1007 LZ0AN         232 226       LZ0DA         223 222      
QSO:  3520 CW 2017-08-19 1008 LZ0AN         233 223       LZ0FF         216 227      
QSO:  3550 CW 2017-08-19 1009 LZ0AN         234 216       LZ0AU         108 241      
QSO:  3529 CW 2017-08-19 1010 LZ0AN         235 108       LZ0FX         161 229      
QSO:  3513 CW 2017-08-19 1011 LZ0AN         236 161       LZ0DX         125 220      
QSO:  3519 CW 2017-08-19 1013 LZ0AN         237 125       LZ0AK         213 213      
QSO:  3519 CW 2017-08-19 1014 LZ0AN         238 213       LZ0DR         192 164      
QSO:  3530 CW 2017-08-19 1014 LZ0AN         239 192       LZ0DV         225 233      
QSO:  3521 CW 2017-08-19 1015 LZ0AN         240 225       LZ0DK         135 230      
QSO:  3519 CW 2017-08-19 1016 LZ0AN         241 135       LZ0AF         219 231      
QSO:  3512 CW 2017-08-19 1017 LZ0AN         242 219       LZ0DF         208 210      
QSO:  3517 CW 2017-08-19 1017 LZ0AN         243 208       LZ0DZ         244 219      
QSO:  3522 CW 2017-08-19 1018 LZ0AN         244 244       LZ0AW         236 211      
QSO:  3537 CW 2017-08-19 1019 LZ0AN         245 236       LZ0AP         207 237      
QSO:  3545 CW 2017-08-19 1019 LZ0AN         246 207       LZ0FY         220 200      
QSO:  3535 CW 2017-08-19 1019 LZ0AN         247 220       LZ0AD         141 241      
QSO:  3519 CW 2017-08-19 1020 LZ0AN         248 141       LZ0FG         231 220      
QSO:  3532 CW 2017-08-19 1020 LZ0AN         249 231       LZ0AA         204 241      
QSO:  3525 CW 2017-08-19 1021 LZ0AN         250 204       LZ0FA         217 247      
QSO:  3540 CW 2017-08-19 1022 LZ0AN         251 217       LZ0DM         222 216      
QSO:  3518 CW 2017-08-19 1025 LZ0AN         252 222       LZ0DW         247 138      
QSO:  3523 CW 2017-08-19 1025 LZ0AN         253 247       LZ0AV         227 122      
QSO:  3550 CW 2017-08-19 1026 LZ0AN         254 227       LZ0DT         218 238      
QSO:  3559 CW 2017-08-19 1027 LZ0AN         255 218       LZ0AY         222 245      
QSO:  3534 CW 2017-08-19 1027 LZ0AN         256 222       LZ0DC         268 243      
QSO:  3527 CW 2017-08-19 1028 LZ0AN         257 268       LZ0DP         227 255      
QSO:  3526 CW 2017-08-19 1029 LZ0AN         258 227       LZ0FJ         258 152      
QSO:  3528 CW 2017-08-19 1029 LZ0AN         259 258       LZ0FD         240 232      
QSO:  3511 CW 2017-08-19 1030 LZ0AN         260 240       LZ0DG         250 246      
QSO:  3519 CW 2017-08-19 1031 LZ0AN         261 250       LZ0AT         266 220      
QSO:  3519 CW 2017-08-19 1031 LZ0AN         262 266       LZ0DN         235 156      
QSO:  3531 CW 2017-08-19 1032 LZ0AN         263 235       LZ0DY         254 233      
QSO:  3524 CW 2017-08-19 1032 LZ0AN         264 254       LZ0AC         157 234      
QSO:  3514 CW 2017-08-19 1033 LZ0AN         265 157       LZ0AR         226 264      
QSO:  3519 CW 2017-08-19 1035 LZ0AN         266 226       LZ0AM         265 252      
QSO:  3519 CW 2017-08-19 1035 LZ0AN         267 265       LZ0DL         239 231      
QSO:  3519 CW 2017-08-19 1036 LZ0AN         268 239       LZ0AG         252 230      
QSO:  3519 CW 2017-08-19 1037 LZ0AN         269 252       LZ0DA         258 222      
QSO:  3519 CW 2017-08-19 1037 LZ0AN         270 258       LZ0DJ         254 145      
QSO:  3557 CW 2017-08-19 1037 LZ0AN         271 254       LZ0FC         230 255      
QSO:  3533 CW 2017-08-19 1038 LZ0AN         272 230       LZ0AJ         269 275      
QSO:  3520 CW 2017-08-19 1039 LZ0AN         273 269       LZ0FF         256 264      
QSO:  3513 CW 2017-08-19 1042 LZ0AN         274 256       LZ0DX         157 272      
QSO:  3519 CW 2017-08-19 1043 LZ0AN         275 157       LZ0FK         026 246      
QSO:  3519 CW 2017-08-19 1044 LZ0AN         276 026       LZ0AK         250 252      
QSO:  3530 CW 2017-08-19 1045 LZ0AN         277 250       LZ0DV         263 269      
QSO:  3521 CW 2017-08-19 1045 LZ0AN         278 263       LZ0DK         165 271      
QSO:  3519 CW 2017-08-19 1047 LZ0AN         279 165       LZ0AF         258 269      
QSO:  3517 CW 2017-08-19 1047 LZ0AN         280 258       LZ0DZ         281 267      
QSO:  3522 CW 2017-08-19 1048 LZ0AN         281 281       LZ0AW         274 206      
QSO:  3535 CW 2017-08-19 1049 LZ0AN         282 274       LZ0AD         172 282      
QSO:  3532 CW 2017-08-19 1051 LZ0AN         283 172       LZ0AA         238 284      
QSO:  3537 CW 2017-08-19 1051 LZ0AN         284 238       LZ0AP         243 295      
QSO:  3545 CW 2017-08-19 1051 LZ0AN         285 243       LZ0FG         269 231      
QSO:  3545 CW 2017-08-19 1052 LZ0AN         286 269       LZ0FY         259 275      
QSO:  3522 CW 2017-08-19 1053 LZ0AN         287 259       LZ0AW         281 255      
QSO:  3525 CW 2017-08-19 1053 LZ0AN         288 281       LZ0FA         254 280      
QSO:  3512 CW 2017-08-19 1055 LZ0AN         289 254       LZ0DF         251 293      
QSO:  3518 CW 2017-08-19 1055 LZ0AN         290 251       LZ0DW         283 260      
QSO:  3523 CW 2017-08-19 1055 LZ0AN         291 283       LZ0AV         264 261      
QSO:  3550 CW 2017-08-19 1056 LZ0AN         292 264       LZ0DT         250 261      
QSO:  3540 CW 2017-08-19 1057 LZ0AN         293 250       LZ0DM         265 177      
QSO:  3559 CW 2017-08-19 1058 LZ0AN         294 265       LZ0AY         256 293      
QSO:  3550 CW 2017-08-19 1058 LZ0AN         295 256       LZ0AU         140 291      
QSO:  3534 CW 2017-08-19 1059 LZ0AN         296 140       LZ0DC         308 245      
QSO:  3527 CW 2017-08-19 1059 LZ0AN         297 308       LZ0DP         266 284      
QSO:  3528 CW 2017-08-19 1059 LZ0AN         298 266       LZ0FD         275 269      
QSO:  3511 CW 2017-08-19 1059 LZ0AN         299 275       LZ0DG         292 270      
END-OF-LOG:
