START-OF-LOG: 2.0 
CALLSIGN: LZ0AA
CLUB: София  
CONTEST: LZ-OPEN-DOMESTIC
CATEGORY: SINGLE-OP ALL LOW MIXED
CLAIMED-SCORE: 255
OPERATORS: LZ1PJ
NAME: Иванов Иванов LZ1PJ
ADDRESS: P.O.Box 15
ADDRESS: Sofia,  1324
ADDRESS: BULGARIA
CREATED-BY: N1MM Logger+ 1.0.6706.0
QSO:  3532 CW 2017-08-19 0702 LZ0AA         001 000       LZ0AT         005 005      
QSO:  3532 CW 2017-08-19 0702 LZ0AA         002 005       LZ0DY         006 004      
QSO:  3532 CW 2017-08-19 0703 LZ0AA         003 006       LZ0DJ         006 005      
QSO:  3532 CW 2017-08-19 0703 LZ0AA         004 006       LZ0AD         002 007      
QSO:  3532 CW 2017-08-19 0703 LZ0AA         005 002       LZ0DL         007 300      
QSO:  3532 CW 2017-08-19 0704 LZ0AA         006 007       LZ0AM         007 006      
QSO:  3532 CW 2017-08-19 0705 LZ0AA         007 007       LZ0AX         005 011      
QSO:  3532 CW 2017-08-19 0705 LZ0AA         008 005       LZ0FD         007 002      
QSO:  3532 CW 2017-08-19 0706 LZ0AA         009 007       LZ0DT         008 009      
QSO:  3532 CW 2017-08-19 0706 LZ0AA         010 008       LZ0DW         008 010      
QSO:  3511 CW 2017-08-19 0707 LZ0AA         011 008       LZ0DG         017 010      
QSO:  3532 CW 2017-08-19 0708 LZ0AA         012 017       LZ0FG         011 012      
QSO:  3532 CW 2017-08-19 0708 LZ0AA         013 011       LZ0DA         012 017      
QSO:  3532 CW 2017-08-19 0709 LZ0AA         014 012       LZ0AG         010 015      
QSO:  3532 CW 2017-08-19 0709 LZ0AA         015 010       LZ0AN         014 020      
QSO:  3520 CW 2017-08-19 0710 LZ0AA         016 014       LZ0FF         021 014      
QSO:  3532 CW 2017-08-19 0714 LZ0AA         017 021       LZ0AC         006 022      
QSO:  3532 CW 2017-08-19 0728 LZ0AA         018 006       LZ0FY         031 004      
QSO:  3532 CW 2017-08-19 0729 LZ0AA         019 031       LZ0AY         033 031      
QSO:  3532 CW 2017-08-19 0730 LZ0AA         020 033       LZ0FJ         034 026      
QSO:  3532 CW 2017-08-19 0731 LZ0AA         021 034       LZ0DK         023 028      
QSO:  3532 CW 2017-08-19 0731 LZ0AA         022 023       LZ0DC         042 032      
QSO:  3532 CW 2017-08-19 0731 LZ0AA         023 042       LZ0DD         026 010      
QSO:  3532 CW 2017-08-19 0732 LZ0AA         024 026       LZ0AT         044 039      
QSO:  3532 CW 2017-08-19 0733 LZ0AA         025 044       LZ0DN         033 036      
QSO:  3532 CW 2017-08-19 0733 LZ0AA         026 033       LZ0AD         037 008      
QSO:  3532 CW 2017-08-19 0733 LZ0AA         027 037       LZ0DL         044 041      
QSO:  3532 CW 2017-08-19 0734 LZ0AA         028 044       LZ0DY         042 043      
QSO:  3532 CW 2017-08-19 0734 LZ0AA         029 042       LZ0AV         036 047      
QSO:  3532 CW 2017-08-19 0734 LZ0AA         030 036       LZ0DJ         036 044      
QSO:  3532 CW 2017-08-19 0735 LZ0AA         031 036       LZ0AK         034 037      
QSO:  3532 CW 2017-08-19 0736 LZ0AA         032 034       LZ0AM         040 049       
QSO:  3532 CW 2017-08-19 0736 LZ0AA         033 040       LZ0AL         034 043      
QSO:  3532 CW 2017-08-19 0737 LZ0AA         034 034       LZ0DW         046 050      
QSO:  3532 CW 2017-08-19 0738 LZ0AA         035 046       LZ0DA         043 046      
QSO:  3532 CW 2017-08-19 0738 LZ0AA         036 043       LZ0FG         044 040      
QSO:  3532 CW 2017-08-19 0739 LZ0AA         037 044       LZ0FC         030 041      
QSO:  3532 CW 2017-08-19 0739 LZ0AA         038 030       LZ0AN         051 059      
QSO:  3532 CW 2017-08-19 0741 LZ0AA         039 051       LZ0DG         061 043      
QSO:  3532 CW 2017-08-19 0742 LZ0AA         040 061       LZ0AG         046 050      
QSO:  3532 CW 2017-08-19 0742 LZ0AA         041 046       LZ0AR         042 045      
QSO:  3532 CW 2017-08-19 0743 LZ0AA         042 042       LZ0DT         052 049      
QSO:  3532 CW 2017-08-19 0744 LZ0AA         043 052       LZ0DF         046 052      
QSO:  3532 CW 2017-08-19 0745 LZ0AA         044 046       LZ0FF         056 054      
QSO:  3532 CW 2017-08-19 0746 LZ0AA         045 056       LZ0AW         059 068      
QSO:  3532 CW 2017-08-19 0747 LZ0AA         046 059       LZ0AC         053 064      
QSO:  3532 CW 2017-08-19 0750 LZ0AA         047 053       LZ0FD         061 035      
QSO:  3532 CW 2017-08-19 0751 LZ0AA         048 061       LZ0DR         053 051      
QSO:  3532 CW 2017-08-19 0752 LZ0AA         049 053       LZ0AP         057 062      
QSO:  3532 CW 2017-08-19 0752 LZ0AA         050 057       LZ0AJ         065 041      
QSO:  3532 CW 2017-08-19 0759 LZ0AA         051 065       LZ0FY         063 065      
QSO:  3532 CW 2017-08-19 0800 LZ0AA         052 063       LZ0FJ         074 062      
QSO:  3532 CW 2017-08-19 0801 LZ0AA         053 074       LZ0DC         083 076      
QSO:  3532 CW 2017-08-19 0802 LZ0AA         054 083       LZ0AT         081 065      
QSO:  3532 CW 2017-08-19 0803 LZ0AA         055 081       LZ0DN         066 076      
QSO:  3532 CW 2017-08-19 0803 LZ0AA         056 066       LZ0AD         068 065      
QSO:  3532 CW 2017-08-19 0804 LZ0AA         057 068       LZ0DU         008 063      
QSO:  3532 CW 2017-08-19 0805 LZ0AA         058 008       LZ0FZ         019 068      
QSO:  3532 CW 2017-08-19 0805 LZ0AA         059 019       LZ0AV         071 035      
QSO:  3532 CW 2017-08-19 0805 LZ0AA         060 071       LZ0AX         075 083      
QSO:  3532 CW 2017-08-19 0806 LZ0AA         061 075       LZ0AF         067 036      
QSO:  3532 CW 2017-08-19 0806 LZ0AA         062 067       LZ0DJ         075 079      
QSO:  3532 CW 2017-08-19 0806 LZ0AA         063 075       LZ0AM         080 077      
QSO:  3532 CW 2017-08-19 0807 LZ0AA         064 080       LZ0AL         073 072      
QSO:  3532 CW 2017-08-19 0807 LZ0AA         065 073       LZ0AK         072 080      
QSO:  3532 CW 2017-08-19 0807 LZ0AA         066 072       LZ0AY         071 075      
QSO:  3532 CW 2017-08-19 0807 LZ0AA         067 071       LZ0DN         070 070      
QSO:  3532 CW 2017-08-19 0807 LZ0AA         068 070       LZ0DD         054 063      
QSO:  3532 CW 2017-08-19 0807 LZ0AA         069 054       LZ0DL         086 009      
QSO:  3532 CW 2017-08-19 0809 LZ0AA         070 086       LZ0DA         078 085      
QSO:  3532 CW 2017-08-19 0809 LZ0AA         071 078       LZ0DY         086 077      
QSO:  3532 CW 2017-08-19 0810 LZ0AA         072 086       LZ0FG         079 023      
QSO:  3532 CW 2017-08-19 0811 LZ0AA         073 079       LZ0FX         051 086      
QSO:  3532 CW 2017-08-19 0812 LZ0AA         074 051       LZ0DW         086 087      
QSO:  3532 CW 2017-08-19 0813 LZ0AA         075 086       LZ0AN         091 081      
QSO:  3532 CW 2017-08-19 0813 LZ0AA         076 091       LZ0AG         086 090      
QSO:  3532 CW 2017-08-19 0814 LZ0AA         077 086       LZ0DT         085 091      
QSO:  3540 CW 2017-08-19 0819 LZ0AA         078 085       LZ0DM         089 083      
QSO:  3532 CW 2017-08-19 0822 LZ0AA         079 089       LZ0AJ         100 081      
QSO:  3528 CW 2017-08-19 0823 LZ0AA         080 100       LZ0FD         098 081      
QSO:  3532 CW 2017-08-19 0825 LZ0AA         081 098       LZ0FF         095 098      
QSO:  3522 CW 2017-08-19 0827 LZ0AA         082 095       LZ0AW         104 090      
QSO:  3517 CW 2017-08-19 0830 LZ0AA         083 104       LZ0DZ         106 032      
QSO:  3532 CW 2017-08-19 0831 LZ0AA         084 106       LZ0DK         063 105      
QSO:  3532 CW 2017-08-19 0831 LZ0AA         085 063       LZ0FJ         111 095      
QSO:  3532 CW 2017-08-19 0831 LZ0AA         086 111       LZ0DR         092 093      
QSO:  3532 CW 2017-08-19 0832 LZ0AA         087 092       LZ0AT         117 099      
QSO:  3514 CW 2017-08-19 0833 LZ0AA         088 117       LZ0AR         099 098      
QSO:  3532 CW 2017-08-19 0834 LZ0AA         089 099       LZ0FY         098 069      
QSO:  3513 CW 2017-08-19 0835 LZ0AA         090 098       LZ0DF         104 103      
QSO:  3532 CW 2017-08-19 0836 LZ0AA         091 104       LZ0DL         112 112      
QSO:  3532 CW 2017-08-19 0836 LZ0AA         092 112       LZ0AV         103 114      
QSO:  3532 CW 2017-08-19 0836 LZ0AA         093 103       LZ0AF         104 054      
QSO:  3532 CW 2017-08-19 0836 LZ0AA         094 104       LZ0AX         107 116      
QSO:  3532 CW 2017-08-19 0838 LZ0AA         095 107       LZ0AM         118 129      
QSO:  3532 CW 2017-08-19 0838 LZ0AA         096 118       LZ0AY         102 117      
QSO:  3532 CW 2017-08-19 0839 LZ0AA         097 102       LZ0DJ         114 122      
QSO:  3532 CW 2017-08-19 0839 LZ0AA         098 114       LZ0DY         119 126      
QSO:  3532 CW 2017-08-19 0839 LZ0AA         099 119       LZ0DD         085 116      
QSO:  3532 CW 2017-08-19 0840 LZ0AA         100 085       LZ0DN         107 116      
QSO:  3532 CW 2017-08-19 0840 LZ0AA         101 107       LZ0DA         116 113      
QSO:  3532 CW 2017-08-19 0840 LZ0AA         102 116       LZ0FG         114 118      
QSO:  3532 CW 2017-08-19 0841 LZ0AA         103 114       LZ0DC         133 121      
QSO:  3532 CW 2017-08-19 0841 LZ0AA         104 133       LZ0FC         097 125      
QSO:  3532 CW 2017-08-19 0843 LZ0AA         105 097       LZ0DW         125 125      
QSO:  3532 CW 2017-08-19 0844 LZ0AA         106 125       LZ0AG         116 136      
QSO:  3532 CW 2017-08-19 0844 LZ0AA         107 116       LZ0AK         108 128      
QSO:  3532 CW 2017-08-19 0844 LZ0AA         108 108       LZ0AN         126 109      
QSO:  3532 CW 2017-08-19 0847 LZ0AA         109 126       LZ0DT         112 125      
QSO:  3532 CW 2017-08-19 0848 LZ0AA         110 112       LZ0DX         056 119      
QSO:  3532 CW 2017-08-19 0850 LZ0AA         111 056       LZ0DV         121 066      
QSO:  3532 CW 2017-08-19 0850 LZ0AA         112 121       LZ0DG         136 131      
QSO:  3532 CW 2017-08-19 0850 LZ0AA         113 136       LZ0FZ         044 135      
QSO:  3532 CW 2017-08-19 0853 LZ0AA         114 044       LZ0AJ         137 111      
QSO:  3528 CW 2017-08-19 0855 LZ0AA         115 137       LZ0FD         133 139      
QSO:  3550 CW 2017-08-19 0858 LZ0AA         116 133       LZ0AU         068 072      
QSO:  3522 CW 2017-08-19 0859 LZ0AA         117 068       LZ0AW         143 088      
QSO:  3532 CW 2017-08-19 0859 LZ0AA         118 143       LZ0FX         090 126      
QSO:  3532 CW 2017-08-19 0901 LZ0AA         119 090       LZ0FJ         149 072      
QSO:  3532 CW 2017-08-19 0902 LZ0AA         120 149       LZ0AT         154 051      
QSO:  3514 CW 2017-08-19 0904 LZ0AA         121 154       LZ0AR         129 139      
QSO:  3532 CW 2017-08-19 0905 LZ0AA         122 129       LZ0DK         092 147      
QSO:  3532 CW 2017-08-19 0905 LZ0AA         123 092       LZ0FY         136 128      
QSO:  3532 CW 2017-08-19 0905 LZ0AA         124 136       LZ0DF         130 127      
QSO:  3532 CW 2017-08-19 0906 LZ0AA         125 130       LZ0AX         139 154      
QSO:  3532 CW 2017-08-19 0907 LZ0AA         126 139       LZ0AV         137 149      
QSO:  3517 CW 2017-08-19 0908 LZ0AA         127 137       LZ0DZ         157 156      
QSO:  3516 CW 2017-08-19 0908 LZ0AA         128 157       LZ0AM         157 145      
QSO:  3532 CW 2017-08-19 0909 LZ0AA         129 157       LZ0AF         140 142      
QSO:  3532 CW 2017-08-19 0909 LZ0AA         130 140       LZ0AY         137 138      
QSO:  3554 CW 2017-08-19 0910 LZ0AA         131 137       LZ0DJ         152 152      
QSO:  3532 CW 2017-08-19 0910 LZ0AA         132 152       LZ0DN         143 151      
QSO:  3532 CW 2017-08-19 0911 LZ0AA         133 143       LZ0DA         153 157      
QSO:  3532 CW 2017-08-19 0911 LZ0AA         134 153       LZ0DU         068 113      
QSO:  3532 CW 2017-08-19 0911 LZ0AA         135 068       LZ0DC         171 160      
QSO:  3532 CW 2017-08-19 0912 LZ0AA         136 171       LZ0DL         158 158      
QSO:  3532 CW 2017-08-19 0912 LZ0AA         137 158       LZ0DD         117 161      
QSO:  3532 CW 2017-08-19 0913 LZ0AA         138 117       LZ0DY         157 145      
QSO:  3532 CW 2017-08-19 0913 LZ0AA         139 157       LZ0FC         132 114      
QSO:  3532 CW 2017-08-19 0913 LZ0AA         140 132       LZ0FG         150 162      
QSO:  3532 CW 2017-08-19 0914 LZ0AA         141 150       LZ0AG         152 147      
QSO:  3532 CW 2017-08-19 0914 LZ0AA         142 152       LZ0FF         155 160      
QSO:  3532 CW 2017-08-19 0914 LZ0AA         143 155       LZ0AD         092 146      
QSO:  3532 CW 2017-08-19 0914 LZ0AA         144 092       LZ0DW         166 118      
QSO:  3532 CW 2017-08-19 0915 LZ0AA         145 166       LZ0AK         144 149      
QSO:  3532 CW 2017-08-19 0915 LZ0AA         146 144       LZ0AN         166 163      
QSO:  3540 CW 2017-08-19 0919 LZ0AA         147 166       LZ0DM         156 143      
QSO:  3532 CW 2017-08-19 0920 LZ0AA         148 156       LZ0DG         168 148      
QSO:  3532 CW 2017-08-19 0922 LZ0AA         149 168       LZ0DR         146 150      
QSO:  3537 CW 2017-08-19 0923 LZ0AA         150 146       LZ0AP         149 148      
QSO:  3532 CW 2017-08-19 0923 LZ0AA         151 149       LZ0AJ         175 146      
QSO:  3532 CW 2017-08-19 0925 LZ0AA         152 175       LZ0DV         165 162      
QSO:  3528 CW 2017-08-19 0926 LZ0AA         153 165       LZ0FD         165 181      
QSO:  3550 CW 2017-08-19 0928 LZ0AA         154 165       LZ0DT         154 085      
QSO:  3522 CW 2017-08-19 0929 LZ0AA         155 154       LZ0AW         178 131      
QSO:  3532 CW 2017-08-19 0932 LZ0AA         156 178       LZ0AT         190 155      
QSO:  3532 CW 2017-08-19 0933 LZ0AA         157 190       LZ0FJ         188 170      
QSO:  3532 CW 2017-08-19 0934 LZ0AA         158 188       LZ0AL         159 158      
QSO:  3532 CW 2017-08-19 0935 LZ0AA         159 159       LZ0FY         173 188      
QSO:  3532 CW 2017-08-19 0936 LZ0AA         160 173       LZ0AX         166 189      
QSO:  3514 CW 2017-08-19 0936 LZ0AA         161 166       LZ0AR         170 166      
QSO:  3532 CW 2017-08-19 0937 LZ0AA         162 170       LZ0AV         171 186      
QSO:  3513 CW 2017-08-19 0939 LZ0AA         163 171       LZ0DX         098 194      
QSO:  3532 CW 2017-08-19 0940 LZ0AA         164 098       LZ0AM         195 097      
QSO:  3532 CW 2017-08-19 0940 LZ0AA         165 195       LZ0DF         168 176      
QSO:  3532 CW 2017-08-19 0941 LZ0AA         166 168       LZ0AY         171 197      
QSO:  3532 CW 2017-08-19 0941 LZ0AA         167 171       LZ0AF         179 170      
QSO:  3532 CW 2017-08-19 0941 LZ0AA         168 179       LZ0DA         190 194      
QSO:  3532 CW 2017-08-19 0942 LZ0AA         169 190       LZ0DL         181 102      
QSO:  3532 CW 2017-08-19 0943 LZ0AA         170 181       LZ0DY         194 183      
QSO:  3532 CW 2017-08-19 0943 LZ0AA         171 194       LZ0DU         103 180      
QSO:  3532 CW 2017-08-19 0943 LZ0AA         172 103       LZ0DD         145 166      
QSO:  3532 CW 2017-08-19 0944 LZ0AA         173 145       LZ0DN         179 199      
QSO:  3532 CW 2017-08-19 0944 LZ0AA         174 179       LZ0FC         167 144      
QSO:  3532 CW 2017-08-19 0944 LZ0AA         175 167       LZ0AG         189 200      
QSO:  3532 CW 2017-08-19 0945 LZ0AA         176 189       LZ0DC         212 176      
QSO:  3532 CW 2017-08-19 0945 LZ0AA         177 212       LZ0FG         189 168      
QSO:  3532 CW 2017-08-19 0945 LZ0AA         178 189       LZ0DW         202 188      
QSO:  3532 CW 2017-08-19 0946 LZ0AA         179 202       LZ0AK         181 198      
QSO:  3520 CW 2017-08-19 0946 LZ0AA         180 181       LZ0FF         194 135      
QSO:  3517 CW 2017-08-19 0947 LZ0AA         181 194       LZ0DZ         209 192      
QSO:  3532 CW 2017-08-19 0949 LZ0AA         182 209       LZ0AN         209 112      
QSO:  3540 CW 2017-08-19 0951 LZ0AA         183 209       LZ0DM         192 180      
QSO:  3532 CW 2017-08-19 0952 LZ0AA         184 192       LZ0DG         202 178      
QSO:  3532 CW 2017-08-19 0953 LZ0AA         185 202       LZ0AJ         212 214      
QSO:  3537 CW 2017-08-19 0954 LZ0AA         186 212       LZ0AP         182 121      
QSO:  3532 CW 2017-08-19 0955 LZ0AA         187 182       LZ0FX         143 216      
QSO:  3532 CW 2017-08-19 0956 LZ0AA         188 143       LZ0DV         202 197      
QSO:  3528 CW 2017-08-19 0957 LZ0AA         189 202       LZ0FD         200 222      
QSO:  3562 CW 2017-08-19 0958 LZ0AA         190 200       LZ0AU         101 184      
QSO:  3559 CW 2017-08-19 1012 LZ0AA         191 101       LZ0AY         205 210      
QSO:  3554 CW 2017-08-19 1013 LZ0AA         192 205       LZ0DJ         229 223      
QSO:  3550 CW 2017-08-19 1013 LZ0AA         193 229       LZ0DT         199 175      
QSO:  3545 CW 2017-08-19 1014 LZ0AA         194 199       LZ0AX         200 002      
QSO:  3544 CW 2017-08-19 1015 LZ0AA         195 200       LZ0DN         216 166      
QSO:  3535 CW 2017-08-19 1016 LZ0AA         196 216       LZ0AD         138 214      
QSO:  3534 CW 2017-08-19 1017 LZ0AA         197 138       LZ0DC         255 228      
QSO:  3532 CW 2017-08-19 1018 LZ0AA         198 255       LZ0AM         242 140      
QSO:  3532 CW 2017-08-19 1018 LZ0AA         199 242       LZ0AT         248 220      
QSO:  3532 CW 2017-08-19 1018 LZ0AA         200 248       LZ0AF         223 199      
QSO:  3532 CW 2017-08-19 1019 LZ0AA         201 223       LZ0AC         144 230      
QSO:  3532 CW 2017-08-19 1019 LZ0AA         202 144       LZ0DL         219 236      
QSO:  3532 CW 2017-08-19 1020 LZ0AA         203 219       LZ0DA         241 208      
QSO:  3532 CW 2017-08-19 1020 LZ0AA         204 241       LZ0AN         249 231      
QSO:  3532 CW 2017-08-19 1020 LZ0AA         205 249       LZ0AG         235 240      
QSO:  3532 CW 2017-08-19 1021 LZ0AA         206 235       LZ0DD         181 245      
QSO:  3532 CW 2017-08-19 1021 LZ0AA         207 181       LZ0DW         243 245      
QSO:  3532 CW 2017-08-19 1022 LZ0AA         208 243       LZ0FG         233 222      
QSO:  3532 CW 2017-08-19 1022 LZ0AA         209 233       LZ0FF         231 214      
QSO:  3532 CW 2017-08-19 1023 LZ0AA         210 231       LZ0DY         243 250      
QSO:  3532 CW 2017-08-19 1023 LZ0AA         211 243       LZ0AV         224 210      
QSO:  3532 CW 2017-08-19 1024 LZ0AA         212 224       LZ0AJ         253 145      
QSO:  3532 CW 2017-08-19 1024 LZ0AA         213 253       LZ0FY         228 212      
QSO:  3532 CW 2017-08-19 1024 LZ0AA         214 228       LZ0DG         242 255      
QSO:  3532 CW 2017-08-19 1025 LZ0AA         215 242       LZ0DR         196 179      
QSO:  3532 CW 2017-08-19 1025 LZ0AA         216 196       LZ0AR         219 215      
QSO:  3557 CW 2017-08-19 1026 LZ0AA         217 219       LZ0FC         218 149      
QSO:  3532 CW 2017-08-19 1027 LZ0AA         218 218       LZ0FJ         255 240      
QSO:  3532 CW 2017-08-19 1027 LZ0AA         219 255       LZ0DV         244 229      
QSO:  3532 CW 2017-08-19 1027 LZ0AA         220 244       LZ0AK         227 225      
QSO:  3532 CW 2017-08-19 1028 LZ0AA         221 227       LZ0DF         214 246      
QSO:  3550 CW 2017-08-19 1028 LZ0AA         222 214       LZ0AU         125 224      
QSO:  3540 CW 2017-08-19 1030 LZ0AA         223 125       LZ0DM         235 216      
QSO:  3537 CW 2017-08-19 1031 LZ0AA         224 235       LZ0AP         222 261      
QSO:  3528 CW 2017-08-19 1034 LZ0AA         225 222       LZ0FD         245 255      
QSO:  3532 CW 2017-08-19 1036 LZ0AA         226 245       LZ0FX         187 165      
QSO:  3525 CW 2017-08-19 1037 LZ0AA         227 187       LZ0FA         235 198      
QSO:  3522 CW 2017-08-19 1039 LZ0AA         228 235       LZ0AW         260 257      
QSO:  3532 CW 2017-08-19 1041 LZ0AA         229 260       LZ0AL         221 231      
QSO:  3532 CW 2017-08-19 1042 LZ0AA         230 221       LZ0DU         152 233      
QSO:  3517 CW 2017-08-19 1044 LZ0AA         231 152       LZ0DZ         276 267      
QSO:  3559 CW 2017-08-19 1047 LZ0AA         232 276       LZ0AY         242 162      
QSO:  3532 CW 2017-08-19 1048 LZ0AA         233 242       LZ0AX         237 252      
QSO:  3532 CW 2017-08-19 1049 LZ0AA         234 237       LZ0FK         033 278      
QSO:  3532 CW 2017-08-19 1049 LZ0AA         235 033       LZ0AF         261 267      
QSO:  3532 CW 2017-08-19 1049 LZ0AA         236 261       LZ0DC         294 269      
QSO:  3532 CW 2017-08-19 1050 LZ0AA         237 294       LZ0AM         284 261      
QSO:  3532 CW 2017-08-19 1050 LZ0AA         238 284       LZ0AN         283 172      
QSO:  3532 CW 2017-08-19 1050 LZ0AA         239 283       LZ0AG         274 280      
QSO:  3532 CW 2017-08-19 1051 LZ0AA         240 274       LZ0DA         279 239      
QSO:  3532 CW 2017-08-19 1051 LZ0AA         241 279       LZ0AT         290 165      
QSO:  3532 CW 2017-08-19 1052 LZ0AA         242 290       LZ0DW         279 167      
QSO:  3532 CW 2017-08-19 1052 LZ0AA         243 279       LZ0FG         272 168      
QSO:  3532 CW 2017-08-19 1053 LZ0AA         244 272       LZ0AV         262 248      
QSO:  3532 CW 2017-08-19 1054 LZ0AA         245 262       LZ0DD         217 176      
QSO:  3511 CW 2017-08-19 1054 LZ0AA         246 217       LZ0DG         283 249      
QSO:  3532 CW 2017-08-19 1055 LZ0AA         247 283       LZ0AJ         293 284      
QSO:  3514 CW 2017-08-19 1055 LZ0AA         248 293       LZ0AR         257 257      
QSO:  3532 CW 2017-08-19 1056 LZ0AA         249 257       LZ0FY         266 292      
QSO:  3532 CW 2017-08-19 1056 LZ0AA         250 266       LZ0DL         263 274      
QSO:  3532 CW 2017-08-19 1057 LZ0AA         251 263       LZ0FJ         299 275      
QSO:  3532 CW 2017-08-19 1057 LZ0AA         252 299       LZ0AK         267 264      
QSO:  3532 CW 2017-08-19 1058 LZ0AA         253 267       LZ0DR         227 294      
QSO:  3532 CW 2017-08-19 1058 LZ0AA         254 227       LZ0DV         284 268      
QSO:  3532 CW 2017-08-19 1059 LZ0AA         255 284       LZ0DY         287 263      
QSO:  3535 CW 2017-08-19 1059 LZ0AA         256 287       LZ0AD         185 291      
QSO:  3544 CW 2017-08-19 1100 LZ0AA         257 185       LZ0DN         266 305      
QSO:  3557 CW 2017-08-19 1100 LZ0AA         258 266       LZ0FC         259 244      
END-OF-LOG:
