START-OF-LOG: 2.0 
CALLSIGN: LZ0AD
CLUB: Romania 
CONTEST: LZ-OPEN
CATEGORY: CHECKLOG
CLAIMED-SCORE: 168
OPERATORS: YO8TTT
NAME: Alexandru Mancas YO8TTT
ADDRESS: Luceafarului 1
ADDRESS: Bl.E54, sc.B, ap.9, sc.B
ADDRESS: RO-720242 Suceava
ADDRESS: ROMANIA
CREATED-BY:
QSO:  3520 CW  2017-08-19 0702 LZ0AD         001 000 LZ0AM         007 005 
QSO:  3531 CW  2017-08-19 0703 LZ0AD         002 007 LZ0AA         004 006 
QSO:  3540 CW  2017-08-19 0704 LZ0AD         003 004 LZ0DM         002 001 
QSO:  3544 CW  2017-08-19 0705 LZ0AD         004 002 LZ0FG         007 007 
QSO:  3545 CW  2017-08-19 0705 LZ0AD         005 007 LZ0FY         004 009 
QSO:  3554 CW  2017-08-19 0706 LZ0AD         006 004 LZ0AU         007 007 
QSO:  3550 CW  2017-08-19 0706 LZ0AD         007 007 LZ0DT         009 009 
QSO:  3534 CW  2017-08-19 0707 LZ0AD         008 009 LZ0DC         015 007 
QSO:  3527 CW  2017-08-19 0708 LZ0AD         009 015 LZ0FD         011 008 
QSO:  3525 CW  2017-08-19 0709 LZ0AD         010 011 LZ0FJ         013 013 
QSO:  3529 CW  2017-08-19 0709 LZ0AD         011 013 LZ0DV         016 014 
QSO:  3530 CW  2017-08-19 0710 LZ0AD         012 016 LZ0DY         018 015 
QSO:  3525 CW  2017-08-19 0710 LZ0AD         013 018 LZ0FA         013 010 
QSO:  3523 CW  2017-08-19 0710 LZ0AD         014 013 LZ0DL         018 008 
QSO:  3522 CW  2017-08-19 0710 LZ0AD         015 018 LZ0AW         018 014 
QSO:  3510 CW  2017-08-19 0711 LZ0AD         016 018 LZ0AC         001 000 
QSO:  3514 CW  2017-08-19 0712 LZ0AD         017 001 LZ0AR         014 024 
QSO:  3526 CW  2017-08-19 0714 LZ0AD         018 014 LZ0DP         019 017 
QSO:  3532 CW  2017-08-19 0714 LZ0AD         019 019 LZ0AJ         024 015 
QSO:  3536 CW  2017-08-19 0715 LZ0AD         020 024 LZ0AP         022 015 
QSO:  3542 CW  2017-08-19 0715 LZ0AD         021 022 LZ0AT         025 013 
QSO:  3535 CW  2017-08-19 0717 LZ0AD         022 025 LZ0DJ         023 017 
QSO:  3535 CW  2017-08-19 0718 LZ0AD         023 023 LZ0AL         019 014 
QSO:  3535 CW  2017-08-19 0718 LZ0AD         024 019 LZ0AG         024 025 
QSO:  3535 CW  2017-08-19 0718 LZ0AD         025 024 LZ0AN         027 021 
QSO:  3535 CW  2017-08-19 0719 LZ0AD         026 027 LZ0AM         028 023 
QSO:  3535 CW  2017-08-19 0719 LZ0AD         027 028 LZ0DA         027 024 
QSO:  3535 CW  2017-08-19 0719 LZ0AD         028 027 LZ0DD         011 028 
QSO:  3535 CW  2017-08-19 0720 LZ0AD         029 011 LZ0DZ         031 033 
QSO:  3518 CW  2017-08-19 0722 LZ0AD         030 031 LZ0DW         030 034 
QSO:  3511 CW  2017-08-19 0722 LZ0AD         031 030 LZ0DG         036 015 
QSO:  3521 CW  2017-08-19 0724 LZ0AD         032 036 LZ0FF         032 016 
QSO:  3557 CW  2017-08-19 0726 LZ0AD         033 032 LZ0FC         026 027 
QSO:  3559 CW  2017-08-19 0726 LZ0AD         034 026 LZ0AY         031 029 
QSO:  3522 CW  2017-08-19 0728 LZ0AD         035 031 LZ0AV         030 036 
QSO:  3534 CW  2017-08-19 0729 LZ0AD         036 030 LZ0FZ         008 038 
QSO:  3531 CW  2017-08-19 0733 LZ0AD         037 008 LZ0AA         026 033 
QSO:  3540 CW  2017-08-19 0734 LZ0AD         038 026 LZ0DM         034 040 
QSO:  3536 CW  2017-08-19 0735 LZ0AD         039 034 LZ0DL         048 032 
QSO:  3544 CW  2017-08-19 0736 LZ0AD         040 048 LZ0FG         040 045 
QSO:  3550 CW  2017-08-19 0737 LZ0AD         041 040 LZ0DT         042 040 
QSO:  3534 CW  2017-08-19 0737 LZ0AD         042 042 LZ0DC         055 039 
QSO:  3527 CW  2017-08-19 0738 LZ0AD         043 055 LZ0FD         040 045 
QSO:  3529 CW  2017-08-19 0739 LZ0AD         044 040 LZ0DV         046 040 
QSO:  3525 CW  2017-08-19 0740 LZ0AD         045 046 LZ0FJ         048 031 
QSO:  3525 CW  2017-08-19 0740 LZ0AD         046 048 LZ0FA         041 042 
QSO:  3522 CW  2017-08-19 0741 LZ0AD         047 041 LZ0AW         050 050 
QSO:  3523 CW  2017-08-19 0741 LZ0AD         048 050 LZ0AC         042 042 
QSO:  3512 CW  2017-08-19 0742 LZ0AD         049 042 LZ0DF         044 039 
QSO:  3530 CW  2017-08-19 0743 LZ0AD         050 044 LZ0DY         052 047 
QSO:  3541 CW  2017-08-19 0743 LZ0AD         051 052 LZ0AF         047 044 
QSO:  3532 CW  2017-08-19 0744 LZ0AD         052 047 LZ0AJ         055 029 
QSO:  3536 CW  2017-08-19 0745 LZ0AD         053 055 LZ0AP         052 056 
QSO:  3545 CW  2017-08-19 0746 LZ0AD         054 052 LZ0AX         048 049 
QSO:  3539 CW  2017-08-19 0748 LZ0AD         055 048 LZ0AK         051 052 
QSO:  3515 CW  2017-08-19 0750 LZ0AD         056 051 LZ0AM         061 063 
QSO:  3519 CW  2017-08-19 0751 LZ0AD         057 061 LZ0AN         065 064 
QSO:  3539 CW  2017-08-19 0752 LZ0AD         058 065 LZ0DZ         066 073 
QSO:  3539 CW  2017-08-19 0754 LZ0AD         059 066 LZ0AL         055 065 
QSO:  3539 CW  2017-08-19 0755 LZ0AD         060 055 LZ0FF         061 063 
QSO:  3539 CW  2017-08-19 0756 LZ0AD         061 061 LZ0DA         064 058 
QSO:  3557 CW  2017-08-19 0756 LZ0AD         062 064 LZ0FC         055 062 
QSO:  3539 CW  2017-08-19 0757 LZ0AD         063 055 LZ0DJ         064 061 
QSO:  3522 CW  2017-08-19 0758 LZ0AD         064 064 LZ0AV         060 070 
QSO:  3508 CW  2017-08-19 0758 LZ0AD         065 060 LZ0FX         038 063 
QSO:  3514 CW  2017-08-19 0759 LZ0AD         066 038 LZ0AR         063 073 
QSO:  3534 CW  2017-08-19 0801 LZ0AD         067 063 LZ0DR         065 072 
QSO:  3531 CW  2017-08-19 0803 LZ0AD         068 065 LZ0AA         056 066 
QSO:  3534 CW  2017-08-19 0806 LZ0AD         069 056 LZ0DD         052 046 
QSO:  3534 CW  2017-08-19 0807 LZ0AD         070 052 LZ0DC         093 081 
QSO:  3539 CW  2017-08-19 0808 LZ0AD         071 093 LZ0FG         077 079 
QSO:  3539 CW  2017-08-19 0810 LZ0AD         072 077 LZ0FJ         086 013 
QSO:  3539 CW  2017-08-19 0814 LZ0AD         073 086 LZ0DL         093 081 
QSO:  3539 CW  2017-08-19 0815 LZ0AD         074 093 LZ0DW         091 093 
QSO:  3536 CW  2017-08-19 0816 LZ0AD         075 091 LZ0AP         084 082 
QSO:  3532 CW  2017-08-19 0816 LZ0AD         076 084 LZ0AJ         096 094 
QSO:  3525 CW  2017-08-19 0817 LZ0AD         077 096 LZ0FA         083 026 
QSO:  3522 CW  2017-08-19 0817 LZ0AD         078 083 LZ0AW         096 091 
QSO:  3512 CW  2017-08-19 0818 LZ0AD         079 096 LZ0DF         087 085 
QSO:  3523 CW  2017-08-19 0819 LZ0AD         080 087 LZ0AC         084 092 
QSO:  3528 CW  2017-08-19 0820 LZ0AD         081 084 LZ0FD         096 065 
QSO:  3530 CW  2017-08-19 0845 LZ0AD         082 096 LZ0DL         126 041 
QSO:  3530 CW  2017-08-19 0846 LZ0AD         083 126 LZ0AL         110 128 
QSO:  3530 CW  2017-08-19 0846 LZ0AD         084 110 LZ0AY         109 113 
QSO:  3511 CW  2017-08-19 0910 LZ0AD         085 109 LZ0DG         156 159 
QSO:  3512 CW  2017-08-19 0910 LZ0AD         086 156 LZ0DF         136 141 
QSO:  3514 CW  2017-08-19 0911 LZ0AD         087 136 LZ0AR         140 155 
QSO:  3517 CW  2017-08-19 0912 LZ0AD         088 140 LZ0DZ         163 161 
QSO:  3517 CW  2017-08-19 0912 LZ0AD         089 163 LZ0DU         069 134 
QSO:  3522 CW  2017-08-19 0913 LZ0AD         090 069 LZ0AW         160 162 
QSO:  3522 CW  2017-08-19 0913 LZ0AD         091 160 LZ0AV         146 135 
QSO:  3532 CW  2017-08-19 0914 LZ0AD         092 146 LZ0AA         143 155 
QSO:  3533 CW  2017-08-19 0915 LZ0AD         093 143 LZ0DC         176 137 
QSO:  3535 CW  2017-08-19 0915 LZ0AD         094 176 LZ0DR         138 164 
QSO:  3531 CW  2017-08-19 0916 LZ0AD         095 138 LZ0DY         159 151 
QSO:  3523 CW  2017-08-19 0916 LZ0AD         096 159 LZ0AC         113 103 
QSO:  3536 CW  2017-08-19 0918 LZ0AD         097 113 LZ0AN         169 158 
QSO:  3536 CW  2017-08-19 0918 LZ0AD         098 169 LZ0FY         149 168 
QSO:  3536 CW  2017-08-19 0920 LZ0AD         099 149 LZ0FX         114 176 
QSO:  3536 CW  2017-08-19 0920 LZ0AD         100 114 LZ0DD         123 172 
QSO:  3536 CW  2017-08-19 0921 LZ0AD         101 123 LZ0DA         168 146 
QSO:  3559 CW  2017-08-19 0928 LZ0AD         102 168 LZ0AY         159 149 
QSO:  3557 CW  2017-08-19 0929 LZ0AD         103 159 LZ0FC         151 164 
QSO:  3546 CW  2017-08-19 0929 LZ0AD         104 151 LZ0AK         161 193 
QSO:  3527 CW  2017-08-19 0938 LZ0AD         105 161 LZ0FD         178 180 
QSO:  3529 CW  2017-08-19 0939 LZ0AD         106 178 LZ0AL         164 183 
QSO:  3537 CW  2017-08-19 0940 LZ0AD         107 164 LZ0AX         169 161 
QSO:  3511 CW  2017-08-19 0947 LZ0AD         108 169 LZ0DG         199 211 
QSO:  3516 CW  2017-08-19 0947 LZ0AD         109 199 LZ0AM         207 187 
QSO:  3517 CW  2017-08-19 0948 LZ0AD         110 207 LZ0DZ         210 181 
QSO:  3520 CW  2017-08-19 0948 LZ0AD         111 210 LZ0FF         197 187 
QSO:  3523 CW  2017-08-19 0949 LZ0AD         112 197 LZ0AN         208 195 
QSO:  3523 CW  2017-08-19 0949 LZ0AD         113 208 LZ0DL         189 188 
QSO:  3523 CW  2017-08-19 0950 LZ0AD         114 189 LZ0DF         179 205 
QSO:  3523 CW  2017-08-19 0950 LZ0AD         115 179 LZ0AG         195 177 
QSO:  3523 CW  2017-08-19 0950 LZ0AD         116 195 LZ0DD         151 197 
QSO:  3523 CW  2017-08-19 0950 LZ0AD         117 151 LZ0DN         187 192 
QSO:  3523 CW  2017-08-19 0951 LZ0AD         118 187 LZ0DJ         202 179 
QSO:  3523 CW  2017-08-19 0951 LZ0AD         119 202 LZ0DT         177 191 
QSO:  3523 CW  2017-08-19 0952 LZ0AD         120 177 LZ0FJ         213 174 
QSO:  3524 CW  2017-08-19 0952 LZ0AD         121 213 LZ0AC         119 148 
QSO:  3536 CW  2017-08-19 0954 LZ0AD         122 119 LZ0AP         184 205 
QSO:  3540 CW  2017-08-19 0955 LZ0AD         123 184 LZ0DM         198 122 
QSO:  3542 CW  2017-08-19 0956 LZ0AD         124 198 LZ0AT         223 199 
QSO:  3535 CW  2017-08-19 0957 LZ0AD         125 223 LZ0AJ         217 201 
QSO:  3535 CW  2017-08-19 0958 LZ0AD         126 217 LZ0DA         212 196 
QSO:  3535 CW  2017-08-19 0958 LZ0AD         127 212 LZ0DV         206 206 
QSO:  3535 CW  2017-08-19 1000 LZ0AD         128 206 LZ0DA         217 210 
QSO:  3535 CW  2017-08-19 1001 LZ0AD         129 217 LZ0FX         149 211 
QSO:  3535 CW  2017-08-19 1003 LZ0AD         130 149 LZ0DW         219 205 
QSO:  3535 CW  2017-08-19 1003 LZ0AD         131 219 LZ0FG         215 218 
QSO:  3535 CW  2017-08-19 1004 LZ0AD         132 215 LZ0DC         237 190 
QSO:  3531 CW  2017-08-19 1005 LZ0AD         133 237 LZ0DY         225 130 
QSO:  3545 CW  2017-08-19 1006 LZ0AD         134 225 LZ0FY         209 189 
QSO:  3526 CW  2017-08-19 1007 LZ0AD         135 209 LZ0DP         196 230 
QSO:  3559 CW  2017-08-19 1009 LZ0AD         136 196 LZ0AY         201 218 
QSO:  3535 CW  2017-08-19 1013 LZ0AD         137 201 LZ0AK         214 237 
QSO:  3535 CW  2017-08-19 1016 LZ0AD         138 214 LZ0AA         196 216 
QSO:  3535 CW  2017-08-19 1017 LZ0AD         139 196 LZ0DU         130 194 
QSO:  3535 CW  2017-08-19 1017 LZ0AD         140 130 LZ0AM         241 215 
QSO:  3535 CW  2017-08-19 1019 LZ0AD         141 241 LZ0AN         247 220 
QSO:  3535 CW  2017-08-19 1019 LZ0AD         142 247 LZ0DL         220 202 
QSO:  3535 CW  2017-08-19 1021 LZ0AD         143 220 LZ0AG         237 212 
QSO:  3535 CW  2017-08-19 1022 LZ0AD         144 237 LZ0FK         012 213 
QSO:  3535 CW  2017-08-19 1023 LZ0AD         145 012 LZ0DD         182 206 
QSO:  3535 CW  2017-08-19 1023 LZ0AD         146 182 LZ0DN         225 233 
QSO:  3535 CW  2017-08-19 1025 LZ0AD         147 225 LZ0FJ         252 216 
QSO:  3535 CW  2017-08-19 1025 LZ0AD         148 252 LZ0DP         222 014 
QSO:  3535 CW  2017-08-19 1026 LZ0AD         149 222 LZ0FC         217 251 
QSO:  3535 CW  2017-08-19 1026 LZ0AD         150 217 LZ0AF         234 242 
QSO:  3535 CW  2017-08-19 1027 LZ0AD         151 234 LZ0AT         263 245 
QSO:  3535 CW  2017-08-19 1027 LZ0AD         152 263 LZ0DG         245 210 
QSO:  3535 CW  2017-08-19 1028 LZ0AD         153 245 LZ0AJ         259 237 
QSO:  3535 CW  2017-08-19 1028 LZ0AD         154 259 LZ0AR         220 126 
QSO:  3535 CW  2017-08-19 1028 LZ0AD         155 220 LZ0DF         215 221 
QSO:  3535 CW  2017-08-19 1028 LZ0AD         156 215 LZ0DA         251 233 
QSO:  3535 CW  2017-08-19 1029 LZ0AD         157 251 LZ0DK         143 257 
QSO:  3535 CW  2017-08-19 1030 LZ0AD         158 143 LZ0DV         247 249 
QSO:  3535 CW  2017-08-19 1030 LZ0AD         159 247 LZ0DT         223 249 
QSO:  3535 CW  2017-08-19 1031 LZ0AD         160 223 LZ0AG         248 230 
QSO:  3535 CW  2017-08-19 1033 LZ0AD         161 248 LZ0AX         220 158 
QSO:  3535 CW  2017-08-19 1033 LZ0AD         162 220 LZ0FG         249 238 
QSO:  3535 CW  2017-08-19 1034 LZ0AD         163 249 LZ0DW         255 239 
QSO:  3535 CW  2017-08-19 1034 LZ0AD         164 255 LZ0DC         278 227 
QSO:  3535 CW  2017-08-19 1035 LZ0AD         165 278 LZ0FX         186 240 
QSO:  3535 CW  2017-08-19 1035 LZ0AD         166 186 LZ0AC         159 219 
QSO:  3535 CW  2017-08-19 1037 LZ0AD         167 159 LZ0DY         263 274 
QSO:  3535 CW  2017-08-19 1039 LZ0AD         168 263 LZ0DA         263 257 
QSO:  3521 CW  2017-08-19 1043 LZ0AD         169 263 LZ0AW         266 240 
QSO:  3535 CW  2017-08-19 1047 LZ0AD         170 266 LZ0AK         256 276 
QSO:  3535 CW  2017-08-19 1047 LZ0AD         171 256 LZ0AM         282 250 
QSO:  3535 CW  2017-08-19 1049 LZ0AD         172 282 LZ0AN         282 274 
QSO:  3535 CW  2017-08-19 1051 LZ0AD         173 282 LZ0AL         236 264 
QSO:  3535 CW  2017-08-19 1051 LZ0AD         174 236 LZ0AG         277 245 
QSO:  3535 CW  2017-08-19 1052 LZ0AD         175 277 LZ0DL         257 290 
QSO:  3535 CW  2017-08-19 1053 LZ0AD         176 257 LZ0DD         216 261 
QSO:  3535 CW  2017-08-19 1055 LZ0AD         177 216 LZ0DU         165 296 
QSO:  3535 CW  2017-08-19 1056 LZ0AD         178 165 LZ0FJ         297 270 
QSO:  3535 CW  2017-08-19 1056 LZ0AD         179 297 LZ0DJ         283 171 
QSO:  3535 CW  2017-08-19 1057 LZ0AD         180 283 LZ0DG         286 303 
QSO:  3535 CW  2017-08-19 1057 LZ0AD         181 286 LZ0AF         273 281 
QSO:  3535 CW  2017-08-19 1058 LZ0AD         182 273 LZ0AT         304 181 
QSO:  3535 CW  2017-08-19 1058 LZ0AD         183 304 LZ0AJ         298 256 
QSO:  3535 CW  2017-08-19 1059 LZ0AD         184 298 LZ0DA         291 309 
QSO:  3535 CW  2017-08-19 1059 LZ0AD         185 291 LZ0AA         256 287 
QSO:  3535 CW  2017-08-19 1059 LZ0AD         186 256 LZ0DK         183 301 
QSO:  3535 CW  2017-08-19 1059 LZ0AD         187 183 LZ0DP         268 302 
END-OF-LOG:
