START-OF-LOG: 2.0 
CALLSIGN: LZ0AR
CLUB:  Балчик
CONTEST: LZ-OPEN-DOMESTIC
CATEGORY: SINGLE-OP 80M QRP CW
CLAIMED-SCORE: 246
OPERATORS: LZ2WP
NAME: Владимир Постников LZ2WP
ADDRESS: 
ADDRESS: ,  
ADDRESS: BULGARIA
CREATED-BY: N1MM Logger+ 1.0.6666.0
QSO:  3502 CW 2017-08-19 0701 LZ0AR         001 000       LZ0DP         010 00       
QSO:  3502 CW 2017-08-19 0702 LZ0AR         002 010       LZ0AL         002 001      
QSO:  3502 CW 2017-08-19 0702 LZ0AR         003 002       LZ0AG         002 002      
QSO:  3502 CW 2017-08-19 0703 LZ0AR         004 002       LZ0DF         002 002      
QSO:  3502 CW 2017-08-19 0703 LZ0AR         005 002       LZ0DX         002 003      
QSO:  3511 CW 2017-08-19 0707 LZ0AR         006 015       LZ0DG         015 006      
QSO:  3514 CW 2017-08-19 0709 LZ0AR         007 015       LZ0AM         014 015      
QSO:  3514 CW 2017-08-19 0709 LZ0AR         008 014       LZ0DL         017 001      
QSO:  3514 CW 2017-08-19 0710 LZ0AR         009 017       LZ0AF         011 017      
QSO:  3514 CW 2017-08-19 0710 LZ0AR         010 011       LZ0AV         011 012      
QSO:  3514 CW 2017-08-19 0711 LZ0AR         011 011       LZ0DW         016 018      
QSO:  3514 CW 2017-08-19 0712 LZ0AR         012 016       LZ0FG         017 023      
QSO:  3514 CW 2017-08-19 0712 LZ0AR         013 017       LZ0DC         024 002      
QSO:  3514 CW 2017-08-19 0712 LZ0AR         014 024       LZ0AD         017 002      
QSO:  3514 CW 2017-08-19 0714 LZ0AR         015 017       LZ0DA         009 006      
QSO:  3524 CW 2017-08-19 0718 LZ0AR         016 009       LZ0AC         017 025      
QSO:  3528 CW 2017-08-19 0719 LZ0AR         017 017       LZ0FD         028 023      
QSO:  3537 CW 2017-08-19 0720 LZ0AR         018 028       LZ0AP         024 027      
QSO:  3514 CW 2017-08-19 0724 LZ0AR         019 024       LZ0AT         035 032      
QSO:  3514 CW 2017-08-19 0724 LZ0AR         020 035       LZ0AJ         033 030      
QSO:  3514 CW 2017-08-19 0725 LZ0AR         021 033       LZ0DP         027 026      
QSO:  3514 CW 2017-08-19 0726 LZ0AR         022 027       LZ0AK         029 017      
QSO:  3514 CW 2017-08-19 0726 LZ0AR         023 029       LZ0AX         030 30       
QSO:  3514 CW 2017-08-19 0727 LZ0AR         024 030       LZ0AC         030 27       
QSO:  3514 CW 2017-08-19 0727 LZ0AR         025 030       LZ0DY         035 024      
QSO:  3514 CW 2017-08-19 0728 LZ0AR         026 035       LZ0FJ         033 027      
QSO:  3514 CW 2017-08-19 0728 LZ0AR         027 033       LZ0DZ         035 027      
QSO:  3514 CW 2017-08-19 0729 LZ0AR         028 035       LZ0DK         022 030      
QSO:  3514 CW 2017-08-19 0731 LZ0AR         029 022       LZ0DN         031 016      
QSO:  3514 CW 2017-08-19 0731 LZ0AR         030 031       LZ0AY         035 034      
QSO:  3514 CW 2017-08-19 0732 LZ0AR         031 035       LZ0DL         041 17       
QSO:  3514 CW 2017-08-19 0732 LZ0AR         032 041       LZ0DV         037 042      
QSO:  3514 CW 2017-08-19 0733 LZ0AR         033 037       LZ0DD         027 023      
QSO:  3514 CW 2017-08-19 0733 LZ0AR         034 027       LZ0AL         032 042      
QSO:  3514 CW 2017-08-19 0733 LZ0AR         035 032       LZ0FY         033 030      
QSO:  3514 CW 2017-08-19 0734 LZ0AR         036 033       LZ0AG         037 046      
QSO:  3514 CW 2017-08-19 0736 LZ0AR         037 037       LZ0DX         020 052      
QSO:  3511 CW 2017-08-19 0738 LZ0AR         038 020       LZ0DG         055 046      
QSO:  3550 CW 2017-08-19 0739 LZ0AR         039 055       LZ0DT         047 049      
QSO:  3540 CW 2017-08-19 0739 LZ0AR         040 047       LZ0DM         042 055      
QSO:  3537 CW 2017-08-19 0741 LZ0AR         041           LZ0AP         045 040      
QSO:  3532 CW 2017-08-19 0742 LZ0AR         042 045       LZ0AA         041 046      
QSO:  3525 CW 2017-08-19 0744 LZ0AR         043 041       LZ0FA         046 044      
QSO:  3523 CW 2017-08-19 0746 LZ0AR         044 046       LZ0AC         046 056      
QSO:  3520 CW 2017-08-19 0748 LZ0AR         045 046       LZ0FF         059 50       
QSO:  3518 CW 2017-08-19 0749 LZ0AR         046 059       LZ0DW         060 052      
QSO:  3514 CW 2017-08-19 0750 LZ0AR         047 060       LZ0DA         059 054      
QSO:  3514 CW 2017-08-19 0751 LZ0AR         048 059       LZ0FD         062 047      
QSO:  3514 CW 2017-08-19 0752 LZ0AR         049 062       LZ0FZ         015 058      
QSO:  3514 CW 2017-08-19 0753 LZ0AR         050 015       LZ0DC         076 062      
QSO:  3514 CW 2017-08-19 0753 LZ0AR         051 076       LZ0AM         065 016      
QSO:  3514 CW 2017-08-19 0753 LZ0AR         052 065       LZ0AF         056 067      
QSO:  3514 CW 2017-08-19 0754 LZ0AR         053 056       LZ0FG         065 059      
QSO:  3514 CW 2017-08-19 0754 LZ0AR         054 065       LZ0AT         074 064      
QSO:  3514 CW 2017-08-19 0755 LZ0AR         055 074       LZ0AJ         067 064      
QSO:  3514 CW 2017-08-19 0755 LZ0AR         056 067       LZ0DJ         061 056      
QSO:  3514 CW 2017-08-19 0756 LZ0AR         057           LZ0DR         057 062      
QSO:  3514 CW 2017-08-19 0756 LZ0AR         058 057       LZ0DP         057 060      
QSO:  3514 CW 2017-08-19 0757 LZ0AR         059 057       LZ0AK         061 057      
QSO:  3514 CW 2017-08-19 0758 LZ0AR         060 061       LZ0AX         065 072      
QSO:  3514 CW 2017-08-19 0758 LZ0AR         061 065       LZ0DY         074 058      
QSO:  3514 CW 2017-08-19 0759 LZ0AR         062 074       LZ0FJ         073 059      
QSO:  3514 CW 2017-08-19 0759 LZ0AR         063 073       LZ0AD         066 038      
QSO:  3514 CW 2017-08-19 0801 LZ0AR         064 066       LZ0DN         064 037      
QSO:  3514 CW 2017-08-19 0801 LZ0AR         065 064       LZ0AV         066 069      
QSO:  3514 CW 2017-08-19 0802 LZ0AR         066 066       LZ0AY         066 041      
QSO:  3514 CW 2017-08-19 0802 LZ0AR         067 066       LZ0DL         080 67       
QSO:  3514 CW 2017-08-19 0803 LZ0AR         068 080       LZ0FY         066 066      
QSO:  3514 CW 2017-08-19 0804 LZ0AR         069 066       LZ0DV         072 060      
QSO:  3514 CW 2017-08-19 0804 LZ0AR         070 072       LZ0FX         044 69       
QSO:  3514 CW 2017-08-19 0805 LZ0AR         071 044       LZ0AG         073 081      
QSO:  3514 CW 2017-08-19 0806 LZ0AR         072 073       LZ0AL         072 077      
QSO:  3514 CW 2017-08-19 0808 LZ0AR         073 072       LZ0DK         047 051      
QSO:  3517 CW 2017-08-19 0809 LZ0AR         074 047       LZ0DZ         084 081      
QSO:  3522 CW 2017-08-19 0810 LZ0AR         075 084       LZ0AW         083 071      
QSO:  3540 CW 2017-08-19 0814 LZ0AR         076 083       LZ0DM         083 088      
QSO:  3514 CW 2017-08-19 0817 LZ0AR         077 083       LZ0AN         096 083      
QSO:  3514 CW 2017-08-19 0818 LZ0AR         078 096       LZ0FZ         027 082      
QSO:  3514 CW 2017-08-19 0820 LZ0AR         079 027       LZ0DW         090 86       
QSO:  3514 CW 2017-08-19 0821 LZ0AR         080 090       LZ0DA         095 086      
QSO:  3514 CW 2017-08-19 0822 LZ0AR         081 095       LZ0FD         097 081      
QSO:  3514 CW 2017-08-19 0822 LZ0AR         082 097       LZ0DD         068 102      
QSO:  3514 CW 2017-08-19 0824 LZ0AR         083 068       LZ0AF         091 096      
QSO:  3514 CW 2017-08-19 0825 LZ0AR         084 091       LZ0AT         107 102      
QSO:  3514 CW 2017-08-19 0826 LZ0AR         085 107       LZ0DJ         098 027      
QSO:  3514 CW 2017-08-19 0826 LZ0AR         086 098       LZ0AJ         103 100      
QSO:  3514 CW 2017-08-19 0827 LZ0AR         087 103       LZ0DC         118 094      
QSO:  3514 CW 2017-08-19 0827 LZ0AR         088 118       LZ0DT         092 028      
QSO:  3514 CW 2017-08-19 0828 LZ0AR         089 092       LZ0DP         097 092      
QSO:  3514 CW 2017-08-19 0828 LZ0AR         090 097       LZ0AX         097 093      
QSO:  3514 CW 2017-08-19 0829 LZ0AR         091 097       LZ0DY         106 063      
QSO:  3514 CW 2017-08-19 0829 LZ0AR         092 106       LZ0AK         093 102      
QSO:  3514 CW 2017-08-19 0829 LZ0AR         093 093       LZ0DR         091 095      
QSO:  3514 CW 2017-08-19 0830 LZ0AR         094 091       LZ0FG         103 104      
QSO:  3514 CW 2017-08-19 0830 LZ0AR         095 103       LZ0FJ         110 034      
QSO:  3514 CW 2017-08-19 0831 LZ0AR         096 110       LZ0AM         109 095      
QSO:  3514 CW 2017-08-19 0832 LZ0AR         097 109       LZ0AV         099 106      
QSO:  3514 CW 2017-08-19 0833 LZ0AR         098 099       LZ0AY         098 040      
QSO:  3514 CW 2017-08-19 0833 LZ0AR         099 098       LZ0AA         088 117      
QSO:  3514 CW 2017-08-19 0834 LZ0AR         100 088       LZ0DN         101 115      
QSO:  3545 CW 2017-08-19 0839 LZ0AR         101 101       LZ0FY         105 099      
QSO:  3514 CW 2017-08-19 0841 LZ0AR         102 105       LZ0DL         122 116      
QSO:  3555 CW 2017-08-19 0844 LZ0AR         103 122       LZ0AU         162 123      
QSO:  3514 CW 2017-08-19 0845 LZ0AR         104 162       LZ0AG         119 108      
QSO:  3514 CW 2017-08-19 0847 LZ0AR         105 119       LZ0DU         042 225      
QSO:  3515 CW 2017-08-19 0848 LZ0AR         106 042       LZ0FX         083 132      
QSO:  3522 CW 2017-08-19 0849 LZ0AR         107 083       LZ0AW         134 122      
QSO:  3525 CW 2017-08-19 0850 LZ0AR         108 134       LZ0FA         118 044      
QSO:  3536 CW 2017-08-19 0853 LZ0AR         109 118       LZ0AP         117 137      
QSO:  3540 CW 2017-08-19 0853 LZ0AR         110 117       LZ0DM         123 119      
QSO:  3514 CW 2017-08-19 0855 LZ0AR         111 123       LZ0DA         135 120      
QSO:  3514 CW 2017-08-19 0856 LZ0AR         112 135       LZ0DD         101 140      
QSO:  3514 CW 2017-08-19 0856 LZ0AR         113 101       LZ0AT         145 131      
QSO:  3514 CW 2017-08-19 0856 LZ0AR         114 145       LZ0DW         137 141      
QSO:  3514 CW 2017-08-19 0857 LZ0AR         115 137       LZ0DZ         142 141      
QSO:  3514 CW 2017-08-19 0857 LZ0AR         116 142       LZ0DC         156 147      
QSO:  3514 CW 2017-08-19 0858 LZ0AR         117 156       LZ0AN         144 146      
QSO:  3514 CW 2017-08-19 0858 LZ0AR         118 144       LZ0AJ         142 131      
QSO:  3514 CW 2017-08-19 0859 LZ0AR         119 142       LZ0DJ         139 130      
QSO:  3514 CW 2017-08-19 0859 LZ0AR         120 139       LZ0AX         127 122      
QSO:  3514 CW 2017-08-19 0900 LZ0AR         121 127       LZ0AF         132 119      
QSO:  3514 CW 2017-08-19 0900 LZ0AR         122 132       LZ0AK         126 127      
QSO:  3514 CW 2017-08-19 0901 LZ0AR         123 126       LZ0DF         137 144      
QSO:  3514 CW 2017-08-19 0901 LZ0AR         124 137       LZ0AM         147 128      
QSO:  3514 CW 2017-08-19 0901 LZ0AR         125 147       LZ0DG         146 129      
QSO:  3514 CW 2017-08-19 0902 LZ0AR         126 146       LZ0DP         124 141      
QSO:  3514 CW 2017-08-19 0903 LZ0AR         127 124       LZ0AV         131 147      
QSO:  3514 CW 2017-08-19 0904 LZ0AR         128 131       LZ0FG         139 143      
QSO:  3514 CW 2017-08-19 0904 LZ0AR         129 139       LZ0AA         121 154      
QSO:  3514 CW 2017-08-19 0904 LZ0AR         130 121       LZ0AY         133 156      
QSO:  3514 CW 2017-08-19 0905 LZ0AR         131 133       LZ0DN         138 134      
QSO:  3514 CW 2017-08-19 0905 LZ0AR         132 138       LZ0DV         140 103      
QSO:  3514 CW 2017-08-19 0906 LZ0AR         133 140       LZ0FJ         153 135      
QSO:  3514 CW 2017-08-19 0907 LZ0AR         134 153       LZ0DF         131 124      
QSO:  3514 CW 2017-08-19 0907 LZ0AR         135 131       LZ0DT         130 141      
QSO:  3514 CW 2017-08-19 0908 LZ0AR         136 130       LZ0DY         151 138      
QSO:  3514 CW 2017-08-19 0909 LZ0AR         137 151       LZ0DR         130 152      
QSO:  3514 CW 2017-08-19 0909 LZ0AR         138 130       LZ0DK         096 109      
QSO:  3514 CW 2017-08-19 0910 LZ0AR         139 096       LZ0DL         155 141      
QSO:  3514 CW 2017-08-19 0911 LZ0AR         140 155       LZ0AD         087 136      
QSO:  3514 CW 2017-08-19 0912 LZ0AR         141 087       LZ0AL         133 137      
QSO:  3514 CW 2017-08-19 0913 LZ0AR         142 133       LZ0DX         073 139      
QSO:  3514 CW 2017-08-19 0916 LZ0AR         143 073       LZ0AG         156 103      
QSO:  3514 CW 2017-08-19 0917 LZ0AR         144 156       LZ0FC         135 162      
QSO:  3510 CW 2017-08-19 0919 LZ0AR         145 135       LZ0FZ         062 162      
QSO:  3520 CW 2017-08-19 0920 LZ0AR         146 062       LZ0FF         166 144      
QSO:  3522 CW 2017-08-19 0920 LZ0AR         147 166       LZ0AW         170 164      
QSO:  3523 CW 2017-08-19 0921 LZ0AR         148 170       LZ0AC         118 174      
QSO:  3525 CW 2017-08-19 0922 LZ0AR         149 118       LZ0FA         151 145      
QSO:  3528 CW 2017-08-19 0924 LZ0AR         150 151       LZ0FD         163 175      
QSO:  3514 CW 2017-08-19 0926 LZ0AR         151 163       LZ0DA         172 182      
QSO:  3514 CW 2017-08-19 0926 LZ0AR         152 172       LZ0DW         176 176      
QSO:  3514 CW 2017-08-19 0927 LZ0AR         153 176       LZ0AT         185 181      
QSO:  3514 CW 2017-08-19 0928 LZ0AR         154 185       LZ0AN         183 120      
QSO:  3514 CW 2017-08-19 0928 LZ0AR         155 183       LZ0AJ         180 156      
QSO:  3514 CW 2017-08-19 0929 LZ0AR         156 180       LZ0DD         132 177      
QSO:  3514 CW 2017-08-19 0929 LZ0AR         157 132       LZ0DJ         178 165      
QSO:  3514 CW 2017-08-19 0930 LZ0AR         158 178       LZ0DC         195 169      
QSO:  3514 CW 2017-08-19 0930 LZ0AR         159 195       LZ0DL         163 069      
QSO:  3514 CW 2017-08-19 0931 LZ0AR         160 163       LZ0AK         163 164      
QSO:  3514 CW 2017-08-19 0932 LZ0AR         161 163       LZ0AM         186 162      
QSO:  3514 CW 2017-08-19 0932 LZ0AR         162 186       LZ0AX         162 172      
QSO:  3514 CW 2017-08-19 0932 LZ0AR         163 162       LZ0AF         168 158      
QSO:  3514 CW 2017-08-19 0933 LZ0AR         164 168       LZ0DP         159 167      
QSO:  3514 CW 2017-08-19 0934 LZ0AR         165 159       LZ0AV         166 187      
QSO:  3514 CW 2017-08-19 0934 LZ0AR         166 166       LZ0AP         158 087      
QSO:  3514 CW 2017-08-19 0935 LZ0AR         167 158       LZ0FG         178 073      
QSO:  3514 CW 2017-08-19 0935 LZ0AR         168 178       LZ0DN         172 172      
QSO:  3514 CW 2017-08-19 0936 LZ0AR         169 172       LZ0AY         166 185      
QSO:  3514 CW 2017-08-19 0936 LZ0AR         170 166       LZ0AA         161 166      
QSO:  3514 CW 2017-08-19 0937 LZ0AR         171 161       LZ0DV         176 126      
QSO:  3514 CW 2017-08-19 0937 LZ0AR         172 176       LZ0FJ         191 167      
QSO:  3514 CW 2017-08-19 0938 LZ0AR         173 191       LZ0DY         190 165      
QSO:  3514 CW 2017-08-19 0939 LZ0AR         174 190       LZ0FX         130 077      
QSO:  3514 CW 2017-08-19 0939 LZ0AR         175 130       LZ0DT         164 085      
QSO:  3512 CW 2017-08-19 0942 LZ0AR         176 164       LZ0DF         169 165      
QSO:  3517 CW 2017-08-19 0943 LZ0AR         177 169       LZ0DZ         201 186      
QSO:  3535 CW 2017-08-19 0947 LZ0AR         178 201       LZ0DU         107 205      
QSO:  3536 CW 2017-08-19 0948 LZ0AR         179 107       LZ0DR         169 148      
QSO:  3540 CW 2017-08-19 0949 LZ0AR         180 169       LZ0DM         187 212      
QSO:  3541 CW 2017-08-19 0950 LZ0AR         181 187       LZ0AM         211 178      
QSO:  3557 CW 2017-08-19 0951 LZ0AR         182 211       LZ0FC         176 189      
QSO:  3514 CW 2017-08-19 0953 LZ0AR         183 176       LZ0AG         199 178      
QSO:  3514 CW 2017-08-19 0955 LZ0AR         184 199       LZ0AL         118 118      
QSO:  3514 CW 2017-08-19 0957 LZ0AR         185 118       LZ0DW         210 214      
QSO:  3514 CW 2017-08-19 0959 LZ0AR         186 210       LZ0DA         214 221      
QSO:  3514 CW 2017-08-19 0959 LZ0AR         187 214       LZ0AT         224 134      
QSO:  3514 CW 2017-08-19 1000 LZ0AR         188 224       LZ0DJ         213 198      
QSO:  3514 CW 2017-08-19 1000 LZ0AR         189 213       LZ0AJ         220 207      
QSO:  3514 CW 2017-08-19 1000 LZ0AR         190 220       LZ0DX         111 195      
QSO:  3514 CW 2017-08-19 1001 LZ0AR         191 111       LZ0DL         200 191      
QSO:  3514 CW 2017-08-19 1001 LZ0AR         192 200       LZ0DK         128 160      
QSO:  3514 CW 2017-08-19 1002 LZ0AR         193 128       LZ0AN         225 128      
QSO:  3514 CW 2017-08-19 1002 LZ0AR         194 225       LZ0DC         234 227      
QSO:  3514 CW 2017-08-19 1003 LZ0AR         195 234       LZ0AK         203 224      
QSO:  3514 CW 2017-08-19 1004 LZ0AR         196 203       LZ0DP         192 185      
QSO:  3514 CW 2017-08-19 1004 LZ0AR         197 192       LZ0AV         202 224      
QSO:  3514 CW 2017-08-19 1005 LZ0AR         198 202       LZ0FG         216 131      
QSO:  3514 CW 2017-08-19 1006 LZ0AR         199 216       LZ0AX         195 214      
QSO:  3514 CW 2017-08-19 1006 LZ0AR         200 195       LZ0DD         169 21       
QSO:  3514 CW 2017-08-19 1007 LZ0AR         201 169       LZ0AF         208 194      
QSO:  3514 CW 2017-08-19 1008 LZ0AR         202 208       LZ0DN         207 219      
QSO:  3514 CW 2017-08-19 1008 LZ0AR         203 207       LZ0FJ         233 186      
QSO:  3514 CW 2017-08-19 1009 LZ0AR         204 233       LZ0DV         216 122      
QSO:  3514 CW 2017-08-19 1010 LZ0AR         205 216       LZ0DT         196 218      
QSO:  3514 CW 2017-08-19 1010 LZ0AR         206 196       LZ0AY         203 235      
QSO:  3514 CW 2017-08-19 1011 LZ0AR         207 203       LZ0DY         229 223      
QSO:  3514 CW 2017-08-19 1013 LZ0AR         208 229       LZ0AM         238 249      
QSO:  3514 CW 2017-08-19 1013 LZ0AR         209 238       LZ0AC         137 228      
QSO:  3512 CW 2017-08-19 1016 LZ0AR         210 137       LZ2DF         207 224      
QSO:  3522 CW 2017-08-19 1016 LZ0AR         211 207       LZ0AW         235 227      
QSO:  3511 CW 2017-08-19 1018 LZ0AR         212 235       LZ0DG         237 218      
QSO:  3517 CW 2017-08-19 1020 LZ0AR         213 237       LZ0DZ         251 204      
QSO:  3520 CW 2017-08-19 1021 LZ0AR         214 251       LZ0FF         230 260      
QSO:  3524 CW 2017-08-19 1022 LZ0AR         215 230       LZ0FX         271 259      
QSO:  3525 CW 2017-08-19 1022 LZ0AR         216 271       LZ0FA         220 218      
QSO:  3528 CW 2017-08-19 1023 LZ0AR         217 220       LZ0FD         233 240      
QSO:  3532 CW 2017-08-19 1024 LZ0AR         218 233       LZ0AA         215 242      
QSO:  3532 CW 2017-08-19 1025 LZ0AR         219 215       LZ0AA         126 196      
QSO:  3535 CW 2017-08-19 1028 LZ0AR         220 126       LZ0AD         153 123      
QSO:  3537 CW 2017-08-19 1030 LZ0AR         221 153       LZ0AP         219 149      
QSO:  3514 CW 2017-08-19 1030 LZ0AR         222 219       LZ0DJ         249 235      
QSO:  3514 CW 2017-08-19 1031 LZ0AR         223 249       LZ0AT         267 261      
QSO:  3514 CW 2017-08-19 1031 LZ0AR         224 267       LZ0DX         143 216      
QSO:  3514 CW 2017-08-19 1032 LZ0AR         225 143       LZ0AJ         264 236      
QSO:  3514 CW 2017-08-19 1032 LZ0AR         226 264       LZ0AN         265 157      
QSO:  3514 CW 2017-08-19 1033 LZ0AR         227 265       LZ0DA         255 192      
QSO:  3514 CW 2017-08-19 1033 LZ0AR         228 255       LZ0DC         274 228      
QSO:  3514 CW 2017-08-19 1033 LZ0AR         229 274       LZ0AG         250 193      
QSO:  3514 CW 2017-08-19 1034 LZ0AR         230 250       LZ0DK         155 250      
QSO:  3514 CW 2017-08-19 1034 LZ0AR         231 155       LZ0DL         238 251      
QSO:  3514 CW 2017-08-19 1035 LZ0AR         232 238       LZ0AV         239 254      
QSO:  3514 CW 2017-08-19 1035 LZ0AR         233 239       LZ0DP         231 142      
QSO:  3514 CW 2017-08-19 1035 LZ0AR         234 231       LZ0DW         256 163      
QSO:  3514 CW 2017-08-19 1036 LZ0AR         235 256       LZ0FG         252 267      
QSO:  3514 CW 2017-08-19 1037 LZ0AR         236 252       LZ0DD         198 234      
QSO:  3514 CW 2017-08-19 1037 LZ0AR         237 198       LZ0DU         149 254      
QSO:  3514 CW 2017-08-19 1038 LZ0AR         238 149       LZ0AL         217 242      
QSO:  3514 CW 2017-08-19 1039 LZ0AR         239 217       LZ0AK         240 271      
QSO:  3514 CW 2017-08-19 1039 LZ0AR         240 240       LZ0AX         227 256      
QSO:  3514 CW 2017-08-19 1040 LZ0AR         241 227       LZ0DN         244 258      
QSO:  3514 CW 2017-08-19 1040 LZ0AR         242 244       LZ0AF         249 258      
QSO:  3514 CW 2017-08-19 1041 LZ0AR         243 249       LZ0DV         258 152      
QSO:  3514 CW 2017-08-19 1041 LZ0AR         244 258       LZ0DR         214 154      
QSO:  3514 CW 2017-08-19 1042 LZ0AR         245 214       LZ0FJ         275 229      
QSO:  3514 CW 2017-08-19 1042 LZ0AR         246 275       LZ0FK         025 182      
QSO:  3514 CW 2017-08-19 1042 LZ0AR         247 025       LZ0AY         236 246      
QSO:  3514 CW 2017-08-19 1043 LZ0AR         248 236       LZ0FC         238 278      
QSO:  3514 CW 2017-08-19 1043 LZ0AR         249 238       LZ0DT         231 222      
QSO:  3516 CW 2017-08-19 1045 LZ0AR         250 231       LZ0AM         280 267      
QSO:  3522 CW 2017-08-19 1047 LZ0AR         251 280       LZ0AW         272 265      
QSO:  3531 CW 2017-08-19 1049 LZ0AR         252 272       LZ0DY         279 032      
QSO:  3540 CW 2017-08-19 1051 LZ0AR         253 279       LZ0DM         258 035      
QSO:  3512 CW 2017-08-19 1053 LZ0AR         254 258       LZ0DF         248 268      
QSO:  3514 CW 2017-08-19 1053 LZ0AR         255 248       LZ0FX         202 281      
QSO:  3514 CW 2017-08-19 1055 LZ0AR         256 202       LZ0FA         257 284      
QSO:  3514 CW 2017-08-19 1055 LZ0AR         257 257       LZ0AA         248 292      
QSO:  3514 CW 2017-08-19 1058 LZ0AR         258 248       LZ0DZ         295 226      
END-OF-LOG:
