START-OF-LOG: 2.0 
CALLSIGN: LZ0AM
CLUB: Romania
SOAPBOX: Radio Bike Team
CONTEST: LZ-OPEN
CATEGORY: SINGLE-OP ALL QRP CW
CLAIMED-SCORE: 297
OPERATORS: YO9GZU
SOAPBOX: Radio Bike Team
NAME: Tiberiu Tebeica YO9GZU 
ADDRESS: nil
ADDRESS: nil, nil nil
ADDRESS: nil
CREATED-BY: N1MM Logger V12.2.3
QSO:  3517 CW 2017-08-19 0700 LZ0AM         001 000       LZ0DZ         001 000      
QSO:  3511 CW 2017-08-19 0701 LZ0AM         002 001       LZ0DG         003 003      
QSO:  3526 CW 2017-08-19 0702 LZ0AM         003 003       LZ0FJ         002 004      
QSO:  3522 CW 2017-08-19 0702 LZ0AM         004 002       LZ0AW         002 001      
QSO:  3520 CW 2017-08-19 0703 LZ0AM         005 002       LZ0FF         006 003      
QSO:  3533 CW 2017-08-19 0704 LZ0AM         006 006       LZ0AJ         006 005      
QSO:  3532 CW 2017-08-19 0704 LZ0AM         007 006       LZ0AA         006 007      
QSO:  3534 CW 2017-08-19 0705 LZ0AM         008 006       LZ0DC         008 005      
QSO:  3537 CW 2017-08-19 0706 LZ0AM         009 008       LZ0AY         009 006      
QSO:  3545 CW 2017-08-19 0706 LZ0AM         010 009       LZ0FY         005 005      
QSO:  3540 CW 2017-08-19 0707 LZ0AM         011 005       LZ0DM         006 009      
QSO:  3530 CW 2017-08-19 0708 LZ0AM         012 006       LZ0DV         012 009      
QSO:  3527 CW 2017-08-19 0708 LZ0AM         013 012       LZ0DP         015 010      
QSO:  3514 CW 2017-08-19 0709 LZ0AM         014 015       LZ0AR         007 015      
QSO:  3550 CW 2017-08-19 0710 LZ0AM         015 007       LZ0DT         015 021      
QSO:  3556 CW 2017-08-19 0710 LZ0AM         016 015       LZ0AK         013 018      
QSO:  3557 CW 2017-08-19 0711 LZ0AM         017 013       LZ0FC         003 010      
QSO:  3542 CW 2017-08-19 0712 LZ0AM         018 003       LZ0AT         020 014      
QSO:  3541 CW 2017-08-19 0712 LZ0AM         019 020       LZ0AF         016 011      
QSO:  3528 CW 2017-08-19 0713 LZ0AM         020 016       LZ0FD         020 022      
QSO:  3525 CW 2017-08-19 0714 LZ0AM         021 020       LZ0FA         018 018      
QSO:  3523 CW 2017-08-19 0714 LZ0AM         022 018       LZ0AC         005 014      
QSO:  3543 CW 2017-08-19 0716 LZ0AM         023 005       LZ0DU         007 020      
QSO:  3545 CW 2017-08-19 0716 LZ0AM         024 007       LZ0AX         018 017      
QSO:  3559 CW 2017-08-19 0717 LZ0AM         025 018       LZ0AL         018 023      
QSO:  3552 CW 2017-08-19 0717 LZ0AM         026 018       LZ0DN         019 024      
QSO:  3536 CW 2017-08-19 0718 LZ0AM         027 019       LZ0AP         023 020      
QSO:  3535 CW 2017-08-19 0719 LZ0AM         028 023       LZ0AD         026 027      
QSO:  3519 CW 2017-08-19 0720 LZ0AM         029 026       LZ0DL         032 026      
QSO:  3518 CW 2017-08-19 0721 LZ0AM         030 032       LZ0DW         026 020      
QSO:  3516 CW 2017-08-19 0721 LZ0AM         031 026       LZ0AN         030 027      
QSO:  3513 CW 2017-08-19 0722 LZ0AM         032 030       LZ0DF         028 029      
QSO:  3523 CW 2017-08-19 0725 LZ0AM         033 028       LZ0AV         025 034      
QSO:  3532 CW 2017-08-19 0727 LZ0AM         034 025       LZ0DD         021 034      
QSO:  3552 CW 2017-08-19 0729 LZ0AM         035 021       LZ0AG         032 034      
QSO:  3516 CW 2017-08-19 0730 LZ0AM         036 032       LZ0FX         021 029      
QSO:  3517 CW 2017-08-19 0730 LZ0AM         037 021       LZ0DZ         036 027      
QSO:  3522 CW 2017-08-19 0732 LZ0AM         038 036       LZ0AW         036 032      
QSO:  3526 CW 2017-08-19 0732 LZ0AM         039 036       LZ0FJ         037 032      
QSO:  3511 CW 2017-08-19 0733 LZ0AM         040 037       LZ0DG         044 030      
QSO:  3520 CW 2017-08-19 0734 LZ0AM         041 044       LZ0FF         038 034      
QSO:  3533 CW 2017-08-19 0734 LZ0AM         042 038       LZ0AJ         040 034      
QSO:  3534 CW 2017-08-19 0736 LZ0AM         043 040       LZ0DC         049 035      
QSO:  3532 CW 2017-08-19 0736 LZ0AM         044 049       LZ0AA         032 034      
QSO:  3545 CW 2017-08-19 0737 LZ0AM         045 032       LZ0FY         037 051      
QSO:  3540 CW 2017-08-19 0739 LZ0AM         046 037       LZ0DM         040 040      
QSO:  3527 CW 2017-08-19 0740 LZ0AM         047 040       LZ0DP         039 044      
QSO:  3530 CW 2017-08-19 0741 LZ0AM         048 039       LZ0DV         048 046      
QSO:  3550 CW 2017-08-19 0741 LZ0AM         049 048       LZ0DT         051 049      
QSO:  3557 CW 2017-08-19 0742 LZ0AM         050 051       LZ0FC         033 044      
QSO:  3542 CW 2017-08-19 0742 LZ0AM         051 033       LZ0AT         059 040      
QSO:  3541 CW 2017-08-19 0742 LZ0AM         052 059       LZ0AF         045 043      
QSO:  3528 CW 2017-08-19 0743 LZ0AM         053 045       LZ0FD         048 050      
QSO:  3559 CW 2017-08-19 0745 LZ0AM         054 048       LZ0AY         048 050      
QSO:  3545 CW 2017-08-19 0746 LZ0AM         055 048       LZ0AX         046 054      
QSO:  3523 CW 2017-08-19 0747 LZ0AM         056 046       LZ0AC         050 050      
QSO:  3525 CW 2017-08-19 0747 LZ0AM         057 050       LZ0FA         051 063      
QSO:  3547 CW 2017-08-19 0750 LZ0AM         058 051       LZ0AK         053 059      
QSO:  3516 CW 2017-08-19 0751 LZ0AM         060 053       LZ0DY         063 058      
QSO:  3516 CW 2017-08-19 0751 LZ0AM         061 063       LZ0AD         056 051      
QSO:  3536 CW 2017-08-19 0751 LZ0AM         062 056       LZ0AP         056 037      
QSO:  3516 CW 2017-08-19 0752 LZ0AM         063 056       LZ0AN         067 061      
QSO:  3516 CW 2017-08-19 0752 LZ0AM         064 067       LZ0FZ         016 049      
QSO:  3514 CW 2017-08-19 0753 LZ0AM         065 016       LZ0AR         051 076      
QSO:  3518 CW 2017-08-19 0754 LZ0AM         066 051       LZ0DW         063 072      
QSO:  3519 CW 2017-08-19 0754 LZ0AM         067 063       LZ0DL         074 056      
QSO:  3523 CW 2017-08-19 0756 LZ0AM         068 074       LZ0AV         058 039      
QSO:  3516 CW 2017-08-19 0759 LZ0AM         069 058       LZ0DR         059 034      
QSO:  3552 CW 2017-08-19 0800 LZ0AM         070 059       LZ0AG         068 069      
QSO:  3513 CW 2017-08-19 0800 LZ0AM         071 068       LZ0DF         074 059      
QSO:  3554 CW 2017-08-19 0802 LZ0AM         072 074       LZ0DJ         071 049      
QSO:  3526 CW 2017-08-19 0803 LZ0AM         073 071       LZ0FJ         077 065      
QSO:  3522 CW 2017-08-19 0803 LZ0AM         074 077       LZ0AW         071 017      
QSO:  3517 CW 2017-08-19 0803 LZ0AM         075 071       LZ0DZ         072 081      
QSO:  3511 CW 2017-08-19 0804 LZ0AM         076 072       LZ0DG         082 072      
QSO:  3520 CW 2017-08-19 0805 LZ0AM         077 082       LZ0FF         071 077      
QSO:  3529 CW 2017-08-19 0805 LZ0AM         078 071       LZ0AL         071 071      
QSO:  3533 CW 2017-08-19 0805 LZ0AM         079 071       LZ0AJ         077 075      
QSO:  3532 CW 2017-08-19 0807 LZ0AM         080 077       LZ0AA         063 075      
QSO:  3534 CW 2017-08-19 0807 LZ0AM         081 063       LZ0DC         092 076      
QSO:  3545 CW 2017-08-19 0808 LZ0AM         082 092       LZ0FY         071 076      
QSO:  3540 CW 2017-08-19 0810 LZ0AM         083 071       LZ0DM         077 074      
QSO:  3551 CW 2017-08-19 0811 LZ0AM         084 077       LZ0AU         039 077      
QSO:  3549 CW 2017-08-19 0811 LZ0AM         085 039       LZ0DT         081 079      
QSO:  3527 CW 2017-08-19 0813 LZ0AM         086 081       LZ0DP         078 084      
QSO:  3528 CW 2017-08-19 0813 LZ0AM         087 078       LZ0FD         082 090      
QSO:  3543 CW 2017-08-19 0815 LZ0AM         088 082       LZ0DU         018 081      
QSO:  3542 CW 2017-08-19 0815 LZ0AM         089 018       LZ0AT         098 087      
QSO:  3541 CW 2017-08-19 0815 LZ0AM         090 098       LZ0AF         082 092      
QSO:  3557 CW 2017-08-19 0816 LZ0AM         091 082       LZ0FC         069 088      
QSO:  3559 CW 2017-08-19 0816 LZ0AM         092 069       LZ0AY         080 089      
QSO:  3545 CW 2017-08-19 0816 LZ0AM         093 080       LZ0AX         082 089      
QSO:  3516 CW 2017-08-19 0817 LZ0AM         094 082       LZ0FX         053 079      
QSO:  3525 CW 2017-08-19 0818 LZ0AM         095 053       LZ0FA         084 077      
QSO:  3523 CW 2017-08-19 0820 LZ0AM         096 084       LZ0AC         085 080      
QSO:  3516 CW 2017-08-19 0822 LZ0AM         097 085       LZ0AN         103 102      
QSO:  3544 CW 2017-08-19 0823 LZ0AM         098 103       LZ0DN         090 095      
QSO:  3516 CW 2017-08-19 0824 LZ0AM         099 090       LZ0DY         102 088      
QSO:  3516 CW 2017-08-19 0824 LZ0AM         100 102       LZ0DW         099 023      
QSO:  3516 CW 2017-08-19 0824 LZ0AM         101 099       LZ0DL         101 090      
QSO:  3516 CW 2017-08-19 0824 LZ0AM         102 101       LZ0FG         095 088      
QSO:  3536 CW 2017-08-19 0825 LZ0AM         103 095       LZ0AP         089 105      
QSO:  3523 CW 2017-08-19 0828 LZ0AM         104 089       LZ0AV         093 104      
QSO:  3530 CW 2017-08-19 0829 LZ0AM         105 093       LZ0DV         097 060      
QSO:  3534 CW 2017-08-19 0829 LZ0AM         106 097       LZ0FZ         035 109      
QSO:  3552 CW 2017-08-19 0830 LZ0AM         107 035       LZ0AG         104 108      
QSO:  3547 CW 2017-08-19 0831 LZ0AM         108 104       LZ0AK         095 098      
QSO:  3514 CW 2017-08-19 0831 LZ0AM         109 095       LZ0AR         096 110      
QSO:  3513 CW 2017-08-19 0832 LZ0AM         110 096       LZ0DF         099 113      
QSO:  3526 CW 2017-08-19 0833 LZ0AM         111 099       LZ0FJ         114 064      
QSO:  3522 CW 2017-08-19 0833 LZ0AM         112 114       LZ0AW         107 098      
QSO:  3517 CW 2017-08-19 0834 LZ0AM         113 107       LZ0DZ         110 101      
QSO:  3520 CW 2017-08-19 0836 LZ0AM         114 110       LZ0FF         108 099      
QSO:  3533 CW 2017-08-19 0837 LZ0AM         115 108       LZ0AJ         113 111      
QSO:  3535 CW 2017-08-19 0837 LZ0AM         116 113       LZ0DD         084 108      
QSO:  3534 CW 2017-08-19 0838 LZ0AM         117 084       LZ0DC         129 105      
QSO:  3532 CW 2017-08-19 0838 LZ0AM         118 129       LZ0AA         095 107      
QSO:  3511 CW 2017-08-19 0839 LZ0AM         119 095       LZ0DG         124 096      
QSO:  3540 CW 2017-08-19 0840 LZ0AM         120 124       LZ0DM         109 110      
QSO:  3545 CW 2017-08-19 0841 LZ0AM         121 109       LZ0FY         106 101      
QSO:  3551 CW 2017-08-19 0842 LZ0AM         122 106       LZ0DT         104 104      
QSO:  3555 CW 2017-08-19 0843 LZ0AM         123 104       LZ0AU         061 290      
QSO:  3528 CW 2017-08-19 0845 LZ0AM         124 061       LZ0DU         040 060      
QSO:  3528 CW 2017-08-19 0845 LZ0AM         125 040       LZ0FD         116 107      
QSO:  3516 CW 2017-08-19 0846 LZ0AM         126 116       LZ0AF         116 119      
QSO:  3542 CW 2017-08-19 0847 LZ0AM         127 116       LZ0AT         135 120      
QSO:  3559 CW 2017-08-19 0847 LZ0AM         128 135       LZ0AY         111 119      
QSO:  3545 CW 2017-08-19 0849 LZ0AM         129 111       LZ0AX         116 131      
QSO:  3557 CW 2017-08-19 0850 LZ0AM         130 116       LZ0FC         108 115      
QSO:  3554 CW 2017-08-19 0852 LZ0AM         131 108       LZ0DJ         130 140      
QSO:  3527 CW 2017-08-19 0852 LZ0AM         132 130       LZ0DP         115 132      
QSO:  3529 CW 2017-08-19 0853 LZ0AM         133 115       LZ0AL         119 126      
QSO:  3544 CW 2017-08-19 0853 LZ0AM         134 119       LZ0DN         124 119      
QSO:  3525 CW 2017-08-19 0854 LZ0AM         135 124       LZ0FA         121 138      
QSO:  3516 CW 2017-08-19 0855 LZ0AM         136 121       LZ0DY         140 139      
QSO:  3519 CW 2017-08-19 0856 LZ0AM         137 140       LZ0AN         142 141      
QSO:  3516 CW 2017-08-19 0857 LZ0AM         138 142       LZ0FX         086 113      
QSO:  3516 CW 2017-08-19 0858 LZ0AM         139 086       LZ0FG         132 123      
QSO:  3516 CW 2017-08-19 0858 LZ0AM         140 132       LZ0DA         137 120      
QSO:  3516 CW 2017-08-19 0858 LZ0AM         141 137       LZ0DW         138 114      
QSO:  3516 CW 2017-08-19 0859 LZ0AM         142 138       LZ0DL         143 125      
QSO:  3537 CW 2017-08-19 0859 LZ0AM         143 143       LZ0AP         123 126      
QSO:  3516 CW 2017-08-19 0900 LZ0AM         144 123       LZ0DR         125 086      
QSO:  3530 CW 2017-08-19 0900 LZ0AM         145 125       LZ0DV         134 126      
QSO:  3523 CW 2017-08-19 0901 LZ0AM         146 134       LZ0AV         128 125      
QSO:  3514 CW 2017-08-19 0901 LZ0AM         147 128       LZ0AR         124 137      
QSO:  3523 CW 2017-08-19 0902 LZ0AM         148 124       LZ0AC         098 125      
QSO:  3547 CW 2017-08-19 0903 LZ0AM         149 098       LZ0AK         130 131      
QSO:  3526 CW 2017-08-19 0904 LZ0AM         150 130       LZ0FJ         150 119      
QSO:  3522 CW 2017-08-19 0904 LZ0AM         151 150       LZ0AW         146 129      
QSO:  3517 CW 2017-08-19 0905 LZ0AM         152 146       LZ0DZ         152 127      
QSO:  3513 CW 2017-08-19 0907 LZ0AM         153 152       LZ0DX         065 065      
QSO:  3520 CW 2017-08-19 0907 LZ0AM         154 065       LZ0FF         143 132      
QSO:  3533 CW 2017-08-19 0907 LZ0AM         155 143       LZ0AJ         154 163      
QSO:  3516 CW 2017-08-19 0908 LZ0AM         156 154       LZ0AG         145 068      
QSO:  3516 CW 2017-08-19 0909 LZ0AM         157 145       LZ0AA         128 157      
QSO:  3512 CW 2017-08-19 0910 LZ0AM         158 128       LZ0DF         134 156      
QSO:  3511 CW 2017-08-19 0910 LZ0AM         159 134       LZ0DG         155 151      
QSO:  3534 CW 2017-08-19 0911 LZ0AM         160 155       LZ0DC         170 153      
QSO:  3536 CW 2017-08-19 0911 LZ0AM         161 170       LZ0DD         116 144      
QSO:  3540 CW 2017-08-19 0912 LZ0AM         162 116       LZ0DM         147 161      
QSO:  3545 CW 2017-08-19 0912 LZ0AM         163 147       LZ0FY         143 133      
QSO:  3528 CW 2017-08-19 0916 LZ0AM         164 143       LZ0DU         070 089      
QSO:  3528 CW 2017-08-19 0916 LZ0AM         165 070       LZ0FD         152 138      
QSO:  3542 CW 2017-08-19 0917 LZ0AM         166 152       LZ0AT         172 163      
QSO:  3550 CW 2017-08-19 0918 LZ0AM         167 172       LZ0DT         142 163      
QSO:  3559 CW 2017-08-19 0918 LZ0AM         168 142       LZ0AY         145 109      
QSO:  3516 CW 2017-08-19 0919 LZ0AM         169 145       LZ0AF         157 166      
QSO:  3545 CW 2017-08-19 0920 LZ0AM         170 157       LZ0AX         153 111      
QSO:  3557 CW 2017-08-19 0920 LZ0AM         171 153       LZ0FC         141 151      
QSO:  3554 CW 2017-08-19 0922 LZ0AM         172 141       LZ0DJ         169 151      
QSO:  3526 CW 2017-08-19 0923 LZ0AM         173 169       LZ0DP         149 091      
QSO:  3544 CW 2017-08-19 0923 LZ0AM         174 149       LZ0DN         156 169      
QSO:  3525 CW 2017-08-19 0924 LZ0AM         175 156       LZ0FA         154 172      
QSO:  3529 CW 2017-08-19 0926 LZ0AM         176 154       LZ0AL         153 179      
QSO:  3516 CW 2017-08-19 0926 LZ0AM         177 153       LZ0AN         180 152      
QSO:  3516 CW 2017-08-19 0927 LZ0AM         178 180       LZ0DY         178 178      
QSO:  3516 CW 2017-08-19 0928 LZ0AM         179 178       LZ0FG         171 157      
QSO:  3516 CW 2017-08-19 0928 LZ0AM         180 171       LZ0DA         175 179      
QSO:  3516 CW 2017-08-19 0929 LZ0AM         181 175       LZ0DW         177 152      
QSO:  3536 CW 2017-08-19 0930 LZ0AM         182 177       LZ0AP         154 159      
QSO:  3535 CW 2017-08-19 0930 LZ0AM         183 154       LZ0DR         156 160      
QSO:  3530 CW 2017-08-19 0931 LZ0AM         184 156       LZ0DV         173 161      
QSO:  3523 CW 2017-08-19 0931 LZ0AM         185 173       LZ0AV         162 179      
QSO:  3514 CW 2017-08-19 0932 LZ0AM         186 162       LZ0AR         161 163      
QSO:  3529 CW 2017-08-19 0933 LZ0AM         187 161       LZ0FX         123 176      
QSO:  3522 CW 2017-08-19 0934 LZ0AM         188 123       LZ0AW         184 183      
QSO:  3517 CW 2017-08-19 0935 LZ0AM         189 184       LZ0DZ         190 159      
QSO:  3547 CW 2017-08-19 0936 LZ0AM         190 190       LZ0AK         169 180      
QSO:  3533 CW 2017-08-19 0937 LZ0AM         191 169       LZ0AJ         190 173      
QSO:  3520 CW 2017-08-19 0937 LZ0AM         192 190       LZ0FF         183 181      
QSO:  3526 CW 2017-08-19 0938 LZ0AM         193 183       LZ0FJ         192 172      
QSO:  3513 CW 2017-08-19 0939 LZ0AM         194 192       LZ0DX         097 187      
QSO:  3532 CW 2017-08-19 0940 LZ0AM         195 097       LZ0AA         164 098      
QSO:  3511 CW 2017-08-19 0941 LZ0AM         196 164       LZ0DG         193 165      
QSO:  3510 CW 2017-08-19 0942 LZ0AM         197 193       LZ0FZ         080 165      
QSO:  3516 CW 2017-08-19 0942 LZ0AM         198 080       LZ0DC         209 187      
QSO:  3512 CW 2017-08-19 0943 LZ0AM         199 209       LZ0DF         172 166      
QSO:  3516 CW 2017-08-19 0944 LZ0AM         200 172       LZ0AG         188 185      
QSO:  3516 CW 2017-08-19 0944 LZ0AM         201 188       LZ0DD         146 172      
QSO:  3516 CW 2017-08-19 0945 LZ0AM         202 146       LZ0DL         183 178      
QSO:  3540 CW 2017-08-19 0946 LZ0AM         203 183       LZ0DM         181 196      
QSO:  3545 CW 2017-08-19 0946 LZ0AM         204 181       LZ0FY         183 201      
QSO:  3535 CW 2017-08-19 0946 LZ0AM         205 183       LZ0DU         106 175      
QSO:  3528 CW 2017-08-19 0947 LZ0AM         206 106       LZ0FD         187 182      
QSO:  3516 CW 2017-08-19 0947 LZ0AM         207 187       LZ0AD         109 199      
QSO:  3516 CW 2017-08-19 0948 LZ0AM         208 109       LZ0AT         213 183      
QSO:  3550 CW 2017-08-19 0949 LZ0AM         209 213       LZ0DT         174 170      
QSO:  3559 CW 2017-08-19 0949 LZ0AM         210 174       LZ0AY         178 206      
QSO:  3541 CW 2017-08-19 0952 LZ0AM         212 181       LZ0AF         192 199      
QSO:  3544 CW 2017-08-19 0953 LZ0AM         213 192       LZ0DN         190 206      
QSO:  3545 CW 2017-08-19 0954 LZ0AM         214 190       LZ0AX         183 179      
QSO:  3557 CW 2017-08-19 0954 LZ0AM         215 183       LZ0FC         179 198      
QSO:  3526 CW 2017-08-19 0955 LZ0AM         216 179       LZ0DP         187 174      
QSO:  3525 CW 2017-08-19 0956 LZ0AM         217 187       LZ0FA         186 209      
QSO:  3524 CW 2017-08-19 0957 LZ0AM         218 186       LZ0AC         124 210      
QSO:  3516 CW 2017-08-19 0958 LZ0AM         219 124       LZ0DY         213 185      
QSO:  3516 CW 2017-08-19 0958 LZ0AM         220 213       LZ0FG         208 189      
QSO:  3516 CW 2017-08-19 0959 LZ0AM         221 208       LZ0DA         213 126      
QSO:  3516 CW 2017-08-19 0959 LZ0AM         222 213       LZ0DW         213 184      
QSO:  3519 CW 2017-08-19 1000 LZ0AM         223 213       LZ0AN         221 198      
QSO:  3536 CW 2017-08-19 1000 LZ0AM         224 221       LZ0AP         189 223      
QSO:  3554 CW 2017-08-19 1001 LZ0AM         225 189       LZ0DJ         215 204      
QSO:  3523 CW 2017-08-19 1002 LZ0AM         226 215       LZ0AV         198 215      
QSO:  3530 CW 2017-08-19 1002 LZ0AM         227 198       LZ0DV         212 180      
QSO:  3531 CW 2017-08-19 1004 LZ0AM         228 212       LZ0FX         151 222      
QSO:  3522 CW 2017-08-19 1005 LZ0AM         229 151       LZ0AW         216 200      
QSO:  3517 CW 2017-08-19 1005 LZ0AM         230 216       LZ0DZ         227 204      
QSO:  3547 CW 2017-08-19 1006 LZ0AM         231 227       LZ0AK         206 220      
QSO:  3533 CW 2017-08-19 1007 LZ0AM         232 206       LZ0AJ         229 200      
QSO:  3520 CW 2017-08-19 1008 LZ0AM         233 229       LZ0FF         217 233      
QSO:  3526 CW 2017-08-19 1010 LZ0AM         234 217       LZ0FJ         234 203      
QSO:  3527 CW 2017-08-19 1011 LZ0AM         235 234       LZ0AL         193 194      
QSO:  3511 CW 2017-08-19 1011 LZ0AM         236 193       LZ0DG         226 197      
QSO:  3516 CW 2017-08-19 1012 LZ0AM         237 226       LZ0DC         249 227      
QSO:  3514 CW 2017-08-19 1013 LZ0AM         238 249       LZ0AR         208 229      
QSO:  3535 CW 2017-08-19 1015 LZ0AM         239 208       LZ0DR         193 238      
QSO:  3540 CW 2017-08-19 1016 LZ0AM         240 193       LZ0DM         215 235      
QSO:  3535 CW 2017-08-19 1017 LZ0AM         241 215       LZ0AD         140 130      
QSO:  3532 CW 2017-08-19 1018 LZ0AM         242 140       LZ0AA         198 255      
QSO:  3528 CW 2017-08-19 1019 LZ0AM         243 198       LZ0FD         225 239      
QSO:  3516 CW 2017-08-19 1020 LZ0AM         244 225       LZ0AG         233 240      
QSO:  3516 CW 2017-08-19 1020 LZ0AM         245 233       LZ0DD         180 195      
QSO:  3542 CW 2017-08-19 1022 LZ0AM         246 180       LZ0AT         254 206      
QSO:  3541 CW 2017-08-19 1022 LZ0AM         247 254       LZ0AF         226 118      
QSO:  3550 CW 2017-08-19 1023 LZ0AM         248 226       LZ0AU         120 126      
QSO:  3550 CW 2017-08-19 1024 LZ0AM         249 120       LZ0DT         216 265      
QSO:  3557 CW 2017-08-19 1024 LZ0AM         250 216       LZ0FC         215 242      
QSO:  3559 CW 2017-08-19 1025 LZ0AM         251 215       LZ0AY         219 230      
QSO:  3545 CW 2017-08-19 1025 LZ0AM         252 219       LZ0FY         230 235      
QSO:  3545 CW 2017-08-19 1026 LZ0AM         253 230       LZ0AX         210 184      
QSO:  3544 CW 2017-08-19 1026 LZ0AM         254 210       LZ0DN         228 247      
QSO:  3526 CW 2017-08-19 1027 LZ0AM         255 228       LZ0DP         226 226      
QSO:  3516 CW 2017-08-19 1028 LZ0AM         256 226       LZ0FK         019 257      
QSO:  3516 CW 2017-08-19 1029 LZ0AM         257 019       LZ0DW         250 244      
QSO:  3524 CW 2017-08-19 1029 LZ0AM         258 250       LZ0AC         154 229      
QSO:  3525 CW 2017-08-19 1029 LZ0AM         259 154       LZ0FA         225 231      
QSO:  3531 CW 2017-08-19 1029 LZ0AM         260 225       LZ0DY         251 252      
QSO:  3516 CW 2017-08-19 1031 LZ0AM         261 251       LZ0DA         253 250      
QSO:  3536 CW 2017-08-19 1031 LZ0AM         262 253       LZ0AP         223 224      
QSO:  3522 CW 2017-08-19 1033 LZ0AM         263 223       LZ0AV         236 263      
QSO:  3530 CW 2017-08-19 1034 LZ0AM         264 236       LZ0DV         252 264      
QSO:  3519 CW 2017-08-19 1035 LZ0AM         265 252       LZ0AN         266 226      
QSO:  3517 CW 2017-08-19 1035 LZ0AM         266 266       LZ0DZ         265 275      
QSO:  3516 CW 2017-08-19 1035 LZ0AM         267 265       LZ0FG         251 258      
QSO:  3512 CW 2017-08-19 1036 LZ0AM         268 251       LZ0DF         224 253      
QSO:  3522 CW 2017-08-19 1037 LZ0AM         269 224       LZ0AW         255 238      
QSO:  3533 CW 2017-08-19 1037 LZ0AM         270 255       LZ0AJ         267 208      
QSO:  3547 CW 2017-08-19 1038 LZ0AM         271 267       LZ0AK         239 162      
QSO:  3516 CW 2017-08-19 1039 LZ0AM         272 239       LZ0DL         243 238      
QSO:  3516 CW 2017-08-19 1040 LZ0AM         273 243       LZ0FJ         271 259      
QSO:  3520 CW 2017-08-19 1041 LZ0AM         274 271       LZ0FF         258 227      
QSO:  3511 CW 2017-08-19 1041 LZ0AM         275 258       LZ0DG         266 262      
QSO:  3521 CW 2017-08-19 1042 LZ0AM         276 266       LZ0DK         163 245      
QSO:  3516 CW 2017-08-19 1043 LZ0AM         277 163       LZ0FX         193 130      
QSO:  3534 CW 2017-08-19 1044 LZ0AM         278 193       LZ0DC         289 205      
QSO:  3554 CW 2017-08-19 1044 LZ0AM         279 289       LZ0DJ         267 269      
QSO:  3516 CW 2017-08-19 1046 LZ0AM         280 267       LZ0AR         250 231      
QSO:  3540 CW 2017-08-19 1047 LZ0AM         281 250       LZ0DM         250 272      
QSO:  3535 CW 2017-08-19 1047 LZ0AM         282 250       LZ0AD         171 256      
QSO:  3528 CW 2017-08-19 1049 LZ0AM         283 171       LZ0FD         261 277      
QSO:  3532 CW 2017-08-19 1050 LZ0AM         284 261       LZ0AA         237 294      
QSO:  3536 CW 2017-08-19 1050 LZ0AM         285 237       LZ0DR         221 034      
QSO:  3541 CW 2017-08-19 1052 LZ0AM         286 221       LZ0AF         267 243      
QSO:  3542 CW 2017-08-19 1052 LZ0AM         287 267       LZ0AT         292 224      
QSO:  3527 CW 2017-08-19 1054 LZ0AM         288 292       LZ0AL         240 283      
QSO:  3552 CW 2017-08-19 1055 LZ0AM         289 240       LZ0AG         282 252      
QSO:  3557 CW 2017-08-19 1056 LZ0AM         290 282       LZ0FC         255 264      
QSO:  3554 CW 2017-08-19 1056 LZ0AM         291 255       LZ0AU         139 295      
QSO:  3550 CW 2017-08-19 1057 LZ0AM         292 139       LZ0DT         251 292      
QSO:  3559 CW 2017-08-19 1057 LZ0AM         293 251       LZ0AY         255 285      
QSO:  3545 CW 2017-08-19 1057 LZ0AM         294 255       LZ0FY         269 264      
QSO:  3544 CW 2017-08-19 1058 LZ0AM         295 269       LZ0DN         263 265      
QSO:  3538 CW 2017-08-19 1059 LZ0AM         296 263       LZ0FK         049 287      
QSO:  3524 CW 2017-08-19 1059 LZ0AM         297 049       LZ0AC         175 268      
QSO:  3525 CW 2017-08-19 1059 LZ0AM         298 175       LZ0FA         265 270      
QSO:  3531 CW 2017-08-19 1059 LZ0AM         299 265       LZ0DY         289 275      
END-OF-LOG:
