START-OF-LOG: 2.0 
CALLSIGN: LZ0DL
CLUB: Ukraine
CONTEST: LZ-OPEN
CATEGORY: SINGLE-OP 80M LOW CW
CLAIMED-SCORE: 250
OPERATORS: 
NAME: ярослав ќлейник UW7LL 
ADDRESS: p.o.box 2009
ADDRESS: Kharkiv,  61202
ADDRESS: UKRAINE
CREATED-BY: N1MM Logger+ 1.0.6702.0
QSO:  3529 CW 2017-08-19 0700 LZ0DL         001 000       LZ0AN         001 000      
QSO:  3529 CW 2017-08-19 0700 LZ0DL         002 001       LZ0DC         001 000      
QSO:  3511 CW 2017-08-19 0701 LZ0DL         003 001       LZ0DG         002 001      
QSO:  3517 CW 2017-08-19 0701 LZ0DL         004 002       LZ0DZ         003 001      
QSO:  3520 CW 2017-08-19 0702 LZ0DL         005 003       LZ0FF         400 3        
QSO:  3522 CW 2017-08-19 0702 LZ0DL         006 400       LZ0AW         300 4        
QSO:  3532 CW 2017-08-19 0704 LZ0DL         007 300       LZ0AA         005 002      
QSO:  3535 CW 2017-08-19 0704 LZ0DL         008 005       LZ0DR         005 007      
QSO:  3540 CW 2017-08-19 0705 LZ0DL         009 005       LZ0DM         003 003      
QSO:  3530 CW 2017-08-19 0706 LZ0DL         010 003       LZ0DV         008 012      
QSO:  3537 CW 2017-08-19 0706 LZ0DL         011 008       LZ0AP         010 009      
QSO:  3545 CW 2017-08-19 0707 LZ0DL         012 010       LZ0FG         010 010      
QSO:  3545 CW 2017-08-19 0707 LZ0DL         013 010       LZ0FY         008 011      
QSO:  3550 CW 2017-08-19 0708 LZ0DL         014 008       LZ0DT         011 012      
QSO:  3555 CW 2017-08-19 0708 LZ0DL         015 011       LZ0AU         009 008      
QSO:  3557 CW 2017-08-19 0709 LZ0DL         016 009       LZ0FC         001 000      
QSO:  3515 CW 2017-08-19 0710 LZ0DL         017 001       LZ0AR         008 014      
QSO:  3524 CW 2017-08-19 0711 LZ0DL         018 008       LZ0AD         014 013      
QSO:  3525 CW 2017-08-19 0711 LZ0DL         019 014       LZ0FA         016 015      
QSO:  3509 CW 2017-08-19 0712 LZ0DL         020 016       LZ0FX         002 023      
QSO:  3526 CW 2017-08-19 0712 LZ0DL         021 002       LZ0FJ         017 004      
QSO:  3528 CW 2017-08-19 0713 LZ0DL         022 017       LZ0FD         019 004      
QSO:  3533 CW 2017-08-19 0713 LZ0DL         023 019       LZ0AJ         021 005      
QSO:  3545 CW 2017-08-19 0714 LZ0DL         024 021       LZ0AX         016 017      
QSO:  3524 CW 2017-08-19 0715 LZ0DL         025 016       LZ0AC         007 017      
QSO:  3519 CW 2017-08-19 0715 LZ0DL         026 007       LZ0DF         017 007      
QSO:  3527 CW 2017-08-19 0716 LZ0DL         027 017       LZ0DP         024 023      
QSO:  3534 CW 2017-08-19 0717 LZ0DL         028 024       LZ0AV         019 025      
QSO:  3542 CW 2017-08-19 0718 LZ0DL         029 019       LZ0AF         021 020      
QSO:  3542 CW 2017-08-19 0719 LZ0DL         030 021       LZ0AT         028 020      
QSO:  3519 CW 2017-08-19 0720 LZ0DL         031 028       LZ0DJ         026 025      
QSO:  3519 CW 2017-08-19 0720 LZ0DL         032 026       LZ0AM         029 026      
QSO:  3514 CW 2017-08-19 0721 LZ0DL         033 029       LZ0AK         025 028      
QSO:  3518 CW 2017-08-19 0722 LZ0DL         034 025       LZ0DW         029 031      
QSO:  3527 CW 2017-08-19 0723 LZ0DL         035 029       LZ0DA         031 027      
QSO:  3529 CW 2017-08-19 0724 LZ0DL         036 031       LZ0AL         024 017      
QSO:  3521 CW 2017-08-19 0726 LZ0DL         037 024       LZ0DK         020 031      
QSO:  3519 CW 2017-08-19 0726 LZ0DL         038 020       LZ0AC         029 032      
QSO:  3530 CW 2017-08-19 0728 LZ0DL         039 029       LZ0DN         028 025      
QSO:  3509 CW 2017-08-19 0731 LZ0DL         040 028       LZ0DX         017 030      
QSO:  3514 CW 2017-08-19 0732 LZ0DL         041 017       LZ0AR         031 035      
QSO:  3522 CW 2017-08-19 0733 LZ0DL         042 031       LZ0AW         037 038      
QSO:  3531 CW 2017-08-19 0733 LZ0DL         043 037       LZ0DY         041 041      
QSO:  3532 CW 2017-08-19 0734 LZ0DL         044 041       LZ0AA         027 037      
QSO:  3534 CW 2017-08-19 0734 LZ0DL         045 027       LZ0DC         046 039      
QSO:  3535 CW 2017-08-19 0734 LZ0DL         046 046       LZ0FZ         012 046      
QSO:  3535 CW 2017-08-19 0735 LZ0DL         047 012       LZ0DR         032 047      
QSO:  3536 CW 2017-08-19 0735 LZ0DL         048 032       LZ0AD         039 034      
QSO:  3537 CW 2017-08-19 0736 LZ0DL         049 039       LZ0AP         037 044      
QSO:  3545 CW 2017-08-19 0737 LZ0DL         050 037       LZ0FY         039 047      
QSO:  3550 CW 2017-08-19 0738 LZ0DL         051 039       LZ0DT         043 041      
QSO:  3511 CW 2017-08-19 0738 LZ0DL         052 043       LZ0DG         056 038      
QSO:  3517 CW 2017-08-19 0739 LZ0DL         053 056       LZ0DZ         049 042      
QSO:  3520 CW 2017-08-19 0740 LZ0DL         054 049       LZ0FF         049 041      
QSO:  3527 CW 2017-08-19 0741 LZ0DL         055 049       LZ0DP         041 041      
QSO:  3528 CW 2017-08-19 0741 LZ0DL         056 041       LZ0FD         043 045      
QSO:  3529 CW 2017-08-19 0741 LZ0DL         057 043       LZ0AL         042 043      
QSO:  3530 CW 2017-08-19 0742 LZ0DL         058 042       LZ0DV         049 048      
QSO:  3533 CW 2017-08-19 0744 LZ0DL         059 049       LZ0AJ         052 043      
QSO:  3540 CW 2017-08-19 0745 LZ0DL         060 052       LZ0DM         047 046      
QSO:  3513 CW 2017-08-19 0745 LZ0DL         061 047       LZ0DF         048 044      
QSO:  3526 CW 2017-08-19 0746 LZ0DL         062 048       LZ0FJ         057 046      
QSO:  3525 CW 2017-08-19 0747 LZ0DL         063 057       LZ0FA         050 045      
QSO:  3524 CW 2017-08-19 0747 LZ0DL         064 050       LZ0AC         052 053      
QSO:  3545 CW 2017-08-19 0748 LZ0DL         065 052       LZ0AX         051 052      
QSO:  3519 CW 2017-08-19 0750 LZ0DL         066 051       LZ0DJ         055 055      
QSO:  3557 CW 2017-08-19 0750 LZ0DL         067 055       LZ0FC         046 063      
QSO:  3559 CW 2017-08-19 0751 LZ0DL         068 046       LZ0AY         058 073      
QSO:  3555 CW 2017-08-19 0752 LZ0DL         069 058       LZ0AT         069 054      
QSO:  3555 CW 2017-08-19 0752 LZ0DL         070 069       LZ0AG         058 054      
QSO:  3555 CW 2017-08-19 0753 LZ0DL         071 058       LZ0AF         053 048      
QSO:  3518 CW 2017-08-19 0753 LZ0DL         072 053       LZ0DW         062 066      
QSO:  3523 CW 2017-08-19 0754 LZ0DL         073 062       LZ0AV         056 064      
QSO:  3519 CW 2017-08-19 0754 LZ0DL         074 056       LZ0AM         067 063      
QSO:  3551 CW 2017-08-19 0757 LZ0DL         075 067       LZ0AU         031 056      
QSO:  3509 CW 2017-08-19 0758 LZ0DL         076 031       LZ0FX         035 058      
QSO:  3521 CW 2017-08-19 0800 LZ0DL         077 035       LZ0DK         043 064      
QSO:  3510 CW 2017-08-19 0801 LZ0DL         078 043       LZ0DX         039 039      
QSO:  3513 CW 2017-08-19 0802 LZ0DL         079 039       LZ0DF         066 080      
QSO:  3514 CW 2017-08-19 0803 LZ0DL         080 066       LZ0AR         067 066      
QSO:  3517 CW 2017-08-19 0803 LZ0DL         081 067       LZ0DZ         071 074      
QSO:  3519 CW 2017-08-19 0804 LZ0DL         082 071       LZ0AN         077 073      
QSO:  3522 CW 2017-08-19 0804 LZ0DL         083 077       LZ0AW         072 074      
QSO:  3525 CW 2017-08-19 0805 LZ0DL         084 072       LZ0FA         062 085      
QSO:  3513 CW 2017-08-19 0807 LZ0DL         085 062       LZ0DU         009 064      
QSO:  3532 CW 2017-08-19 0809 LZ0DL         086 009       LZ0AA         069 054      
QSO:  3511 CW 2017-08-19 0809 LZ0DL         087 069       LZ0DG         091 048      
QSO:  3520 CW 2017-08-19 0810 LZ0DL         088 091       LZ0FF         079 080      
QSO:  3528 CW 2017-08-19 0811 LZ0DL         089 079       LZ0FD         078 014      
QSO:  3535 CW 2017-08-19 0813 LZ0DL         090 078       LZ0DR         072 088      
QSO:  3534 CW 2017-08-19 0813 LZ0DL         091 072       LZ0DC         104 083      
QSO:  3537 CW 2017-08-19 0814 LZ0DL         092 104       LZ0AP         081 087      
QSO:  3539 CW 2017-08-19 0814 LZ0DL         093 081       LZ0AD         073 086      
QSO:  3540 CW 2017-08-19 0815 LZ0DL         094 073       LZ0DM         084 076      
QSO:  3545 CW 2017-08-19 0816 LZ0DL         095 084       LZ0FG         088 088      
QSO:  3550 CW 2017-08-19 0817 LZ0DL         096 088       LZ0AU         088 086      
QSO:  3524 CW 2017-08-19 0821 LZ0DL         097 088       LZ0AC         089 093      
QSO:  3526 CW 2017-08-19 0821 LZ0DL         098 089       LZ0FJ         101 066      
QSO:  3527 CW 2017-08-19 0822 LZ0DL         099 101       LZ0DP         084 088      
QSO:  3523 CW 2017-08-19 0823 LZ0DL         100 084       LZ0AV         090 091      
QSO:  3516 CW 2017-08-19 0824 LZ0DL         101 090       LZ0AM         101 099      
QSO:  3518 CW 2017-08-19 0825 LZ0DL         102 101       LZ0DW         101 106      
QSO:  3545 CW 2017-08-19 0827 LZ0DL         103 101       LZ0FY         090 095      
QSO:  3519 CW 2017-08-19 0829 LZ0DL         104 090       LZ0DJ         101 091      
QSO:  3519 CW 2017-08-19 0830 LZ0DL         105 101       LZ0DK         062 090      
QSO:  3542 CW 2017-08-19 0832 LZ0DL         106 062       LZ0AF         100 097      
QSO:  3547 CW 2017-08-19 0832 LZ0DL         107 100       LZ0AK         098 111      
QSO:  3560 CW 2017-08-19 0833 LZ0DL         108 098       LZ0AU         051 097      
QSO:  3557 CW 2017-08-19 0834 LZ0DL         109 051       LZ0FC         091 038      
QSO:  3540 CW 2017-08-19 0835 LZ0DL         110 091       LZ0DM         104 080      
QSO:  3533 CW 2017-08-19 0835 LZ0DL         111 104       LZ0AJ         112 102      
QSO:  3532 CW 2017-08-19 0836 LZ0DL         112 112       LZ0AA         091 104      
QSO:  3530 CW 2017-08-19 0837 LZ0DL         113 091       LZ0AT         124 035      
QSO:  3530 CW 2017-08-19 0837 LZ0DL         114 124       LZ0DA         112 112      
QSO:  3530 CW 2017-08-19 0837 LZ0DL         115 112       LZ0DT         101 111      
QSO:  3530 CW 2017-08-19 0838 LZ0DL         116 101       LZ0DN         106 083      
QSO:  3530 CW 2017-08-19 0838 LZ0DL         117 106       LZ0AY         101 109      
QSO:  3530 CW 2017-08-19 0838 LZ0DL         118 101       LZ0DV         106 114      
QSO:  3525 CW 2017-08-19 0839 LZ0DL         119 106       LZ0FA         103 107      
QSO:  3522 CW 2017-08-19 0840 LZ0DL         120 103       LZ0AW         117 098      
QSO:  3520 CW 2017-08-19 0840 LZ0DL         121 117       LZ0FF         116 116      
QSO:  3514 CW 2017-08-19 0841 LZ0DL         122 116       LZ0AR         102 105      
QSO:  3511 CW 2017-08-19 0841 LZ0DL         123 102       LZ0DG         128 088      
QSO:  3517 CW 2017-08-19 0842 LZ0DL         124 128       LZ0DZ         125 122      
QSO:  3528 CW 2017-08-19 0845 LZ0DL         125 125       LZ0DU         041 124      
QSO:  3530 CW 2017-08-19 0846 LZ0DL         126 041       LZ0AD         082 096      
QSO:  3531 CW 2017-08-19 0846 LZ0DL         127 082       LZ0DY         129 092      
QSO:  3528 CW 2017-08-19 0847 LZ0DL         128 129       LZ0FD         118 118      
QSO:  3535 CW 2017-08-19 0848 LZ0DL         129 118       LZ0DD         094 118      
QSO:  3537 CW 2017-08-19 0850 LZ0DL         130 094       LZ0AP         114 133      
QSO:  3535 CW 2017-08-19 0850 LZ0DL         131 114       LZ0DR         113 123      
QSO:  3534 CW 2017-08-19 0851 LZ0DL         132 113       LZ0DC         145 115      
QSO:  3529 CW 2017-08-19 0851 LZ0DL         133 145       LZ0AL         117 134      
QSO:  3526 CW 2017-08-19 0852 LZ0DL         134 117       LZ0FJ         137 128      
QSO:  3519 CW 2017-08-19 0853 LZ0DL         135 137       LZ0DF         118 045      
QSO:  3515 CW 2017-08-19 0853 LZ0DL         136 118       LZ0FX         084 106      
QSO:  3519 CW 2017-08-19 0855 LZ0DL         137 084       LZ0AN         139 119      
QSO:  3524 CW 2017-08-19 0855 LZ0DL         138 139       LZ0AG         129 125      
QSO:  3523 CW 2017-08-19 0856 LZ0DL         139 129       LZ0AV         123 120      
QSO:  3545 CW 2017-08-19 0857 LZ0DL         140 123       LZ0FY         122 142      
QSO:  3527 CW 2017-08-19 0858 LZ0DL         141 122       LZ0DP         123 119      
QSO:  3525 CW 2017-08-19 0858 LZ0DL         142 123       LZ0FA         125 122      
QSO:  3516 CW 2017-08-19 0859 LZ0DL         143 125       LZ0AM         142 138      
QSO:  3545 CW 2017-08-19 0859 LZ0DL         144 142       LZ0FG         134 123      
QSO:  3518 CW 2017-08-19 0901 LZ0DL         145 134       LZ0DW         143 093      
QSO:  3521 CW 2017-08-19 0902 LZ0DL         146 143       LZ0DK         088 128      
QSO:  3510 CW 2017-08-19 0903 LZ0DL         147 088       LZ0FZ         052 153      
QSO:  3524 CW 2017-08-19 0904 LZ0DL         148 052       LZ0AC         102 132      
QSO:  3557 CW 2017-08-19 0904 LZ0DL         149 102       LZ0FC         126 062      
QSO:  3550 CW 2017-08-19 0906 LZ0DL         150 126       LZ0AU         073 149      
QSO:  3547 CW 2017-08-19 0906 LZ0DL         151 073       LZ0AK         135 137      
QSO:  3533 CW 2017-08-19 0907 LZ0DL         152 135       LZ0AJ         152 152      
QSO:  3513 CW 2017-08-19 0907 LZ0DL         153 152       LZ0DX         067 155      
QSO:  3540 CW 2017-08-19 0908 LZ0DL         154 067       LZ0DM         141 138      
QSO:  3514 CW 2017-08-19 0911 LZ0DL         155 141       LZ0AR         139 096      
QSO:  3522 CW 2017-08-19 0911 LZ0DL         156 139       LZ0AW         155 168      
QSO:  3511 CW 2017-08-19 0911 LZ0DL         157 155       LZ0DG         158 133      
QSO:  3532 CW 2017-08-19 0912 LZ0DL         158 158       LZ0AA         136 171      
QSO:  3530 CW 2017-08-19 0912 LZ0DL         159 136       LZ0DV         146 156      
QSO:  3520 CW 2017-08-19 0913 LZ0DL         160 146       LZ0FF         154 156      
QSO:  3512 CW 2017-08-19 0929 LZ0DL         161 154       LZ0DF         158 083      
QSO:  3510 CW 2017-08-19 0930 LZ0DL         162 158       LZ0FZ         069 171      
QSO:  3514 CW 2017-08-19 0931 LZ0DL         163 069       LZ0AR         159 195      
QSO:  3517 CW 2017-08-19 0931 LZ0DL         164 159       LZ0DZ         185 196      
QSO:  3519 CW 2017-08-19 0932 LZ0DL         165 185       LZ0AN         185 182      
QSO:  3525 CW 2017-08-19 0933 LZ0DL         166 185       LZ0FA         162 154      
QSO:  3528 CW 2017-08-19 0933 LZ0DL         167 162       LZ0FD         173 156      
QSO:  3529 CW 2017-08-19 0934 LZ0DL         168 173       LZ0FX         125 183      
QSO:  3536 CW 2017-08-19 0935 LZ0DL         169 125       LZ0DD         135 197      
QSO:  3530 CW 2017-08-19 0935 LZ0DL         170 135       LZ0FJ         189 157      
QSO:  3530 CW 2017-08-19 0936 LZ0DL         171 189       LZ0AT         197 166      
QSO:  3513 CW 2017-08-19 0937 LZ0DL         172 197       LZ0DX         091 160      
QSO:  3518 CW 2017-08-19 0938 LZ0DL         173 091       LZ0DW         191 161      
QSO:  3527 CW 2017-08-19 0939 LZ0DL         174 191       LZ0DP         163 182      
QSO:  3534 CW 2017-08-19 0940 LZ0DL         175 163       LZ0DC         204 177      
QSO:  3537 CW 2017-08-19 0940 LZ0DL         176 204       LZ0AP         165 175      
QSO:  3540 CW 2017-08-19 0941 LZ0DL         177 165       LZ0DM         174 176      
QSO:  3522 CW 2017-08-19 0941 LZ0DL         178 174       LZ0AW         192 179      
QSO:  3533 CW 2017-08-19 0941 LZ0DL         179 192       LZ0AJ         195 189      
QSO:  3535 CW 2017-08-19 0942 LZ0DL         180 195       LZ0DU         102 162      
QSO:  3532 CW 2017-08-19 0942 LZ0DL         181 102       LZ0AA         169 190      
QSO:  3545 CW 2017-08-19 0943 LZ0DL         182 169       LZ0FY         178 186      
QSO:  3516 CW 2017-08-19 0945 LZ0DL         183 178       LZ0AM         202 146      
QSO:  3530 CW 2017-08-19 0945 LZ0DL         184 202       LZ0DV         190 181      
QSO:  3511 CW 2017-08-19 0946 LZ0DL         185 190       LZ0DG         197 178      
QSO:  3545 CW 2017-08-19 0947 LZ0DL         186 197       LZ0FG         191 186      
QSO:  3520 CW 2017-08-19 0948 LZ0DL         187 191       LZ0FF         196 172      
QSO:  3523 CW 2017-08-19 0949 LZ0DL         188 196       LZ0AV         188 206      
QSO:  3524 CW 2017-08-19 0950 LZ0DL         189 188       LZ0AD         113 208      
QSO:  3525 CW 2017-08-19 0950 LZ0DL         190 113       LZ0AX         178 191      
QSO:  3550 CW 2017-08-19 0951 LZ0DL         191 178       LZ0DT         176 221      
QSO:  3521 CW 2017-08-19 0952 LZ0DL         192 176       LZ0DK         120 109      
QSO:  3536 CW 2017-08-19 0953 LZ0DL         193 120       LZ0DR         173 206      
QSO:  3547 CW 2017-08-19 0954 LZ0DL         194 173       LZ0AK         190 180      
QSO:  3557 CW 2017-08-19 0956 LZ0DL         195 190       LZ0FC         181 183      
QSO:  3552 CW 2017-08-19 0957 LZ0DL         196 181       LZ0AG         205 176      
QSO:  3554 CW 2017-08-19 0957 LZ0DL         197 205       LZ0DJ         210 194      
QSO:  3559 CW 2017-08-19 0958 LZ0DL         198 210       LZ0AY         193 184      
QSO:  3512 CW 2017-08-19 0959 LZ0DL         199 193       LZ0DF         191 209      
QSO:  3514 CW 2017-08-19 1001 LZ0DL         200 191       LZ0AR         191 111      
QSO:  3528 CW 2017-08-19 1003 LZ0DL         201 191       LZ0FD         208 186      
QSO:  3519 CW 2017-08-19 1003 LZ0DL         202 208       LZ0AN         226 193      
QSO:  3525 CW 2017-08-19 1004 LZ0DL         203 226       LZ0FA         196 202      
QSO:  3517 CW 2017-08-19 1005 LZ0DL         204 196       LZ0DZ         226 198      
QSO:  3526 CW 2017-08-19 1005 LZ0DL         205 226       LZ0FJ         230 207      
QSO:  3530 CW 2017-08-19 1006 LZ0DL         206 230       LZ0DA         221 205      
QSO:  3550 CW 2017-08-19 1007 LZ0DL         207 221       LZ0AT         192 205      
QSO:  3529 CW 2017-08-19 1008 LZ0DL         208 192       LZ0FX         155 223      
QSO:  3513 CW 2017-08-19 1008 LZ0DL         209 155       LZ0DX         121 231      
QSO:  3522 CW 2017-08-19 1011 LZ0DL         210 121       LZ0AW         225 214      
QSO:  3534 CW 2017-08-19 1011 LZ0DL         211 225       LZ0DC         247 199      
QSO:  3540 CW 2017-08-19 1012 LZ0DL         212 247       LZ0DM         211 204      
QSO:  3537 CW 2017-08-19 1012 LZ0DL         213 211       LZ0AP         200 241      
QSO:  3533 CW 2017-08-19 1013 LZ0DL         214 200       LZ0AJ         237 224      
QSO:  3545 CW 2017-08-19 1014 LZ0DL         215 237       LZ0FY         215 212      
QSO:  3527 CW 2017-08-19 1015 LZ0DL         216 215       LZ0DP         207 215      
QSO:  3530 CW 2017-08-19 1017 LZ0DL         217 207       LZ0DV         229 235      
QSO:  3511 CW 2017-08-19 1018 LZ0DL         218 229       LZ0DG         236 218      
QSO:  3532 CW 2017-08-19 1020 LZ0DL         219 236       LZ0AA         202 144      
QSO:  3535 CW 2017-08-19 1020 LZ0DL         220 202       LZ0AD         142 247      
QSO:  3518 CW 2017-08-19 1022 LZ0DL         221 142       LZ0DW         244 207      
QSO:  3550 CW 2017-08-19 1023 LZ0DL         222 244       LZ0DT         213 239      
QSO:  3545 CW 2017-08-19 1023 LZ0DL         223 213       LZ0AX         206 244      
QSO:  3550 CW 2017-08-19 1024 LZ0DL         224 206       LZ0AU         121 248      
QSO:  3520 CW 2017-08-19 1025 LZ0DL         225 121       LZ0FF         237 223      
QSO:  3545 CW 2017-08-19 1026 LZ0DL         226 237       LZ0FG         239 217      
QSO:  3552 CW 2017-08-19 1027 LZ0DL         227 239       LZ0AG         246 221      
QSO:  3557 CW 2017-08-19 1028 LZ0DL         228 246       LZ0FC         220 257      
QSO:  3524 CW 2017-08-19 1028 LZ0DL         229 220       LZ0AC         153 186      
QSO:  3547 CW 2017-08-19 1029 LZ0DL         230 153       LZ0AK         229 213      
QSO:  3559 CW 2017-08-19 1029 LZ0DL         231 229       LZ0AY         225 124      
QSO:  3523 CW 2017-08-19 1030 LZ0DL         232 225       LZ0AV         232 241      
QSO:  3531 CW 2017-08-19 1031 LZ0DL         233 232       LZ0DY         252 260      
QSO:  3536 CW 2017-08-19 1032 LZ0DL         234 252       LZ0DR         204 237      
QSO:  3538 CW 2017-08-19 1032 LZ0DL         235 204       LZ0DD         191 220      
QSO:  3542 CW 2017-08-19 1033 LZ0DL         236 191       LZ0AF         236 251      
QSO:  3553 CW 2017-08-19 1034 LZ0DL         237 236       LZ0DJ         251 218      
QSO:  3514 CW 2017-08-19 1035 LZ0DL         238 251       LZ0AR         231 155      
QSO:  3519 CW 2017-08-19 1035 LZ0DL         239 231       LZ0AN         267 265      
QSO:  3525 CW 2017-08-19 1036 LZ0DL         240 267       LZ0FA         232 239      
QSO:  3526 CW 2017-08-19 1036 LZ0DL         241 232       LZ0FJ         269 196      
QSO:  3528 CW 2017-08-19 1037 LZ0DL         242 269       LZ0FD         248 257      
QSO:  3516 CW 2017-08-19 1039 LZ0DL         243 248       LZ0AM         272 239      
QSO:  3512 CW 2017-08-19 1040 LZ0DL         244 272       LZ0DF         234 151      
QSO:  3521 CW 2017-08-19 1042 LZ0DL         245 234       LZ0DK         162 259      
QSO:  3522 CW 2017-08-19 1042 LZ0DL         246 162       LZ0AW         264 253      
QSO:  3534 CW 2017-08-19 1043 LZ0DL         247 264       LZ0DC         287 247      
QSO:  3517 CW 2017-08-19 1044 LZ0DL         248 287       LZ0DZ         277 231      
QSO:  3529 CW 2017-08-19 1047 LZ0DL         249 277       LZ0FK         030 226      
QSO:  3529 CW 2017-08-19 1047 LZ0DL         250 030       LZ0DA         275 255      
QSO:  3529 CW 2017-08-19 1048 LZ0DL         251 275       LZ0FX         196 252      
QSO:  3529 CW 2017-08-19 1048 LZ0DL         252 196       LZ0DD         208 169      
QSO:  3511 CW 2017-08-19 1050 LZ0DL         253 208       LZ0DG         278 254      
QSO:  3513 CW 2017-08-19 1050 LZ0DL         254 278       LZ0DU         161 200      
QSO:  3527 CW 2017-08-19 1051 LZ0DL         255 161       LZ0DP         256 245      
QSO:  3533 CW 2017-08-19 1053 LZ0DL         256 256       LZ0AJ         290 168      
QSO:  3535 CW 2017-08-19 1053 LZ0DL         257 290       LZ0AD         175 277      
QSO:  3537 CW 2017-08-19 1053 LZ0DL         258 175       LZ0AP         248 262      
QSO:  3540 CW 2017-08-19 1054 LZ0DL         259 248       LZ0DM         260 257      
QSO:  3518 CW 2017-08-19 1054 LZ0DL         260 260       LZ0DW         282 292      
QSO:  3550 CW 2017-08-19 1055 LZ0DL         261 282       LZ0DT         249 276      
QSO:  3520 CW 2017-08-19 1056 LZ0DL         262 249       LZ0FF         274 241      
QSO:  3532 CW 2017-08-19 1057 LZ0DL         263 274       LZ0AA         250 266      
QSO:  3545 CW 2017-08-19 1057 LZ0DL         264 250       LZ0FY         268 271      
QSO:  3552 CW 2017-08-19 1057 LZ0DL         265 268       LZ0AG         286 254      
QSO:  3545 CW 2017-08-19 1058 LZ0DL         266 286       LZ0FG         280 171      
QSO:  3557 CW 2017-08-19 1058 LZ0DL         267 280       LZ0FC         257 297      
QSO:  3524 CW 2017-08-19 1059 LZ0DL         268 257       LZ0AC         174 221      
QSO:  3559 CW 2017-08-19 1059 LZ0DL         269 174       LZ0AY         259 273      
END-OF-LOG:
