START-OF-LOG: 2.0 
CALLSIGN: LZ0DM
CLUB: Плевен
CONTEST: LZ-OPEN
CATEGORY: SINGLE-OP
CLAIMED-SCORE: 
OPERATORS: LZ2FI
NAME: Светла Цветкова LZ2FI
ADDRESS: 
ADDRESS: PLEVEN,  
ADDRESS: BULGARIA
CREATED-BY: N1MM Logger+ 1.0.5327.0
QSO:  3559 CW 2017-08-19 0701 LZ0DM         001 000       LZ0DW         001 000      
QSO:  3540 CW 2017-08-19 0704 LZ0DM         002 001       LZ0AD         003 004      
QSO:  3540 CW 2017-08-19 0705 LZ0DM         003 003       LZ0DL         009 005      
QSO:  3540 CW 2017-08-19 0706 LZ0DM         004 009       LZ0AY         005 007      
QSO:  3540 CW 2017-08-19 0706 LZ0DM         005 005       LZ0AN         009 010      
QSO:  3540 CW 2017-08-19 0706 LZ0DM         006 009       LZ0AM         011 005      
QSO:  3540 CW 2017-08-19 0707 LZ0DM         007 011       LZ0AX         007 011      
QSO:  3540 CW 2017-08-19 0709 LZ0DM         008 007       LZ0AT         015 018      
QSO:  3540 CW 2017-08-19 0709 LZ0DM         009 015       LZ0DF         010 011      
QSO:  3540 CW 2017-08-19 0710 LZ0DM         010 010       LZ0DN         012 014      
QSO:  3540 CW 2017-08-19 0711 LZ0DM         011 012       LZ0DA         015 010      
QSO:  3540 CW 2017-08-19 0711 LZ0DM         012 015       LZ0AL         010 016      
QSO:  3540 CW 2017-08-19 0712 LZ0DM         013 010       LZ0DJ         017 017      
QSO:  3540 CW 2017-08-19 0712 LZ0DM         014 017       LZ0DY         021 014      
QSO:  3540 CW 2017-08-19 0712 LZ0DM         015 021       LZ0DK         013 019      
QSO:  3540 CW 2017-08-19 0714 LZ0DM         016 013       LZ0DX         012 018      
QSO:  3540 CW 2017-08-19 0715 LZ0DM         017 012       LZ0DT         023 015      
QSO:  3540 CW 2017-08-19 0717 LZ0DM         018 023       LZ0DG         028 026      
QSO:  3540 CW 2017-08-19 0717 LZ0DM         019 028       LZ0FA         021 017      
QSO:  3540 CW 2017-08-19 0719 LZ0DM         020 021       LZ0AK         023 030      
QSO:  3540 CW 2017-08-19 0720 LZ0DM         021 023       LZ0AG         025 024      
QSO:  3540 CW 2017-08-19 0720 LZ0DM         022 025       LZ0AV         021 027      
QSO:  3540 CW 2017-08-19 0721 LZ0DM         023 021       LZ0DD         022 029      
QSO:  3540 CW 2017-08-19 0722 LZ0DM         024 022       LZ0DR         020 023      
QSO:  3540 CW 2017-08-19 0723 LZ0DM         025 020       LZ0DV         028 026      
QSO:  3540 CW 2017-08-19 0724 LZ0DM         026 028       LZ0DZ         033 029      
QSO:  3540 CW 2017-08-19 0724 LZ0DM         027 033       LZ0FG         030 029      
QSO:  3540 CW 2017-08-19 0725 LZ0DM         028 030       LZ0AF         028 028      
QSO:  3540 CW 2017-08-19 0725 LZ0DM         029 028       LZ0AJ         034 020      
QSO:  3540 CW 2017-08-19 0727 LZ0DM         030 034       LZ0FY         029 031      
QSO:  3540 CW 2017-08-19 0728 LZ0DM         031 029       LZ0FD         032 032      
QSO:  3540 CW 2017-08-19 0730 LZ0DM         032 032       LZ0DC         041 025      
QSO:  3540 CW 2017-08-19 0731 LZ0DM         033 041       LZ0DW         040 33       
QSO:  3540 CW 2017-08-19 0734 LZ0DM         034 040       LZ0AD         038 026      
QSO:  3540 CW 2017-08-19 0735 LZ0DM         035 038       LZ0FJ         040 039      
QSO:  3540 CW 2017-08-19 0736 LZ0DM         036 040       LZ0AN         046 045      
QSO:  3540 CW 2017-08-19 0737 LZ0DM         037 046       LZ0AY         039 041      
QSO:  3540 CW 2017-08-19 0737 LZ0DM         038 039       LZ0AX         039 052      
QSO:  3540 CW 2017-08-19 0738 LZ0DM         039 039       LZ0AC         040 039      
QSO:  3540 CW 2017-08-19 0739 LZ0DM         040 040       LZ0AM         046 037      
QSO:  3540 CW 2017-08-19 0739 LZ0DM         041 046       LZ0AT         055 057      
QSO:  3540 CW 2017-08-19 0740 LZ0DM         042 055       LZ0AR         040 047      
QSO:  3540 CW 2017-08-19 0741 LZ0DM         043 040       LZ0DA         047 048      
QSO:  3540 CW 2017-08-19 0743 LZ0DM         044 047       LZ0DK         031 065      
QSO:  3540 CW 2017-08-19 0743 LZ0DM         045 031       LZ0DJ         049 049      
QSO:  3540 CW 2017-08-19 0744 LZ0DM         046 049       LZ0AL         046 050      
QSO:  3540 CW 2017-08-19 0744 LZ0DM         047 046       LZ0DL         060 052      
QSO:  3540 CW 2017-08-19 0746 LZ0DM         048 060       LZ0DY         057 057      
QSO:  3540 CW 2017-08-19 0747 LZ0DM         049 057       LZ0DT         057 051      
QSO:  3540 CW 2017-08-19 0747 LZ0DM         050 057       LZ0DG         070 055      
QSO:  3540 CW 2017-08-19 0748 LZ0DM         051 070       LZ0DP         047 052      
QSO:  3540 CW 2017-08-19 0749 LZ0DM         052 047       LZ0AK         050 047      
QSO:  3540 CW 2017-08-19 0749 LZ0DM         053 050       LZ0DX         031 044      
QSO:  3540 CW 2017-08-19 0750 LZ0DM         054 031       LZ0AG         057 062      
QSO:  3540 CW 2017-08-19 0751 LZ0DM         055 057       LZ0AV         054 053      
QSO:  3540 CW 2017-08-19 0751 LZ0DM         056 054       LZ0FA         055 061      
QSO:  3540 CW 2017-08-19 0753 LZ0DM         057 055       LZ0DR         055 065      
QSO:  3540 CW 2017-08-19 0753 LZ0DM         058 055       LZ0DV         064 059      
QSO:  3540 CW 2017-08-19 0754 LZ0DM         059 064       LZ0DZ         067 058      
QSO:  3540 CW 2017-08-19 0755 LZ0DM         060 067       LZ0DF         060 055      
QSO:  3540 CW 2017-08-19 0756 LZ0DM         061 060       LZ0FG         067 028      
QSO:  3540 CW 2017-08-19 0756 LZ0DM         062 067       LZ0FF         062 060      
QSO:  3540 CW 2017-08-19 0756 LZ0DM         063 062       LZ0AJ         069 064      
QSO:  3540 CW 2017-08-19 0759 LZ0DM         064 069       LZ0DD         044 079      
QSO:  3540 CW 2017-08-19 0759 LZ0DM         065 044       LZ0FY         062 067      
QSO:  3540 CW 2017-08-19 0759 LZ0DM         066 062       LZ0FD         065 066      
QSO:  3540 CW 2017-08-19 0800 LZ0DM         067 065       LZ0DC         081 062      
QSO:  3540 CW 2017-08-19 0801 LZ0DM         068 081       LZ0AF         063 064      
QSO:  3540 CW 2017-08-19 0802 LZ0DM         069 063       LZ0DW         074 069      
QSO:  3540 CW 2017-08-19 0805 LZ0DM         070 074       LZ0DN         069 087      
QSO:  3540 CW 2017-08-19 0806 LZ0DM         071 069       LZ0FC         062 045      
QSO:  3540 CW 2017-08-19 0806 LZ0DM         072 062       LZ0AN         081 076      
QSO:  3540 CW 2017-08-19 0806 LZ0DM         073 081       LZ0FJ         081 073      
QSO:  3540 CW 2017-08-19 0808 LZ0DM         074 081       LZ0AX         077 091      
QSO:  3540 CW 2017-08-19 0808 LZ0DM         075 077       LZ0AY         072 066      
QSO:  3540 CW 2017-08-19 0809 LZ0DM         076 072       LZ0AC         074 073      
QSO:  3540 CW 2017-08-19 0810 LZ0DM         077 074       LZ0AM         083 071      
QSO:  3540 CW 2017-08-19 0811 LZ0DM         078 083       LZ0AT         094 096      
QSO:  3540 CW 2017-08-19 0812 LZ0DM         079 094       LZ0FX         052 073      
QSO:  3540 CW 2017-08-19 0812 LZ0DM         080 052       LZ0DA         083 073      
QSO:  3540 CW 2017-08-19 0814 LZ0DM         081 083       LZ0DU         017 089      
QSO:  3540 CW 2017-08-19 0814 LZ0DM         082 017       LZ0DJ         088 080      
QSO:  3540 CW 2017-08-19 0814 LZ0DM         083 088       LZ0AR         076 083      
QSO:  3540 CW 2017-08-19 0815 LZ0DM         084 076       LZ0DL         094 073      
QSO:  3540 CW 2017-08-19 0815 LZ0DM         085 094       LZ0AL         082 076      
QSO:  3540 CW 2017-08-19 0817 LZ0DM         086 082       LZ0DT         087 092      
QSO:  3540 CW 2017-08-19 0817 LZ0DM         087 087       LZ0DY         095 095      
QSO:  3540 CW 2017-08-19 0818 LZ0DM         088 095       LZ0DP         083 085      
QSO:  3540 CW 2017-08-19 0819 LZ0DM         089 083       LZ0AA         078 085      
QSO:  3540 CW 2017-08-19 0821 LZ0DM         090 078       LZ0AG         095 082      
QSO:  3540 CW 2017-08-19 0821 LZ0DM         091 095       LZ0AV         089 084      
QSO:  3540 CW 2017-08-19 0822 LZ0DM         092 089       LZ0FA         086 082      
QSO:  3540 CW 2017-08-19 0823 LZ0DM         093 086       LZ0AK         088 029      
QSO:  3540 CW 2017-08-19 0824 LZ0DM         094 088       LZ0DV         092 093      
QSO:  3540 CW 2017-08-19 0827 LZ0DM         095 092       LZ0DR         090 090      
QSO:  3540 CW 2017-08-19 0827 LZ0DM         096 090       LZ0FF         097 010      
QSO:  3540 CW 2017-08-19 0828 LZ0DM         097 097       LZ0AJ         105 092      
QSO:  3540 CW 2017-08-19 0828 LZ0DM         098 105       LZ0DG         111 092      
QSO:  3540 CW 2017-08-19 0829 LZ0DM         099 111       LZ0FD         102 090      
QSO:  3540 CW 2017-08-19 0833 LZ0DM         100 102       LZ0AF         102 108      
QSO:  3540 CW 2017-08-19 0833 LZ0DM         101 102       LZ0DZ         109 100      
QSO:  3540 CW 2017-08-19 0834 LZ0DM         102 109       LZ0DK         066 122      
QSO:  3540 CW 2017-08-19 0834 LZ0DM         103 066       LZ0DD         080 094      
QSO:  3540 CW 2017-08-19 0834 LZ0DM         104 080       LZ0DL         110 091      
QSO:  3540 CW 2017-08-19 0835 LZ0DM         105 110       LZ0FY         099 089      
QSO:  3540 CW 2017-08-19 0836 LZ0DM         106 099       LZ0DN         104 125      
QSO:  3540 CW 2017-08-19 0838 LZ0DM         107 104       LZ0FJ         120 115      
QSO:  3540 CW 2017-08-19 0839 LZ0DM         108 120       LZ0AX         110 046      
QSO:  3540 CW 2017-08-19 0840 LZ0DM         109 110       LZ0AM         120 124      
QSO:  3540 CW 2017-08-19 0840 LZ0DM         110 120       LZ0AN         122 125      
QSO:  3540 CW 2017-08-19 0842 LZ0DM         111 122       LZ0AT         140 100      
QSO:  3540 CW 2017-08-19 0842 LZ0DM         112 140       LZ0FX         077 102      
QSO:  3540 CW 2017-08-19 0843 LZ0DM         113 077       LZ0DA         121 105      
QSO:  3540 CW 2017-08-19 0844 LZ0DM         114 121       LZ0DF         112 113      
QSO:  3540 CW 2017-08-19 0845 LZ0DM         115 112       LZ0DJ         124 105      
QSO:  3540 CW 2017-08-19 0847 LZ0DM         116 124       LZ0AL         111 083      
QSO:  3540 CW 2017-08-19 0848 LZ0DM         117 111       LZ0DT         113 109      
QSO:  3540 CW 2017-08-19 0849 LZ0DM         118 113       LZ0DP         112 115      
QSO:  3540 CW 2017-08-19 0850 LZ0DM         119 112       LZ0DY         135 135      
QSO:  3540 CW 2017-08-19 0851 LZ0DM         120 135       LZ0DU         047 126       
QSO:  3540 CW 2017-08-19 0853 LZ0DM         121 471       LZ0AV         120 124      
QSO:  3540 CW 2017-08-19 0853 LZ0DM         122 120       LZ0FA         119 108      
QSO:  3540 CW 2017-08-19 0853 LZ0DM         123 119       LZ0AR         110 117      
QSO:  3540 CW 2017-08-19 0854 LZ0DM         124 110       LZ0AK         117 139      
QSO:  3540 CW 2017-08-19 0854 LZ0DM         125 117       LZ0FZ         047 124      
QSO:  3540 CW 2017-08-19 0855 LZ0DM         126 047       LZ0FG         130 049      
QSO:  3540 CW 2017-08-19 0855 LZ0DM         127 130       LZ0DV         130 140      
QSO:  3540 CW 2017-08-19 0856 LZ0DM         128 130       LZ0AG         130 138      
QSO:  3540 CW 2017-08-19 0858 LZ0DM         129 130       LZ0DB         059 118      
QSO:  3540 CW 2017-08-19 0858 LZ0DM         130 059       LZ0DW         139 141      
QSO:  3540 CW 2017-08-19 0859 LZ0DM         131 139       LZ0FD         135 140      
QSO:  3540 CW 2017-08-19 0859 LZ0DM         132 135       LZ0AJ         144 133      
QSO:  3540 CW 2017-08-19 0904 LZ0DM         133 144       LZ0DZ         149 134      
QSO:  3540 CW 2017-08-19 0904 LZ0DM         134 149       LZ0AF         138 150      
QSO:  3540 CW 2017-08-19 0906 LZ0DM         135 138       LZ0DD         108 133      
QSO:  3540 CW 2017-08-19 0906 LZ0DM         136 108       LZ0DK         094 162      
QSO:  3540 CW 2017-08-19 0906 LZ0DM         137 094       LZ0DG         150 141      
QSO:  3540 CW 2017-08-19 0907 LZ0DM         138 150       LZ0AY         136 152      
QSO:  3540 CW 2017-08-19 0907 LZ0DM         139 136       LZ0DN         140 163      
QSO:  3540 CW 2017-08-19 0908 LZ0DM         140 140       LZ0FY         138 107      
QSO:  3540 CW 2017-08-19 0908 LZ0DM         141 138       LZ0DL         154 067      
QSO:  3540 CW 2017-08-19 0909 LZ0DM         142 154       LZ0DC         166 138      
QSO:  3540 CW 2017-08-19 0909 LZ0DM         143 166       LZ0AX         143 158      
QSO:  3540 CW 2017-08-19 0910 LZ0DM         144 143       LZ0DR         132 159      
QSO:  3540 CW 2017-08-19 0911 LZ0DM         145 132       LZ0FF         151 148      
QSO:  3540 CW 2017-08-19 0911 LZ0DM         146 151       LZ0AN         161 141      
QSO:  3540 CW 2017-08-19 0912 LZ0DM         147 161       LZ0AM         162 116      
QSO:  3540 CW 2017-08-19 0912 LZ0DM         148 162       LZ0AT         169 154      
QSO:  3540 CW 2017-08-19 0914 LZ0DM         149 169       LZ0FX         105 135      
QSO:  3540 CW 2017-08-19 0915 LZ0DM         150 105       LZ0DJ         161 137      
QSO:  3540 CW 2017-08-19 0915 LZ0DM         151 161       LZ0DA         160 148      
QSO:  3540 CW 2017-08-19 0916 LZ0DM         152 160       LZ0FJ         166 166      
QSO:  3540 CW 2017-08-19 0916 LZ0DM         153 166       LZ0DF         143 153      
QSO:  3540 CW 2017-08-19 0917 LZ0DM         154 143       LZ0AL         141 160      
QSO:  3540 CW 2017-08-19 0918 LZ0DM         155 141       LZ0DT         143 167      
QSO:  3540 CW 2017-08-19 0919 LZ0DM         156 143       LZ0AA         147 166      
QSO:  3540 CW 2017-08-19 0920 LZ0DM         157 147       LZ0DP         145 138      
QSO:  3540 CW 2017-08-19 0920 LZ0DM         158 145       LZ0DY         166 145      
QSO:  3540 CW 2017-08-19 0922 LZ0DM         159 166       LZ0DU         075 179      
QSO:  3540 CW 2017-08-19 0923 LZ0DM         160 075       LZ0AV         157 159      
QSO:  3540 CW 2017-08-19 0925 LZ0DM         161 157       LZ0AK         154 175      
QSO:  3540 CW 2017-08-19 0925 LZ0DM         162 154       LZ0FA         155 175      
QSO:  3540 CW 2017-08-19 0926 LZ0DM         163 155       LZ0DV         167 178      
QSO:  3540 CW 2017-08-19 0927 LZ0DM         164 167       LZ0AG         171 152      
QSO:  3540 CW 2017-08-19 0929 LZ0DM         165 171       LZ0FD         171 082      
QSO:  3540 CW 2017-08-19 0929 LZ0DM         166 171       LZ0DW         178 181      
QSO:  3540 CW 2017-08-19 0930 LZ0DM         167 178       LZ0FG         173 156      
QSO:  3540 CW 2017-08-19 0930 LZ0DM         168 173       LZ0AJ         183 179      
QSO:  3540 CW 2017-08-19 0936 LZ0DM         169 183       LZ0AF         174 189      
QSO:  3540 CW 2017-08-19 0937 LZ0DM         170 174       LZ0DN         174 179      
QSO:  3540 CW 2017-08-19 0938 LZ0DM         171 174       LZ0AY         168 190      
QSO:  3540 CW 2017-08-19 0940 LZ0DM         172 168       LZ0DD         140 177      
QSO:  3540 CW 2017-08-19 0940 LZ0DM         173 140       LZ0FY         176 164      
QSO:  3540 CW 2017-08-19 0940 LZ0DM         174 176       LZ0DL         177 165      
QSO:  3540 CW 2017-08-19 0943 LZ0DM         175 177       LZ0AX         171 142      
QSO:  3540 CW 2017-08-19 0943 LZ0DM         176 171       LZ0DC         211 199      
QSO:  3540 CW 2017-08-19 0944 LZ0DM         177 211       LZ0DR         164 197      
QSO:  3540 CW 2017-08-19 0944 LZ0DM         178 164       LZ0DG         196 100      
QSO:  3540 CW 2017-08-19 0944 LZ0DM         179 196       LZ0FF         191 192      
QSO:  3540 CW 2017-08-19 0945 LZ0DM         180 191       LZ0DA         196 173      
QSO:  3540 CW 2017-08-19 0945 LZ0DM         181 196       LZ0AM         203 183      
QSO:  3540 CW 2017-08-19 0946 LZ0DM         182 203       LZ0AT         210 174      
QSO:  3540 CW 2017-08-19 0946 LZ0DM         183 210       LZ0DJ         197 201      
QSO:  3540 CW 2017-08-19 0947 LZ0DM         184 197       LZ0FJ         205 203      
QSO:  3540 CW 2017-08-19 0947 LZ0DM         185 205       LZ0FX         138 215      
QSO:  3540 CW 2017-08-19 0949 LZ0DM         186 138       LZ0DZ         212 185      
QSO:  3540 CW 2017-08-19 0949 LZ0DM         187 212       LZ0AR         180 169      
QSO:  3540 CW 2017-08-19 0949 LZ0DM         188 180       LZ0AL         176 219      
QSO:  3540 CW 2017-08-19 0950 LZ0DM         189 176       LZ0DP         181 172      
QSO:  3540 CW 2017-08-19 0950 LZ0DM         190 181       LZ0DY         203 209      
QSO:  3540 CW 2017-08-19 0951 LZ0DM         191 203       LZ0DF         180 114      
QSO:  3540 CW 2017-08-19 0951 LZ0DM         192 180       LZ0AA         183 209      
QSO:  3540 CW 2017-08-19 0951 LZ0DM         193 183       LZ0DX         105 208      
QSO:  3540 CW 2017-08-19 0952 LZ0DM         194 105       LZ0AN         210 182      
QSO:  3540 CW 2017-08-19 0952 LZ0DM         195 210       LZ0DU         211 204      
QSO:  3540 CW 2017-08-19 0953 LZ0DM         196 211       LZ0AV         192 152      
QSO:  3540 CW 2017-08-19 0953 LZ0DM         197 192       LZ0DK         122 181      
QSO:  3540 CW 2017-08-19 0955 LZ0DM         198 122       LZ0AD         123 184      
QSO:  3540 CW 2017-08-19 0956 LZ0DM         199 123       LZ0DV         203 188      
QSO:  3540 CW 2017-08-19 0957 LZ0DM         200 203       LZ0FA         187 215      
QSO:  3540 CW 2017-08-19 0957 LZ0DM         201 187       LZ0AG         206 196      
QSO:  3540 CW 2017-08-19 0958 LZ0DM         202 206       LZ0AK         196 110      
QSO:  3540 CW 2017-08-19 0959 LZ0DM         203 196       LZ0FD         205 158      
QSO:  3540 CW 2017-08-19 1001 LZ0DM         204 205       LZ0AJ         222 212      
QSO:  3540 CW 2017-08-19 1002 LZ0DM         205 222       LZ0DW         217 212      
QSO:  3540 CW 2017-08-19 1002 LZ0DM         206 217       LZ0FC         187 195      
QSO:  3540 CW 2017-08-19 1007 LZ0DM         207 187       LZ0AF         209 201      
QSO:  3540 CW 2017-08-19 1008 LZ0DM         208 209       LZ0AC         134 187      
QSO:  3540 CW 2017-08-19 1009 LZ0DM         209 134       LZ0DN         208 202      
QSO:  3540 CW 2017-08-19 1011 LZ0DM         210 208       LZ0AY         204 206      
QSO:  3540 CW 2017-08-19 1011 LZ0DM         211 204       LZ0DL         212 247      
QSO:  3540 CW 2017-08-19 1013 LZ0DM         212 212       LZ0FY         214 174      
QSO:  3540 CW 2017-08-19 1013 LZ0DM         213 214       LZ0DC         251 001      
QSO:  3540 CW 2017-08-19 1015 LZ0DM         214 251       LZ0DA         235 205      
QSO:  3540 CW 2017-08-19 1016 LZ0DM         215 235       LZ0AM         240 193      
QSO:  3540 CW 2017-08-19 1017 LZ0DM         216 240       LZ0AT         246 209      
QSO:  3540 CW 2017-08-19 1017 LZ0DM         217 246       LZ0DJ         236 228      
QSO:  3540 CW 2017-08-19 1017 LZ0DM         218 236       LZ0DG         235 115      
QSO:  3540 CW 2017-08-19 1018 LZ0DM         219 235       LZ0FJ         243 229      
QSO:  3540 CW 2017-08-19 1020 LZ0DM         220 243       LZ0AL         205 250      
QSO:  3540 CW 2017-08-19 1021 LZ0DM         221 205       LZ0DP         216 223      
QSO:  3540 CW 2017-08-19 1022 LZ0DM         222 216       LZ0AN         251 217      
QSO:  3540 CW 2017-08-19 1022 LZ0DM         223 251       LZ0DZ         253 144      
QSO:  3540 CW 2017-08-19 1023 LZ0DM         224 253       LZ0AV         225 211      
QSO:  3540 CW 2017-08-19 1024 LZ0DM         225 225       LZ0DK         147 245      
QSO:  3540 CW 2017-08-19 1024 LZ0DM         226 147       LZ0DY         145 217      
QSO:  3540 CW 2017-08-19 1025 LZ0DM         227 145       LZ0DX         137 227      
QSO:  3540 CW 2017-08-19 1026 LZ0DM         228 137       LZ0DU         140 148      
QSO:  3540 CW 2017-08-19 1027 LZ0DM         229 140       LZ0DV         243 233      
QSO:  3540 CW 2017-08-19 1028 LZ0DM         230 243       LZ0AG         247 227      
QSO:  3540 CW 2017-08-19 1028 LZ0DM         231 247       LZ0FA         227 243      
QSO:  3540 CW 2017-08-19 1029 LZ0DM         232 227       LZ0FD         239 264      
QSO:  3540 CW 2017-08-19 1029 LZ0DM         233 239       LZ0DR         201 228      
QSO:  3540 CW 2017-08-19 1029 LZ0DM         234 201       LZ0DF         216 155      
QSO:  3540 CW 2017-08-19 1030 LZ0DM         235 216       LZ0AA         223 125      
QSO:  3540 CW 2017-08-19 1031 LZ0DM         236 223       LZ0AJ         263 251      
QSO:  3540 CW 2017-08-19 1032 LZ0DM         237 263       LZ0AK         231 252      
QSO:  3540 CW 2017-08-19 1033 LZ0DM         238 231       LZ0FG         248 241      
QSO:  3540 CW 2017-08-19 1033 LZ0DM         239 248       LZ0DW         254 242      
QSO:  3540 CW 2017-08-19 1034 LZ0DM         240 254       LZ0FX         185 232      
QSO:  3540 CW 2017-08-19 1035 LZ0DM         241 185       LZ0AX         222 227      
QSO:  3540 CW 2017-08-19 1037 LZ0DM         242 222       LZ0AL         216 128      
QSO:  3540 CW 2017-08-19 1038 LZ0DM         243 216       LZ0AF         244 160      
QSO:  3540 CW 2017-08-19 1043 LZ0DM         244 244       LZ0FF         260 268      
QSO:  3540 CW 2017-08-19 1044 LZ0DM         245 260       LZ0AY         237 247      
QSO:  3540 CW 2017-08-19 1044 LZ0DM         246 237       LZ0FY         251 241      
QSO:  3540 CW 2017-08-19 1045 LZ0DM         247 251       LZ0DC         291 279      
QSO:  3540 CW 2017-08-19 1045 LZ0DM         248 291       LZ0DN         251 279      
QSO:  3540 CW 2017-08-19 1046 LZ0DM         249 251       LZ0DA         272 244      
QSO:  3540 CW 2017-08-19 1047 LZ0DM         250 272       LZ0AM         281 250      
QSO:  3540 CW 2017-08-19 1047 LZ0DM         251 281       LZ0AT         286 248      
QSO:  3540 CW 2017-08-19 1048 LZ0DM         252 286       LZ0DJ         273 268      
QSO:  3540 CW 2017-08-19 1048 LZ0DM         253 273       LZ0FJ         283 227      
QSO:  3540 CW 2017-08-19 1049 LZ0DM         254 283       LZ0DG         277 158      
QSO:  3540 CW 2017-08-19 1049 LZ0DM         255 277       LZ0DD         210 219      
QSO:  3540 CW 2017-08-19 1050 LZ0DM         256 210       LZ0AL         234 259      
QSO:  3540 CW 2017-08-19 1050 LZ0DM         257 234       LZ0FK         035 220      
QSO:  3540 CW 2017-08-19 1051 LZ0DM         258 035       LZ0AR         253 279      
QSO:  3540 CW 2017-08-19 1052 LZ0DM         259 253       LZ0DP         257 255      
QSO:  3540 CW 2017-08-19 1054 LZ0DM         260 257       LZ0DL         259 248      
QSO:  3540 CW 2017-08-19 1054 LZ0DM         261 259       LZ0AV         263 244      
QSO:  3540 CW 2017-08-19 1054 LZ0DM         262 263       LZ0DZ         291 175      
QSO:  3540 CW 2017-08-19 1055 LZ0DM         263 291       LZ0DY         086 249      
QSO:  3540 CW 2017-08-19 1056 LZ0DM         264 086       LZ0DK         177 268      
QSO:  3540 CW 2017-08-19 1056 LZ0DM         265 177       LZ0AN         293 250      
QSO:  3540 CW 2017-08-19 1057 LZ0DM         266 293       LZ0DX         170 294      
QSO:  3540 CW 2017-08-19 1057 LZ0DM         267 170       LZ0DU         167 284      
QSO:  3540 CW 2017-08-19 1058 LZ0DM         268 167       LZ0DV         283 261      
QSO:  3540 CW 2017-08-19 1059 LZ0DM         269 283       LZ0FD         274 296      
QSO:  3540 CW 2017-08-19 1059 LZ0DM         270 274       LZ0FA         264 282      
QSO:  3540 CW 2017-08-19 1059 LZ0DM         271 264       LZ0AG         288 228      
QSO:  3540 CW 2017-08-19 1100 LZ0DM         272 288       LZ0DR         229 287      
END-OF-LOG:
