START-OF-LOG: 2.0
ARRL-SECTION: DX
CALLSIGN: LZ0DK
CLUB: София
CONTEST: LZ field day
CATEGORY: SINGLE-OP 80M LOW CW
CLAIMED-SCORE: 183
OPERATORS: LZ5VV
NAME: Ивайло Маринов LZ5VV
ADDRESS: p.o.box830
ADDRESS: Sofia,  
ADDRESS: BULGARIA
CREATED-BY: N1MM Logger+ 1.0.6706.0
QSO:  3535 CW 2017-08-19 0700 LZ0DK         001 000       LZ0DR         001 000       
QSO:  3534 CW 2017-08-19 0701 LZ0DK         002 001       LZ0DC         003 001      
QSO:  3533 CW 2017-08-19 0701 LZ0DK         003 003       LZ0AJ         002 001      
QSO:  3530 CW 2017-08-19 0703 LZ0DK         004 002       LZ0DV         005 003      
QSO:  3527 CW 2017-08-19 0704 LZ0DK         005 005       LZ0DP         006 004      
QSO:  3520 CW 2017-08-19 0706 LZ0DK         006 006       LZ0FF         015 004      
QSO:  3511 CW 2017-08-19 0707 LZ0DK         007 015       LZ0DG         015 006      
QSO:  3517 CW 2017-08-19 0707 LZ0DK         008 015       LZ0DZ         015 010      
QSO:  3525 CW 2017-08-19 0709 LZ0DK         009 015       LZ0FA         011 012      
QSO:  3526 CW 2017-08-19 0710 LZ0DK         010 011       LZ0FJ         014 010      
QSO:  3528 CW 2017-08-19 0710 LZ0DK         011 014       LZ0FD         015 009      
QSO:  3537 CW 2017-08-19 0712 LZ0DK         012 015       LZ0AP         019 017      
QSO:  3540 CW 2017-08-19 0712 LZ0DK         013 019       LZ0DM         015 021      
QSO:  3542 CW 2017-08-19 0713 LZ0DK         014 015       LZ0AT         023 012      
QSO:  3550 CW 2017-08-19 0714 LZ0DK         015 023       LZ0DT         022 014      
QSO:  3555 CW 2017-08-19 0714 LZ0DK         016 022       LZ0AU         015 015      
QSO:  3557 CW 2017-08-19 0717 LZ0DK         017 015       LZ0FC         015 014      
QSO:  3521 CW 2017-08-19 0724 LZ0DK         018 015       LZ0DF         031 031      
QSO:  3521 CW 2017-08-19 0724 LZ0DK         019 031       LZ0DV         031 023      
QSO:  3521 CW 2017-08-19 0726 LZ0DK         020 031       LZ0DL         037 024      
QSO:  3521 CW 2017-08-19 0727 LZ0DK         021 037       LZ0AK         030 022      
QSO:  3514 CW 2017-08-19 0729 LZ0DK         022 030       LZ0AR         028 035      
QSO:  3532 CW 2017-08-19 0730 LZ0DK         023 028       LZ0AA         021 034      
QSO:  3533 CW 2017-08-19 0731 LZ0DK         024 021       LZ0AJ         035 029      
QSO:  3535 CW 2017-08-19 0731 LZ0DK         025 035       LZ0DR         029 036      
QSO:  3511 CW 2017-08-19 0738 LZ0DK         026 029       LZ0DG         057 052      
QSO:  3517 CW 2017-08-19 0739 LZ0DK         027 057       LZ0DZ         050 053      
QSO:  3520 CW 2017-08-19 0741 LZ0DK         028 050       LZ0AN         052 038      
QSO:  3520 CW 2017-08-19 0741 LZ0DK         029 052       LZ0FF         052 039      
QSO:  3534 CW 2017-08-19 0742 LZ0DK         030 052       LZ0DC         065 043      
QSO:  3540 CW 2017-08-19 0743 LZ0DK         031 065       LZ0DM         044 047      
QSO:  3542 CW 2017-08-19 0743 LZ0DK         032 044       LZ0AT         062 045      
QSO:  3550 CW 2017-08-19 0744 LZ0DK         033 062       LZ0DT         055 054      
QSO:  3526 CW 2017-08-19 0749 LZ0DK         034 055       LZ0FJ         062 059      
QSO:  3528 CW 2017-08-19 0749 LZ0DK         035 062       LZ0FD         060 061      
QSO:  3544 CW 2017-08-19 0750 LZ0DK         036 060       LZ0DN         054 053      
QSO:  3537 CW 2017-08-19 0751 LZ0DK         037 054       LZ0AP         055 058      
QSO:  3527 CW 2017-08-19 0752 LZ0DK         038 055       LZ0DP         052 023      
QSO:  3523 CW 2017-08-19 0754 LZ0DK         039 052       LZ0AV         057 073      
QSO:  3521 CW 2017-08-19 0756 LZ0DK         040 057       LZ0DV         067 051      
QSO:  3521 CW 2017-08-19 0757 LZ0DK         041 067       LZ0DF         062 053      
QSO:  3521 CW 2017-08-19 0759 LZ0DK         042 062       LZ0AK         064 065      
QSO:  3521 CW 2017-08-19 0759 LZ0DK         043 064       LZ0DL         077 035      
QSO:  3545 CW 2017-08-19 0801 LZ0DK         044 077       LZ0AX         069 048      
QSO:  3557 CW 2017-08-19 0804 LZ0DK         045 069       LZ0FC         061 069      
QSO:  3535 CW 2017-08-19 0805 LZ0DK         046 061       LZ0DD         051 067      
QSO:  3514 CW 2017-08-19 0808 LZ0DK         047 051       LZ0AR         073 072      
QSO:  3511 CW 2017-08-19 0809 LZ0DK         048 073       LZ0DG         090 010      
QSO:  3521 CW 2017-08-19 0811 LZ0DK         049 090       LZ0AN         086 039      
QSO:  3521 CW 2017-08-19 0813 LZ0DK         050 086       LZ0DA         085 076      
QSO:  3520 CW 2017-08-19 0814 LZ0DK         051 085       LZ0FF         088 092      
QSO:  3517 CW 2017-08-19 0816 LZ0DK         052 088       LZ0DZ         095 076      
QSO:  3542 CW 2017-08-19 0818 LZ0DK         053 095       LZ0AT         102 092      
QSO:  3528 CW 2017-08-19 0820 LZ0DK         054 102       LZ0FD         094 097      
QSO:  3535 CW 2017-08-19 0823 LZ0DK         055 094       LZ0DR         086 089      
QSO:  3544 CW 2017-08-19 0824 LZ0DK         056 086       LZ0DN         091 098      
QSO:  3559 CW 2017-08-19 0824 LZ0DK         057 091       LZ0AY         090 112      
QSO:  3523 CW 2017-08-19 0825 LZ0DK         058 090       LZ0AV         091 100      
QSO:  3525 CW 2017-08-19 0826 LZ0DK         059 091       LZ0FA         093 110      
QSO:  3521 CW 2017-08-19 0827 LZ0DK         060 093       LZ0DV         096 089      
QSO:  3527 CW 2017-08-19 0828 LZ0DK         061 096       LZ0DP         090 089      
QSO:  3519 CW 2017-08-19 0829 LZ0DK         062 090       LZ0DL         105 101      
QSO:  3532 CW 2017-08-19 0831 LZ0DK         063 105       LZ0AA         084 106      
QSO:  3526 CW 2017-08-19 0832 LZ0DK         064 084       LZ0FJ         113 067      
QSO:  3534 CW 2017-08-19 0833 LZ0DK         065 113       LZ0DC         122 103      
QSO:  3540 CW 2017-08-19 0833 LZ0DK         066 122       LZ0DM         102 109      
QSO:  3557 CW 2017-08-19 0834 LZ0DK         067 102       LZ0FC         093 113      
QSO:  3518 CW 2017-08-19 0838 LZ0DK         068 093       LZ0DW         119 113      
QSO:  3515 CW 2017-08-19 0839 LZ0DK         069 119       LZ0DX         048 102      
QSO:  3522 CW 2017-08-19 0843 LZ0DK         070 048       LZ0AW         125 050      
QSO:  3511 CW 2017-08-19 0845 LZ0DK         071 125       LZ0DG         132 131      
QSO:  3520 CW 2017-08-19 0845 LZ0DK         072 132       LZ0FF         122 108      
QSO:  3521 CW 2017-08-19 0846 LZ0DK         073 122       LZ0DF         115 100      
QSO:  3521 CW 2017-08-19 0846 LZ0DK         074 115       LZ0AN         129 115      
QSO:  3533 CW 2017-08-19 0847 LZ0DK         075 129       LZ0AJ         130 111      
QSO:  3537 CW 2017-08-19 0848 LZ0DK         076 130       LZ0AP         111 110      
QSO:  3547 CW 2017-08-19 0849 LZ0DK         077 111       LZ0AK         113 127      
QSO:  3521 CW 2017-08-19 0850 LZ0DK         078 113       LZ0DA         131 113      
QSO:  3517 CW 2017-08-19 0850 LZ0DK         079 131       LZ0DZ         136 134      
QSO:  3542 CW 2017-08-19 0852 LZ0DK         080 136       LZ0AF         123 122      
QSO:  3528 CW 2017-08-19 0853 LZ0DK         081 123       LZ0FD         130 136      
QSO:  3551 CW 2017-08-19 0855 LZ0DK         082 130       LZ0AU         067 120      
QSO:  3554 CW 2017-08-19 0857 LZ0DK         083 067       LZ0DJ         136 053      
QSO:  3545 CW 2017-08-19 0858 LZ0DK         084 136       LZ0FY         125 137      
QSO:  3544 CW 2017-08-19 0858 LZ0DK         085 125       LZ0DN         129 116      
QSO:  3535 CW 2017-08-19 0859 LZ0DK         086 129       LZ0DR         124 143      
QSO:  3525 CW 2017-08-19 0900 LZ0DK         087 124       LZ0AX         128 120      
QSO:  3521 CW 2017-08-19 0902 LZ0DK         088 128       LZ0DL         146 143      
QSO:  3530 CW 2017-08-19 0902 LZ0DK         089 146       LZ0DV         138 146      
QSO:  3527 CW 2017-08-19 0903 LZ0DK         090 138       LZ0DP         125 126      
QSO:  3531 CW 2017-08-19 0904 LZ0DK         091 125       LZ0DY         147 133      
QSO:  3532 CW 2017-08-19 0904 LZ0DK         092 147       LZ0AA         122 129      
QSO:  3534 CW 2017-08-19 0905 LZ0DK         093 122       LZ0DC         162 138      
QSO:  3540 CW 2017-08-19 0906 LZ0DK         094 162       LZ0DM         136 108      
QSO:  3524 CW 2017-08-19 0908 LZ0DK         095 136       LZ0AC         109 110      
QSO:  3514 CW 2017-08-19 0909 LZ0DK         096 109       LZ0AR         138 130      
QSO:  3521 CW 2017-08-19 0910 LZ0DK         097 138       LZ0DW         159 130      
QSO:  3521 CW 2017-08-19 0910 LZ0DK         098 159       LZ0DT         133 153      
QSO:  3523 CW 2017-08-19 0911 LZ0DK         099 133       LZ0AV         143 137      
QSO:  3525 CW 2017-08-19 0911 LZ0DK         100 143       LZ0FA         139 154      
QSO:  3526 CW 2017-08-19 0912 LZ0DK         101 139       LZ0FJ         160 145      
QSO:  3548 CW 2017-08-19 0915 LZ0DK         102 160       LZ0FX         107 149      
QSO:  3552 CW 2017-08-19 0915 LZ0DK         103 107       LZ0AG         155 145      
QSO:  3557 CW 2017-08-19 0916 LZ0DK         104 155       LZ0FC         133 139      
QSO:  3559 CW 2017-08-19 0916 LZ0DK         105 133       LZ0AY         142 138      
QSO:  3520 CW 2017-08-19 0935 LZ0DK         106 142       LZ0FF         178 164      
QSO:  3517 CW 2017-08-19 0937 LZ0DK         107 178       LZ0DZ         195 199      
QSO:  3511 CW 2017-08-19 0937 LZ0DK         108 195       LZ0DG         188 179      
QSO:  3522 CW 2017-08-19 0943 LZ0DK         109 188       LZ0AW         195 196      
QSO:  3521 CW 2017-08-19 0944 LZ0DK         110 195       LZ0AN         200 174      
QSO:  3521 CW 2017-08-19 0945 LZ0DK         111 200       LZ0DX         102 173      
QSO:  3527 CW 2017-08-19 0945 LZ0DK         112 102       LZ0DP         175 209      
QSO:  3545 CW 2017-08-19 0946 LZ0DK         113 175       LZ0FY         184 204      
QSO:  3521 CW 2017-08-19 0947 LZ0DK         114 184       LZ0DA         200 166      
QSO:  3526 CW 2017-08-19 0949 LZ0DK         115 200       LZ0FJ         210 200      
QSO:  3528 CW 2017-08-19 0950 LZ0DK         116 210       LZ0FD         193 186      
QSO:  3533 CW 2017-08-19 0950 LZ0DK         117 193       LZ0AJ         210 202      
QSO:  3534 CW 2017-08-19 0951 LZ0DK         118 210       LZ0DC         223 179      
QSO:  3535 CW 2017-08-19 0951 LZ0DK         119 223       LZ0DU         109 207      
QSO:  3521 CW 2017-08-19 0952 LZ0DK         120 109       LZ0DL         192 176      
QSO:  3537 CW 2017-08-19 0953 LZ0DK         121 192       LZ0AP         181 204      
QSO:  3540 CW 2017-08-19 0953 LZ0DK         122 181       LZ0DM         197 192      
QSO:  3542 CW 2017-08-19 0954 LZ0DK         123 197       LZ0AT         219 200      
QSO:  3551 CW 2017-08-19 0956 LZ0DK         124 219       LZ0DT         185 220      
QSO:  3557 CW 2017-08-19 0957 LZ0DK         125 185       LZ0FC         183 214      
QSO:  3521 CW 2017-08-19 0959 LZ0DK         126 183       LZ0DV         207 127      
QSO:  3521 CW 2017-08-19 0959 LZ0DK         127 207       LZ0DD         160 211      
QSO:  3514 CW 2017-08-19 1001 LZ0DK         128 160       LZ0AR         192 200      
QSO:  3512 CW 2017-08-19 1002 LZ0DK         129 192       LZ0DF         197 218      
QSO:  3531 CW 2017-08-19 1005 LZ0DK         130 197       LZ0DY         224 117      
QSO:  3536 CW 2017-08-19 1005 LZ0DK         131 224       LZ0DR         184 225      
QSO:  3547 CW 2017-08-19 1008 LZ0DK         132 184       LZ0AK         207 231      
QSO:  3554 CW 2017-08-19 1009 LZ0DK         133 207       LZ0DJ         227 189      
QSO:  3511 CW 2017-08-19 1013 LZ0DK         134 227       LZ0DG         230 202      
QSO:  3521 CW 2017-08-19 1014 LZ0DK         135 230       LZ0AN         240 225      
QSO:  3521 CW 2017-08-19 1015 LZ0DK         136 240       LZ0DX         129 231      
QSO:  3522 CW 2017-08-19 1016 LZ0DK         137 129       LZ0AW         233 140      
QSO:  3521 CW 2017-08-19 1017 LZ0DK         138 233       LZ0FF         227 139      
QSO:  3527 CW 2017-08-19 1017 LZ0DK         139 227       LZ0DP         210 245      
QSO:  3550 CW 2017-08-19 1018 LZ0DK         140 210       LZ0AU         116 241      
QSO:  3545 CW 2017-08-19 1019 LZ0DK         141 116       LZ0FY         223 009      
QSO:  3521 CW 2017-08-19 1020 LZ0DK         142 223       LZ0DA         242 203      
QSO:  3528 CW 2017-08-19 1021 LZ0DK         143 242       LZ0FD         230 203      
QSO:  3517 CW 2017-08-19 1021 LZ0DK         144 230       LZ0DZ         252 213      
QSO:  3533 CW 2017-08-19 1022 LZ0DK         145 252       LZ0AJ         252 238      
QSO:  3518 CW 2017-08-19 1023 LZ0DK         146 252       LZ0DW         245 221      
QSO:  3540 CW 2017-08-19 1024 LZ0DK         147 245       LZ0DM         225 225      
QSO:  3521 CW 2017-08-19 1024 LZ0DK         148 225       LZ0DU         139 246      
QSO:  3537 CW 2017-08-19 1025 LZ0DK         149 139       LZ0AP         218 244      
QSO:  3542 CW 2017-08-19 1026 LZ0DK         150 218       LZ0AT         261 246      
QSO:  3551 CW 2017-08-19 1026 LZ0DK         151 261       LZ0DT         219 254      
QSO:  3526 CW 2017-08-19 1028 LZ0DK         152 219       LZ0FJ         257 248      
QSO:  3535 CW 2017-08-19 1029 LZ0DK         153 257       LZ0AD         157 251      
QSO:  3521 CW 2017-08-19 1032 LZ0DK         154 157       LZ0DV         250 238      
QSO:  3514 CW 2017-08-19 1034 LZ0DK         155 250       LZ0AR         230 250      
QSO:  3512 CW 2017-08-19 1035 LZ0DK         156 230       LZ0DF         221 023      
QSO:  3531 CW 2017-08-19 1035 LZ0DK         157 221       LZ0DY         260 194      
QSO:  3534 CW 2017-08-19 1035 LZ0DK         158 260       LZ0DC         280 148      
QSO:  3557 CW 2017-08-19 1038 LZ0DK         159 280       LZ0FC         231 271      
QSO:  3559 CW 2017-08-19 1039 LZ0DK         160 231       LZ0AY         233 256      
QSO:  3554 CW 2017-08-19 1040 LZ0DK         161 233       LZ0DJ         259 248      
QSO:  3521 CW 2017-08-19 1042 LZ0DK         162 259       LZ0DL         245 234      
QSO:  3521 CW 2017-08-19 1042 LZ0DK         163 245       LZ0AM         276 266      
QSO:  3511 CW 2017-08-19 1043 LZ0DK         164 276       LZ0DG         271 248      
QSO:  3521 CW 2017-08-19 1045 LZ0DK         165 271       LZ0AN         278 263      
QSO:  3547 CW 2017-08-19 1045 LZ0DK         166 278       LZ0AK         254 283      
QSO:  3536 CW 2017-08-19 1046 LZ0DK         167 254       LZ0DR         217 281      
QSO:  3527 CW 2017-08-19 1047 LZ0DK         168 217       LZ0DP         250 264      
QSO:  3521 CW 2017-08-19 1048 LZ0DK         169 250       LZ0DD         207 273      
QSO:  3521 CW 2017-08-19 1048 LZ0DK         170 207       LZ0DX         165 236      
QSO:  3522 CW 2017-08-19 1049 LZ0DK         171 165       LZ0AW         277 265      
QSO:  3545 CW 2017-08-19 1050 LZ0DK         172 277       LZ0FY         256 275      
QSO:  3555 CW 2017-08-19 1050 LZ0DK         173 256       LZ0AU         135 270      
QSO:  3521 CW 2017-08-19 1052 LZ0DK         174 135       LZ0DA         281 262      
QSO:  3517 CW 2017-08-19 1053 LZ0DK         175 281       LZ0DZ         290 238      
QSO:  3528 CW 2017-08-19 1054 LZ0DK         176           LZ0FD         268 279      
QSO:  3540 CW 2017-08-19 1055 LZ0DK         177 268       LZ0DM         264 086      
QSO:  3537 CW 2017-08-19 1056 LZ0DK         178 264       LZ0AP         252 045      
QSO:  3518 CW 2017-08-19 1056 LZ0DK         179 252       LZ0DW         285 166      
QSO:  3551 CW 2017-08-19 1057 LZ0DK         180 285       LZ0DT         252 292      
QSO:  3542 CW 2017-08-19 1057 LZ0DK         181 252       LZ0AT         303 204      
QSO:  3521 CW 2017-08-19 1059 LZ0DK         182 303       LZ0FJ         301 286      
QSO:  3535 CW 2017-08-19 1059 LZ0DK         183 301       LZ0AD         186 256      
QSO:  3533 CW 2017-08-19 1059 LZ0DK         184 186       LZ0AJ         300 279      
END-OF-LOG:
