START-OF-LOG: 2.0 
CALLSIGN: LZ0DZ
CLUB: Козлодуй
CONTEST: LZ-OPEN-DOMESTIC
CATEGORY: SINGLE-OP 80M QRP CW
CLAIMED-SCORE: 296
OPERATORS: LZ4AE
NAME: Ангел Ахчийски LZ4AE
ADDRESS: P.O.BOX 139
ADDRESS: Kozloduy, VR 3320
ADDRESS: BULGARIA
CREATED-BY: N1MM Logger+ 1.0.6666.0
QSO:  3517 CW 2017-08-19 0700 LZ0DZ         001 000       LZ0AM         001 000      
QSO:  3517 CW 2017-08-19 0701 LZ0DZ         002 001       LZ0DU         001 000      
QSO:  3517 CW 2017-08-19 0701 LZ0DZ         003 001       LZ0DL         004 002      
QSO:  3517 CW 2017-08-19 0702 LZ0DZ         004 004       LZ0AV         002 004      
QSO:  3517 CW 2017-08-19 0702 LZ0DZ         005 002       LZ0DP         003 005      
QSO:  3517 CW 2017-08-19 0703 LZ0DZ         006 003       LZ0FA         002 003      
QSO:  3517 CW 2017-08-19 0703 LZ0DZ         007 002       LZ0AL         003 002      
QSO:  3517 CW 2017-08-19 0703 LZ0DZ         008 003       LZ0DA         005 006      
QSO:  3517 CW 2017-08-19 0704 LZ0DZ         009 005       LZ0AG         004 008      
QSO:  3517 CW 2017-08-19 0704 LZ0DZ         010 004       LZ0AN         008 005      
QSO:  3517 CW 2017-08-19 0705 LZ0DZ         011 008       LZ0DN         003 003      
QSO:  3517 CW 2017-08-19 0705 LZ0DZ         012 003       LZ0DX         004 012      
QSO:  3517 CW 2017-08-19 0706 LZ0DZ         013 004       LZ0AK         009 010      
QSO:  3517 CW 2017-08-19 0707 LZ0DZ         014 009       LZ0DJ         010 013      
QSO:  3517 CW 2017-08-19 0707 LZ0DZ         015 010       LZ0DK         008 015      
QSO:  3517 CW 2017-08-19 0709 LZ0DZ         016 008       LZ0DR         008 018      
QSO:  3517 CW 2017-08-19 0709 LZ0DZ         017 008       LZ0AF         010 014      
QSO:  3517 CW 2017-08-19 0710 LZ0DZ         018 010       LZ0DW         015 020      
QSO:  3520 CW 2017-08-19 0711 LZ0DZ         019 015       LZ0FF         022 016      
QSO:  3522 CW 2017-08-19 0712 LZ0DZ         020 022       LZ0AW         020 300      
QSO:  3524 CW 2017-08-19 0713 LZ0DZ         021 020       LZ0AC         003 019      
QSO:  3517 CW 2017-08-19 0713 LZ0DZ         022 003       LZ0FG         021 005      
QSO:  3517 CW 2017-08-19 0714 LZ0DZ         023 021       LZ0DG         023 018      
QSO:  3526 CW 2017-08-19 0715 LZ0DZ         024 023       LZ0FJ         019 007      
QSO:  3528 CW 2017-08-19 0716 LZ0DZ         025 019       LZ0FD         024 022      
QSO:  3517 CW 2017-08-19 0717 LZ0DZ         026 024       LZ0DY         025 011      
QSO:  3517 CW 2017-08-19 0717 LZ0DZ         027 025       LZ0DV         022 010      
QSO:  3517 CW 2017-08-19 0718 LZ0DZ         028 022       LZ0DD         008 011      
QSO:  3533 CW 2017-08-19 0718 LZ0DZ         029 008       LZ0AJ         027 027      
QSO:  3517 CW 2017-08-19 0719 LZ0DZ         030 027       LZ0DC         033 018      
QSO:  3535 CW 2017-08-19 0720 LZ0DZ         031 033       LZ0AD         029 011      
QSO:  3517 CW 2017-08-19 0723 LZ0DZ         032 029       LZ0DF         029 032      
QSO:  3540 CW 2017-08-19 0723 LZ0DZ         033 029       LZ0DM         026 028      
QSO:  3545 CW 2017-08-19 0725 LZ0DZ         034 026       LZ0FY         027 025      
QSO:  3514 CW 2017-08-19 0728 LZ0DZ         035 027       LZ0AR         027 033      
QSO:  3517 CW 2017-08-19 0730 LZ0DZ         036 027       LZ0AM         037 021      
QSO:  3517 CW 2017-08-19 0730 LZ0DZ         037 037       LZ0AT         040 034      
QSO:  3517 CW 2017-08-19 0732 LZ0DZ         038 040       LZ0DT         037 028      
QSO:  3517 CW 2017-08-19 0732 LZ0DZ         039 037       LZ0AV         033 035      
QSO:  3517 CW 2017-08-19 0733 LZ0DZ         040 033       LZ0DP         031 043      
QSO:  3517 CW 2017-08-19 0733 LZ0DZ         041 031       LZ0FA         031 036      
QSO:  3517 CW 2017-08-19 0734 LZ0DZ         042 031       LZ0DA         038 045      
QSO:  3517 CW 2017-08-19 0734 LZ0DZ         043 038       LZ0AL         033 034      
QSO:  3517 CW 2017-08-19 0734 LZ0DZ         044 033       LZ0AG         038 036      
QSO:  3517 CW 2017-08-19 0735 LZ0DZ         045 038       LZ0AN         045 050      
QSO:  3517 CW 2017-08-19 0737 LZ0DZ         046 045       LZ0AK         036 046      
QSO:  3517 CW 2017-08-19 0737 LZ0DZ         047 036       LZ0DX         021 037      
QSO:  3517 CW 2017-08-19 0737 LZ0DZ         048 021       LZ0DJ         042 042      
QSO:  3517 CW 2017-08-19 0739 LZ0DZ         049 042       LZ0DL         053 056      
QSO:  3517 CW 2017-08-19 0739 LZ0DZ         050 053       LZ0DK         027 057      
QSO:  3517 CW 2017-08-19 0740 LZ0DZ         051 027       LZ0AF         042 048      
QSO:  3517 CW 2017-08-19 0740 LZ0DZ         052 042       LZ0DW         051 049      
QSO:  3517 CW 2017-08-19 0740 LZ0DZ         053 051       LZ0DN         042 050      
QSO:  3520 CW 2017-08-19 0741 LZ0DZ         054 042       LZ0FF         053 029      
QSO:  3517 CW 2017-08-19 0743 LZ0DZ         055 053       LZ0DR         041 051      
QSO:  3524 CW 2017-08-19 0744 LZ0DZ         056 041       LZ0AC         045 045      
QSO:  3522 CW 2017-08-19 0745 LZ0DZ         057 045       LZ0AW         057 065      
QSO:  3517 CW 2017-08-19 0745 LZ0DZ         058 057       LZ0DG         067 052      
QSO:  3517 CW 2017-08-19 0746 LZ0DZ         059 067       LZ0FG         054 028      
QSO:  3526 CW 2017-08-19 0746 LZ0DZ         060 054       LZ0FJ         058 062      
QSO:  3528 CW 2017-08-19 0747 LZ0DZ         061 058       LZ0FD         055 055      
QSO:  3517 CW 2017-08-19 0748 LZ0DZ         062 055       LZ0DV         057 051      
QSO:  3517 CW 2017-08-19 0748 LZ0DZ         063 057       LZ0DY         059 054      
QSO:  3517 CW 2017-08-19 0749 LZ0DZ         064 059       LZ0DD         040 064      
QSO:  3517 CW 2017-08-19 0750 LZ0DZ         065 040       LZ0DC         073 056      
QSO:  3539 CW 2017-08-19 0752 LZ0DZ         066 073       LZ0AD         058 065      
QSO:  3540 CW 2017-08-19 0754 LZ0DZ         067 058       LZ0DM         059 064      
QSO:  3545 CW 2017-08-19 0756 LZ0DZ         068 059       LZ0FY         060 062      
QSO:  3517 CW 2017-08-19 0802 LZ0DZ         069 060       LZ0AV         067 065      
QSO:  3517 CW 2017-08-19 0802 LZ0DZ         070 067       LZ0DT         074 047      
QSO:  3517 CW 2017-08-19 0803 LZ0DZ         071 074       LZ0DL         081 067      
QSO:  3517 CW 2017-08-19 0803 LZ0DZ         072 081       LZ0AM         075 071      
QSO:  3517 CW 2017-08-19 0804 LZ0DZ         073 075       LZ0DP         063 079      
QSO:  3517 CW 2017-08-19 0804 LZ0DZ         074 063       LZ0AX         073 067      
QSO:  3517 CW 2017-08-19 0805 LZ0DZ         075 073       LZ0AT         087 067      
QSO:  3517 CW 2017-08-19 0805 LZ0DZ         076 087       LZ0AN         080 074      
QSO:  3517 CW 2017-08-19 0806 LZ0DZ         077 080       LZ0AG         074 071      
QSO:  3517 CW 2017-08-19 0806 LZ0DZ         078 074       LZ0DF         071 085      
QSO:  3517 CW 2017-08-19 0806 LZ0DZ         079 071       LZ0DA         074 074      
QSO:  3517 CW 2017-08-19 0807 LZ0DZ         080 074       LZ0AK         071 066      
QSO:  3517 CW 2017-08-19 0807 LZ0DZ         081 071       LZ0FA         063 084      
QSO:  3517 CW 2017-08-19 0807 LZ0DZ         082 063       LZ0AL         074 064      
QSO:  3517 CW 2017-08-19 0809 LZ0DZ         083 074       LZ0DJ         081 078      
QSO:  3517 CW 2017-08-19 0809 LZ0DZ         084 081       LZ0AR         074 047      
QSO:  3517 CW 2017-08-19 0810 LZ0DZ         085 074       LZ0DX         042 088      
QSO:  3517 CW 2017-08-19 0810 LZ0DZ         086 042       LZ0FX         050 064      
QSO:  3517 CW 2017-08-19 0812 LZ0DZ         087 050       LZ0DW         085 071      
QSO:  3517 CW 2017-08-19 0812 LZ0DZ         088 085       LZ0DN         075 082      
QSO:  3517 CW 2017-08-19 0812 LZ0DZ         089 075       LZ0FC         066 090      
QSO:  3517 CW 2017-08-19 0812 LZ0DZ         090 066       LZ0AF         075 070      
QSO:  3533 CW 2017-08-19 0813 LZ0DZ         091 075       LZ0AJ         091 076      
QSO:  3520 CW 2017-08-19 0814 LZ0DZ         092 091       LZ0FF         087 067      
QSO:  3517 CW 2017-08-19 0815 LZ0DZ         093 087       LZ0DG         100 091      
QSO:  3517 CW 2017-08-19 0816 LZ0DZ         094 100       LZ0DR         076 089      
QSO:  3517 CW 2017-08-19 0816 LZ0DZ         095 076       LZ0DK         052 088      
QSO:  3517 CW 2017-08-19 0816 LZ0DZ         096 052       LZ0FG         089 095      
QSO:  3522 CW 2017-08-19 0817 LZ0DZ         097 089       LZ0AW         094 077      
QSO:  3528 CW 2017-08-19 0818 LZ0DZ         098 094       LZ0FD         090 092      
QSO:  3517 CW 2017-08-19 0819 LZ0DZ         099 090       LZ0DY         098 098      
QSO:  3517 CW 2017-08-19 0819 LZ0DZ         100 098       LZ0DV         087 102      
QSO:  3526 CW 2017-08-19 0820 LZ0DZ         101 087       LZ0FJ         099 091      
QSO:  3524 CW 2017-08-19 0821 LZ0DZ         102 099       LZ0AC         091 101      
QSO:  3517 CW 2017-08-19 0822 LZ0DZ         103 091       LZ0DC         113 089      
QSO:  3559 CW 2017-08-19 0826 LZ0DZ         104 113       LZ0AY         092 109      
QSO:  3517 CW 2017-08-19 0829 LZ0DZ         105 092       LZ0DU         032 095      
QSO:  3517 CW 2017-08-19 0830 LZ0DZ         106 032       LZ0AA         083 104      
QSO:  3545 CW 2017-08-19 0832 LZ0DZ         107 083       LZ0FY         096 109      
QSO:  3517 CW 2017-08-19 0832 LZ0DZ         108 096       LZ0AV         100 097      
QSO:  3540 CW 2017-08-19 0833 LZ0DZ         109 100       LZ0DM         101 102      
QSO:  3517 CW 2017-08-19 0834 LZ0DZ         110 101       LZ0AM         113 107      
QSO:  3517 CW 2017-08-19 0834 LZ0DZ         111 113       LZ0DP         092 096      
QSO:  3517 CW 2017-08-19 0834 LZ0DZ         112 092       LZ0DT         098 115      
QSO:  3517 CW 2017-08-19 0835 LZ0DZ         113 098       LZ0AX         104 118      
QSO:  3517 CW 2017-08-19 0835 LZ0DZ         114 104       LZ0AT         122 110      
QSO:  3519 CW 2017-08-19 0837 LZ0DZ         115 122       LZ0AN         118 102      
QSO:  3517 CW 2017-08-19 0837 LZ0DZ         116 118       LZ0DA         113 114      
QSO:  3517 CW 2017-08-19 0838 LZ0DZ         117 113       LZ0AG         110 110      
QSO:  3517 CW 2017-08-19 0838 LZ0DZ         118 110       LZ0DF         106 120      
QSO:  3517 CW 2017-08-19 0838 LZ0DZ         119 106       LZ0FA         101 115      
QSO:  3517 CW 2017-08-19 0839 LZ0DZ         120 101       LZ0AL         099 102      
QSO:  3517 CW 2017-08-19 0839 LZ0DZ         121 099       LZ0DJ         115 097      
QSO:  3517 CW 2017-08-19 0840 LZ0DZ         122 115       LZ0DD         086 099      
QSO:  3517 CW 2017-08-19 0841 LZ0DZ         123 086       LZ0DX         049 060      
QSO:  3517 CW 2017-08-19 0842 LZ0DZ         124 049       LZ0DW         122 121      
QSO:  3517 CW 2017-08-19 0842 LZ0DZ         125 122       LZ0DL         124 128      
QSO:  3517 CW 2017-08-19 0842 LZ0DZ         126 124       LZ0DN         109 123      
QSO:  3517 CW 2017-08-19 0843 LZ0DZ         127 109       LZ0AF         112 102      
QSO:  3517 CW 2017-08-19 0843 LZ0DZ         128 112       LZ0AK         107 130      
QSO:  3520 CW 2017-08-19 0844 LZ0DZ         129 107       LZ0FF         120 110      
QSO:  3517 CW 2017-08-19 0846 LZ0DZ         130 120       LZ0DG         133 071      
QSO:  3517 CW 2017-08-19 0846 LZ0DZ         131 133       LZ0FG         122 115      
QSO:  3517 CW 2017-08-19 0847 LZ0DZ         132 122       LZ0FX         082 116      
QSO:  3517 CW 2017-08-19 0848 LZ0DZ         133 082       LZ0DR         110 123      
QSO:  3533 CW 2017-08-19 0849 LZ0DZ         134 110       LZ0AJ         134 132      
QSO:  3517 CW 2017-08-19 0850 LZ0DZ         135 134       LZ0DY         134 113      
QSO:  3517 CW 2017-08-19 0850 LZ0DZ         136 134       LZ0DK         079 131      
QSO:  3537 CW 2017-08-19 0851 LZ0DZ         137 079       LZ0AP         116 118      
QSO:  3557 CW 2017-08-19 0853 LZ0DZ         138 116       LZ0FC         112 136      
QSO:  3528 CW 2017-08-19 0854 LZ0DZ         139 112       LZ0FD         132 144      
QSO:  3517 CW 2017-08-19 0855 LZ0DZ         140 132       LZ0DV         129 121      
QSO:  3522 CW 2017-08-19 0856 LZ0DZ         141 129       LZ0AW         141 100      
QSO:  3514 CW 2017-08-19 0857 LZ0DZ         142 141       LZ0AR         115 137      
QSO:  3526 CW 2017-08-19 0858 LZ0DZ         143 115       LZ0FJ         145 124      
QSO:  3517 CW 2017-08-19 0859 LZ0DZ         144 145       LZ0DC         157 116      
QSO:  3550 CW 2017-08-19 0900 LZ0DZ         145 157       LZ0AU         070 131      
QSO:  3559 CW 2017-08-19 0901 LZ0DZ         146 070       LZ0AY         129 057      
QSO:  3517 CW 2017-08-19 0902 LZ0DZ         147 129       LZ0AV         130 145      
QSO:  3545 CW 2017-08-19 0903 LZ0DZ         148 130       LZ0FY         134 107      
QSO:  3540 CW 2017-08-19 0904 LZ0DZ         149 134       LZ0DM         133 144      
QSO:  3517 CW 2017-08-19 0904 LZ0DZ         150 133       LZ0DT         127 132      
QSO:  3517 CW 2017-08-19 0904 LZ0DZ         151 127       LZ0DP         127 061      
QSO:  3517 CW 2017-08-19 0905 LZ0DZ         152 127       LZ0AM         152 146      
QSO:  3517 CW 2017-08-19 0905 LZ0DZ         153 152       LZ0DU         063 104      
QSO:  3517 CW 2017-08-19 0906 LZ0DZ         154 063       LZ0AX         138 141      
QSO:  3517 CW 2017-08-19 0906 LZ0DZ         155 138       LZ0AT         161 106      
QSO:  3517 CW 2017-08-19 0907 LZ0DZ         156 161       LZ0AN         156 066      
QSO:  3517 CW 2017-08-19 0908 LZ0DZ         157 156       LZ0AA         127 137      
QSO:  3517 CW 2017-08-19 0908 LZ0DZ         158 127       LZ0DA         148 150      
QSO:  3517 CW 2017-08-19 0910 LZ0DZ         159 148       LZ0AG         147 155      
QSO:  3517 CW 2017-08-19 0910 LZ0DZ         160 147       LZ0AL         131 059      
QSO:  3517 CW 2017-08-19 0911 LZ0DZ         161 131       LZ0DJ         153 131      
QSO:  3517 CW 2017-08-19 0912 LZ0DZ         162 153       LZ0DW         161 154      
QSO:  3517 CW 2017-08-19 0912 LZ0DZ         163 161       LZ0AD         088 140      
QSO:  3517 CW 2017-08-19 0913 LZ0DZ         164 088       LZ0DN         145 158      
QSO:  3517 CW 2017-08-19 0913 LZ0DZ         165 145       LZ0AF         148 161      
QSO:  3517 CW 2017-08-19 0914 LZ0DZ         166 148       LZ0DX         074 142      
QSO:  3520 CW 2017-08-19 0915 LZ0DZ         167 074       LZ0FF         157 075      
QSO:  3525 CW 2017-08-19 0915 LZ0DZ         168 157       LZ0FA         144 137      
QSO:  3517 CW 2017-08-19 0916 LZ0DZ         169 144       LZ0FG         155 108      
QSO:  3547 CW 2017-08-19 0917 LZ0DZ         170 155       LZ0AK         145 140      
QSO:  3517 CW 2017-08-19 0918 LZ0DZ         171 145       LZ0DR         142 121      
QSO:  3517 CW 2017-08-19 0918 LZ0DZ         172 142       LZ0DD         122 141      
QSO:  3533 CW 2017-08-19 0920 LZ0DZ         173 122       LZ0AJ         171 164      
QSO:  3524 CW 2017-08-19 0921 LZ0DZ         174 171       LZ0AC         117 172      
QSO:  3517 CW 2017-08-19 0921 LZ0DZ         175 117       LZ0DF         147 168      
QSO:  3511 CW 2017-08-19 0922 LZ0DZ         176 147       LZ0FZ         064 159      
QSO:  3517 CW 2017-08-19 0923 LZ0DZ         177 064       LZ0FX         117 171      
QSO:  3517 CW 2017-08-19 0925 LZ0DZ         178 117       LZ0DV         166 152      
QSO:  3517 CW 2017-08-19 0926 LZ0DZ         179 166       LZ0DY         175 168      
QSO:  3528 CW 2017-08-19 0927 LZ0DZ         180 175       LZ0FD         169 128      
QSO:  3537 CW 2017-08-19 0928 LZ0DZ         181 169       LZ0AP         152 180      
QSO:  3517 CW 2017-08-19 0929 LZ0DZ         182 152       LZ0FJ         184 160      
QSO:  3522 CW 2017-08-19 0930 LZ0DZ         183 184       LZ0AW         180 182      
QSO:  3517 CW 2017-08-19 0931 LZ0DZ         184 180       LZ0DC         196 158      
QSO:  3517 CW 2017-08-19 0931 LZ0DZ         185 196       LZ0DL         164 159      
QSO:  3517 CW 2017-08-19 0931 LZ0DZ         186 164       LZ0DG         180 172      
QSO:  3517 CW 2017-08-19 0932 LZ0DZ         187 180       LZ0AV         165 088      
QSO:  3545 CW 2017-08-19 0933 LZ0DZ         188 165       LZ0FY         172 158      
QSO:  3517 CW 2017-08-19 0934 LZ0DZ         189 172       LZ0DT         159 171      
QSO:  3517 CW 2017-08-19 0935 LZ0DZ         190 159       LZ0AM         189 184      
QSO:  3517 CW 2017-08-19 0935 LZ0DZ         191 189       LZ0DP         160 164      
QSO:  3557 CW 2017-08-19 0936 LZ0DZ         192 160       LZ0FC         160 088      
QSO:  3517 CW 2017-08-19 0936 LZ0DZ         193 160       LZ0DU         092 127      
QSO:  3517 CW 2017-08-19 0937 LZ0DZ         194 092       LZ0AT         199 170      
QSO:  3517 CW 2017-08-19 0937 LZ0DZ         195 199       LZ0DK         107 178      
QSO:  3517 CW 2017-08-19 0938 LZ0DZ         196 107       LZ0DA         185 187      
QSO:  3559 CW 2017-08-19 0939 LZ0DZ         197 185       LZ0AY         170 162      
QSO:  3517 CW 2017-08-19 0942 LZ0DZ         198 170       LZ0DW         195 184      
QSO:  3517 CW 2017-08-19 0942 LZ0DZ         199 195       LZ0DJ         190 132      
QSO:  3517 CW 2017-08-19 0943 LZ0DZ         200 190       LZ0AG         186 198      
QSO:  3517 CW 2017-08-19 0943 LZ0DZ         201 186       LZ0AR         177 169      
QSO:  3517 CW 2017-08-19 0944 LZ0DZ         202 177       LZ0AF         184 198      
QSO:  3517 CW 2017-08-19 0944 LZ0DZ         203 184       LZ0AX         172 175      
QSO:  3517 CW 2017-08-19 0945 LZ0DZ         204 172       LZ0DN         180 173      
QSO:  3517 CW 2017-08-19 0945 LZ0DZ         205 180       LZ0FA         178 166      
QSO:  3517 CW 2017-08-19 0946 LZ0DZ         206 178       LZ0AN         202 182      
QSO:  3517 CW 2017-08-19 0946 LZ0DZ         207 202       LZ0AL         170 191      
QSO:  3517 CW 2017-08-19 0947 LZ0DZ         208 170       LZ0FG         192 186      
QSO:  3517 CW 2017-08-19 0947 LZ0DZ         209 192       LZ0AA         181 194      
QSO:  3517 CW 2017-08-19 0948 LZ0DZ         210 181       LZ0AD         110 208      
QSO:  3517 CW 2017-08-19 0948 LZ0DZ         211 110       LZ0AK         185 171      
QSO:  3540 CW 2017-08-19 0949 LZ0DZ         212 185       LZ0DM         186 138      
QSO:  3517 CW 2017-08-19 0951 LZ0DZ         213 186       LZ0DR         171 200      
QSO:  3533 CW 2017-08-19 0952 LZ0DZ         214 171       LZ0AJ         211 117      
QSO:  3517 CW 2017-08-19 0953 LZ0DZ         215 211       LZ0DD         153 191      
QSO:  3520 CW 2017-08-19 0953 LZ0DZ         216 153       LZ0FF         204 214      
QSO:  3511 CW 2017-08-19 0954 LZ0DZ         217 204       LZ0FZ         086 193      
QSO:  3517 CW 2017-08-19 0956 LZ0DZ         218 086       LZ0DY         210 185      
QSO:  3517 CW 2017-08-19 0957 LZ0DZ         219 210       LZ0DV         204 199      
QSO:  3528 CW 2017-08-19 0957 LZ0DZ         220 204       LZ0FD         202 216      
QSO:  3517 CW 2017-08-19 1000 LZ0DZ         221 202       LZ0FJ         225 196      
QSO:  3537 CW 2017-08-19 1001 LZ0DZ         222 225       LZ0AP         190 224      
QSO:  3517 CW 2017-08-19 1002 LZ0DZ         223 190       LZ0DC         235 194      
QSO:  3517 CW 2017-08-19 1004 LZ0DZ         224 235       LZ0AV         201 215      
QSO:  3517 CW 2017-08-19 1004 LZ0DZ         225 201       LZ0DF         198 129      
QSO:  3517 CW 2017-08-19 1004 LZ0DZ         226 198       LZ0DL         204 196      
QSO:  3517 CW 2017-08-19 1005 LZ0DZ         227 204       LZ0AM         230 216      
QSO:  3517 CW 2017-08-19 1005 LZ0DZ         228 230       LZ0DT         190 208      
QSO:  3522 CW 2017-08-19 1006 LZ0DZ         229 190       LZ0AW         217 229      
QSO:  3517 CW 2017-08-19 1006 LZ0DZ         230 217       LZ0DP         195 199      
QSO:  3513 CW 2017-08-19 1007 LZ0DZ         231 195       LZ0DX         120 234      
QSO:  3517 CW 2017-08-19 1008 LZ0DZ         232 120       LZ0AT         236 230      
QSO:  3517 CW 2017-08-19 1008 LZ0DZ         233 236       LZ0DA         226 221      
QSO:  3517 CW 2017-08-19 1008 LZ0DZ         234 226       LZ0DG         219 231      
QSO:  3559 CW 2017-08-19 1010 LZ0DZ         235 219       LZ0AY         202 136      
QSO:  3557 CW 2017-08-19 1010 LZ0DZ         236 202       LZ0FC         199 209      
QSO:  3545 CW 2017-08-19 1012 LZ0DZ         237 199       LZ0FY         212 200      
QSO:  3517 CW 2017-08-19 1013 LZ0DZ         238 212       LZ0DW         229 127      
QSO:  3517 CW 2017-08-19 1013 LZ0DZ         239 229       LZ0DU         125 214      
QSO:  3517 CW 2017-08-19 1014 LZ0DZ         240 125       LZ0AG         226 221      
QSO:  3517 CW 2017-08-19 1014 LZ0DZ         241 226       LZ0AC         138 209      
QSO:  3517 CW 2017-08-19 1014 LZ0DZ         242 138       LZ0DJ         231 223      
QSO:  3517 CW 2017-08-19 1017 LZ0DZ         243 231       LZ0DN         219 204      
QSO:  3517 CW 2017-08-19 1017 LZ0DZ         244 219       LZ0AN         243 208      
QSO:  3517 CW 2017-08-19 1017 LZ0DZ         245 243       LZ0FG         229 221      
QSO:  3517 CW 2017-08-19 1018 LZ0DZ         246 229       LZ0FA         213 168      
QSO:  3517 CW 2017-08-19 1018 LZ0DZ         247 213       LZ0AX         202 209      
QSO:  3517 CW 2017-08-19 1018 LZ0DZ         248 202       LZ0AK         220 223      
QSO:  3517 CW 2017-08-19 1019 LZ0DZ         249 220       LZ0AF         224 200      
QSO:  3517 CW 2017-08-19 1020 LZ0DZ         250 224       LZ0AL         204 221      
QSO:  3517 CW 2017-08-19 1020 LZ0DZ         251 204       LZ0AR         213 237      
QSO:  3517 CW 2017-08-19 1021 LZ0DZ         252 213       LZ0DK         144 230      
QSO:  3540 CW 2017-08-19 1022 LZ0DZ         253 144       LZ0DM         223 251      
QSO:  3520 CW 2017-08-19 1024 LZ0DZ         254 223       LZ0FF         235 228      
QSO:  3517 CW 2017-08-19 1025 LZ0DZ         255 235       LZ0DR         197 215      
QSO:  3517 CW 2017-08-19 1026 LZ0DZ         256 197       LZ0AJ         255 174      
QSO:  3517 CW 2017-08-19 1027 LZ0DZ         257 255       LZ0FK         018 241      
QSO:  3517 CW 2017-08-19 1027 LZ0DZ         258 018       LZ0DV         245 219      
QSO:  3517 CW 2017-08-19 1028 LZ0DZ         259 245       LZ0DD         189 245      
QSO:  3517 CW 2017-08-19 1031 LZ0DZ         260 189       LZ0FX         180 141      
QSO:  3517 CW 2017-08-19 1031 LZ0DZ         261 180       LZ0FJ         262 221      
QSO:  3528 CW 2017-08-19 1032 LZ0DZ         262 262       LZ0FD         242 231      
QSO:  3531 CW 2017-08-19 1033 LZ0DZ         263 242       LZ0DY         256 237      
QSO:  3517 CW 2017-08-19 1034 LZ0DZ         264 256       LZ0DC         275 228      
QSO:  3517 CW 2017-08-19 1035 LZ0DZ         265 275       LZ0AM         266 266      
QSO:  3517 CW 2017-08-19 1035 LZ0DZ         266 266       LZ0AV         240 232      
QSO:  3551 CW 2017-08-19 1036 LZ0DZ         267 240       LZ0DT         224 150      
QSO:  3517 CW 2017-08-19 1037 LZ0DZ         268 224       LZ0DP         233 188      
QSO:  3517 CW 2017-08-19 1038 LZ0DZ         269 233       LZ0DA         261 257      
QSO:  3517 CW 2017-08-19 1038 LZ0DZ         270 261       LZ0AT         276 268      
QSO:  3522 CW 2017-08-19 1040 LZ0DZ         271 276       LZ0AW         261 228      
QSO:  3513 CW 2017-08-19 1041 LZ0DZ         272 261       LZ0DX         156 267      
QSO:  3511 CW 2017-08-19 1042 LZ0DZ         273 156       LZ0DG         268 259      
QSO:  3517 CW 2017-08-19 1043 LZ0DZ         274 268       LZ0DF         236 270      
QSO:  3517 CW 2017-08-19 1043 LZ0DZ         275 236       LZ0DW         267 204      
QSO:  3517 CW 2017-08-19 1043 LZ0DZ         276 267       LZ0AA         231 152      
QSO:  3517 CW 2017-08-19 1044 LZ0DZ         277 231       LZ0DL         248 287      
QSO:  3517 CW 2017-08-19 1045 LZ0DZ         278 248       LZ0FC         240 249      
QSO:  3517 CW 2017-08-19 1045 LZ0DZ         279 240       LZ0DJ         269 224      
QSO:  3517 CW 2017-08-19 1045 LZ0DZ         280 269       LZ0AG         267 234      
QSO:  3517 CW 2017-08-19 1047 LZ0DZ         281 267       LZ0AN         280 258      
QSO:  3517 CW 2017-08-19 1047 LZ0DZ         282 280       LZ0FG         266 271      
QSO:  3517 CW 2017-08-19 1048 LZ0DZ         283 266       LZ0DU         157 257      
QSO:  3517 CW 2017-08-19 1048 LZ0DZ         284 157       LZ0AK         258 237      
QSO:  3517 CW 2017-08-19 1049 LZ0DZ         285 258       LZ0AF         262 235      
QSO:  3517 CW 2017-08-19 1050 LZ0DZ         286 262       LZ0AX         238 233      
QSO:  3525 CW 2017-08-19 1051 LZ0DZ         287 238       LZ0FA         250 277      
QSO:  3517 CW 2017-08-19 1052 LZ0DZ         288 250       LZ0DN         257 223      
QSO:  3517 CW 2017-08-19 1052 LZ0DZ         289 257       LZ0AL         238 247      
QSO:  3517 CW 2017-08-19 1053 LZ0DZ         290 238       LZ0DK         175 281      
QSO:  3540 CW 2017-08-19 1054 LZ0DZ         291 175       LZ0DM         262 263      
QSO:  3545 CW 2017-08-19 1055 LZ0DZ         292 262       LZ0FY         265 254      
QSO:  3517 CW 2017-08-19 1057 LZ0DZ         293 265       LZ0AJ         295 259      
QSO:  3517 CW 2017-08-19 1057 LZ0DZ         294 295       LZ0DR         226 162      
QSO:  3514 CW 2017-08-19 1058 LZ0DZ         295 226       LZ0AR         258 248      
QSO:  3517 CW 2017-08-19 1059 LZ0DZ         296 258       LZ0DV         285 254      
QSO:  3517 CW 2017-08-19 1059 LZ0DZ         297 285       LZ0DD         224 277      
END-OF-LOG:
