START-OF-LOG: 2.0
CALLSIGN: LZ0DT
CLUB: Лом
CONTEST: LZ-OPEN-DOMESTIC
CATEGORY: SINGLE-OP-ASSISTED ALL HIGH MIXED
CLAIMED-SCORE: 240
OPERATORS: LZ2UW
NAME: Красимир Иванов LZ2UW
ADDRESS: P.O.BOX 25
ADDRESS: LOM, MN 
ADDRESS: BULGARIA
CREATED-BY: N1MM Logger+ 1.0.6711.0
QSO:  3550 CW 2017-08-19 0701 LZ0DT         001 000       LZ0DJ         003 001      
QSO:  3550 CW 2017-08-19 0702 LZ0DT         002 003       LZ0AF         002 001      
QSO:  3520 CW 2017-08-19 0702 LZ0DT         003 002       LZ0FF         005 005      
QSO:  3530 CW 2017-08-19 0703 LZ0DT         004 005       LZ0DV         005 003      
QSO:  3550 CW 2017-08-19 0704 LZ0DT         005 005       LZ0DY         009 001      
QSO:  3550 CW 2017-08-19 0704 LZ0DT         006 009       LZ0FD         005 006      
QSO:  3550 CW 2017-08-19 0704 LZ0DT         007 005       LZ0AT         009 006      
QSO:  3532 CW 2017-08-19 0706 LZ0DT         008 009       LZ0AA         009 007      
QSO:  3550 CW 2017-08-19 0706 LZ0DT         009 009       LZ0AD         007 007      
QSO:  3550 CW 2017-08-19 0707 LZ0DT         010 007       LZ0AN         012 007      
QSO:  3550 CW 2017-08-19 0707 LZ0DT         011 012       LZ0DL         014 008      
QSO:  3550 CW 2017-08-19 0707 LZ0DT         012 014       LZ0AY         007 006      
QSO:  3533 CW 2017-08-19 0708 LZ0DT         013 007       LZ0AJ         014 012      
QSO:  3534 CW 2017-08-19 0709 LZ0DT         014 014       LZ0DC         021 013      
QSO:  3550 CW 2017-08-19 0710 LZ0DT         015 021       LZ0AM         015 007      
QSO:  3550 CW 2017-08-19 0710 LZ0DT         016 015       LZ0DF         012 009      
QSO:  3537 CW 2017-08-19 0711 LZ0DT         017 012       LZ0AP         018 016      
QSO:  3550 CW 2017-08-19 0712 LZ0DT         018 018       LZ0AG         015 018      
QSO:  3550 CW 2017-08-19 0712 LZ0DT         019 015       LZ0FG         019 022      
QSO:  3550 CW 2017-08-19 0713 LZ0DT         020 019       LZ0DW         019 004      
QSO:  3550 CW 2017-08-19 0714 LZ0DT         021 019       LZ0AL         014 014      
QSO:  3550 CW 2017-08-19 0714 LZ0DT         022 014       LZ0DK         015 23       
QSO:  3540 CW 2017-08-19 0715 LZ0DT         023 015       LZ0DM         017 012      
QSO:  3545 CW 2017-08-19 0716 LZ0DT         024 017       LZ0AX         019 024      
QSO:  3550 CW 2017-08-19 0717 LZ0DT         025 019       LZ0DA         024 026      
QSO:  3550 CW 2017-08-19 0717 LZ0DT         026 024       LZ0DG         029 018      
QSO:  3557 CW 2017-08-19 0718 LZ0DT         027 029       LZ0FC         018 030      
QSO:  3550 CW 2017-08-19 0720 LZ0DT         028 018       LZ0AK         024 022      
QSO:  3523 CW 2017-08-19 0721 LZ0DT         029 024       LZ0AV         023 013      
QSO:  3550 CW 2017-08-19 0721 LZ0DT         030 023       LZ0AF         025 030      
QSO:  3550 CW 2017-08-19 0722 LZ0DT         031 025       LZ0DD         014 025      
QSO:  3524 CW 2017-08-19 0722 LZ0DT         032 014       LZ0AC         024 032       
QSO:  3526 CW 2017-08-19 0723 LZ0DT         033 024       LZ0FJ         029 025      
QSO:  3555 CW 2017-08-19 0727 LZ0DT         034 029       LZ0AU         026 033      
QSO:  3530 CW 2017-08-19 0729 LZ0DT         035 026       LZ0DN         029 039      
QSO:  3525 CW 2017-08-19 0731 LZ0DT         036 029       LZ0FA         028 034      
QSO:  3517 CW 2017-08-19 0732 LZ0DT         037 028       LZ0DZ         038 040      
QSO:  3520 CW 2017-08-19 0734 LZ0DT         038 038       LZ0FF         049 041      
QSO:  3550 CW 2017-08-19 0735 LZ0DT         039 049       LZ0AT         049 033      
QSO:  3528 CW 2017-08-19 0736 LZ0DT         040 049       LZ0FD         038 033      
QSO:  3550 CW 2017-08-19 0737 LZ0DT         041 038       LZ0DJ         040 043      
QSO:  3550 CW 2017-08-19 0737 LZ0DT         042 040       LZ0AD         041 040      
QSO:  3550 CW 2017-08-19 0737 LZ0DT         043 041       LZ0DL         051 039      
QSO:  3550 CW 2017-08-19 0738 LZ0DT         044 051       LZ0DV         043 047      
QSO:  3550 CW 2017-08-19 0738 LZ0DT         045 043       LZ0AY         041 040      
QSO:  3550 CW 2017-08-19 0738 LZ0DT         046 041       LZ0AN         049 042      
QSO:  3550 CW 2017-08-19 0739 LZ0DT         047 049       LZ0AR         039 055      
QSO:  3534 CW 2017-08-19 0740 LZ0DT         048 039       LZ0DC         062 045      
QSO:  3550 CW 2017-08-19 0740 LZ0DT         049 062       LZ0DF         041 044      
QSO:  3550 CW 2017-08-19 0740 LZ0DT         050 041       LZ0DY         049 044      
QSO:  3550 CW 2017-08-19 0741 LZ0DT         051 049       LZ0AM         049 048      
QSO:  3532 CW 2017-08-19 0742 LZ0DT         052 049       LZ0AA         042 042      
QSO:  3550 CW 2017-08-19 0743 LZ0DT         053 042       LZ0AG         048 060      
QSO:  3550 CW 2017-08-19 0743 LZ0DT         054 048       LZ0DW         054 062      
QSO:  3550 CW 2017-08-19 0744 LZ0DT         055 054       LZ0DK         033 062      
QSO:  3537 CW 2017-08-19 0745 LZ0DT         056 033       LZ0AP         051 045      
QSO:  3540 CW 2017-08-19 0746 LZ0DT         057 051       LZ0DM         049 057      
QSO:  3550 CW 2017-08-19 0747 LZ0DT         059 049       LZ0DA         057 065      
QSO:  3550 CW 2017-08-19 0748 LZ0DT         060 057       LZ0DG         071 050      
QSO:  3550 CW 2017-08-19 0748 LZ0DT         061 071       LZ0FG         056 041      
QSO:  3550 CW 2017-08-19 0749 LZ0DT         062 056       LZ0FY         050 040       
QSO:  3557 CW 2017-08-19 0750 LZ0DT         063 050       LZ0FC         047 067      
QSO:  3523 CW 2017-08-19 0752 LZ0DT         064 047       LZ0AV         055 055      
QSO:  3550 CW 2017-08-19 0752 LZ0DT         065 055       LZ0DX         034 055      
QSO:  3550 CW 2017-08-19 0752 LZ0DT         066 034       LZ0AX         058 066      
QSO:  3550 CW 2017-08-19 0753 LZ0DT         067 058       LZ0AF         055 059      
QSO:  3550 CW 2017-08-19 0753 LZ0DT         068 055       LZ0AC         063 071      
QSO:  3550 CW 2017-08-19 0754 LZ0DT         069 063       LZ0AK         058 055      
QSO:  3526 CW 2017-08-19 0754 LZ0DT         070 058       LZ0FJ         068 076      
QSO:  3550 CW 2017-08-19 0755 LZ0DT         071 068       LZ0AL         056 059      
QSO:  3551 CW 2017-08-19 0759 LZ0DT         072 056       LZ0AU         033 067      
QSO:  3550 CW 2017-08-19 0800 LZ0DT         073 033       LZ0DD         047 065      
QSO:  3517 CW 2017-08-19 0802 LZ0DT         074 047       LZ0DZ         070 067      
QSO:  3533 CW 2017-08-19 0804 LZ0DT         075 070       LZ0AJ         076 067      
QSO:  3550 CW 2017-08-19 0806 LZ0DT         076 076       LZ0AT         087 067      
QSO:  3550 CW 2017-08-19 0808 LZ0DT         077 087       LZ0DJ         079 083      
QSO:  3528 CW 2017-08-19 0808 LZ0DT         078 079       LZ0FD         074 084      
QSO:  3550 CW 2017-08-19 0809 LZ0DT         079 074       LZ0AY         073 075      
QSO:  3550 CW 2017-08-19 0811 LZ0DT         080 073       LZ0DF         079 073      
QSO:  3550 CW 2017-08-19 0811 LZ0DT         081 079       LZ0AM         085 039      
QSO:  3534 CW 2017-08-19 0812 LZ0DT         082 085       LZ0DC         102 087      
QSO:  3550 CW 2017-08-19 0812 LZ0DT         083 102       LZ0AN         088 101      
QSO:  3531 CW 2017-08-19 0813 LZ0DT         084 088       LZ0DY         091 085      
QSO:  3532 CW 2017-08-19 0814 LZ0DT         085 091       LZ0AA         077 086      
QSO:  3550 CW 2017-08-19 0815 LZ0DT         086 077       LZ0DW         092 074      
QSO:  3540 CW 2017-08-19 0816 LZ0DT         087 092       LZ0DM         086 082      
QSO:  3550 CW 2017-08-19 0818 LZ0DT         088 086       LZ0AG         093 089      
QSO:  3551 CW 2017-08-19 0824 LZ0DT         089 093       LZ0DA         100 084      
QSO:  3551 CW 2017-08-19 0825 LZ0DT         090 100       LZ0AL         091 086      
QSO:  3551 CW 2017-08-19 0826 LZ0DT         091 091       LZ0DU         028 097      
QSO:  3514 CW 2017-08-19 0827 LZ0DT         092 028       LZ0AR         088 118      
QSO:  3523 CW 2017-08-19 0828 LZ0DT         093 088       LZ0AV         094 104      
QSO:  3545 CW 2017-08-19 0830 LZ0DT         094 094       LZ0FY         094 095      
QSO:  3525 CW 2017-08-19 0831 LZ0DT         095 094       LZ0FA         096 097      
QSO:  3527 CW 2017-08-19 0831 LZ0DT         096 096       LZ0DP         091 061      
QSO:  3511 CW 2017-08-19 0834 LZ0DT         097 091       LZ0DG         115 102      
QSO:  3517 CW 2017-08-19 0834 LZ0DT         098 115       LZ0DZ         112 092      
QSO:  3520 CW 2017-08-19 0835 LZ0DT         099 112       LZ0FF         107 115      
QSO:  3522 CW 2017-08-19 0836 LZ0DT         100 107       LZ0AW         111 116      
QSO:  3530 CW 2017-08-19 0837 LZ0DT         101 111       LZ0DL         115 112      
QSO:  3533 CW 2017-08-19 0839 LZ0DT         102 115       LZ0AJ         118 114      
QSO:  3547 CW 2017-08-19 0840 LZ0DT         103 118       LZ0AK         104 095      
QSO:  3551 CW 2017-08-19 0841 LZ0DT         104 104       LZ0AM         122 106      
QSO:  3551 CW 2017-08-19 0842 LZ0DT         105 122       LZ0FC         098 104      
QSO:  3551 CW 2017-08-19 0843 LZ0DT         106 098       LZ0FX         078 112      
QSO:  3528 CW 2017-08-19 0844 LZ0DT         107 078       LZ0FD         115 112      
QSO:  3531 CW 2017-08-19 0845 LZ0DT         108 115       LZ0DY         127 117      
QSO:  3551 CW 2017-08-19 0845 LZ0DT         109 127       LZ0DV         117 127      
QSO:  3551 CW 2017-08-19 0846 LZ0DT         110 117       LZ0DW         129 064      
QSO:  3551 CW 2017-08-19 0846 LZ0DT         111 129       LZ0DJ         125 115      
QSO:  3532 CW 2017-08-19 0847 LZ0DT         112 125       LZ0AA         109 126      
QSO:  3540 CW 2017-08-19 0848 LZ0DT         113 109       LZ0DM         117 111      
QSO:  3551 CW 2017-08-19 0848 LZ0DT         114 117       LZ0AG         123 133      
QSO:  3551 CW 2017-08-19 0849 LZ0DT         115 123       LZ0DC         144 119      
QSO:  3551 CW 2017-08-19 0849 LZ0DT         116 144       LZ0FG         126 137      
QSO:  3551 CW 2017-08-19 0850 LZ0DT         117 126       LZ0AN         133 095      
QSO:  3537 CW 2017-08-19 0850 LZ0DT         118 133       LZ0AP         115 130      
QSO:  3551 CW 2017-08-19 0852 LZ0DT         119 115       LZ0AT         141 129      
QSO:  3550 CW 2017-08-19 0854 LZ0DT         120 141       LZ0DA         134 122      
QSO:  3550 CW 2017-08-19 0854 LZ0DT         121 134       LZ0AY         122 148      
QSO:  3550 CW 2017-08-19 0855 LZ0DT         122 122       LZ0AX         122 128      
QSO:  3550 CW 2017-08-19 0855 LZ0DT         123 122       LZ0AF         127 118      
QSO:  3550 CW 2017-08-19 0856 LZ0DT         124 127       LZ0DU         054 135      
QSO:  3512 CW 2017-08-19 0858 LZ0DT         125 054       LZ0DF         124 133      
QSO:  3545 CW 2017-08-19 0902 LZ0DT         126 124       LZ0FY         132 145      
QSO:  3517 CW 2017-08-19 0904 LZ0DT         127 132       LZ0DZ         150 133      
QSO:  3550 CW 2017-08-19 0905 LZ0DT         128 150       LZ0AV         135 147      
QSO:  3520 CW 2017-08-19 0906 LZ0DT         129 135       LZ0FF         141 153      
QSO:  3522 CW 2017-08-19 0906 LZ0DT         130 141       LZ0AW         148 134      
QSO:  3514 CW 2017-08-19 0908 LZ0DT         130 148       LZ0AR         135 131      
QSO:  3511 CW 2017-08-19 0909 LZ0DT         132 135       LZ0DG         153 151      
QSO:  3521 CW 2017-08-19 0910 LZ0DT         133 153       LZ0DK         098 159      
QSO:  3524 CW 2017-08-19 0911 LZ0DT         134 098       LZ0AC         111 152      
QSO:  3550 CW 2017-08-19 0912 LZ0DT         135 111       LZ0AK         141 066      
QSO:  3527 CW 2017-08-19 0913 LZ0DT         136 141       LZ0DP         137 156      
QSO:  3525 CW 2017-08-19 0913 LZ0DT         137 137       LZ0FA         143 164      
QSO:  3528 CW 2017-08-19 0915 LZ0DT         138 143       LZ0FD         151 147      
QSO:  3530 CW 2017-08-19 0916 LZ0DT         139 151       LZ0DV         154 141      
QSO:  3550 CW 2017-08-19 0917 LZ0DT         140 154       LZ0DW         169 153      
QSO:  3550 CW 2017-08-19 0917 LZ0DT         141 169       LZ0DJ         163 077      
QSO:  3550 CW 2017-08-19 0917 LZ0DT         142 163       LZ0AM         167 172      
QSO:  3540 CW 2017-08-19 0918 LZ0DT         143 167       LZ0DM         155 141      
QSO:  3550 CW 2017-08-19 0920 LZ0DT         144 155       LZ0DC         182 080      
QSO:  3550 CW 2017-08-19 0921 LZ0DT         145 182       LZ0AN         172 151      
QSO:  3550 CW 2017-08-19 0921 LZ0DT         146 172       LZ0AG         155 152      
QSO:  3550 CW 2017-08-19 0922 LZ0DT         147 155       LZ0FG         164 154      
QSO:  3537 CW 2017-08-19 0922 LZ0DT         148 164       LZ0AP         148 124      
QSO:  3550 CW 2017-08-19 0922 LZ0DT         149 148       LZ0DY         169 082      
QSO:  3550 CW 2017-08-19 0923 LZ0DT         150 169       LZ0AT         179 167      
QSO:  3544 CW 2017-08-19 0924 LZ0DT         151 179       LZ0DN         160 173      
QSO:  3550 CW 2017-08-19 0926 LZ0DT         152 160       LZ0FX         119 151      
QSO:  3550 CW 2017-08-19 0927 LZ0DT         153 119       LZ0DX         085 167      
QSO:  3550 CW 2017-08-19 0928 LZ0DT         154 085       LZ0AA         154 165      
QSO:  3550 CW 2017-08-19 0929 LZ0DT         155 154       LZ0AG         172 164      
QSO:  3550 CW 2017-08-19 0931 LZ0DT         156 172       LZ0AL         157 172      
QSO:  3550 CW 2017-08-19 0932 LZ0DT         157 157       LZ0FJ         186 157      
QSO:  3545 CW 2017-08-19 0933 LZ0DT         158 186       LZ0FY         171 187      
QSO:  3517 CW 2017-08-19 0934 LZ0DT         159 171       LZ0DZ         189 172      
QSO:  3550 CW 2017-08-19 0935 LZ0DT         160 189       LZ0AV         169 185      
QSO:  3522 CW 2017-08-19 0936 LZ0DT         161 169       LZ0AW         186 165      
QSO:  3550 CW 2017-08-19 0937 LZ0DT         162 186       LZ0DD         137 171      
QSO:  3550 CW 2017-08-19 0938 LZ0DT         163 137       LZ0DU         095 175       
QSO:  3514 CW 2017-08-19 0939 LZ0DT         164 095       LZ0AR         175 130      
QSO:  3511 CW 2017-08-19 0940 LZ0DT         165 175       LZ0DG         192 188      
QSO:  3525 CW 2017-08-19 0944 LZ0DT         166 192       LZ0FA         177 199      
QSO:  3527 CW 2017-08-19 0944 LZ0DT         167 177       LZ0DP         172 104      
QSO:  3528 CW 2017-08-19 0945 LZ0DT         168 172       LZ0FD         185 194      
QSO:  3530 CW 2017-08-19 0946 LZ0DT         169 185       LZ0DV         192 169      
QSO:  3550 CW 2017-08-19 0947 LZ0DT         171 205       LZ0AK         184 171      
QSO:  3550 CW 2017-08-19 0947 LZ0DT         170 192       LZ0DW         205 188      
QSO:  3550 CW 2017-08-19 0947 LZ0DT         172 205       LZ0DJ         199 172      
QSO:  3550 CW 2017-08-19 0948 LZ0DT         173 199       LZ0FC         170 199      
QSO:  3550 CW 2017-08-19 0948 LZ0DT         174 170       LZ0AM         209 213      
QSO:  3550 CW 2017-08-19 0950 LZ0DT         175 209       LZ0DC         221 198      
QSO:  3550 CW 2017-08-19 0951 LZ0DT         176 221       LZ0DL         191 178      
QSO:  3524 CW 2017-08-19 0951 LZ0DT         177 191       LZ0AD         119 202      
QSO:  3550 CW 2017-08-19 0952 LZ0DT         178 119       LZ0FG         202 188      
QSO:  3550 CW 2017-08-19 0952 LZ0DT         179 202       LZ0AG         197 195      
QSO:  3550 CW 2017-08-19 0952 LZ0DT         180 197       LZ0AN         211 194      
QSO:  3550 CW 2017-08-19 0953 LZ0DT         182 206       LZ0DY         208 206      
QSO:  3550 CW 2017-08-19 0954 LZ0DT         183 208       LZ0DF         182 190      
QSO:  3550 CW 2017-08-19 0954 LZ0DT         181 211       LZ0DA         206 181      
QSO:  3550 CW 2017-08-19 0954 LZ0DT         184 182       LZ0AT         220 123          
QSO:  3544 CW 2017-08-19 0958 LZ0DT         186 220       LZ0DN         197 125      
QSO:  3550 CW 2017-08-19 1003 LZ0DT         187 197       LZ0AL         188 193      
QSO:  3550 CW 2017-08-19 1003 LZ0DT         188 188       LZ0FJ         228 213      
QSO:  3545 CW 2017-08-19 1004 LZ0DT         189 228       LZ0FY         208 229      
QSO:  3517 CW 2017-08-19 1005 LZ0DT         190 208       LZ0DZ         228 230      
QSO:  3550 CW 2017-08-19 1005 LZ0DT         192 205       LZ0DL         207 221      
QSO:  3550 CW 2017-08-19 1006 LZ0DT         191 228       LZ0AV         205 217      
QSO:  3522 CW 2017-08-19 1007 LZ0DT         193 207       LZ0AW         220 217      
QSO:  3529 CW 2017-08-19 1008 LZ0DT         194 220       LZ0FX         157 196      
QSO:  3550 CW 2017-08-19 1009 LZ0DT         195 157       LZ0FF         218 233      
QSO:  3514 CW 2017-08-19 1009 LZ0DT         196 218       LZ0AR         205 216      
QSO:  3511 CW 2017-08-19 1011 LZ0DT         197 205       LZ0DG         225 212      
QSO:  3550 CW 2017-08-19 1013 LZ0DT         198 225       LZ0DD         175 213      
QSO:  3550 CW 2017-08-19 1013 LZ0DT         199 175       LZ0AA         193 229      
QSO:  3527 CW 2017-08-19 1014 LZ0DT         200 193       LZ0DP         204 222      
QSO:  3525 CW 2017-08-19 1014 LZ0DT         201 204       LZ0FA         209 218      
QSO:  3528 CW 2017-08-19 1015 LZ0DT         202 209       LZ0FD         219 207      
QSO:  3550 CW 2017-08-19 1016 LZ0DT         203 219       LZ0DX         131 208      
QSO:  3533 CW 2017-08-19 1017 LZ0DT         204 131       LZ0AJ         243 237      
QSO:  3530 CW 2017-08-19 1017 LZ0DT         205 243       LZ0DV         230 217      
QSO:  3550 CW 2017-08-19 1018 LZ0DT         206 230       LZ0DW         239 237      
QSO:  3550 CW 2017-08-19 1018 LZ0DT         207 239       LZ0DJ         238 206      
QSO:  3550 CW 2017-08-19 1018 LZ0DT         208 238       LZ0FK         008 230      
QSO:  3550 CW 2017-08-19 1019 LZ0DT         209 008       LZ0AK         221 248      
QSO:  3550 CW 2017-08-19 1021 LZ0DT         210 221       LZ0DU         135 215      
QSO:  3550 CW 2017-08-19 1022 LZ0DT         211 135       LZ0AC         146 250      
QSO:  3550 CW 2017-08-19 1022 LZ0DT         212 146       LZ0AG         239 147      
QSO:  3550 CW 2017-08-19 1023 LZ0DT         215 245       LZ0DC         265 226      
QSO:  3550 CW 2017-08-19 1024 LZ0DT         216 265       LZ0AM         249 120      
QSO:  3550 CW 2017-08-19 1024 LZ0DT         214 222       LZ0DA         245 205      
QSO:  3550 CW 2017-08-19 1024 LZ0DT         217 249       LZ0FG         238 258      
QSO:  3550 CW 2017-08-19 1025 LZ0DT         213 239       LZ0DL         222 244      
QSO:  3550 CW 2017-08-19 1025 LZ0DT         218 238       LZ0AN         254 227      
QSO:  3550 CW 2017-08-19 1027 LZ0DT         219 254       LZ0DK         151 261      
QSO:  3550 CW 2017-08-19 1028 LZ0DT         220 151       LZ0AT         265 238      
QSO:  3531 CW 2017-08-19 1029 LZ0DT         222 265       LZ0DY         249 246      
QSO:  3535 CW 2017-08-19 1030 LZ0DT         223 249       LZ0AD         150 247      
QSO:  3551 CW 2017-08-19 1036 LZ0DT         224 150       LZ0DZ         167 240      
QSO:  3551 CW 2017-08-19 1037 LZ0DT         225 167       LZ0AV         243 254      
QSO:  3550 CW 2017-08-19 1038 LZ0DT         226 243       LZ0DC         283 226      
QSO:  3520 CW 2017-08-19 1040 LZ0DT         227 283       LZ0FF         257 273      
QSO:  3545 CW 2017-08-19 1041 LZ0DT         228 257       LZ0FY         249 268      
QSO:  3550 CW 2017-08-19 1042 LZ0DT         229 249       LZ0FJ         276 245      
QSO:  3550 CW 2017-08-19 1042 LZ0DT         230 276       LZ0AL         222 229      
QSO:  3514 CW 2017-08-19 1043 LZ0DT         231 222       LZ0AR         249 238      
QSO:  3527 CW 2017-08-19 1044 LZ0DT         232 249       LZ0DP         243 272      
QSO:  3525 CW 2017-08-19 1045 LZ0DT         234 243       LZ0FA         246 237      
QSO:  3528 CW 2017-08-19 1046 LZ0DT         235 246       LZ0FD         258 156      
QSO:  3550 CW 2017-08-19 1047 LZ0DT         236 258       LZ0DX         164 242      
QSO:  3530 CW 2017-08-19 1048 LZ0DT         237 164       LZ0DV         271 242      
QSO:  3518 CW 2017-08-19 1048 LZ0DT         238 271       LZ0DW         275 259      
QSO:  3550 CW 2017-08-19 1049 LZ0DT         239 275       LZ0DJ         276 285      
QSO:  3550 CW 2017-08-19 1050 LZ0DT         240 276       LZ0DF         245 241      
QSO:  3550 CW 2017-08-19 1050 LZ0DT         241 245       LZ0DD         212 263      
QSO:  3550 CW 2017-08-19 1051 LZ0DT         242 212       LZ0AK         260 264      
QSO:  3542 CW 2017-08-19 1051 LZ0DT         243 260       LZ0AF         266 036      
QSO:  3524 CW 2017-08-19 1052 LZ0DT         244 266       LZ0AC         169 271      
QSO:  3550 CW 2017-08-19 1054 LZ0DT         246 282       LZ0DU         163 225      
QSO:  3550 CW 2017-08-19 1054 LZ0DT         247 163       LZ0DC         302 263      
QSO:  3550 CW 2017-08-19 1054 LZ0DT         245 169       LZ0DA         282 174      
QSO:  3550 CW 2017-08-19 1054 LZ0DT         248 302       LZ0FG         276 251      
QSO:  3550 CW 2017-08-19 1055 LZ0DT         249 276       LZ0DL         261 282      
QSO:  3550 CW 2017-08-19 1055 LZ0DT         250 261       LZ0AN         292 264      
QSO:  3550 CW 2017-08-19 1056 LZ0DT         251 292       LZ0AM         292 139      
QSO:  3550 CW 2017-08-19 1057 LZ0DT         252 292       LZ0DK         180 285      
QSO:  3550 CW 2017-08-19 1100 LZ0DT         253 180       LZ0AT         306 265      
END-OF-LOG:
