START-OF-LOG: 2.0 
CALLSIGN: LZ0DC
CLUB: Разград
CONTEST: LZ-OPEN-DOMESTIC
CATEGORY: SINGLE-OP-ASSISTED ALL HIGH CW
CLAIMED-SCORE: 311
OPERATORS: LZ0FF
NAME: Боян Петков LZ2BE
ADDRESS: box 169
ADDRESS: Razgrad,  7200
ADDRESS: BULGARIA
CREATED-BY: N1MM Logger+ 1.0.6666.0
QSO:  3529 CW 2017-08-19 0700 LZ0DC         001 000       LZ0DL         002 001      
QSO:  3534 CW 2017-08-19 0701 LZ0DC         002 002       LZ0DN         001 000      
QSO:  3534 CW 2017-08-19 0701 LZ0DC         003 001       LZ0DK         002 001      
QSO:  3534 CW 2017-08-19 0702 LZ0DC         004 002       LZ0DJ         004 001      
QSO:  3537 CW 2017-08-19 0702 LZ0DC         005 004       LZ0AP         003 002      
QSO:  3552 CW 2017-08-19 0703 LZ0DC         006 003       LZ0AK         005 004      
QSO:  3545 CW 2017-08-19 0703 LZ0DC         007 005       LZ0FG         005 005      
QSO:  3534 CW 2017-08-19 0705 LZ0DC         008 005       LZ0AM         008 006      
QSO:  3545 CW 2017-08-19 0705 LZ0DC         009 008       LZ0FY         003 006      
QSO:  3534 CW 2017-08-19 0705 LZ0DC         010 003       LZ0DW         007 008      
QSO:  3534 CW 2017-08-19 0706 LZ0DC         011 007       LZ0AX         006 007      
QSO:  3534 CW 2017-08-19 0706 LZ0DC         012 006       LZ0FJ         008 008      
QSO:  3534 CW 2017-08-19 0706 LZ0DC         013 008       LZ0AF         006 006      
QSO:  3534 CW 2017-08-19 0707 LZ0DC         014 006       LZ0AV         007 009      
QSO:  3534 CW 2017-08-19 0707 LZ0DC         015 007       LZ0AD         008 009      
QSO:  3534 CW 2017-08-19 0707 LZ0DC         016 008       LZ0DF         008 010      
QSO:  3534 CW 2017-08-19 0708 LZ0DC         017 008       LZ0DA         011 011      
QSO:  3534 CW 2017-08-19 0708 LZ0DC         018 011       LZ0AT         014 012      
QSO:  3534 CW 2017-08-19 0708 LZ0DC         019 014       LZ0AL         008 012      
QSO:  3534 CW 2017-08-19 0709 LZ0DC         020 008       LZ0AN         013 010      
QSO:  3534 CW 2017-08-19 0709 LZ0DC         021 013       LZ0DT         014 014      
QSO:  3534 CW 2017-08-19 0709 LZ0DC         022 014       LZ0AG         012 015      
QSO:  3509 CW 2017-08-19 0711 LZ0DC         023 012       LZ0FX         001 000      
QSO:  3515 CW 2017-08-19 0712 LZ0DC         024 001       LZ0AR         013 017      
QSO:  3520 CW 2017-08-19 0712 LZ0DC         025 013       LZ0FF         024 016      
QSO:  3522 CW 2017-08-19 0714 LZ0DC         026 024       LZ0AW         024 021      
QSO:  3525 CW 2017-08-19 0714 LZ0DC         027 024       LZ0FA         019 021      
QSO:  3527 CW 2017-08-19 0714 LZ0DC         028 019       LZ0DP         021 022      
QSO:  3533 CW 2017-08-19 0715 LZ0DC         029 021       LZ0AJ         025 019      
QSO:  3555 CW 2017-08-19 0716 LZ0DC         030 025       LZ0AU         017 018      
QSO:  3559 CW 2017-08-19 0717 LZ0DC         031 017       LZ0AY         019 025      
QSO:  3524 CW 2017-08-19 0718 LZ0DC         032 019       LZ0AC         018 016      
QSO:  3517 CW 2017-08-19 0719 LZ0DC         033 018       LZ0DZ         030 027      
QSO:  3511 CW 2017-08-19 0720 LZ0DC         034 030       LZ0DG         033 021      
QSO:  3534 CW 2017-08-19 0721 LZ0DC         035 033       LZ0DV         026 022      
QSO:  3557 CW 2017-08-19 0722 LZ0DC         036 026       LZ0FC         022 024      
QSO:  3534 CW 2017-08-19 0723 LZ0DC         037 022       LZ0DY         032 028      
QSO:  3532 CW 2017-08-19 0724 LZ0DC         038 032       LZ0DD         016 027      
QSO:  3534 CW 2017-08-19 0726 LZ0DC         039 016       LZ0FZ         012 029      
QSO:  3535 CW 2017-08-19 0727 LZ0DC         040 012       LZ0DR         025 035      
QSO:  3540 CW 2017-08-19 0730 LZ0DC         041 025       LZ0DM         032 032      
QSO:  3532 CW 2017-08-19 0731 LZ0DC         042 032       LZ0AA         022 023      
QSO:  3528 CW 2017-08-19 0732 LZ0DC         043 022       LZ0FD         034 032      
QSO:  3534 CW 2017-08-19 0733 LZ0DC         044 034       LZ0DJ         035 038      
QSO:  3534 CW 2017-08-19 0733 LZ0DC         045 035       LZ0FG         039 043      
QSO:  3534 CW 2017-08-19 0734 LZ0DC         046 039       LZ0DL         045 027      
QSO:  3534 CW 2017-08-19 0734 LZ0DC         047 045       LZ0DN         035 039      
QSO:  3537 CW 2017-08-19 0735 LZ0DC         048 035       LZ0AP         035 035      
QSO:  3534 CW 2017-08-19 0735 LZ0DC         049 035       LZ0AM         043 040      
QSO:  3534 CW 2017-08-19 0736 LZ0DC         050 043       LZ0DW         045 036      
QSO:  3545 CW 2017-08-19 0736 LZ0DC         051 045       LZ0FY         036 028      
QSO:  3534 CW 2017-08-19 0736 LZ0DC         052 036       LZ0AX         038 031      
QSO:  3534 CW 2017-08-19 0737 LZ0DC         053 038       LZ0AF         038 041      
QSO:  3534 CW 2017-08-19 0737 LZ0DC         054 038       LZ0AV         039 045      
QSO:  3534 CW 2017-08-19 0737 LZ0DC         055 039       LZ0AD         042 042      
QSO:  3534 CW 2017-08-19 0738 LZ0DC         056 042       LZ0FJ         043 041      
QSO:  3534 CW 2017-08-19 0738 LZ0DC         057 043       LZ0AT         054 035      
QSO:  3534 CW 2017-08-19 0739 LZ0DC         058 054       LZ0DF         039 047      
QSO:  3534 CW 2017-08-19 0739 LZ0DC         059 039       LZ0AN         050 046      
QSO:  3534 CW 2017-08-19 0739 LZ0DC         060 050       LZ0AL         039 047      
QSO:  3534 CW 2017-08-19 0740 LZ0DC         061 039       LZ0DA         045 038      
QSO:  3534 CW 2017-08-19 0740 LZ0DC         062 045       LZ0DT         048 039      
QSO:  3534 CW 2017-08-19 0740 LZ0DC         063 048       LZ0DU         007 020      
QSO:  3534 CW 2017-08-19 0741 LZ0DC         064 007       LZ0AG         043 050      
QSO:  3534 CW 2017-08-19 0742 LZ0DC         065 043       LZ0DK         030 052      
QSO:  3534 CW 2017-08-19 0743 LZ0DC         066 030       LZ0AK         041 054      
QSO:  3525 CW 2017-08-19 0744 LZ0DC         067 041       LZ0FA         047 043      
QSO:  3522 CW 2017-08-19 0745 LZ0DC         068 047       LZ0AW         058 057      
QSO:  3533 CW 2017-08-19 0746 LZ0DC         069 058       LZ0AJ         058 056      
QSO:  3550 CW 2017-08-19 0746 LZ0DC         070 058       LZ0AU         028 051      
QSO:  3559 CW 2017-08-19 0748 LZ0DC         071 028       LZ0AY         053 046      
QSO:  3524 CW 2017-08-19 0748 LZ0DC         072 053       LZ0AC         056 054      
QSO:  3517 CW 2017-08-19 0750 LZ0DC         073 056       LZ0DZ         065 040      
QSO:  3511 CW 2017-08-19 0750 LZ0DC         074 065       LZ0DG         074 057      
QSO:  3534 CW 2017-08-19 0752 LZ0DC         075 074       LZ0DV         062 053      
QSO:  3514 CW 2017-08-19 0753 LZ0DC         076 062       LZ0AR         050 015      
QSO:  3557 CW 2017-08-19 0753 LZ0DC         077 050       LZ0FC         049 052      
QSO:  3509 CW 2017-08-19 0755 LZ0DC         078 049       LZ0FX         027 061      
QSO:  3534 CW 2017-08-19 0757 LZ0DC         079 027       LZ0DD         043 031      
QSO:  3535 CW 2017-08-19 0759 LZ0DC         080 043       LZ0DR         062 071      
QSO:  3540 CW 2017-08-19 0800 LZ0DC         081 062       LZ0DM         067 065      
QSO:  3531 CW 2017-08-19 0801 LZ0DC         082 067       LZ0DY         076 066      
QSO:  3532 CW 2017-08-19 0801 LZ0DC         083 076       LZ0AA         053 074      
QSO:  3528 CW 2017-08-19 0802 LZ0DC         084 053       LZ0FD         067 067      
QSO:  3554 CW 2017-08-19 0803 LZ0DC         085 067       LZ0DJ         073 066      
QSO:  3534 CW 2017-08-19 0804 LZ0DC         086 073       LZ0FG         074 069      
QSO:  3534 CW 2017-08-19 0804 LZ0DC         087 074       LZ0DN         068 075      
QSO:  3520 CW 2017-08-19 0805 LZ0DC         088 068       LZ0FF         072 077      
QSO:  3537 CW 2017-08-19 0805 LZ0DC         089 072       LZ0AP         070 078      
QSO:  3527 CW 2017-08-19 0806 LZ0DC         090 070       LZ0DP         067 070      
QSO:  3534 CW 2017-08-19 0806 LZ0DC         091 067       LZ0AX         076 060      
QSO:  3534 CW 2017-08-19 0807 LZ0DC         092 076       LZ0AM         081 063      
QSO:  3534 CW 2017-08-19 0807 LZ0DC         093 081       LZ0AD         070 052      
QSO:  3534 CW 2017-08-19 0807 LZ0DC         094 070       LZ0AV         074 082      
QSO:  3526 CW 2017-08-19 0809 LZ0DC         095 074       LZ0FJ         083 081      
QSO:  3534 CW 2017-08-19 0809 LZ0DC         096 083       LZ0AT         093 071      
QSO:  3534 CW 2017-08-19 0810 LZ0DC         097 093       LZ0DF         077 086      
QSO:  3534 CW 2017-08-19 0810 LZ0DC         098 077       LZ0DA         080 072      
QSO:  3534 CW 2017-08-19 0810 LZ0DC         099 080       LZ0AL         075 082      
QSO:  3534 CW 2017-08-19 0811 LZ0DC         100 075       LZ0DW         083 085      
QSO:  3534 CW 2017-08-19 0811 LZ0DC         101 083       LZ0AN         087 049      
QSO:  3534 CW 2017-08-19 0812 LZ0DC         102 087       LZ0DT         082 085      
QSO:  3534 CW 2017-08-19 0812 LZ0DC         103 082       LZ0AG         083 076      
QSO:  3534 CW 2017-08-19 0813 LZ0DC         104 083       LZ0DL         091 072      
QSO:  3534 CW 2017-08-19 0813 LZ0DC         105 091       LZ0AK         077 085      
QSO:  3545 CW 2017-08-19 0813 LZ0DC         106 077       LZ0FY         076 078      
QSO:  3541 CW 2017-08-19 0814 LZ0DC         107 076       LZ0AF         080 079      
QSO:  3525 CW 2017-08-19 0815 LZ0DC         108 080       LZ0FA         079 078      
QSO:  3522 CW 2017-08-19 0816 LZ0DC         109 079       LZ0AW         092 099      
QSO:  3550 CW 2017-08-19 0821 LZ0DC         110 092       LZ0AU         043 105      
QSO:  3511 CW 2017-08-19 0821 LZ0DC         111 043       LZ0DG         107 087      
QSO:  3534 CW 2017-08-19 0822 LZ0DC         112 107       LZ0AY         089 094      
QSO:  3517 CW 2017-08-19 0822 LZ0DC         113 089       LZ0DZ         103 091      
QSO:  3521 CW 2017-08-19 0823 LZ0DC         114 103       LZ0DU         024 098      
QSO:  3557 CW 2017-08-19 0824 LZ0DC         115 024       LZ0FC         082 099      
QSO:  3535 CW 2017-08-19 0825 LZ0DC         116 082       LZ0FZ         031 104      
QSO:  3534 CW 2017-08-19 0826 LZ0DC         117 031       LZ0DV         094 083      
QSO:  3514 CW 2017-08-19 0827 LZ0DC         118 094       LZ0AR         087 103      
QSO:  3520 CW 2017-08-19 0827 LZ0DC         119 087       LZ0FX         062 071      
QSO:  3533 CW 2017-08-19 0828 LZ0DC         120 062       LZ0DD         073 029      
QSO:  3528 CW 2017-08-19 0832 LZ0DC         121 073       LZ0FD         103 099      
QSO:  3534 CW 2017-08-19 0833 LZ0DC         122 103       LZ0DK         065 113      
QSO:  3554 CW 2017-08-19 0834 LZ0DC         123 065       LZ0DJ         108 052      
QSO:  3545 CW 2017-08-19 0835 LZ0DC         124 108       LZ0FG         111 096      
QSO:  3534 CW 2017-08-19 0835 LZ0DC         125 111       LZ0DN         103 111      
QSO:  3534 CW 2017-08-19 0837 LZ0DC         126 103       LZ0DY         118 116      
QSO:  3534 CW 2017-08-19 0837 LZ0DC         127 118       LZ0AX         108 094      
QSO:  3534 CW 2017-08-19 0837 LZ0DC         128 108       LZ0AV         105 111      
QSO:  3534 CW 2017-08-19 0838 LZ0DC         129 105       LZ0AM         117 084      
QSO:  3520 CW 2017-08-19 0839 LZ0DC         130 117       LZ0FF         112 097      
QSO:  3526 CW 2017-08-19 0839 LZ0DC         131 112       LZ0FJ         121 107      
QSO:  3533 CW 2017-08-19 0840 LZ0DC         132 121       LZ0AJ         121 126      
QSO:  3532 CW 2017-08-19 0841 LZ0DC         133 121       LZ0AA         103 114      
QSO:  3535 CW 2017-08-19 0841 LZ0DC         134 103       LZ0DR         101 104      
QSO:  3534 CW 2017-08-19 0842 LZ0DC         135 101       LZ0AL         104 112      
QSO:  3534 CW 2017-08-19 0843 LZ0DC         136 104       LZ0AG         115 103      
QSO:  3537 CW 2017-08-19 0843 LZ0DC         137 115       LZ0AP         104 117      
QSO:  3534 CW 2017-08-19 0844 LZ0DC         138 104       LZ0DA         122 113      
QSO:  3527 CW 2017-08-19 0845 LZ0DC         139 122       LZ0DP         108 106      
QSO:  3522 CW 2017-08-19 0846 LZ0DC         140 108       LZ0AW         129 109      
QSO:  3525 CW 2017-08-19 0846 LZ0DC         141 129       LZ0FA         113 109      
QSO:  3545 CW 2017-08-19 0847 LZ0DC         142 113       LZ0FY         112 129      
QSO:  3542 CW 2017-08-19 0848 LZ0DC         143 112       LZ0AF         119 093      
QSO:  3551 CW 2017-08-19 0849 LZ0DC         144 119       LZ0DT         115 123      
QSO:  3534 CW 2017-08-19 0850 LZ0DC         145 115       LZ0DL         132 113      
QSO:  3534 CW 2017-08-19 0851 LZ0DC         146 132       LZ0AN         135 116      
QSO:  3534 CW 2017-08-19 0852 LZ0DC         147 135       LZ0DX         057 135      
QSO:  3559 CW 2017-08-19 0853 LZ0DC         148 057       LZ0AY         121 115      
QSO:  3555 CW 2017-08-19 0853 LZ0DC         149 121       LZ0DU         050 129      
QSO:  3511 CW 2017-08-19 0854 LZ0DC         150 050       LZ0DG         140 139      
QSO:  3512 CW 2017-08-19 0855 LZ0DC         151 140       LZ0DF         121 132      
QSO:  3534 CW 2017-08-19 0856 LZ0DC         152 121       LZ0FZ         049 119      
QSO:  3534 CW 2017-08-19 0856 LZ0DC         153 049       LZ0AK         120 122      
QSO:  3534 CW 2017-08-19 0856 LZ0DC         154 120       LZ0DV         131 127      
QSO:  3534 CW 2017-08-19 0857 LZ0DC         155 131       LZ0AT         147 143      
QSO:  3514 CW 2017-08-19 0857 LZ0DC         156 147       LZ0AR         116 142      
QSO:  3517 CW 2017-08-19 0858 LZ0DC         157 116       LZ0DZ         144 145      
QSO:  3534 CW 2017-08-19 0859 LZ0DC         158 144       LZ0FX         091 118      
QSO:  3557 CW 2017-08-19 0901 LZ0DC         159 091       LZ0FC         121 128      
QSO:  3534 CW 2017-08-19 0901 LZ0DC         160 121       LZ0DD         105 092      
QSO:  3528 CW 2017-08-19 0903 LZ0DC         161 105       LZ0FD         138 123      
QSO:  3534 CW 2017-08-19 0905 LZ0DC         162 138       LZ0DK         093 122      
QSO:  3534 CW 2017-08-19 0906 LZ0DC         163 093       LZ0DN         139 131      
QSO:  3534 CW 2017-08-19 0907 LZ0DC         164 139       LZ0AX         140 125      
QSO:  3534 CW 2017-08-19 0907 LZ0DC         165 140       LZ0AV         138 126      
QSO:  3540 CW 2017-08-19 0908 LZ0DC         166 138       LZ0DM         142 154      
QSO:  3520 CW 2017-08-19 0909 LZ0DC         167 142       LZ0FF         147 150      
QSO:  3526 CW 2017-08-19 0910 LZ0DC         168 147       LZ0FJ         156 146      
QSO:  3534 CW 2017-08-19 0910 LZ0DC         169 156       LZ0DY         153 110      
QSO:  3534 CW 2017-08-19 0911 LZ0DC         170 153       LZ0AM         160 155      
QSO:  3532 CW 2017-08-19 0911 LZ0DC         171 160       LZ0AA         135 068      
QSO:  3533 CW 2017-08-19 0912 LZ0DC         172 135       LZ0AJ         161 149      
QSO:  3534 CW 2017-08-19 0914 LZ0DC         173 161       LZ0AG         153 141      
QSO:  3534 CW 2017-08-19 0914 LZ0DC         174 153       LZ0DA         158 140      
QSO:  3534 CW 2017-08-19 0915 LZ0DC         175 158       LZ0AL         137 150      
QSO:  3534 CW 2017-08-19 0915 LZ0DC         176 137       LZ0AD         093 143      
QSO:  3537 CW 2017-08-19 0916 LZ0DC         177 093       LZ0AP         141 144      
QSO:  3525 CW 2017-08-19 0917 LZ0DC         178 141       LZ0FA         147 143      
QSO:  3522 CW 2017-08-19 0917 LZ0DC         179 147       LZ0AW         166 076      
QSO:  3545 CW 2017-08-19 0919 LZ0DC         180 166       LZ0FG         161 166      
QSO:  3550 CW 2017-08-19 0920 LZ0DC         181 161       LZ0AU         080 144      
QSO:  3550 CW 2017-08-19 0920 LZ0DC         182 080       LZ0DT         144 155      
QSO:  3554 CW 2017-08-19 0921 LZ0DC         183 144       LZ0DJ         166 148      
QSO:  3534 CW 2017-08-19 0922 LZ0DC         184 166       LZ0FY         153 146      
QSO:  3534 CW 2017-08-19 0922 LZ0DC         185 153       LZ0DX         082 148      
QSO:  3534 CW 2017-08-19 0923 LZ0DC         186 082       LZ0AF         160 149      
QSO:  3534 CW 2017-08-19 0923 LZ0DC         187 160       LZ0AN         176 162      
QSO:  3559 CW 2017-08-19 0924 LZ0DC         188 176       LZ0AY         155 152      
QSO:  3511 CW 2017-08-19 0925 LZ0DC         189 155       LZ0DG         174 078      
QSO:  3512 CW 2017-08-19 0927 LZ0DC         190 174       LZ0DF         154 176      
QSO:  3510 CW 2017-08-19 0927 LZ0DC         191 154       LZ0FZ         067 177      
QSO:  3534 CW 2017-08-19 0928 LZ0DC         192 067       LZ0AT         187 168      
QSO:  3534 CW 2017-08-19 0928 LZ0DC         193 187       LZ0AK         160 154      
QSO:  3534 CW 2017-08-19 0929 LZ0DC         194 160       LZ0DV         169 186      
QSO:  3514 CW 2017-08-19 0930 LZ0DC         195 169       LZ0AR         158 178      
QSO:  3517 CW 2017-08-19 0930 LZ0DC         196 158       LZ0DZ         184 180      
QSO:  3534 CW 2017-08-19 0931 LZ0DC         197 184       LZ0DD         134 160      
QSO:  3557 CW 2017-08-19 0932 LZ0DC         198 134       LZ0FC         156 181      
QSO:  3534 CW 2017-08-19 0933 LZ0DC         199 156       LZ0DU         088 157      
QSO:  3528 CW 2017-08-19 0936 LZ0DC         200 088       LZ0FD         176 179      
QSO:  3518 CW 2017-08-19 0937 LZ0DC         201 176       LZ0DW         188 180      
QSO:  3534 CW 2017-08-19 0938 LZ0DC         202 188       LZ0AV         172 162      
QSO:  3534 CW 2017-08-19 0939 LZ0DC         203 172       LZ0DN         177 193      
QSO:  3534 CW 2017-08-19 0939 LZ0DC         204 177       LZ0DL         175 163      
QSO:  3527 CW 2017-08-19 0940 LZ0DC         205 175       LZ0DP         165 175      
QSO:  3534 CW 2017-08-19 0940 LZ0DC         206 165       LZ0FJ         196 099      
QSO:  3534 CW 2017-08-19 0941 LZ0DC         207 196       LZ0DY         192 189      
QSO:  3520 CW 2017-08-19 0941 LZ0DC         208 192       LZ0FF         187 177      
QSO:  3516 CW 2017-08-19 0942 LZ0DC         209 187       LZ0AM         198 080      
QSO:  3533 CW 2017-08-19 0943 LZ0DC         210 198       LZ0AJ         199 185      
QSO:  3540 CW 2017-08-19 0943 LZ0DC         211 199       LZ0DM         176 171      
QSO:  3532 CW 2017-08-19 0944 LZ0DC         212 176       LZ0AA         176 189      
QSO:  3534 CW 2017-08-19 0945 LZ0DC         213 176       LZ0AG         191 181      
QSO:  3534 CW 2017-08-19 0945 LZ0DC         214 191       LZ0DA         197 180      
QSO:  3534 CW 2017-08-19 0947 LZ0DC         215 197       LZ0FX         137 179      
QSO:  3537 CW 2017-08-19 0947 LZ0DC         216 137       LZ0AP         173 198      
QSO:  3525 CW 2017-08-19 0948 LZ0DC         217 173       LZ0FA         181 204      
QSO:  3522 CW 2017-08-19 0948 LZ0DC         218 181       LZ0AW         203 184      
QSO:  3534 CW 2017-08-19 0949 LZ0DC         219 203       LZ0AL         175 201      
QSO:  3545 CW 2017-08-19 0950 LZ0DC         220 175       LZ0FG         198 150      
QSO:  3550 CW 2017-08-19 0950 LZ0DC         221 198       LZ0DT         175 209      
QSO:  3534 CW 2017-08-19 0950 LZ0DC         222 175       LZ0AX         179 190      
QSO:  3534 CW 2017-08-19 0951 LZ0DC         223 179       LZ0DK         118 210      
QSO:  3554 CW 2017-08-19 0951 LZ0DC         224 118       LZ0DJ         203 118      
QSO:  3534 CW 2017-08-19 0952 LZ0DC         225 203       LZ0FY         191 181      
QSO:  3534 CW 2017-08-19 0953 LZ0DC         226 191       LZ0AF         194 106      
QSO:  3519 CW 2017-08-19 0955 LZ0DC         227 194       LZ0AN         215 209      
QSO:  3511 CW 2017-08-19 0955 LZ0DC         228 215       LZ0DG         203 184      
QSO:  3559 CW 2017-08-19 0956 LZ0DC         229 203       LZ0AY         191 194      
QSO:  3511 CW 2017-08-19 0957 LZ0DC         230 191       LZ0FZ         088 213      
QSO:  3512 CW 2017-08-19 0959 LZ0DC         231 088       LZ0DF         189 207      
QSO:  3534 CW 2017-08-19 0959 LZ0DC         232 189       LZ0DV         208 126      
QSO:  3534 CW 2017-08-19 1001 LZ0DC         233 208       LZ0AT         227 201      
QSO:  3514 CW 2017-08-19 1002 LZ0DC         234 227       LZ0AR         194 225      
QSO:  3517 CW 2017-08-19 1002 LZ0DC         235 194       LZ0DZ         223 190      
QSO:  3557 CW 2017-08-19 1003 LZ0DC         236 223       LZ0FC         190 189      
QSO:  3535 CW 2017-08-19 1004 LZ0DC         237 190       LZ0AD         132 215      
QSO:  3547 CW 2017-08-19 1005 LZ0DC         238 132       LZ0AK         204 203      
QSO:  3534 CW 2017-08-19 1005 LZ0DC         239 204       LZ0DX         118 223      
QSO:  3534 CW 2017-08-19 1006 LZ0DC         240 118       LZ0AC         132 227      
QSO:  3550 CW 2017-08-19 1008 LZ0DC         241 132       LZ0AU         107 224      
QSO:  3534 CW 2017-08-19 1008 LZ0DC         242 107       LZ0DD         170 200      
QSO:  3534 CW 2017-08-19 1008 LZ0DC         243 170       LZ0AV         208 224      
QSO:  3528 CW 2017-08-19 1009 LZ0DC         244 208       LZ0FD         213 218      
QSO:  3534 CW 2017-08-19 1010 LZ0DC         245 213       LZ0DN         211 171      
QSO:  3527 CW 2017-08-19 1010 LZ0DC         246 211       LZ0DP         199 217      
QSO:  3534 CW 2017-08-19 1011 LZ0DC         247 199       LZ0DL         211 225      
QSO:  3518 CW 2017-08-19 1012 LZ0DC         248 211       LZ0DW         227 200      
QSO:  3516 CW 2017-08-19 1012 LZ0DC         249 227       LZ0AM         237 226      
QSO:  3562 CW 2017-08-19 1013 LZ0DC         250 237       LZ0FK         001 000      
QSO:  3540 CW 2017-08-19 1013 LZ0DC         251 001       LZ0DM         213 214      
QSO:  3533 CW 2017-08-19 1014 LZ0DC         252 213       LZ0AJ         239 207      
QSO:  3534 CW 2017-08-19 1015 LZ0DC         253 239       LZ0DY         234 233      
QSO:  3534 CW 2017-08-19 1016 LZ0DC         254 234       LZ0AG         228 227      
QSO:  3534 CW 2017-08-19 1017 LZ0DC         255 228       LZ0AA         197 138      
QSO:  3534 CW 2017-08-19 1017 LZ0DC         256 197       LZ0DU         131 139      
QSO:  3537 CW 2017-08-19 1019 LZ0DC         257 131       LZ0AP         209 240      
QSO:  3522 CW 2017-08-19 1019 LZ0DC         258 209       LZ0AW         241 232      
QSO:  3524 CW 2017-08-19 1020 LZ0DC         259 241       LZ0FX         170 221      
QSO:  3534 CW 2017-08-19 1020 LZ0DC         260 170       LZ0FF         229 117      
QSO:  3534 CW 2017-08-19 1021 LZ0DC         261 229       LZ0DA         243 142      
QSO:  3526 CW 2017-08-19 1021 LZ0DC         262 243       LZ0FJ         249 240      
QSO:  3525 CW 2017-08-19 1022 LZ0DC         263 249       LZ0FA         218 250      
QSO:  3534 CW 2017-08-19 1022 LZ0DC         264 218       LZ0FY         226 214      
QSO:  3550 CW 2017-08-19 1023 LZ0DC         265 226       LZ0DT         215 245      
QSO:  3534 CW 2017-08-19 1024 LZ0DC         266 215       LZ0AF         229 234      
QSO:  3511 CW 2017-08-19 1025 LZ0DC         267 229       LZ0DG         243 214      
QSO:  3534 CW 2017-08-19 1027 LZ0DC         268 243       LZ0AN         256 222      
QSO:  3534 CW 2017-08-19 1027 LZ0DC         269 256       LZ0AL         212 211      
QSO:  3545 CW 2017-08-19 1028 LZ0DC         270 212       LZ0FG         244 226      
QSO:  3534 CW 2017-08-19 1030 LZ0DC         271 244       LZ0DV         248 158      
QSO:  3534 CW 2017-08-19 1031 LZ0DC         272 248       LZ0AT         268 223      
QSO:  3534 CW 2017-08-19 1033 LZ0DC         273 268       LZ0AY         228 222      
QSO:  3514 CW 2017-08-19 1033 LZ0DC         274 228       LZ0AR         228 255      
QSO:  3517 CW 2017-08-19 1033 LZ0DC         275 228       LZ0DZ         264 256      
QSO:  3554 CW 2017-08-19 1034 LZ0DC         276 264       LZ0DJ         252 237      
QSO:  3557 CW 2017-08-19 1034 LZ0DC         277 252       LZ0FC         227 183      
QSO:  3535 CW 2017-08-19 1035 LZ0DC         278 227       LZ0AD         164 255      
QSO:  3534 CW 2017-08-19 1035 LZ0DC         279 164       LZ0DX         148 235      
QSO:  3534 CW 2017-08-19 1036 LZ0DC         280 148       LZ0DK         158 260      
QSO:  3547 CW 2017-08-19 1036 LZ0DC         281 158       LZ0AK         237 146      
QSO:  3512 CW 2017-08-19 1037 LZ0DC         282 237       LZ0DF         226 253      
QSO:  3534 CW 2017-08-19 1039 LZ0DC         283 226       LZ0AV         246 231      
QSO:  3528 CW 2017-08-19 1040 LZ0DC         284 246       LZ0FD         251 254      
QSO:  3527 CW 2017-08-19 1040 LZ0DC         285 251       LZ0DP         238 201      
QSO:  3534 CW 2017-08-19 1042 LZ0DC         286 238       LZ0DN         247 235      
QSO:  3534 CW 2017-08-19 1042 LZ0DC         287 247       LZ0DL         247 264      
QSO:  3538 CW 2017-08-19 1043 LZ0DC         288 247       LZ0DD         205 266      
QSO:  3534 CW 2017-08-19 1043 LZ0DC         289 205       LZ0AM         278 193      
QSO:  3533 CW 2017-08-19 1044 LZ0DC         290 278       LZ0AJ         279 264      
QSO:  3540 CW 2017-08-19 1045 LZ0DC         291 279       LZ0DM         247 251      
QSO:  3531 CW 2017-08-19 1045 LZ0DC         292 247       LZ0DY         275 273      
QSO:  3534 CW 2017-08-19 1046 LZ0DC         293 275       LZ0AG         269 267      
QSO:  3532 CW 2017-08-19 1049 LZ0DC         294 269       LZ0AA         236 261      
QSO:  3537 CW 2017-08-19 1050 LZ0DC         295 236       LZ0AP         242 244      
QSO:  3522 CW 2017-08-19 1050 LZ0DC         296 242       LZ0AW         279 272      
QSO:  3524 CW 2017-08-19 1051 LZ0DC         297 279       LZ0AC         166 289      
QSO:  3520 CW 2017-08-19 1051 LZ0DC         298 166       LZ0FF         267 246      
QSO:  3525 CW 2017-08-19 1052 LZ0DC         299 267       LZ0FA         252 289      
QSO:  3526 CW 2017-08-19 1053 LZ0DC         300 252       LZ0FJ         291 273      
QSO:  3545 CW 2017-08-19 1053 LZ0DC         301 291       LZ0FY         263 247      
QSO:  3551 CW 2017-08-19 1054 LZ0DC         302 263       LZ0DT         247 163      
QSO:  3511 CW 2017-08-19 1055 LZ0DC         303 247       LZ0DG         285 256      
QSO:  3541 CW 2017-08-19 1056 LZ0DC         304 285       LZ0AF         271 283      
QSO:  3539 CW 2017-08-19 1057 LZ0DC         305 271       LZ0FK         046 251      
QSO:  3534 CW 2017-08-19 1057 LZ0DC         306 046       LZ0DW         286 179      
QSO:  3534 CW 2017-08-19 1058 LZ0DC         307 286       LZ0AL         245 285      
QSO:  3534 CW 2017-08-19 1058 LZ0DC         308 245       LZ0AN         296 140      
QSO:  3534 CW 2017-08-19 1058 LZ0DC         309 296       LZ0DA         290 281      
QSO:  3548 CW 2017-08-19 1059 LZ0DC         310 290       LZ0FX         206 243      
QSO:  3545 CW 2017-08-19 1059 LZ0DC         311 206       LZ0FG         285 207      
END-OF-LOG:
