START-OF-LOG: 2.0
CALLSIGN: LZ0DD
CLUB: Балчик 
CONTEST: LZ-OPEN-DOMESTIC
CATEGORY: SINGLE-OP-ASSISTED ALL LOW CW
CLAIMED-SCORE: 223
OPERATORS: LZ0DD
NAME: Тимур Фехми LZ4AA
ADDRESS: ul. Rakovski 21a
ADDRESS: BALCHIK,  9601
ADDRESS: BULGARIA
CREATED-BY: N1MM Logger+ 1.0.6706.0
QSO:  3526 CW 2017-08-19 0706 LZ0DD         001 000       LZ0FJ         006 007      
QSO:  3531 CW 2017-08-19 0714 LZ0DD         002 006       LZ0DY         022 014      
QSO:  3528 CW 2017-08-19 0715 LZ0DD         003 022       LZ0FD         021 020      
QSO:  3524 CW 2017-08-19 0716 LZ0DD         004 021       LZ0AC         009 021      
QSO:  3520 CW 2017-08-19 0716 LZ0DD         005 009       LZ0FF         025 025      
QSO:  3513 CW 2017-08-19 0716 LZ0DD         006 025       LZ0DF         021 021      
QSO:  3509 CW 2017-08-19 0717 LZ0DD         007 021       LZ0FX         011 021      
QSO:  3517 CW 2017-08-19 0718 LZ0DD         008 011       LZ0DZ         028 022      
QSO:  3522 CW 2017-08-19 0718 LZ0DD         009 028       LZ0AW         029 023      
QSO:  3533 CW 2017-08-19 0719 LZ0DD         010 029       LZ0AJ         028 029      
QSO:  3535 CW 2017-08-19 0719 LZ0DD         011 028       LZ0AD         029 028      
QSO:  3540 CW 2017-08-19 0721 LZ0DD         012 029       LZ0DM         023 021      
QSO:  3545 CW 2017-08-19 0721 LZ0DD         013 023       LZ0AX         025 030      
QSO:  3550 CW 2017-08-19 0722 LZ0DD         014 025       LZ0DT         031 025      
QSO:  3542 CW 2017-08-19 0722 LZ0DD         015 031       LZ0DJ         027 031      
QSO:  3533 CW 2017-08-19 0724 LZ0DD         016 027       LZ0DC         038 032      
QSO:  3533 CW 2017-08-19 0725 LZ0DD         017 038       LZ0AK         028 026      
QSO:  3533 CW 2017-08-19 0725 LZ0DD         018 028       LZ0DG         038 030      
QSO:  3533 CW 2017-08-19 0726 LZ0DD         019 038       LZ0FG         032 023      
QSO:  3533 CW 2017-08-19 0726 LZ0DD         020 032       LZ0AN         034 032      
QSO:  3533 CW 2017-08-19 0727 LZ0DD         021 034       LZ0AM         034 025      
QSO:  3533 CW 2017-08-19 0727 LZ0DD         022 034       LZ0AF         030 001      
QSO:  3533 CW 2017-08-19 0728 LZ0DD         023 030       LZ0DW         037 029      
QSO:  3533 CW 2017-08-19 0729 LZ0DD         024 037       LZ0FA         026 027      
QSO:  3535 CW 2017-08-19 0730 LZ0DD         025 026       LZ0FZ         010 041      
QSO:  3532 CW 2017-08-19 0732 LZ0DD         026 010       LZ0AA         023 042      
QSO:  3515 CW 2017-08-19 0733 LZ0DD         027 023       LZ0AR         033 037      
QSO:  3545 CW 2017-08-19 0735 LZ0DD         028 033       LZ0FY         035 043      
QSO:  3537 CW 2017-08-19 0737 LZ0DD         029 035       LZ0AP         038 049      
QSO:  3531 CW 2017-08-19 0738 LZ0DD         030 038       LZ0DN         038 034      
QSO:  3526 CW 2017-08-19 0740 LZ0DD         031 038       LZ0FJ         047 046      
QSO:  3529 CW 2017-08-19 0742 LZ0DD         032 047       LZ0AL         043 057      
QSO:  3531 CW 2017-08-19 0744 LZ0DD         033 043       LZ0DY         054 028      
QSO:  3528 CW 2017-08-19 0745 LZ0DD         034 054       LZ0FD         051 043      
QSO:  3524 CW 2017-08-19 0746 LZ0DD         035 051       LZ0AC         048 053      
QSO:  3520 CW 2017-08-19 0746 LZ0DD         036 048       LZ0FF         057 044      
QSO:  3513 CW 2017-08-19 0747 LZ0DD         037 057       LZ0DF         052 049      
QSO:  3509 CW 2017-08-19 0748 LZ0DD         038 052       LZ0AG         055 056      
QSO:  3522 CW 2017-08-19 0749 LZ0DD         039 055       LZ0AW         064 058      
QSO:  3517 CW 2017-08-19 0749 LZ0DD         040 064       LZ0DZ         064 059      
QSO:  3533 CW 2017-08-19 0752 LZ0DD         041 064       LZ0AJ         064 045      
QSO:  3509 CW 2017-08-19 0756 LZ0DD         042 064       LZ0FX         031 070      
QSO:  3534 CW 2017-08-19 0757 LZ0DD         043 031       LZ0DC         079 027      
QSO:  3540 CW 2017-08-19 0759 LZ0DD         044 079       LZ0DM         064 069      
QSO:  3542 CW 2017-08-19 0759 LZ0DD         045 064       LZ0AT         078 071      
QSO:  3547 CW 2017-08-19 0800 LZ0DD         046 078       LZ0AK         065 042      
QSO:  3550 CW 2017-08-19 0800 LZ0DD         047 065       LZ0DT         073 033      
QSO:  3545 CW 2017-08-19 0801 LZ0DD         048 073       LZ0AX         068 059      
QSO:  3554 CW 2017-08-19 0802 LZ0DD         049 068       LZ0DJ         070 073      
QSO:  3535 CW 2017-08-19 0803 LZ0DD         050 070       LZ0DR         067 070      
QSO:  3535 CW 2017-08-19 0805 LZ0DD         051 067       LZ0DK         046 061      
QSO:  3535 CW 2017-08-19 0806 LZ0DD         052 046       LZ0AD         069 056      
QSO:  3535 CW 2017-08-19 0807 LZ0DD         053 069       LZ0FC         063 071      
QSO:  3532 CW 2017-08-19 0808 LZ0DD         054 063       LZ0AA         068 070      
QSO:  3525 CW 2017-08-19 0809 LZ0DD         055 068       LZ0FA         067 070      
QSO:  3511 CW 2017-08-19 0809 LZ0DD         056 067       LZ0DG         092 087      
QSO:  3530 CW 2017-08-19 0811 LZ0DD         057 092       LZ0DV         081 085      
QSO:  3537 CW 2017-08-19 0813 LZ0DD         058 081       LZ0AP         079 076      
QSO:  3531 CW 2017-08-19 0815 LZ0DD         059 079       LZ0DY         093 079      
QSO:  3535 CW 2017-08-19 0816 LZ0DD         060 093       LZ0AF         083 090      
QSO:  3535 CW 2017-08-19 0816 LZ0DD         061 083       LZ0AC         079 078      
QSO:  3535 CW 2017-08-19 0817 LZ0DD         062 079       LZ0DN         083 083      
QSO:  3535 CW 2017-08-19 0819 LZ0DD         063 083       LZ0AN         099 097      
QSO:  3529 CW 2017-08-19 0819 LZ0DD         064 099       LZ0AL         087 077      
QSO:  3528 CW 2017-08-19 0820 LZ0DD         065 087       LZ0FD         095 054      
QSO:  3526 CW 2017-08-19 0821 LZ0DD         066 095       LZ0FJ         100 101      
QSO:  3522 CW 2017-08-19 0821 LZ0DD         067 100       LZ0AW         102 056      
QSO:  3515 CW 2017-08-19 0822 LZ0DD         068 102       LZ0AR         082 097      
QSO:  3513 CW 2017-08-19 0823 LZ0DD         069 082       LZ0DF         094 085      
QSO:  3546 CW 2017-08-19 0824 LZ0DD         070 094       LZ0FY         085 099      
QSO:  3520 CW 2017-08-19 0826 LZ0DD         071 085       LZ0FX         061 097      
QSO:  3533 CW 2017-08-19 0827 LZ0DD         072 061       LZ0DU         029 091      
QSO:  3533 CW 2017-08-19 0828 LZ0DD         073 029       LZ0DC         120 062      
QSO:  3533 CW 2017-08-19 0828 LZ0DD         074 120       LZ0DW         105 091      
QSO:  3533 CW 2017-08-19 0829 LZ0DD         075 105       LZ0AJ         107 105      
QSO:  3533 CW 2017-08-19 0829 LZ0DD         076 107       LZ0FG         101 092      
QSO:  3520 CW 2017-08-19 0831 LZ0DD         077 101       LZ0FF         100 049      
QSO:  3535 CW 2017-08-19 0832 LZ0DD         078 100       LZ0FZ         037 096      
QSO:  3535 CW 2017-08-19 0833 LZ0DD         079 037       LZ0AX         094 108      
QSO:  3540 CW 2017-08-19 0834 LZ0DD         080 094       LZ0DM         103 066      
QSO:  3547 CW 2017-08-19 0835 LZ0DD         081 103       LZ0AK         102 099      
QSO:  3554 CW 2017-08-19 0835 LZ0DD         082 102       LZ0DJ         110 115      
QSO:  3535 CW 2017-08-19 0836 LZ0DD         083 110       LZ0AG         108 116      
QSO:  3535 CW 2017-08-19 0837 LZ0DD         084 108       LZ0AM         116 113      
QSO:  3532 CW 2017-08-19 0840 LZ0DD         085 116       LZ0AA         099 119      
QSO:  3525 CW 2017-08-19 0840 LZ0DD         086 099       LZ0FA         104 119      
QSO:  3517 CW 2017-08-19 0840 LZ0DD         087 104       LZ0DZ         122 115      
QSO:  3511 CW 2017-08-19 0841 LZ0DD         088 122       LZ0DG         127 120      
QSO:  3535 CW 2017-08-19 0843 LZ0DD         089 127       LZ0DR         104 114      
QSO:  3542 CW 2017-08-19 0844 LZ0DD         090 104       LZ0AT         132 131      
QSO:  3537 CW 2017-08-19 0845 LZ0DD         091 132       LZ0AP         109 118      
QSO:  3531 CW 2017-08-19 0846 LZ0DD         092 109       LZ0DY         128 108      
QSO:  3535 CW 2017-08-19 0847 LZ0DD         093 128       LZ0AF         118 130      
QSO:  3535 CW 2017-08-19 0847 LZ0DD         094 118       LZ0DL         129 118      
QSO:  3535 CW 2017-08-19 0849 LZ0DD         095 129       LZ0AN         132 113      
QSO:  3529 CW 2017-08-19 0850 LZ0DD         096 132       LZ0AL         115 131      
QSO:  3528 CW 2017-08-19 0850 LZ0DD         097 115       LZ0FD         127 046      
QSO:  3551 CW 2017-08-19 0852 LZ0DD         098 127       LZ0DT         120 141      
QSO:  3526 CW 2017-08-19 0854 LZ0DD         099 120       LZ0FJ         142 118      
QSO:  3522 CW 2017-08-19 0854 LZ0DD         100 142       LZ0AW         140 116      
QSO:  3515 CW 2017-08-19 0856 LZ0DD         101 140       LZ0AR         112 135      
QSO:  3513 CW 2017-08-19 0857 LZ0DD         102 112       LZ0DF         127 133      
QSO:  3536 CW 2017-08-19 0859 LZ0DD         103 127       LZ0DA         138 140      
QSO:  3536 CW 2017-08-19 0900 LZ0DD         104 138       LZ0FX         092 158      
QSO:  3534 CW 2017-08-19 0902 LZ0DD         105 092       LZ0DC         160 121      
QSO:  3533 CW 2017-08-19 0902 LZ0DD         106 160       LZ0AJ         148 126      
QSO:  3545 CW 2017-08-19 0903 LZ0DD         107 148       LZ0FY         133 126      
QSO:  3540 CW 2017-08-19 0906 LZ0DD         108 133       LZ0DM         135 138      
QSO:  3547 CW 2017-08-19 0906 LZ0DD         109 135       LZ0AK         136 151      
QSO:  3524 CW 2017-08-19 0907 LZ0DD         110 136       LZ0AC         108 137      
QSO:  3520 CW 2017-08-19 0908 LZ0DD         111 108       LZ0FF         145 145      
QSO:  3527 CW 2017-08-19 0909 LZ0DD         112 145       LZ0DP         131 139      
QSO:  3536 CW 2017-08-19 0910 LZ0DD         113 131       LZ0DU         067 140      
QSO:  3536 CW 2017-08-19 0911 LZ0DD         114 067       LZ0FC         131 158      
QSO:  3536 CW 2017-08-19 0911 LZ0DD         115 131       LZ0AX         144 143      
QSO:  3536 CW 2017-08-19 0911 LZ0DD         116 144       LZ0AM         161 170      
QSO:  3532 CW 2017-08-19 0912 LZ0DD         117 161       LZ0AA         137 158      
QSO:  3536 CW 2017-08-19 0914 LZ0DD         118 137       LZ0DW         165 161      
QSO:  3536 CW 2017-08-19 0914 LZ0DD         119 165       LZ0FG         152 136      
QSO:  3536 CW 2017-08-19 0915 LZ0DD         120 152       LZ0DG         161 163      
QSO:  3535 CW 2017-08-19 0917 LZ0DD         121 161       LZ0DR         141 148      
QSO:  3517 CW 2017-08-19 0918 LZ0DD         122 141       LZ0DZ         172 142      
QSO:  3536 CW 2017-08-19 0920 LZ0DD         123 172       LZ0AD         100 114      
QSO:  3537 CW 2017-08-19 0921 LZ0DD         124 100       LZ0AP         147 152      
QSO:  3552 CW 2017-08-19 0922 LZ0DD         125 147       LZ0AG         166 146      
QSO:  3554 CW 2017-08-19 0922 LZ0DD         126 166       LZ0DJ         170 172      
QSO:  3529 CW 2017-08-19 0926 LZ0DD         127 170       LZ0AL         154 176      
QSO:  3528 CW 2017-08-19 0927 LZ0DD         128 154       LZ0FD         168 153      
QSO:  3526 CW 2017-08-19 0927 LZ0DD         129 168       LZ0FJ         181 151      
QSO:  3525 CW 2017-08-19 0928 LZ0DD         130 181       LZ0FA         159 158      
QSO:  3522 CW 2017-08-19 0928 LZ0DD         131 159       LZ0AW         177 148      
QSO:  3515 CW 2017-08-19 0929 LZ0DD         132 177       LZ0AR         156 180      
QSO:  3512 CW 2017-08-19 0930 LZ0DD         133 156       LZ0DF         160 165      
QSO:  3534 CW 2017-08-19 0932 LZ0DD         134 160       LZ0DC         197 184      
QSO:  3536 CW 2017-08-19 0934 LZ0DD         135 197       LZ0DL         169 125      
QSO:  3547 CW 2017-08-19 0936 LZ0DD         136 169       LZ0AK         171 198      
QSO:  3551 CW 2017-08-19 0937 LZ0DD         137 171       LZ0DT         162 186      
QSO:  3545 CW 2017-08-19 0938 LZ0DD         138 162       LZ0FY         174 159      
QSO:  3542 CW 2017-08-19 0939 LZ0DD         139 174       LZ0AF         177 167      
QSO:  3540 CW 2017-08-19 0940 LZ0DD         140 177       LZ0DM         172 168      
QSO:  3535 CW 2017-08-19 0940 LZ0DD         141 172       LZ0DU         100 174      
QSO:  3535 CW 2017-08-19 0941 LZ0DD         142 100       LZ0AX         170 107      
QSO:  3535 CW 2017-08-19 0942 LZ0DD         143 170       LZ0DA         191 168      
QSO:  3535 CW 2017-08-19 0942 LZ0DD         144 191       LZ0FC         166 193      
QSO:  3532 CW 2017-08-19 0943 LZ0DD         145 166       LZ0AA         172 103      
QSO:  3516 CW 2017-08-19 0944 LZ0DD         146 172       LZ0AM         201 188      
QSO:  3520 CW 2017-08-19 0945 LZ0DD         147 201       LZ0FF         192 179      
QSO:  3536 CW 2017-08-19 0947 LZ0DD         148 192       LZ0DR         168 176      
QSO:  3542 CW 2017-08-19 0949 LZ0DD         149 168       LZ0AT         214 208      
QSO:  3545 CW 2017-08-19 0949 LZ0DD         150 214       LZ0FG         197 203      
QSO:  3524 CW 2017-08-19 0950 LZ0DD         151 197       LZ0AD         116 195      
QSO:  3523 CW 2017-08-19 0951 LZ0DD         152 116       LZ0AV         191 215      
QSO:  3517 CW 2017-08-19 0953 LZ0DD         153 191       LZ0DZ         215 211      
QSO:  3524 CW 2017-08-19 0953 LZ0DD         154 215       LZ0AC         120 121      
QSO:  3535 CW 2017-08-19 0956 LZ0DD         155 120       LZ0AN         217 218      
QSO:  3537 CW 2017-08-19 0957 LZ0DD         156 217       LZ0AP         186 144      
QSO:  3531 CW 2017-08-19 0958 LZ0DD         157 186       LZ0DY         214 219      
QSO:  3528 CW 2017-08-19 0959 LZ0DD         158 214       LZ0FD         204 219      
QSO:  3522 CW 2017-08-19 0959 LZ0DD         159 204       LZ0AW         211 219      
QSO:  3521 CW 2017-08-19 0959 LZ0DD         160 211       LZ0DK         127 107      
QSO:  3511 CW 2017-08-19 1000 LZ0DD         161 127       LZ0DG         210 199      
QSO:  3512 CW 2017-08-19 1001 LZ0DD         162 210       LZ0DF         195 199      
QSO:  3525 CW 2017-08-19 1001 LZ0DD         163 195       LZ0FA         192 199      
QSO:  3554 CW 2017-08-19 1002 LZ0DD         164 192       LZ0DJ         217 213      
QSO:  3552 CW 2017-08-19 1003 LZ0DD         165 217       LZ0AG         215 213      
QSO:  3531 CW 2017-08-19 1004 LZ0DD         166 215       LZ0FX         152 128      
QSO:  3527 CW 2017-08-19 1005 LZ0DD         167 152       LZ0DP         193 196      
QSO:  3526 CW 2017-08-19 1005 LZ0DD         168 193       LZ0FJ         231 205      
QSO:  3514 CW 2017-08-19 1006 LZ0DD         169 231       LZ0AR         200 195      
QSO:  3534 CW 2017-08-19 1008 LZ0DD         170 200       LZ0DC         242 107      
QSO:  3535 CW 2017-08-19 1010 LZ0DD         171 242       LZ0DN         210 234      
QSO:  3535 CW 2017-08-19 1010 LZ0DD         172 210       LZ0DV         218 159      
QSO:  3540 CW 2017-08-19 1012 LZ0DD         173 218       LZ0DM         212 212      
QSO:  3545 CW 2017-08-19 1012 LZ0DD         174 212       LZ0FY         213 237      
QSO:  3551 CW 2017-08-19 1013 LZ0DD         175 213       LZ0DT         198 225      
QSO:  3547 CW 2017-08-19 1014 LZ0DD         176 198       LZ0AK         215 137      
QSO:  3557 CW 2017-08-19 1014 LZ0DD         177 215       LZ0FC         204 229      
QSO:  3542 CW 2017-08-19 1014 LZ0DD         178 204       LZ0AF         217 216      
QSO:  3536 CW 2017-08-19 1017 LZ0DD         179 217       LZ0DR         195 129      
QSO:  3516 CW 2017-08-19 1020 LZ0DD         180 195       LZ0AM         245 233      
QSO:  3532 CW 2017-08-19 1021 LZ0DD         181 245       LZ0AA         206 235      
QSO:  3535 CW 2017-08-19 1023 LZ0DD         182 206       LZ0AD         145 012      
QSO:  3542 CW 2017-08-19 1024 LZ0DD         183 145       LZ0AT         259 237      
QSO:  3545 CW 2017-08-19 1025 LZ0DD         184 259       LZ0AX         209 243      
QSO:  3545 CW 2017-08-19 1026 LZ0DD         185 209       LZ0FG         240 226      
QSO:  3524 CW 2017-08-19 1027 LZ0DD         186 240       LZ0AC         152 248      
QSO:  3523 CW 2017-08-19 1028 LZ0DD         187 152       LZ0AV         230 230      
QSO:  3520 CW 2017-08-19 1028 LZ0DD         188 230       LZ0FF         245 249      
QSO:  3517 CW 2017-08-19 1028 LZ0DD         189 245       LZ0DZ         259 245      
QSO:  3537 CW 2017-08-19 1030 LZ0DD         190 259       LZ0AP         220 221      
QSO:  3538 CW 2017-08-19 1032 LZ0DD         191 220       LZ0DA         235 204      
QSO:  3538 CW 2017-08-19 1033 LZ0DD         193 254       LZ0AG         249 160      
QSO:  3531 CW 2017-08-19 1034 LZ0DD         194 249       LZ0DY         259 250      
QSO:  3528 CW 2017-08-19 1035 LZ0DD         195 259       LZ0FD         246 225      
QSO:  3526 CW 2017-08-19 1035 LZ0DD         196 246       LZ0FJ         268 245      
QSO:  3525 CW 2017-08-19 1036 LZ0DD         197 268       LZ0FA         234 272      
QSO:  3514 CW 2017-08-19 1037 LZ0DD         198 234       LZ0AR         236 252      
QSO:  3512 CW 2017-08-19 1038 LZ0DD         199 236       LZ0DF         228 151      
QSO:  3511 CW 2017-08-19 1038 LZ0DD         200 228       LZ0DG         260 244      
QSO:  3527 CW 2017-08-19 1040 LZ0DD         201 260       LZ0DP         237 267      
QSO:  3533 CW 2017-08-19 1040 LZ0DD         202 237       LZ0AJ         274 265      
QSO:  3554 CW 2017-08-19 1041 LZ0DD         203 274       LZ0DJ         263 258      
QSO:  3538 CW 2017-08-19 1043 LZ0DD         204 263       LZ0DW         266 158      
QSO:  3538 CW 2017-08-19 1043 LZ0DD         205 266       LZ0DC         288 247      
QSO:  3522 CW 2017-08-19 1047 LZ0DD         206 288       LZ0AW         273 251      
QSO:  3521 CW 2017-08-19 1048 LZ0DD         207 273       LZ0DK         169 250      
QSO:  3529 CW 2017-08-19 1048 LZ0DD         208 169       LZ0DL         252 196      
QSO:  3536 CW 2017-08-19 1049 LZ0DD         209 252       LZ0DR         219 252      
QSO:  3540 CW 2017-08-19 1049 LZ0DD         210 219       LZ0DM         255 277      
QSO:  3542 CW 2017-08-19 1050 LZ0DD         211 255       LZ0AF         263 285      
QSO:  3551 CW 2017-08-19 1050 LZ0DD         212 263       LZ0DT         241 245      
QSO:  3557 CW 2017-08-19 1051 LZ0DD         213 241       LZ0FC         247 266      
QSO:  3547 CW 2017-08-19 1051 LZ0DD         214 247       LZ0AK         261 242      
QSO:  3545 CW 2017-08-19 1052 LZ0DD         215 261       LZ0FY         261 038      
QSO:  3535 CW 2017-08-19 1053 LZ0DD         216 261       LZ0AD         176 257      
QSO:  3532 CW 2017-08-19 1054 LZ0DD         217 176       LZ0AA         245 262      
QSO:  3538 CW 2017-08-19 1056 LZ0DD         218 245       LZ0AT         299 277      
QSO:  3538 CW 2017-08-19 1056 LZ0DD         219 299       LZ0FG         278 298      
QSO:  3538 CW 2017-08-19 1056 LZ0DD         220 278       LZ0AX         240 283      
QSO:  3524 CW 2017-08-19 1058 LZ0DD         221 240       LZ0AC         173 287      
QSO:  3523 CW 2017-08-19 1058 LZ0DD         222 173       LZ0AV         266 262      
QSO:  3520 CW 2017-08-19 1058 LZ0DD         223 266       LZ0FF         277 288      
QSO:  3517 CW 2017-08-19 1059 LZ0DD         224 277       LZ0DZ         297 285      
END-OF-LOG:

