START-OF-LOG: 2.0 
CALLSIGN: LZ0DF
CLUB: Смолян
CONTEST: LZ-OPEN-DOMESTIC
CATEGORY: SINGLE-OP-ASSISTED ALL HIGH CW
CLAIMED-SCORE: 247
OPERATORS: LZ0DF
NAME: Димитър Тонков LZ1EV
ADDRESS: 
ADDRESS: SMOLYAN,  4700
ADDRESS: BULGARIA
CREATED-BY: N1MM Logger+ 1.0.5156.0
QSO:  3511 CW 2017-08-19 0700 LZ0DF         001 000       LZ0DG         002 001      
QSO:  3502 CW 2017-08-19 0703 LZ0DF         002 002       LZ0AR         004 002      
QSO:  3511 CW 2017-08-19 0703 LZ0DF         003 004       LZ0DG         009 003      
QSO:  3520 CW 2017-08-19 0704 LZ0DF         004 009       LZ0FF         011 004      
QSO:  3522 CW 2017-08-19 0705 LZ0DF         005 011       LZ0AW         008 011      
QSO:  3526 CW 2017-08-19 0706 LZ0DF         006 008       LZ0DP         008 004      
QSO:  3533 CW 2017-08-19 0707 LZ0DF         007 008       LZ0AJ         010 006      
QSO:  3534 CW 2017-08-19 0708 LZ0DF         008 010       LZ0DC         016 008      
QSO:  3537 CW 2017-08-19 0708 LZ0DF         009 016       LZ0AP         011 011      
QSO:  3540 CW 2017-08-19 0709 LZ0DF         010 011       LZ0DM         009 015      
QSO:  3545 CW 2017-08-19 0710 LZ0DF         011 009       LZ0AX         009 017      
QSO:  3550 CW 2017-08-19 0710 LZ0DF         012 009       LZ0DT         016 015      
QSO:  3556 CW 2017-08-19 0711 LZ0DF         013 016       LZ0AK         015 016      
QSO:  3557 CW 2017-08-19 0712 LZ0DF         014 015       LZ0FC         005 016      
QSO:  3559 CW 2017-08-19 0713 LZ0DF         015 005       LZ0DN         012 017      
QSO:  3509 CW 2017-08-19 0714 LZ0DF         016 012       LZ0FX         007 016      
QSO:  3513 CW 2017-08-19 0715 LZ0DF         017 007       LZ0DL         026 007      
QSO:  3513 CW 2017-08-19 0715 LZ0DF         018 026       LZ0AV         016 020      
QSO:  3513 CW 2017-08-19 0716 LZ0DF         019 016       LZ0AG         020 009      
QSO:  3513 CW 2017-08-19 0716 LZ0DF         020 020       LZ0FJ         021 020      
QSO:  3513 CW 2017-08-19 0717 LZ0DF         021 021       LZ0DD         006 025      
QSO:  3513 CW 2017-08-19 0717 LZ0DF         022 006       LZ0AL         017 012      
QSO:  3513 CW 2017-08-19 0717 LZ0DF         023 017       LZ0DY         026 026      
QSO:  3513 CW 2017-08-19 0718 LZ0DF         024 026       LZ0DA         026 020      
QSO:  3513 CW 2017-08-19 0719 LZ0DF         025 026       LZ0DJ         025 015      
QSO:  3513 CW 2017-08-19 0720 LZ0DF         026 025       LZ0DN         022 032      
QSO:  3513 CW 2017-08-19 0721 LZ0DF         027 022       LZ0AN         029 025      
QSO:  3513 CW 2017-08-19 0722 LZ0DF         028 029       LZ0AM         032 030      
QSO:  3517 CW 2017-08-19 0723 LZ0DF         029 032       LZ0DZ         032 029      
QSO:  3518 CW 2017-08-19 0723 LZ0DF         030 032       LZ0DW         031 030      
QSO:  3521 CW 2017-08-19 0724 LZ0DF         031 031       LZ0DK         018 015      
QSO:  3528 CW 2017-08-19 0725 LZ0DF         032 018       LZ0FD         031 032      
QSO:  3542 CW 2017-08-19 0729 LZ0DF         033 031       LZ0AT         038 040      
QSO:  3509 CW 2017-08-19 0731 LZ0DF         034 038       LZ0DX         018 040      
QSO:  3511 CW 2017-08-19 0734 LZ0DF         035 018       LZ0DG         048 035      
QSO:  3520 CW 2017-08-19 0735 LZ0DF         036 048       LZ0FF         040 038      
QSO:  3522 CW 2017-08-19 0736 LZ0DF         037 040       LZ0AW         041 039      
QSO:  3533 CW 2017-08-19 0738 LZ0DF         038 041       LZ0AJ         047 042      
QSO:  3534 CW 2017-08-19 0739 LZ0DF         039 047       LZ0DC         058 054      
QSO:  3537 CW 2017-08-19 0740 LZ0DF         040 058       LZ0AP         044 036      
QSO:  3550 CW 2017-08-19 0740 LZ0DF         041 044       LZ0DT         049 062      
QSO:  3545 CW 2017-08-19 0741 LZ0DF         042 049       LZ0FG         049 046      
QSO:  3513 CW 2017-08-19 0742 LZ0DF         043 049       LZ0AK         039 053      
QSO:  3513 CW 2017-08-19 0743 LZ0DF         044 039       LZ0AD         049 042      
QSO:  3513 CW 2017-08-19 0744 LZ0DF         045 049       LZ0DV         052 027      
QSO:  3513 CW 2017-08-19 0744 LZ0DF         046 052       LZ0AA         043 052      
QSO:  3513 CW 2017-08-19 0745 LZ0DF         047 043       LZ0AX         044 048      
QSO:  3513 CW 2017-08-19 0745 LZ0DF         048 044       LZ0DL         061 047      
QSO:  3513 CW 2017-08-19 0746 LZ0DF         049 061       LZ0AV         049 055      
QSO:  3513 CW 2017-08-19 0746 LZ0DF         050 049       LZ0AG         051 047      
QSO:  3513 CW 2017-08-19 0746 LZ0DF         051 051       LZ0AF         049 043      
QSO:  3513 CW 2017-08-19 0747 LZ0DF         052 049       LZ0DD         037 057      
QSO:  3513 CW 2017-08-19 0747 LZ0DF         053 037       LZ0FJ         059 060      
QSO:  3513 CW 2017-08-19 0748 LZ0DF         054 059       LZ0DA         058 059      
QSO:  3513 CW 2017-08-19 0748 LZ0DF         055 058       LZ0DY         060 063      
QSO:  3513 CW 2017-08-19 0750 LZ0DF         056 060       LZ0DJ         056 066      
QSO:  3513 CW 2017-08-19 0750 LZ0DF         057 056       LZ0DN         055 036      
QSO:  3513 CW 2017-08-19 0751 LZ0DF         058 055       LZ0FZ         014 036      
QSO:  3526 CW 2017-08-19 0753 LZ0DF         059 014       LZ0DP         055 062      
QSO:  3540 CW 2017-08-19 0755 LZ0DF         060 055       LZ0DM         060 067      
QSO:  3557 CW 2017-08-19 0756 LZ0DF         061 060       LZ0FC         053 060      
QSO:  3521 CW 2017-08-19 0757 LZ0DF         062 053       LZ0DK         041 067      
QSO:  3513 CW 2017-08-19 0759 LZ0DF         063 041       LZ0AL         059 032      
QSO:  3513 CW 2017-08-19 0800 LZ0DF         064 059       LZ0AM         071 068      
QSO:  3513 CW 2017-08-19 0801 LZ0DF         065 071       LZ0AT         080 065       
QSO:  3513 CW 2017-08-19 0802 LZ0DF         066 080       LZ0DL         079 039      
QSO:  3513 CW 2017-08-19 0802 LZ0DF         067 079       LZ0AN         075 069      
QSO:  3513 CW 2017-08-19 0803 LZ0DF         068 075       LZ0DX         040 078      
QSO:  3513 CW 2017-08-19 0804 LZ0DF         069 040       LZ0FX         043 068      
QSO:  3511 CW 2017-08-19 0805 LZ0DF         070 043       LZ0DG         085 072      
QSO:  3517 CW 2017-08-19 0806 LZ0DF         071 085       LZ0DZ         078 074      
QSO:  3518 CW 2017-08-19 0807 LZ0DF         072 078       LZ0DW         080 076      
QSO:  3522 CW 2017-08-19 0808 LZ0DF         073 080       LZ0AW         078 064      
QSO:  3520 CW 2017-08-19 0808 LZ0DF         074 078       LZ0FF         077 076      
QSO:  3528 CW 2017-08-19 0809 LZ0DF         075 077       LZ0FD         075 078      
QSO:  3533 CW 2017-08-19 0809 LZ0DF         076 075       LZ0AJ         086 077      
QSO:  3534 CW 2017-08-19 0810 LZ0DF         077 086       LZ0DC         097 093      
QSO:  3545 CW 2017-08-19 0810 LZ0DF         078 097       LZ0FY         073 022      
QSO:  3550 CW 2017-08-19 0811 LZ0DF         079 073       LZ0DT         080 073      
QSO:  3559 CW 2017-08-19 0811 LZ0DF         080 080       LZ0AY         075 075      
QSO:  3550 CW 2017-08-19 0812 LZ0DF         081 075       LZ0AU         040 083      
QSO:  3537 CW 2017-08-19 0815 LZ0DF         082 040       LZ0AP         083 086      
QSO:  3530 CW 2017-08-19 0815 LZ0DF         083 083       LZ0DV         085 083      
QSO:  3513 CW 2017-08-19 0816 LZ0DF         084 085       LZ0AV         082 093      
QSO:  3513 CW 2017-08-19 0817 LZ0DF         085 082       LZ0AG         090 079      
QSO:  3513 CW 2017-08-19 0817 LZ0DF         086 090       LZ0AF         085 080      
QSO:  3513 CW 2017-08-19 0818 LZ0DF         087 085       LZ0AD         079 096      
QSO:  3513 CW 2017-08-19 0818 LZ0DF         088 079       LZ0DA         093 101      
QSO:  3513 CW 2017-08-19 0819 LZ0DF         089 093       LZ0DY         099 099       
QSO:  3513 CW 2017-08-19 0819 LZ0DF         090 099       LZ0AX         087 094      
QSO:  3513 CW 2017-08-19 0820 LZ0DF         091 087       LZ0FJ         098 093      
QSO:  3513 CW 2017-08-19 0820 LZ0DF         092 098       LZ0DJ         094 081      
QSO:  3513 CW 2017-08-19 0821 LZ0DF         093 094       LZ0AK         085 088      
QSO:  3513 CW 2017-08-19 0823 LZ0DF         094 085       LZ0DD         069 082      
QSO:  3513 CW 2017-08-19 0825 LZ0DF         095 069       LZ0DU         026 058      
QSO:  3513 CW 2017-08-19 0825 LZ0DF         096 026       LZ0DN         092 056      
QSO:  3514 CW 2017-08-19 0828 LZ0DF         097 092       LZ0AR         089 092      
QSO:  3513 CW 2017-08-19 0831 LZ0DF         098 089       LZ0AT         113 108      
QSO:  3513 CW 2017-08-19 0832 LZ0DF         099 113       LZ0AM         110 096      
QSO:  3513 CW 2017-08-19 0832 LZ0DF         100 110       LZ0AL         094 030      
QSO:  3513 CW 2017-08-19 0833 LZ0DF         101 094       LZ0AN         113 103      
QSO:  3513 CW 2017-08-19 0834 LZ0DF         102 113       LZ0DX         047 080      
QSO:  3513 CW 2017-08-19 0835 LZ0DF         103 047       LZ0DV         103 068      
QSO:  3513 CW 2017-08-19 0835 LZ0DF         104 103       LZ0AA         090 098      
QSO:  3511 CW 2017-08-19 0836 LZ0DF         105 090       LZ0DG         120 096      
QSO:  3517 CW 2017-08-19 0838 LZ0DF         106 120       LZ0DZ         118 110      
QSO:  3518 CW 2017-08-19 0838 LZ0DF         107 118       LZ0DW         120 068      
QSO:  3520 CW 2017-08-19 0839 LZ0DF         108 120       LZ0FF         114 115      
QSO:  3522 CW 2017-08-19 0840 LZ0DF         109 114       LZ0AW         119 128      
QSO:  3527 CW 2017-08-19 0843 LZ0DF         110 119       LZ0DP         103 109      
QSO:  3528 CW 2017-08-19 0843 LZ0DF         111 103       LZ0FD         113 121      
QSO:  3540 CW 2017-08-19 0844 LZ0DF         112 113       LZ0DM         114 121      
QSO:  3559 CW 2017-08-19 0845 LZ0DF         113 114       LZ0AY         108 107      
QSO:  3557 CW 2017-08-19 0845 LZ0DF         114 108       LZ0FC         100 063      
QSO:  3521 CW 2017-08-19 0846 LZ0DF         115 100       LZ0DK         073 122      
QSO:  3512 CW 2017-08-19 0851 LZ0DF         116 073       LZ0DY         136 119      
QSO:  3512 CW 2017-08-19 0852 LZ0DF         117 136       LZ0FZ         045 113      
QSO:  3512 CW 2017-08-19 0852 LZ0DF         118 045       LZ0DL         135 137      
QSO:  3512 CW 2017-08-19 0853 LZ0DF         119 135       LZ0FJ         140 137      
QSO:  3512 CW 2017-08-19 0853 LZ0DF         120 140       LZ0DJ         132 115      
QSO:  3512 CW 2017-08-19 0855 LZ0DF         121 132       LZ0DC         151 140      
QSO:  3512 CW 2017-08-19 0855 LZ0DF         122 151       LZ0AK         119 126      
QSO:  3512 CW 2017-08-19 0858 LZ0DF         123 119       LZ0FG         133 139      
QSO:  3512 CW 2017-08-19 0859 LZ0DF         124 133       LZ0DT         125 054      
QSO:  3512 CW 2017-08-19 0859 LZ0DF         125 125       LZ0DN         131 140      
QSO:  3533 CW 2017-08-19 0902 LZ0DF         126 131       LZ0AJ         147 128      
QSO:  3537 CW 2017-08-19 0903 LZ0DF         127 147       LZ0FX         096 059      
QSO:  3545 CW 2017-08-19 0904 LZ0DF         128 096       LZ0FY         135 148      
QSO:  3537 CW 2017-08-19 0905 LZ0DF         129 135       LZ0AP         127 128      
QSO:  3532 CW 2017-08-19 0906 LZ0DF         130 127       LZ0AA         124 136      
QSO:  3514 CW 2017-08-19 0907 LZ0DF         131 124       LZ0AR         134 153      
QSO:  3512 CW 2017-08-19 0908 LZ0DF         132 134       LZ0AT         165 128      
QSO:  3512 CW 2017-08-19 0908 LZ0DF         133 165       LZ0DW         156 128      
QSO:  3512 CW 2017-08-19 0910 LZ0DF         134 156       LZ0AM         158 128      
QSO:  3512 CW 2017-08-19 0910 LZ0DF         135 158       LZ0AV         141 130      
QSO:  3512 CW 2017-08-19 0911 LZ0DF         136 141       LZ0AD         186 156      
QSO:  3512 CW 2017-08-19 0911 LZ0DF         137 186       LZ0AL         132 160      
QSO:  3512 CW 2017-08-19 0912 LZ0DF         138 132       LZ0DG         159 157      
QSO:  3512 CW 2017-08-19 0913 LZ0DF         139 159       LZ0DX         072 142      
QSO:  3522 CW 2017-08-19 0914 LZ0DF         140 072       LZ0AW         162 147      
QSO:  3530 CW 2017-08-19 0915 LZ0DF         141 162       LZ0DV         153 141      
QSO:  3540 CW 2017-08-19 0916 LZ0DF         142 153       LZ0DM         153 166      
QSO:  3559 CW 2017-08-19 0917 LZ0DF         143 153       LZ0AY         143 105      
QSO:  3550 CW 2017-08-19 0918 LZ0DF         144 143       LZ0AU         079 154      
QSO:  3528 CW 2017-08-19 0920 LZ0DF         145 079       LZ0FD         157 152      
QSO:  3520 CW 2017-08-19 0921 LZ0DF         146 157       LZ0FF         168 149      
QSO:  3517 CW 2017-08-19 0921 LZ0DF         147 168       LZ0DZ         175 117      
QSO:  3512 CW 2017-08-19 0922 LZ0DF         148 175       LZ0FC         143 173      
QSO:  3526 CW 2017-08-19 0924 LZ0DF         149 143       LZ0DP         152 177      
QSO:  3512 CW 2017-08-19 0925 LZ0DF         150 152       LZ0DJ         174 159      
QSO:  3512 CW 2017-08-19 0925 LZ0DF         151 174       LZ0FJ         791 70       
QSO:  3512 CW 2017-08-19 0926 LZ0DF         152 791       LZ0AG         170 150      
QSO:  3512 CW 2017-08-19 0926 LZ0DF         153 170       LZ0DY         176 179      
QSO:  3512 CW 2017-08-19 0927 LZ0DF         154 176       LZ0DC         190 174      
QSO:  3512 CW 2017-08-19 0927 LZ0DF         155 190       LZ0AK         157 155      
QSO:  3512 CW 2017-08-19 0928 LZ0DF         156 157       LZ0FG         172 179      
QSO:  3512 CW 2017-08-19 0929 LZ0DF         157 172       LZ0DU         083 170      
QSO:  3512 CW 2017-08-19 0929 LZ0DF         158 083       LZ0DL         161 154      
QSO:  3512 CW 2017-08-19 0929 LZ0DF         159 161       LZ0DN         165 150      
QSO:  3512 CW 2017-08-19 0930 LZ0DF         160 165       LZ0DD         133 156      
QSO:  3512 CW 2017-08-19 0932 LZ0DF         161 133       LZ0DA         177 122      
QSO:  3533 CW 2017-08-19 0933 LZ0DF         162 177       LZ0AJ         186 164      
QSO:  3535 CW 2017-08-19 0934 LZ0DF         163 186       LZ0DR         159 156      
QSO:  3529 CW 2017-08-19 0936 LZ0DF         164 159       LZ0FX         128 091      
QSO:  3525 CW 2017-08-19 0937 LZ0DF         165 128       LZ0FA         167 196      
QSO:  3537 CW 2017-08-19 0938 LZ0DF         166 167       LZ0AP         161 162      
QSO:  3542 CW 2017-08-19 0939 LZ0DF         167 161       LZ0AF         176 203      
QSO:  3532 CW 2017-08-19 0940 LZ0DF         168 176       LZ0AA         165 195      
QSO:  3512 CW 2017-08-19 0942 LZ0DF         169 165       LZ0AR         176 164      
QSO:  3512 CW 2017-08-19 0942 LZ0DF         170 176       LZ0AV         179 180      
QSO:  3512 CW 2017-08-19 0943 LZ0DF         171 179       LZ0AL         166 079      
QSO:  3512 CW 2017-08-19 0943 LZ0DF         172 166       LZ0AM         199 209      
QSO:  3512 CW 2017-08-19 0944 LZ0DF         173 199       LZ0DX         101 195      
QSO:  3512 CW 2017-08-19 0944 LZ0DF         174 101       LZ0AN         199 183      
QSO:  3512 CW 2017-08-19 0944 LZ0DF         175 199       LZ0AT         208 196      
QSO:  3512 CW 2017-08-19 0945 LZ0DF         176 208       LZ0AX         173 203      
QSO:  3510 CW 2017-08-19 0947 LZ0DF         177 173       LZ0FZ         082 179      
QSO:  3522 CW 2017-08-19 0949 LZ0DF         178 082       LZ0AW         205 193      
QSO:  3524 CW 2017-08-19 0950 LZ0DF         179 205       LZ0AD         114 189      
QSO:  3540 CW 2017-08-19 0951 LZ0DF         180 114       LZ0DM         191 203      
QSO:  3545 CW 2017-08-19 0951 LZ0DF         181 191       LZ0FY         190 175      
QSO:  3550 CW 2017-08-19 0954 LZ0DF         182 190       LZ0DT         183 208      
QSO:  3557 CW 2017-08-19 0954 LZ0DF         183 183       LZ0FC         180 215      
QSO:  3559 CW 2017-08-19 0957 LZ0DF         184 180       LZ0AY         192 229      
QSO:  3512 CW 2017-08-19 0957 LZ0DF         185 192       LZ0DY         212 189      
QSO:  3512 CW 2017-08-19 0958 LZ0DF         186 212       LZ0DJ         211 197      
QSO:  3512 CW 2017-08-19 0958 LZ0DF         187 211       LZ0FJ         221 126      
QSO:  3512 CW 2017-08-19 0958 LZ0DF         188 221       LZ0AG         207 201      
QSO:  3512 CW 2017-08-19 0959 LZ0DF         189 207       LZ0DC         231 088      
QSO:  3512 CW 2017-08-19 0959 LZ0DF         190 231       LZ0FG         209 220      
QSO:  3512 CW 2017-08-19 0959 LZ0DF         191 209       LZ0DL         199 193      
QSO:  3512 CW 2017-08-19 1000 LZ0DF         192 199       LZ0AK         198 208      
QSO:  3512 CW 2017-08-19 1000 LZ0DF         193 198       LZ0DW         214 222      
QSO:  3512 CW 2017-08-19 1000 LZ0DF         194 214       LZ0DN         199 220      
QSO:  3512 CW 2017-08-19 1001 LZ0DF         195 199       LZ0DD         162 210      
QSO:  3512 CW 2017-08-19 1001 LZ0DF         196 162       LZ0DA         218 128      
QSO:  3512 CW 2017-08-19 1002 LZ0DF         197 218       LZ0DK         129 192      
QSO:  3517 CW 2017-08-19 1004 LZ0DF         198 129       LZ0DZ         225 201      
QSO:  3526 CW 2017-08-19 1005 LZ0DF         199 225       LZ0DP         194 167      
QSO:  3533 CW 2017-08-19 1006 LZ0DF         200 194       LZ0AJ         228 131      
QSO:  3550 CW 2017-08-19 1009 LZ0DF         201 228       LZ0AU         108 241      
QSO:  3537 CW 2017-08-19 1011 LZ0DF         202 108       LZ0AP         198 225      
QSO:  3530 CW 2017-08-19 1012 LZ0DF         203 198       LZ0DV         221 210      
QSO:  3529 CW 2017-08-19 1013 LZ0DF         204 221       LZ0FX         165 191      
QSO:  3527 CW 2017-08-19 1013 LZ0DF         205 165       LZ0AL         196 122      
QSO:  3520 CW 2017-08-19 1014 LZ0DF         206 196       LZ0FF         224 230      
QSO:  3512 CW 2017-08-19 1016 LZ0DF         207 224       LZ0AR         210 137      
QSO:  3512 CW 2017-08-19 1016 LZ0DF         208 210       LZ0AN         242 219      
QSO:  3512 CW 2017-08-19 1017 LZ0DF         209 242       LZ0AX         201 194      
QSO:  3512 CW 2017-08-19 1019 LZ0DF         210 201       LZ0DG         238 212      
QSO:  3512 CW 2017-08-19 1023 LZ0DF         211 238       LZ0AT         256 241      
QSO:  3524 CW 2017-08-19 1026 LZ0DF         212 256       LZ0AC         149 137      
QSO:  3522 CW 2017-08-19 1027 LZ0DF         213 149       LZ0AW         246 225      
QSO:  3532 CW 2017-08-19 1028 LZ0DF         214 246       LZ0AA         221 227      
QSO:  3535 CW 2017-08-19 1028 LZ0DF         215 221       LZ0AD         155 220      
QSO:  3540 CW 2017-08-19 1029 LZ0DF         216 155       LZ0DM         234 201      
QSO:  3545 CW 2017-08-19 1030 LZ0DF         217 234       LZ0FY         236 248      
QSO:  3554 CW 2017-08-19 1031 LZ0DF         218 236       LZ0DJ         250 222      
QSO:  3557 CW 2017-08-19 1032 LZ0DF         219 250       LZ0FC         223 227      
QSO:  3562 CW 2017-08-19 1032 LZ0DF         220 223       LZ0FK         023 236      
QSO:  3512 CW 2017-08-19 1035 LZ0DF         221 023       LZ0DK         156 230      
QSO:  3512 CW 2017-08-19 1035 LZ0DF         222 156       LZ0DA         257 240      
QSO:  3512 CW 2017-08-19 1036 LZ0DF         223 257       LZ0AG         253 268      
QSO:  3512 CW 2017-08-19 1036 LZ0DF         224 253       LZ0AM         268 251      
QSO:  3512 CW 2017-08-19 1036 LZ0DF         225 268       LZ0FG         253 235      
QSO:  3512 CW 2017-08-19 1037 LZ0DF         226 253       LZ0DC         282 237      
QSO:  3512 CW 2017-08-19 1037 LZ0DF         227 282       LZ0DX         151 253      
QSO:  3512 CW 2017-08-19 1038 LZ0DF         228 151       LZ0DD         199 236      
QSO:  3512 CW 2017-08-19 1038 LZ0DF         229 199       LZ0DN         242 246      
QSO:  3512 CW 2017-08-19 1038 LZ0DF         230 242       LZ0DW         260 189      
QSO:  3512 CW 2017-08-19 1039 LZ0DF         231 260       LZ0AV         245 259      
QSO:  3512 CW 2017-08-19 1039 LZ0DF         232 245       LZ0AK         241 239      
QSO:  3512 CW 2017-08-19 1039 LZ0DF         233 241       LZ0DU         151 229      
QSO:  3512 CW 2017-08-19 1040 LZ0DF         234 151       LZ0DL         244 272      
QSO:  3512 CW 2017-08-19 1040 LZ0DF         235 244       LZ0DY         270 234      
QSO:  3517 CW 2017-08-19 1043 LZ0DF         236 270       LZ0DZ         274 268      
QSO:  3525 CW 2017-08-19 1045 LZ0DF         237 274       LZ0FA         245 270      
QSO:  3526 CW 2017-08-19 1045 LZ0DF         238 245       LZ0           245 271      
QSO:  3527 CW 2017-08-19 1046 LZ0DF         239 245       LZ0DP         246 238      
QSO:  3527 CW 2017-08-19 1046 LZ0DF         240 246       LZ0AL         228 282      
QSO:  3528 CW 2017-08-19 1047 LZ0DF         241 228       LZ0FD         259 235      
QSO:  3530 CW 2017-08-19 1048 LZ0DF         242 259       LZ0DV         270 031      
QSO:  3533 CW 2017-08-19 1048 LZ0DF         243 270       LZ0AJ         284 229      
QSO:  3537 CW 2017-08-19 1049 LZ0DF         244 284       LZ0AP         241 253      
QSO:  3550 CW 2017-08-19 1050 LZ0DF         245 241       LZ0DT         240 276      
QSO:  3559 CW 2017-08-19 1051 LZ0DF         246 240       LZ0AY         245 277      
QSO:  3520 CW 2017-08-19 1051 LZ0DF         247 245       LZ0FF         268 298      
QSO:  3512 CW 2017-08-19 1053 LZ0DF         248 268       LZ0AR         254 258      
QSO:  3512 CW 2017-08-19 1053 LZ0DF         249 254       LZ0DG         282 293      
QSO:  3512 CW 2017-08-19 1054 LZ0DF         250 282       LZ0FJ         293 281      
QSO:  3512 CW 2017-08-19 1054 LZ0DF         251 293       LZ0AN         289 254      
QSO:  3524 CW 2017-08-19 1059 LZ0DF         252 289       LZ0AC         176 297      
END-OF-LOG:
