START-OF-LOG: 2.0
CALLSIGN: lz0dv
CONTEST: 
CATEGORY: 
CLAIMED-SCORE: 
OPERATORS: 
NAME: Чавдар Левков LZ1ABC
CLUB: София
ADDRESS: 
ADDRESS: 
CREATED-BY: LZ-Log 1.1
QSO:  3529 CW 2017-08-19 0700 LZ0DV         001 000       LZ0AN         002 001      
QSO:  3529 CW 2017-08-19 0701 LZ0DV         002 002       LZ0AT         003 001      
QSO:  3529 CW 2017-08-19 0703 LZ0DV         003 003       LZ0FJ         004 002      
QSO:  3529 CW 2017-08-19 0703 LZ0DV         004 004       LZ0AY         003 003      
QSO:  3529 CW 2017-08-19 0703 LZ0DV         005 003       LZ0DT         004 005      
QSO:  3529 CW 2017-08-19 0704 LZ0DV         006 004       LZ0DA         006 008      
QSO:  3529 CW 2017-08-19 0705 LZ0DV         007 006       LZ0DY         012 007      
QSO:  3529 CW 2017-08-19 0706 LZ0DV         008 012       LZ0DL         010 003      
QSO:  3529 CW 2017-08-19 0706 LZ0DV         009 010       LZ0AV         005 007      
QSO:  3529 CW 2017-08-19 0706 LZ0DV         010 005       LZ0DF         007 008      
QSO:  3529 CW 2017-08-19 0707 LZ0DV         011 007       LZ0DW         009 010      
QSO:  3529 CW 2017-08-19 0707 LZ0DV         012 009       LZ0AM         012 006      
QSO:  3529 CW 2017-08-19 0708 LZ0DV         013 012       LZ0AG         008 010      
QSO:  3529 CW 2017-08-19 0708 LZ0DV         014 008       LZ0DN         009 010      
QSO:  3529 CW 2017-08-19 0709 LZ0DV         015 009       LZ0DJ         014 012      
QSO:  3529 CW 2017-08-19 0709 LZ0DV         016 014       LZ0AD         011 013      
QSO:  3529 CW 2017-08-19 0710 LZ0DV         017 011       LZ0DP         017 013      
QSO:  3529 CW 2017-08-19 0710 LZ0DV         018 017       LZ0DX         010 014      
QSO:  3529 CW 2017-08-19 0711 LZ0DV         019 010       LZ0DR         013 016      
QSO:  3529 CW 2017-08-19 0716 LZ0DV         020 013       LZ0DG         026 022      
QSO:  3509 CW 2017-08-19 0716 LZ0DV         021 026       LZ0FX         010 019      
QSO:  3516 CW 2017-08-19 0717 LZ0DV         022 010       LZ0DZ         027 025      
QSO:  3522 CW 2017-08-19 0718 LZ0DV         023 027       LZ0AW         028 022      
QSO:  3523 CW 2017-08-19 0719 LZ0DV         024 028       LZ0AC         020 024      
QSO:  3529 CW 2017-08-19 0721 LZ0DV         025 020       LZ0AL         022 027      
QSO:  3534 CW 2017-08-19 0721 LZ0DV         026 022       LZ0DC         035 033      
QSO:  3536 CW 2017-08-19 0722 LZ0DV         027 035       LZ0AP         026 026      
QSO:  3539 CW 2017-08-19 0723 LZ0DV         028 026       LZ0DM         025 020      
QSO:  3545 CW 2017-08-19 0723 LZ0DV         029 025       LZ0FY         025 026      
QSO:  3557 CW 2017-08-19 0724 LZ0DV         030 025       LZ0FC         023 036      
QSO:  3520 CW 2017-08-19 0724 LZ0DV         031 023       LZ0DK         019 031      
QSO:  3521 CW 2017-08-19 0725 LZ0DV         032 019       LZ0FF         033 032      
QSO:  3555 CW 2017-08-19 0726 LZ0DV         033 033       LZ0AU         025 019      
QSO:  3530 CW 2017-08-19 0729 LZ0DV         034 025       LZ0FA         027 024      
QSO:  3530 CW 2017-08-19 0731 LZ0DV         035 027       LZ0AN         040 036      
QSO:  3530 CW 2017-08-19 0731 LZ0DV         036 040       LZ0AT         042 029      
QSO:  3514 CW 2017-08-19 0732 LZ0DV         037 042       LZ0AR         032 041      
QSO:  3530 CW 2017-08-19 0733 LZ0DV         038 032       LZ0AY         037 038      
QSO:  3526 CW 2017-08-19 0734 LZ0DV         039 037       LZ0FJ         039 036      
QSO:  3530 CW 2017-08-19 0736 LZ0DV         040 039       LZ0DA         040 040      
QSO:  3530 CW 2017-08-19 0736 LZ0DV         041 040       LZ0AV         037 029      
QSO:  3530 CW 2017-08-19 0737 LZ0DV         042 037       LZ0DW         047 034      
QSO:  3550 CW 2017-08-19 0738 LZ0DV         043 047       LZ0DT         044 051      
QSO:  3530 CW 2017-08-19 0738 LZ0DV         044 044       LZ0DY         048 044      
QSO:  3530 CW 2017-08-19 0739 LZ0DV         045 048       LZ0AG         040 042      
QSO:  3530 CW 2017-08-19 0739 LZ0DV         046 040       LZ0AD         044 040      
QSO:  3530 CW 2017-08-19 0740 LZ0DV         047 044       LZ0DJ         046 042      
QSO:  3530 CW 2017-08-19 0740 LZ0DV         048 046       LZ0AM         048 039      
QSO:  3530 CW 2017-08-19 0741 LZ0DV         049 048       LZ0DL         058 042      
QSO:  3528 CW 2017-08-19 0742 LZ0DV         050 058       LZ0FD         047 054      
QSO:  3530 CW 2017-08-19 0743 LZ0DV         051 047       LZ0DX         027 045      
QSO:  3512 CW 2017-08-19 0744 LZ0DV         052 027       LZ0DF         045 049      
QSO:  3535 CW 2017-08-19 0745 LZ0DV         053 045       LZ0DR         045 030      
QSO:  3530 CW 2017-08-19 0746 LZ0DV         054 045       LZ0AK         047 056      
QSO:  3530 CW 2017-08-19 0747 LZ0DV         055 047       LZ0DG         069 059      
QSO:  3530 CW 2017-08-19 0747 LZ0DV         056 069       LZ0DN         051 049      
QSO:  3516 CW 2017-08-19 0748 LZ0DV         057 051       LZ0DZ         062 055      
QSO:  3522 CW 2017-08-19 0748 LZ0DV         058 062       LZ0AW         063 060      
QSO:  3523 CW 2017-08-19 0750 LZ0DV         059 063       LZ0AC         060 063      
QSO:  3545 CW 2017-08-19 0751 LZ0DV         060 060       LZ0AX         056 033      
QSO:  3529 CW 2017-08-19 0752 LZ0DV         061 056       LZ0AL         053 060      
QSO:  3534 CW 2017-08-19 0752 LZ0DV         062 053       LZ0DC         075 074      
QSO:  3536 CW 2017-08-19 0753 LZ0DV         063 075       LZ0AP         059 024      
QSO:  3539 CW 2017-08-19 0753 LZ0DV         064 059       LZ0DM         058 055      
QSO:  3545 CW 2017-08-19 0754 LZ0DV         065 058       LZ0FY         056 057      
QSO:  3557 CW 2017-08-19 0754 LZ0DV         066 056       LZ0FC         051 036      
QSO:  3521 CW 2017-08-19 0756 LZ0DV         067 051       LZ0DK         040 057      
QSO:  3508 CW 2017-08-19 0758 LZ0DV         068 040       LZ0FX         036 076      
QSO:  3530 CW 2017-08-19 0802 LZ0DV         069 036       LZ0AN         074 067      
QSO:  3530 CW 2017-08-19 0803 LZ0DV         070 074       LZ0AT         083 080      
QSO:  3530 CW 2017-08-19 0803 LZ0DV         071 083       LZ0FA         060 067      
QSO:  3514 CW 2017-08-19 0804 LZ0DV         072 060       LZ0AR         069 066      
QSO:  3526 CW 2017-08-19 0805 LZ0DV         073 069       LZ0FJ         080 081      
QSO:  3530 CW 2017-08-19 0806 LZ0DV         074 080       LZ0AV         072 059      
QSO:  3530 CW 2017-08-19 0807 LZ0DV         075 072       LZ0AY         070 079      
QSO:  3530 CW 2017-08-19 0807 LZ0DV         076 070       LZ0DA         075 079      
QSO:  3530 CW 2017-08-19 0809 LZ0DV         077 075       LZ0DY         085 073      
QSO:  3530 CW 2017-08-19 0809 LZ0DV         078 085       LZ0AG         079 073      
QSO:  3530 CW 2017-08-19 0810 LZ0DV         079 079       LZ0DU         015 077      
QSO:  3530 CW 2017-08-19 0811 LZ0DV         080 015       LZ0DJ         085 069      
QSO:  3530 CW 2017-08-19 0811 LZ0DV         081 085       LZ0DD         057 092      
QSO:  3530 CW 2017-08-19 0812 LZ0DV         082 057       LZ0DP         076 079      
QSO:  3550 CW 2017-08-19 0813 LZ0DV         083 076       LZ0AU         041 081      
QSO:  3528 CW 2017-08-19 0814 LZ0DV         084 041       LZ0FD         083 087      
QSO:  3530 CW 2017-08-19 0815 LZ0DV         085 083       LZ0DF         083 083      
QSO:  3511 CW 2017-08-19 0817 LZ0DV         086 083       LZ0DG         102 080      
QSO:  3516 CW 2017-08-19 0819 LZ0DV         087 102       LZ0DZ         100 098      
QSO:  3522 CW 2017-08-19 0820 LZ0DV         088 100       LZ0AW         100 083      
QSO:  3535 CW 2017-08-19 0821 LZ0DV         089 100       LZ0DR         084 088      
QSO:  3545 CW 2017-08-19 0822 LZ0DV         090 084       LZ0AX         089 083      
QSO:  3523 CW 2017-08-19 0822 LZ0DV         091 089       LZ0AC         093 097      
QSO:  3539 CW 2017-08-19 0824 LZ0DV         092 093       LZ0DM         094 088      
QSO:  3557 CW 2017-08-19 0825 LZ0DV         093 094       LZ0FC         083 115      
QSO:  3534 CW 2017-08-19 0826 LZ0DV         094 083       LZ0DC         117 031      
QSO:  3545 CW 2017-08-19 0827 LZ0DV         095 117       LZ0FY         089 093      
QSO:  3521 CW 2017-08-19 0828 LZ0DV         096 089       LZ0DK         060 093      
QSO:  3530 CW 2017-08-19 0829 LZ0DV         097 060       LZ0AM         105 093      
QSO:  3530 CW 2017-08-19 0830 LZ0DV         098 105       LZ0AK         094 092      
QSO:  3530 CW 2017-08-19 0830 LZ0DV         099 094       LZ0FG         104 094      
QSO:  3530 CW 2017-08-19 0831 LZ0DV         100 104       LZ0DW         110 095      
QSO:  3530 CW 2017-08-19 0832 LZ0DV         101 110       LZ0AN         111 066      
QSO:  3530 CW 2017-08-19 0832 LZ0DV         102 111       LZ0FX         068 112      
QSO:  3512 CW 2017-08-19 0835 LZ0DV         103 068       LZ0DF         103 047      
QSO:  3525 CW 2017-08-19 0836 LZ0DV         104 103       LZ0FA         099 120      
QSO:  3533 CW 2017-08-19 0837 LZ0DV         105 099       LZ0AJ         114 115      
QSO:  3530 CW 2017-08-19 0838 LZ0DV         106 114       LZ0DL         118 101      
QSO:  3536 CW 2017-08-19 0839 LZ0DV         107 118       LZ0AP         097 117      
QSO:  3530 CW 2017-08-19 0840 LZ0DV         108 097       LZ0DY         122 109      
QSO:  3530 CW 2017-08-19 0841 LZ0DV         109 122       LZ0DA         117 101      
QSO:  3530 CW 2017-08-19 0841 LZ0DV         110 117       LZ0AG         112 103      
QSO:  3530 CW 2017-08-19 0842 LZ0DV         111 112       LZ0DJ         119 106      
QSO:  3530 CW 2017-08-19 0842 LZ0DV         112 119       LZ0AL         103 058      
QSO:  3530 CW 2017-08-19 0843 LZ0DV         113 103       LZ0AV         110 102      
QSO:  3530 CW 2017-08-19 0843 LZ0DV         114 110       LZ0DN         111 119      
QSO:  3530 CW 2017-08-19 0844 LZ0DV         115 111       LZ0DP         106 127      
QSO:  3526 CW 2017-08-19 0845 LZ0DV         116 106       LZ0FJ         127 105      
QSO:  3550 CW 2017-08-19 0845 LZ0DV         117 127       LZ0DT         109 127      
QSO:  3528 CW 2017-08-19 0846 LZ0DV         118 109       LZ0FD         117 125      
QSO:  3559 CW 2017-08-19 0847 LZ0DV         119 117       LZ0AY         110 084      
QSO:  3555 CW 2017-08-19 0848 LZ0DV         120 110       LZ0AU         066 111      
QSO:  3532 CW 2017-08-19 0850 LZ0DV         121 066       LZ0AA         111 056      
QSO:  3541 CW 2017-08-19 0850 LZ0DV         122 111       LZ0AF         122 116      
QSO:  3541 CW 2017-08-19 0851 LZ0DV         123 122       LZ0FF         128 112      
QSO:  3522 CW 2017-08-19 0852 LZ0DV         124 128       LZ0AW         137 135      
QSO:  3535 CW 2017-08-19 0852 LZ0DV         125 137       LZ0DR         114 131      
QSO:  3511 CW 2017-08-19 0852 LZ0DV         126 114       LZ0DG         137 112      
QSO:  3530 CW 2017-08-19 0853 LZ0DV         127 137       LZ0AT         143 116      
QSO:  3530 CW 2017-08-19 0854 LZ0DV         128 143       LZ0AX         121 129      
QSO:  3516 CW 2017-08-19 0855 LZ0DV         129 121       LZ0DZ         140 132      
QSO:  3539 CW 2017-08-19 0855 LZ0DV         130 140       LZ0DM         127 130      
QSO:  3534 CW 2017-08-19 0856 LZ0DV         131 127       LZ0DC         154 120      
QSO:  3557 CW 2017-08-19 0858 LZ0DV         132 154       LZ0FC         118 125      
QSO:  3545 CW 2017-08-19 0859 LZ0DV         133 118       LZ0FY         126 074      
QSO:  3530 CW 2017-08-19 0900 LZ0DV         134 126       LZ0AM         145 125      
QSO:  3530 CW 2017-08-19 0901 LZ0DV         135 145       LZ0AK         127 122      
QSO:  3530 CW 2017-08-19 0901 LZ0DV         136 127       LZ0FG         136 128      
QSO:  3530 CW 2017-08-19 0902 LZ0DV         137 136       LZ0DW         146 131      
QSO:  3530 CW 2017-08-19 0902 LZ0DV         138 146       LZ0DK         089 146      
QSO:  3523 CW 2017-08-19 0904 LZ0DV         139 089       LZ0AC         103 148      
QSO:  3514 CW 2017-08-19 0905 LZ0DV         140 103       LZ0AR         132 138      
QSO:  3519 CW 2017-08-19 0906 LZ0DV         141 132       LZ0AN         154 147      
QSO:  3525 CW 2017-08-19 0907 LZ0DV         142 154       LZ0FA         133 142      
QSO:  3533 CW 2017-08-19 0911 LZ0DV         143 133       LZ0AJ         158 152      
QSO:  3530 CW 2017-08-19 0911 LZ0DV         144 158       LZ0DA         154 133      
QSO:  3530 CW 2017-08-19 0912 LZ0DV         145 154       LZ0DY         156 146      
QSO:  3530 CW 2017-08-19 0912 LZ0DV         146 156       LZ0DL         159 136      
QSO:  3530 CW 2017-08-19 0913 LZ0DV         147 159       LZ0AG         151 135      
QSO:  3530 CW 2017-08-19 0913 LZ0DV         148 151       LZ0DJ         158 147      
QSO:  3530 CW 2017-08-19 0914 LZ0DV         149 158       LZ0AV         147 091      
QSO:  3530 CW 2017-08-19 0914 LZ0DV         150 147       LZ0AL         136 162      
QSO:  3530 CW 2017-08-19 0915 LZ0DV         151 136       LZ0DN         146 164      
QSO:  3530 CW 2017-08-19 0915 LZ0DV         152 146       LZ0DP         141 164      
QSO:  3530 CW 2017-08-19 0915 LZ0DV         153 141       LZ0DF         141 162      
QSO:  3530 CW 2017-08-19 0916 LZ0DV         154 141       LZ0DT         139 151      
QSO:  3530 CW 2017-08-19 0917 LZ0DV         155 139       LZ0FJ         168 145      
QSO:  3536 CW 2017-08-19 0918 LZ0DV         156 168       LZ0AP         143 158      
QSO:  3559 CW 2017-08-19 0918 LZ0DV         157 143       LZ0AY         146 168      
QSO:  3528 CW 2017-08-19 0919 LZ0DV         158 146       LZ0FD         154 164      
QSO:  3510 CW 2017-08-19 0919 LZ0DV         159 154       LZ0FZ         063 145      
QSO:  3520 CW 2017-08-19 0921 LZ0DV         160 063       LZ0FF         169 146      
QSO:  3522 CW 2017-08-19 0923 LZ0DV         161 169       LZ0AW         173 154      
QSO:  3535 CW 2017-08-19 0923 LZ0DV         162 173       LZ0DR         148 145      
QSO:  3511 CW 2017-08-19 0924 LZ0DV         163 148       LZ0DG         172 116      
QSO:  3541 CW 2017-08-19 0924 LZ0DV         164 172       LZ0AF         162 168      
QSO:  3532 CW 2017-08-19 0925 LZ0DV         165 162       LZ0AA         152 175      
QSO:  3516 CW 2017-08-19 0925 LZ0DV         166 152       LZ0DZ         178 117      
QSO:  3540 CW 2017-08-19 0926 LZ0DV         167 178       LZ0DM         163 155      
QSO:  3530 CW 2017-08-19 0927 LZ0DV         168 163       LZ0AT         186 153      
QSO:  3534 CW 2017-08-19 0929 LZ0DV         169 186       LZ0DC         194 160      
QSO:  3545 CW 2017-08-19 0929 LZ0DV         170 194       LZ0FY         163 188      
QSO:  3557 CW 2017-08-19 0930 LZ0DV         171 163       LZ0FC         153 166      
QSO:  3530 CW 2017-08-19 0930 LZ0DV         172 153       LZ0AX         161 155      
QSO:  3530 CW 2017-08-19 0931 LZ0DV         173 161       LZ0AM         184 156      
QSO:  3530 CW 2017-08-19 0933 LZ0DV         174 184       LZ0AK         166 989      
QSO:  3529 CW 2017-08-19 0935 LZ0DV         175 166       LZ0FX         126 168      
QSO:  3514 CW 2017-08-19 0937 LZ0DV         176 126       LZ0AR         171 161      
QSO:  3512 CW 2017-08-19 0938 LZ0DV         177 171       LZ0DX         094 192      
QSO:  3534 CW 2017-08-19 0939 LZ0DV         178 094       LZ0DU         096 163      
QSO:  3550 CW 2017-08-19 0940 LZ0DV         179 096       LZ0AU         094 164      
QSO:  3519 CW 2017-08-19 0941 LZ0DV         180 094       LZ0AN         195 098      
QSO:  3525 CW 2017-08-19 0941 LZ0DV         181 195       LZ0FA         172 176      
QSO:  3533 CW 2017-08-19 0941 LZ0DV         182 172       LZ0AJ         196 179      
QSO:  3530 CW 2017-08-19 0942 LZ0DV         183 196       LZ0DY         193 207      
QSO:  3530 CW 2017-08-19 0943 LZ0DV         184 193       LZ0FG         185 194      
QSO:  3530 CW 2017-08-19 0943 LZ0DV         185 185       LZ0AG         187 200      
QSO:  3530 CW 2017-08-19 0944 LZ0DV         186 187       LZ0DA         194 173      
QSO:  3530 CW 2017-08-19 0944 LZ0DV         187 194       LZ0DJ         193 190      
QSO:  3530 CW 2017-08-19 0944 LZ0DV         188 193       LZ0DW         201 201      
QSO:  3530 CW 2017-08-19 0945 LZ0DV         189 201       LZ0AV         181 170      
QSO:  3530 CW 2017-08-19 0945 LZ0DV         190 181       LZ0DL         184 202      
QSO:  3530 CW 2017-08-19 0945 LZ0DV         191 184       LZ0AL         169 202      
QSO:  3530 CW 2017-08-19 0946 LZ0DV         192 169       LZ0DT         169 185      
QSO:  3530 CW 2017-08-19 0946 LZ0DV         193 169       LZ0DN         182 169      
QSO:  3530 CW 2017-08-19 0947 LZ0DV         194 182       LZ0DP         176 112      
QSO:  3536 CW 2017-08-19 0949 LZ0DV         195 176       LZ0AP         176 202      
QSO:  3559 CW 2017-08-19 0950 LZ0DV         196 176       LZ0AY         180 201      
QSO:  3528 CW 2017-08-19 0950 LZ0DV         197 180       LZ0FD         194 116      
QSO:  3510 CW 2017-08-19 0951 LZ0DV         198 194       LZ0FZ         083 177      
QSO:  3520 CW 2017-08-19 0952 LZ0DV         199 083       LZ0FF         202 186      
QSO:  3522 CW 2017-08-19 0953 LZ0DV         200 202       LZ0AW         208 178      
QSO:  3541 CW 2017-08-19 0955 LZ0DV         201 208       LZ0AF         197 202      
QSO:  3532 CW 2017-08-19 0956 LZ0DV         202 197       LZ0AA         188 143      
QSO:  3540 CW 2017-08-19 0956 LZ0DV         203 188       LZ0DM         199 123      
QSO:  3516 CW 2017-08-19 0957 LZ0DV         204 199       LZ0DZ         219 210      
QSO:  3511 CW 2017-08-19 0957 LZ0DV         205 219       LZ0DG         206 218      
QSO:  3535 CW 2017-08-19 0958 LZ0DV         206 206       LZ0AD         127 212      
QSO:  3521 CW 2017-08-19 0959 LZ0DV         207 127       LZ0DK         126 183      
QSO:  3534 CW 2017-08-19 0959 LZ0DV         208 126       LZ0DC         232 189      
QSO:  3545 CW 2017-08-19 1000 LZ0DV         209 232       LZ0FY         200 209      
QSO:  3530 CW 2017-08-19 1001 LZ0DV         210 200       LZ0AT         228 233      
QSO:  3530 CW 2017-08-19 1002 LZ0DV         211 228       LZ0DR         180 206      
QSO:  3530 CW 2017-08-19 1002 LZ0DV         212 180       LZ0AM         227 198      
QSO:  3530 CW 2017-08-19 1002 LZ0DV         213 227       LZ0FJ         227 115      
QSO:  3557 CW 2017-08-19 1004 LZ0DV         214 227       LZ0FC         192 213      
QSO:  3512 CW 2017-08-19 1008 LZ0DV         215 192       LZ0DX         122 209      
QSO:  3514 CW 2017-08-19 1009 LZ0DV         216 122       LZ0AR         204 233      
QSO:  3529 CW 2017-08-19 1009 LZ0DV         217 204       LZ0FX         159 191      
QSO:  3534 CW 2017-08-19 1010 LZ0DV         218 159       LZ0DD         172 210      
QSO:  3550 CW 2017-08-19 1010 LZ0DV         219 172       LZ0AU         109 240      
QSO:  3530 CW 2017-08-19 1011 LZ0DV         220 109       LZ0AK         210 198      
QSO:  3530 CW 2017-08-19 1012 LZ0DV         221 210       LZ0DF         203 198      
QSO:  3530 CW 2017-08-19 1012 LZ0DV         222 203       LZ0DY         230 207      
QSO:  3530 CW 2017-08-19 1013 LZ0DV         223 230       LZ0FG         221 194      
QSO:  3530 CW 2017-08-19 1014 LZ0DV         224 221       LZ0DA         233 206      
QSO:  3530 CW 2017-08-19 1014 LZ0DV         225 233       LZ0AN         239 192      
QSO:  3530 CW 2017-08-19 1014 LZ0DV         226 239       LZ0DW         233 003      
QSO:  3530 CW 2017-08-19 1015 LZ0DV         227 233       LZ0AG         227 240      
QSO:  3530 CW 2017-08-19 1017 LZ0DV         228 227       LZ0DJ         235 241      
QSO:  3530 CW 2017-08-19 1017 LZ0DV         229 235       LZ0DL         217 207      
QSO:  3530 CW 2017-08-19 1017 LZ0DV         230 217       LZ0DT         205 243      
QSO:  3530 CW 2017-08-19 1018 LZ0DV         231 205       LZ0DP         211 139      
QSO:  3530 CW 2017-08-19 1018 LZ0DV         232 211       LZ0AC         143 222      
QSO:  3530 CW 2017-08-19 1019 LZ0DV         233 143       LZ0AL         201 219      
QSO:  3530 CW 2017-08-19 1019 LZ0DV         234 201       LZ0FA         215 239      
QSO:  3559 CW 2017-08-19 1020 LZ0DV         235 215       LZ0AY         213 240      
QSO:  3536 CW 2017-08-19 1021 LZ0DV         236 213       LZ0AP         211 239      
QSO:  3528 CW 2017-08-19 1021 LZ0DV         237 211       LZ0FD         231 143      
QSO:  3533 CW 2017-08-19 1022 LZ0DV         238 231       LZ0AJ         251 242      
QSO:  3520 CW 2017-08-19 1023 LZ0DV         239 251       LZ0FF         232 209      
QSO:  3522 CW 2017-08-19 1023 LZ0DV         240 232       LZ0AW         242 258      
QSO:  3530 CW 2017-08-19 1024 LZ0DV         241 242       LZ0DN         226 146      
QSO:  3541 CW 2017-08-19 1025 LZ0DV         242 226       LZ0AF         233 244      
QSO:  3540 CW 2017-08-19 1027 LZ0DV         243 233       LZ0DM         229 140      
QSO:  3532 CW 2017-08-19 1027 LZ0DV         244 229       LZ0AA         219 255      
QSO:  3516 CW 2017-08-19 1027 LZ0DV         245 219       LZ0DZ         258 018      
QSO:  3511 CW 2017-08-19 1029 LZ0DV         246 258       LZ0DG         249 251      
QSO:  3535 CW 2017-08-19 1030 LZ0DV         247 249       LZ0AD         158 143      
QSO:  3534 CW 2017-08-19 1030 LZ0DV         248 158       LZ0DC         271 244      
QSO:  3545 CW 2017-08-19 1031 LZ0DV         249 271       LZ0FY         238 203      
QSO:  3521 CW 2017-08-19 1032 LZ0DV         250 238       LZ0DK         154 157      
QSO:  3530 CW 2017-08-19 1033 LZ0DV         251 154       LZ0FJ         264 235      
QSO:  3530 CW 2017-08-19 1034 LZ0DV         252 264       LZ0AM         264 236      
QSO:  3530 CW 2017-08-19 1034 LZ0DV         253 264       LZ0AT         270 240      
QSO:  3530 CW 2017-08-19 1035 LZ0DV         254 270       LZ0DR         209 266      
QSO:  3557 CW 2017-08-19 1036 LZ0DV         255 209       LZ0FC         229 256      
QSO:  3545 CW 2017-08-19 1037 LZ0DV         256 229       LZ0AX         226 147      
QSO:  3512 CW 2017-08-19 1039 LZ0DV         257 226       LZ0DX         152 227      
QSO:  3514 CW 2017-08-19 1041 LZ0DV         258 152       LZ0AR         243 249      
QSO:  3530 CW 2017-08-19 1042 LZ0DV         259 243       LZ0AK         247 251      
QSO:  3530 CW 2017-08-19 1043 LZ0DV         260 247       LZ0FG         260 267      
QSO:  3530 CW 2017-08-19 1043 LZ0DV         261 260       LZ0DY         272 163      
QSO:  3530 CW 2017-08-19 1044 LZ0DV         262 272       LZ0DA         269 259      
QSO:  3530 CW 2017-08-19 1044 LZ0DV         263 269       LZ0AN         277 250      
QSO:  3530 CW 2017-08-19 1044 LZ0DV         264 277       LZ0DW         270 262      
QSO:  3530 CW 2017-08-19 1045 LZ0DV         265 270       LZ0AV         254 154      
QSO:  3530 CW 2017-08-19 1045 LZ0DV         266 254       LZ0DU         155 253      
QSO:  3530 CW 2017-08-19 1046 LZ0DV         267 155       LZ0AG         268 280      
QSO:  3530 CW 2017-08-19 1047 LZ0DV         268 268       LZ0DJ         272 256      
QSO:  3530 CW 2017-08-19 1047 LZ0DV         269 272       LZ0FK         031 249      
QSO:  3530 CW 2017-08-19 1048 LZ0DV         270 031       LZ0DF         242 259      
QSO:  3530 CW 2017-08-19 1048 LZ0DV         271 242       LZ0DT         237 164      
QSO:  3530 CW 2017-08-19 1048 LZ0DV         272 237       LZ0DP         252 257      
QSO:  3530 CW 2017-08-19 1049 LZ0DV         273 252       LZ0AL         232 268      
QSO:  3559 CW 2017-08-19 1051 LZ0DV         274 232       LZ0AY         246 246      
QSO:  3536 CW 2017-08-19 1052 LZ0DV         275 246       LZ0AP         246 276      
QSO:  3528 CW 2017-08-19 1052 LZ0DV         276 246       LZ0FD         266 167      
QSO:  3533 CW 2017-08-19 1053 LZ0DV         277 266       LZ0AJ         291 256      
QSO:  3520 CW 2017-08-19 1053 LZ0DV         278 291       LZ0FF         269 247      
QSO:  3522 CW 2017-08-19 1054 LZ0DV         279 269       LZ0AW         282 287      
QSO:  3530 CW 2017-08-19 1056 LZ0DV         280 282       LZ0FX         203 255      
QSO:  3541 CW 2017-08-19 1057 LZ0DV         281 203       LZ0AF         272 304      
QSO:  3530 CW 2017-08-19 1057 LZ0DV         282 272       LZ0FA         261 272      
QSO:  3540 CW 2017-08-19 1058 LZ0DV         283 261       LZ0DM         268 167      
QSO:  3532 CW 2017-08-19 1058 LZ0DV         284 268       LZ0AA         254 227      
QSO:  3516 CW 2017-08-19 1059 LZ0DV         285 254       LZ0DZ         296 258      
QSO:  3511 CW 2017-08-19 1059 LZ0DV         286 296       LZ0DG         290 289      
END-OF-LOG:
