START-OF-LOG: 2.0
CALLSIGN: LZ0DX
CLUB: Кнежа  
CONTEST: LZ-OPEN
CATEGORY: SINGLE-OP 80M LOW CW
CATEGORY-OVERLAY: EXPERT
CLAIMED-SCORE: 169
OPERATORS: LZ2WO
NAME: Валентин Орешенски LZ2WO
ADDRESS: D.Butanski 54
ADDRESS: knezha,  5835
ADDRESS: BULGARIA
CREATED-BY: N1MM Logger+ 1.0.6666.0
QSO:  3500 CW 2017-08-19 0701 LZ0DX         001 000       LZ0DU         003 001      
QSO:  3502 CW 2017-08-19 0703 LZ0DX         002 003       LZ0AR         005 002      
QSO:  3511 CW 2017-08-19 0704 LZ0DX         003 005       LZ0DG         012 004      
QSO:  3517 CW 2017-08-19 0705 LZ0DX         004 012       LZ0DZ         012 003      
QSO:  3520 CW 2017-08-19 0706 LZ0DX         005 012       LZ0FF         016 006      
QSO:  3522 CW 2017-08-19 0706 LZ0DX         006 016       LZ0AW         013 012      
QSO:  3525 CW 2017-08-19 0707 LZ0DX         007 013       LZ0FA         007 014      
QSO:  3526 CW 2017-08-19 0708 LZ0DX         008 007       LZ0FJ         011 011      
QSO:  3528 CW 2017-08-19 0709 LZ0DX         009 011       LZ0FD         014 016      
QSO:  3530 CW 2017-08-19 0710 LZ0DX         010 014       LZ0DV         018 017      
QSO:  3533 CW 2017-08-19 0711 LZ0DX         011 018       LZ0AJ         018 018      
QSO:  3540 CW 2017-08-19 0713 LZ0DX         012 018       LZ0DM         016 013      
QSO:  3542 CW 2017-08-19 0714 LZ0DX         013 016       LZ0AT         024 014      
QSO:  3557 CW 2017-08-19 0716 LZ0DX         014 024       LZ0FC         014 019      
QSO:  3559 CW 2017-08-19 0719 LZ0DX         015 014       LZ0AY         024 031      
QSO:  3509 CW 2017-08-19 0730 LZ0DX         016 024       LZ0DN         030 035      
QSO:  3509 CW 2017-08-19 0730 LZ0DX         017 030       LZ0DL         040 028      
QSO:  3509 CW 2017-08-19 0731 LZ0DX         018 040       LZ0DF         034 038      
QSO:  3511 CW 2017-08-19 0735 LZ0DX         019 034       LZ0DG         052 032      
QSO:  3514 CW 2017-08-19 0735 LZ0DX         020 052       LZ0AR         037 037      
QSO:  3517 CW 2017-08-19 0737 LZ0DX         021 037       LZ0DZ         047 036      
QSO:  3520 CW 2017-08-19 0737 LZ0DX         022 047       LZ0FF         045 047      
QSO:  3522 CW 2017-08-19 0738 LZ0DX         023 045       LZ0AW         046 037      
QSO:  3525 CW 2017-08-19 0739 LZ0DX         024 046       LZ0FA         039 044      
QSO:  3526 CW 2017-08-19 0740 LZ0DX         025 039       LZ0FJ         049 045      
QSO:  3528 CW 2017-08-19 0741 LZ0DX         026 049       LZ0FD         045 042      
QSO:  3530 CW 2017-08-19 0743 LZ0DX         027 045       LZ0DV         051 047      
QSO:  3531 CW 2017-08-19 0743 LZ0DX         028 051       LZ0DY         053 050      
QSO:  3533 CW 2017-08-19 0744 LZ0DX         029 053       LZ0AJ         054 055      
QSO:  3535 CW 2017-08-19 0744 LZ0DX         030 054       LZ0DR         044 050      
QSO:  3540 CW 2017-08-19 0748 LZ0DX         031 044       LZ0DM         053 050      
QSO:  3542 CW 2017-08-19 0749 LZ0DX         032 053       LZ0AT         067 051      
QSO:  3545 CW 2017-08-19 0750 LZ0DX         033 067       LZ0AX         055 051      
QSO:  3550 CW 2017-08-19 0752 LZ0DX         034 055       LZ0DT         065 055      
QSO:  3552 CW 2017-08-19 0753 LZ0DX         035 065       LZ0AG         060 064      
QSO:  3557 CW 2017-08-19 0753 LZ0DX         036 060       LZ0FC         050 077      
QSO:  3559 CW 2017-08-19 0754 LZ0DX         037 050       LZ0AY         060 067      
QSO:  3509 CW 2017-08-19 0759 LZ0DX         038 060       LZ0FX         039 065      
QSO:  3510 CW 2017-08-19 0800 LZ0DX         039 039       LZ0DL         078 043      
QSO:  3513 CW 2017-08-19 0803 LZ0DX         040 078       LZ0DF         068 075      
QSO:  3511 CW 2017-08-19 0807 LZ0DX         041 068       LZ0DG         088 083      
QSO:  3517 CW 2017-08-19 0809 LZ0DX         042 088       LZ0DZ         085 074      
QSO:  3520 CW 2017-08-19 0810 LZ0DX         043 085       LZ0FF         080 088      
QSO:  3522 CW 2017-08-19 0810 LZ0DX         044 080       LZ0AW         086 082      
QSO:  3525 CW 2017-08-19 0811 LZ0DX         045 086       LZ0FA         072 084      
QSO:  3528 CW 2017-08-19 0812 LZ0DX         046 072       LZ0FD         080 075      
QSO:  3513 CW 2017-08-19 0834 LZ0DX         047 080       LZ0DF         102 113      
QSO:  3515 CW 2017-08-19 0839 LZ0DX         048 102       LZ0DK         069 119      
QSO:  3517 CW 2017-08-19 0841 LZ0DX         049 069       LZ0DZ         123 086      
QSO:  3520 CW 2017-08-19 0841 LZ0DX         050 123       LZ0FF         118 038      
QSO:  3522 CW 2017-08-19 0842 LZ0DX         051 118       LZ0AW         124 108      
QSO:  3523 CW 2017-08-19 0843 LZ0DX         052 124       LZ0AV         111 113      
QSO:  3525 CW 2017-08-19 0844 LZ0DX         053 111       LZ0FA         110 125      
QSO:  3526 CW 2017-08-19 0846 LZ0DX         054 110       LZ0FJ         129 111      
QSO:  3528 CW 2017-08-19 0846 LZ0DX         055 129       LZ0FD         119 128      
QSO:  3533 CW 2017-08-19 0849 LZ0DX         056 119       LZ0AJ         135 134      
QSO:  3534 CW 2017-08-19 0851 LZ0DX         057 135       LZ0DC         147 135      
QSO:  3535 CW 2017-08-19 0854 LZ0DX         058 147       LZ0DR         118 138      
QSO:  3540 CW 2017-08-19 0858 LZ0DX         059 118       LZ0DM         129 130      
QSO:  3542 CW 2017-08-19 0859 LZ0DX         060 129       LZ0AT         148 155      
QSO:  3545 CW 2017-08-19 0900 LZ0DX         061 148       LZ0FY         130 132      
QSO:  3557 CW 2017-08-19 0902 LZ0DX         062 130       LZ0FC         125 149      
QSO:  3554 CW 2017-08-19 0904 LZ0DX         063 125       LZ0DJ         146 148      
QSO:  3513 CW 2017-08-19 0905 LZ0DX         064 146       LZ0DU         064 153      
QSO:  3513 CW 2017-08-19 0906 LZ0DX         065 064       LZ0AM         153 152      
QSO:  3513 CW 2017-08-19 0906 LZ0DX         066 153       LZ0AN         155 141      
QSO:  3513 CW 2017-08-19 0907 LZ0DX         067 155       LZ0DL         153 152      
QSO:  3513 CW 2017-08-19 0907 LZ0DX         068 153       LZ0AG         144 056      
QSO:  3513 CW 2017-08-19 0908 LZ0DX         069 144       LZ0AX         141 164      
QSO:  3513 CW 2017-08-19 0908 LZ0DX         070 141       LZ0DA         149 158      
QSO:  3513 CW 2017-08-19 0910 LZ0DX         071 149       LZ0AF         142 136      
QSO:  3512 CW 2017-08-19 0913 LZ0DX         072 142       LZ0DF         139 159      
QSO:  3514 CW 2017-08-19 0913 LZ0DX         073 139       LZ0AR         142 133      
QSO:  3517 CW 2017-08-19 0914 LZ0DX         074 142       LZ0DZ         166 148      
QSO:  3520 CW 2017-08-19 0914 LZ0DX         075 166       LZ0FF         156 142      
QSO:  3522 CW 2017-08-19 0915 LZ0DX         076 156       LZ0AW         165 146      
QSO:  3523 CW 2017-08-19 0917 LZ0DX         077 165       LZ0AV         153 156      
QSO:  3524 CW 2017-08-19 0917 LZ0DX         078 153       LZ0AC         115 159      
QSO:  3525 CW 2017-08-19 0918 LZ0DX         079 115       LZ0FA         148 178      
QSO:  3528 CW 2017-08-19 0919 LZ0DX         080 148       LZ0FD         155 158      
QSO:  3527 CW 2017-08-19 0921 LZ0DX         081 155       LZ0DP         148 172      
QSO:  3534 CW 2017-08-19 0922 LZ0DX         082 148       LZ0DC         185 153      
QSO:  3544 CW 2017-08-19 0924 LZ0DX         083 185       LZ0DN         158 156      
QSO:  3545 CW 2017-08-19 0924 LZ0DX         084 158       LZ0FG         167 153      
QSO:  3550 CW 2017-08-19 0926 LZ0DX         085 167       LZ0DT         153 119      
QSO:  3559 CW 2017-08-19 0929 LZ0DX         086 153       LZ0AY         160 102      
QSO:  3555 CW 2017-08-19 0931 LZ0DX         087 160       LZ0DY         186 157      
QSO:  3557 CW 2017-08-19 0933 LZ0DX         088 186       LZ0FC         159 158      
QSO:  3513 CW 2017-08-19 0935 LZ0DX         089 159       LZ0AT         195 187      
QSO:  3513 CW 2017-08-19 0936 LZ0DX         090 195       LZ0DR         160 163      
QSO:  3513 CW 2017-08-19 0936 LZ0DX         091 160       LZ0DL         172 197      
QSO:  3513 CW 2017-08-19 0937 LZ0DX         092 172       LZ0DU         093 193      
QSO:  3513 CW 2017-08-19 0937 LZ0DX         093 093       LZ0AN         192 181      
QSO:  3513 CW 2017-08-19 0937 LZ0DX         094 192       LZ0DV         177 171      
QSO:  3513 CW 2017-08-19 0938 LZ0DX         095 177       LZ0AG         181 076      
QSO:  3513 CW 2017-08-19 0938 LZ0DX         096 181       LZ0DA         186 196      
QSO:  3513 CW 2017-08-19 0939 LZ0DX         097 186       LZ0AM         194 192      
QSO:  3513 CW 2017-08-19 0939 LZ0DX         098 194       LZ0AA         163 171      
QSO:  3513 CW 2017-08-19 0939 LZ0DX         099 163       LZ0FJ         195 204      
QSO:  3511 CW 2017-08-19 0942 LZ0DX         100 195       LZ0DG         195 168      
QSO:  3512 CW 2017-08-19 0943 LZ0DX         101 195       LZ0DF         173 199      
QSO:  3521 CW 2017-08-19 0944 LZ0DX         102 173       LZ0DK         111 200      
QSO:  3528 CW 2017-08-19 0947 LZ0DX         103 111       LZ0FD         188 206      
QSO:  3533 CW 2017-08-19 0948 LZ0DX         104 188       LZ0AJ         208 176      
QSO:  3540 CW 2017-08-19 0951 LZ0DX         105 208       LZ0DM         193 183      
QSO:  3541 CW 2017-08-19 0952 LZ0DX         106 193       LZ0AF         193 212      
QSO:  3544 CW 2017-08-19 0955 LZ0DX         107 193       LZ0DN         193 194      
QSO:  3545 CW 2017-08-19 0955 LZ0DX         108 193       LZ0FG         206 185      
QSO:  3545 CW 2017-08-19 0956 LZ0DX         109 206       LZ0FY         195 190      
QSO:  3547 CW 2017-08-19 0957 LZ0DX         110 195       LZ0AK         195 190      
QSO:  3514 CW 2017-08-19 1000 LZ0DX         111 195       LZ0AR         190 220      
QSO:  3520 CW 2017-08-19 1001 LZ0DX         112 190       LZ0FF         208 219      
QSO:  3522 CW 2017-08-19 1001 LZ0DX         113 208       LZ0AW         214 190      
QSO:  3523 CW 2017-08-19 1002 LZ0DX         114 214       LZ0AV         199 226      
QSO:  3525 CW 2017-08-19 1003 LZ0DX         115 199       LZ0FA         194 187      
QSO:  3531 CW 2017-08-19 1004 LZ0DX         116 194       LZ0FX         152 228      
QSO:  3531 CW 2017-08-19 1004 LZ0DX         117 152       LZ0DY         223 150      
QSO:  3534 CW 2017-08-19 1005 LZ0DX         118 223       LZ0DC         239 204      
QSO:  3513 CW 2017-08-19 1006 LZ0DX         119 239       LZ0AT         234 200      
QSO:  3513 CW 2017-08-19 1007 LZ0DX         120 234       LZ0DZ         231 195      
QSO:  3513 CW 2017-08-19 1007 LZ0DX         121 231       LZ0DL         209 155      
QSO:  3513 CW 2017-08-19 1008 LZ0DX         122 209       LZ0DV         215 192      
QSO:  3513 CW 2017-08-19 1008 LZ0DX         123 215       LZ0DA         227 233      
QSO:  3513 CW 2017-08-19 1009 LZ0DX         124 227       LZ0AG         220 206      
QSO:  3513 CW 2017-08-19 1010 LZ0DX         125 220       LZ0AN         236 161      
QSO:  3513 CW 2017-08-19 1010 LZ0DX         126 236       LZ0FJ         236 240      
QSO:  3518 CW 2017-08-19 1012 LZ0DX         127 236       LZ0DW         228 248      
QSO:  3511 CW 2017-08-19 1013 LZ0DX         128 228       LZ0DG         231 134      
QSO:  3521 CW 2017-08-19 1014 LZ0DX         129 231       LZ0DK         136 240      
QSO:  3527 CW 2017-08-19 1015 LZ0DX         130 136       LZ0DP         208 216      
QSO:  3550 CW 2017-08-19 1016 LZ0DX         131 208       LZ0DT         203 219      
QSO:  3559 CW 2017-08-19 1016 LZ0DX         132 203       LZ0AY         211 236      
QSO:  3557 CW 2017-08-19 1016 LZ0DX         133 211       LZ0FC         206 006      
QSO:  3528 CW 2017-08-19 1019 LZ0DX         134 206       LZ0FD         227 213      
QSO:  3533 CW 2017-08-19 1019 LZ0DX         135 227       LZ0AJ         248 244      
QSO:  3513 CW 2017-08-19 1022 LZ0DX         136 248       LZ0AF         227 247      
QSO:  3540 CW 2017-08-19 1024 LZ0DX         137 227       LZ0DM         227 145      
QSO:  3544 CW 2017-08-19 1026 LZ0DX         138 227       LZ0DN         229 254      
QSO:  3545 CW 2017-08-19 1026 LZ0DX         139 229       LZ0FG         241 185      
QSO:  3545 CW 2017-08-19 1027 LZ0DX         140 241       LZ0FY         232 223      
QSO:  3513 CW 2017-08-19 1029 LZ0DX         141 232       LZ0FX         179 247      
QSO:  3513 CW 2017-08-19 1030 LZ0DX         142 179       LZ0AX         216 226      
QSO:  3514 CW 2017-08-19 1031 LZ0DX         143 216       LZ0AR         224 267      
QSO:  3522 CW 2017-08-19 1032 LZ0DX         144 224       LZ0AW         253 217      
QSO:  3523 CW 2017-08-19 1033 LZ0DX         145 253       LZ0AV         237 263      
QSO:  3525 CW 2017-08-19 1034 LZ0DX         146 237       LZ0FA         229 214      
QSO:  3547 CW 2017-08-19 1034 LZ0DX         147 229       LZ0AK         235 244      
QSO:  3534 CW 2017-08-19 1035 LZ0DX         148 235       LZ0DC         279 164      
QSO:  3531 CW 2017-08-19 1035 LZ0DX         149 279       LZ0DY         261 157      
QSO:  3520 CW 2017-08-19 1036 LZ0DX         150 261       LZ0FF         253 241      
QSO:  3512 CW 2017-08-19 1037 LZ0DX         151 253       LZ0DF         227 282      
QSO:  3513 CW 2017-08-19 1039 LZ0DX         152 227       LZ0DV         257 226      
QSO:  3513 CW 2017-08-19 1039 LZ0DX         153 257       LZ0AG         260 256      
QSO:  3513 CW 2017-08-19 1040 LZ0DX         154 260       LZ0DR         213 263      
QSO:  3513 CW 2017-08-19 1041 LZ0DX         155 213       LZ0DA         267 260      
QSO:  3513 CW 2017-08-19 1041 LZ0DX         156 267       LZ0DZ         272 261      
QSO:  3513 CW 2017-08-19 1041 LZ0DX         157 272       LZ0AN         274 256      
QSO:  3513 CW 2017-08-19 1042 LZ0DX         158 274       LZ0DW         265 264      
QSO:  3513 CW 2017-08-19 1042 LZ0DX         159 265       LZ0FJ         277 229      
QSO:  3511 CW 2017-08-19 1045 LZ0DX         160 277       LZ0DG         274 274      
QSO:  3527 CW 2017-08-19 1046 LZ0DX         161 274       LZ0DP         247 239      
QSO:  3559 CW 2017-08-19 1046 LZ0DX         162 247       LZ0AY         241 273      
QSO:  3557 CW 2017-08-19 1047 LZ0DX         163 241       LZ0FC         242 270      
QSO:  3550 CW 2017-08-19 1047 LZ0DX         164 242       LZ0DT         236 258      
QSO:  3521 CW 2017-08-19 1048 LZ0DX         165 236       LZ0DK         170 207      
QSO:  3513 CW 2017-08-19 1048 LZ0DX         166 170       LZ0DU         159 276      
QSO:  3528 CW 2017-08-19 1051 LZ0DX         167 159       LZ0FD         265 259      
QSO:  3533 CW 2017-08-19 1051 LZ0DX         168 265       LZ0AJ         289 287      
QSO:  3513 CW 2017-08-19 1053 LZ0DX         169 289       LZ0AT         294 281      
QSO:  3540 CW 2017-08-19 1056 LZ0DX         170 294       LZ0DM         266 293      
QSO:  3545 CW 2017-08-19 1057 LZ0DX         171 266       LZ0FG         279 219      
QSO:  3545 CW 2017-08-19 1058 LZ0DX         172 279       LZ0FY         272 241      
END-OF-LOG:

