START-OF-LOG: 2.0 
CALLSIGN: LZ0FX
CLUB: Пловдив  
CONTEST: LZ-OPEN-DOMESTIC
CATEGORY: CHECKLOG 80M HIGH CW
CLAIMED-SCORE: 207
OPERATORS: LZ1JZ
NAME: Антон Тончев LZ1JZ
ADDRESS: P.O Box 185
ADDRESS:  
ADDRESS: PLOVDIV,  4000
ADDRESS: BULGARIA
CREATED-BY: N1MM Logger+ 1.0.6291.0
QSO:  3509 CW 2017-08-19 0711 LZ0FX         001 000       LZ0DC         023 012      
QSO:  3509 CW 2017-08-19 0712 LZ0FX         002 023       LZ0DL         020 026      
QSO:  3509 CW 2017-08-19 0712 LZ0FX         003 020       LZ0FY         011 020      
QSO:  3509 CW 2017-08-19 0712 LZ0FX         004 011       LZ0DW         018 021      
QSO:  3509 CW 2017-08-19 0713 LZ0FX         005 018       LZ0FG         020 019      
QSO:  3509 CW 2017-08-19 0713 LZ0FX         006 020       LZ0DF         016 012      
QSO:  3509 CW 2017-08-19 0714 LZ0FX         007 016       LZ0FJ         018 011      
QSO:  3509 CW 2017-08-19 0715 LZ0FX         008 018       LZ0AN         022 020      
QSO:  3509 CW 2017-08-19 0715 LZ0FX         009 022       LZ0AG         019 012      
QSO:  3509 CW 2017-08-19 0716 LZ0FX         010 019       LZ0DV         021 026      
QSO:  3509 CW 2017-08-19 0718 LZ0FX         011 021       LZ0DY         027 023      
QSO:  3524 CW 2017-08-19 0720 LZ0FX         012 027       LZ0AC         021 024      
QSO:  3523 CW 2017-08-19 0720 LZ0FX         013 021       LZ0AV         022 022      
QSO:  3522 CW 2017-08-19 0721 LZ0FX         014 022       LZ0AW         030 009      
QSO:  3511 CW 2017-08-19 0722 LZ0FX         015 030       LZ0DG         035 030      
QSO:  3522 CW 2017-08-19 0723 LZ0FX         016 035       LZ0FF         031 034      
QSO:  3529 CW 2017-08-19 0723 LZ0FX         017 031       LZ0AL         023 025      
QSO:  3535 CW 2017-08-19 0724 LZ0FX         018 023       LZ0DR         022 028      
QSO:  3555 CW 2017-08-19 0725 LZ0FX         019 022       LZ0AS         024 023      
QSO:  3559 CW 2017-08-19 0725 LZ0FX         020 024       LZ0AY         029 036      
QSO:  3516 CW 2017-08-19 0729 LZ0FX         021 029       LZ0AM         036 032      
QSO:  3522 CW 2017-08-19 0751 LZ0FX         022 036       LZ0AW         065 039      
QSO:  3527 CW 2017-08-19 0752 LZ0FX         023 065       LZ0DP         051 064      
QSO:  3537 CW 2017-08-19 0752 LZ0FX         024 051       LZ0AP         058 049      
QSO:  3545 CW 2017-08-19 0753 LZ0FX         025 058       LZ0FY         054 060      
QSO:  3552 CW 2017-08-19 0754 LZ0FX         026 054       LZ0AG         061 035      
QSO:  3509 CW 2017-08-19 0755 LZ0FX         027 061       LZ0DC         078 049      
QSO:  3509 CW 2017-08-19 0755 LZ0FX         028 078       LZ0FG         066 053      
QSO:  3509 CW 2017-08-19 0756 LZ0FX         029 066       LZ0FJ         070 062      
QSO:  3509 CW 2017-08-19 0756 LZ0FX         030 070       LZ0AN         070 72       
QSO:  3509 CW 2017-08-19 0756 LZ0FX         031 070       LZ0DD         042 064      
QSO:  3509 CW 2017-08-19 0756 LZ0FX         032 042       LZ0DW         066 054      
QSO:  3509 CW 2017-08-19 0757 LZ0FX         033 066       LZ0DY         071 059      
QSO:  3509 CW 2017-08-19 0757 LZ0FX         034 071       LZ0DR         058 057      
QSO:  3509 CW 2017-08-19 0757 LZ0FX         035 058       LZ0DL         076 031      
QSO:  3509 CW 2017-08-19 0758 LZ0FX         036 076       LZ0DV         068 040      
QSO:  3509 CW 2017-08-19 0758 LZ0FX         037 068       LZ0DN         063 054      
QSO:  3509 CW 2017-08-19 0759 LZ0FX         038 063       LZ0AD         065 060      
QSO:  3509 CW 2017-08-19 0759 LZ0FX         039 065       LZ0DX         038 060      
QSO:  3509 CW 2017-08-19 0800 LZ0FX         040 038       LZ0AL         062 066      
QSO:  3509 CW 2017-08-19 0802 LZ0FX         041 062       LZ0AY         065 068      
QSO:  3509 CW 2017-08-19 0802 LZ0FX         042 065       LZ0AK         068 072      
QSO:  3513 CW 2017-08-19 0804 LZ0FX         043 068       LZ0DF         069 040      
QSO:  3514 CW 2017-08-19 0804 LZ0FX         044 069       LZ0AR         070 072      
QSO:  3520 CW 2017-08-19 0805 LZ0FX         045 070       LZ0FF         073 088      
QSO:  3524 CW 2017-08-19 0805 LZ0FX         046 073       LZ0AC         070 060      
QSO:  3528 CW 2017-08-19 0806 LZ0FX         047 070       LZ0FD         071 069      
QSO:  3533 CW 2017-08-19 0806 LZ0FX         048 071       LZ0AJ         080 069      
QSO:  3557 CW 2017-08-19 0807 LZ0FX         049 080       LZ0FC         064 053      
QSO:  3517 CW 2017-08-19 0810 LZ0FX         050 064       LZ0DZ         086 042      
QSO:  3532 CW 2017-08-19 0811 LZ0FX         051 086       LZ0AA         073 079      
QSO:  3540 CW 2017-08-19 0812 LZ0FX         052 073       LZ0DM         079 094      
QSO:  3516 CW 2017-08-19 0817 LZ0FX         053 079       LZ0AM         094 082      
QSO:  3542 CW 2017-08-19 0819 LZ0FX         054 094       LZ0AT         105 085      
QSO:  3542 CW 2017-08-19 0820 LZ0FX         055 105       LZ0AF         088 086      
QSO:  3522 CW 2017-08-19 0821 LZ0FX         056 088       LZ0AW         101 088      
QSO:  3520 CW 2017-08-19 0823 LZ0FX         057 101       LZ0AX         091 103      
QSO:  3520 CW 2017-08-19 0824 LZ0FX         058 091       LZ0DU         025 114      
QSO:  3520 CW 2017-08-19 0825 LZ0FX         059 025       LZ0DG         109 083      
QSO:  3520 CW 2017-08-19 0826 LZ0FX         060 109       LZ0FG         097 091      
QSO:  3520 CW 2017-08-19 0826 LZ0FX         061 097       LZ0DD         071 085      
QSO:  3520 CW 2017-08-19 0827 LZ0FX         062 071       LZ0DC         119 087      
QSO:  3520 CW 2017-08-19 0828 LZ0FX         063 119       LZ0DY         105 092      
QSO:  3520 CW 2017-08-19 0828 LZ0FX         064 105       LZ0DA         103 092      
QSO:  3520 CW 2017-08-19 0829 LZ0FX         065 103       LZ0DW         106 074      
QSO:  3519 CW 2017-08-19 0831 LZ0FX         066 106       LZ0AN         110 104      
QSO:  3526 CW 2017-08-19 0832 LZ0FX         067 110       LZ0FJ         112 085      
QSO:  3530 CW 2017-08-19 0832 LZ0FX         068 112       LZ0DV         102 111      
QSO:  3545 CW 2017-08-19 0833 LZ0FX         069 102       LZ0FY         097 107      
QSO:  3560 CW 2017-08-19 0835 LZ0FX         070 097       LZ0AU         053 107      
QSO:  3565 CW 2017-08-19 0835 LZ0FX         071 053       LZ0FZ         040 095      
QSO:  3509 CW 2017-08-19 0836 LZ0FX         072 040       LZ0AL         097 119      
QSO:  3509 CW 2017-08-19 0837 LZ0FX         073 097       LZ0DN         105 106      
QSO:  3528 CW 2017-08-19 0840 LZ0FX         074 105       LZ0FD         110 121      
QSO:  3533 CW 2017-08-19 0841 LZ0FX         075 110       LZ0AJ         123 115      
QSO:  3537 CW 2017-08-19 0842 LZ0FX         076 123       LZ0AP         102 124      
QSO:  3540 CW 2017-08-19 0842 LZ0FX         077 102       LZ0DM         112 140      
QSO:  3551 CW 2017-08-19 0843 LZ0FX         078 112       LZ0DT         106 098      
QSO:  3559 CW 2017-08-19 0844 LZ0FX         079 106       LZ0AY         106 120      
QSO:  3547 CW 2017-08-19 0844 LZ0FX         080 106       LZ0AK         109 107      
QSO:  3523 CW 2017-08-19 0846 LZ0FX         081 109       LZ0AV         116 128      
QSO:  3517 CW 2017-08-19 0847 LZ0FX         082 116       LZ0DZ         132 122      
QSO:  3515 CW 2017-08-19 0849 LZ0FX         083 132       LZ0AR         106 042      
QSO:  3515 CW 2017-08-19 0853 LZ0FX         084 106       LZ0DL         136 118      
QSO:  3515 CW 2017-08-19 0855 LZ0FX         085 136       LZ0FC         113 138      
QSO:  3516 CW 2017-08-19 0857 LZ0FX         086 113       LZ0AM         138 142      
QSO:  3520 CW 2017-08-19 0858 LZ0FX         087 138       LZ0FF         133 050      
QSO:  3522 CW 2017-08-19 0858 LZ0FX         088 133       LZ0AW         142 141      
QSO:  3525 CW 2017-08-19 0858 LZ0FX         089 142       LZ0FA         126 142      
QSO:  3532 CW 2017-08-19 0859 LZ0FX         090 126       LZ0AA         118 143      
QSO:  3534 CW 2017-08-19 0859 LZ0FX         091 118       LZ0DC         158 144      
QSO:  3536 CW 2017-08-19 0900 LZ0FX         092 158       LZ0DD         104 138      
QSO:  3552 CW 2017-08-19 0901 LZ0FX         093 104       LZ0AG         134 140      
QSO:  3554 CW 2017-08-19 0901 LZ0FX         094 134       LZ0DJ         142 094      
QSO:  3537 CW 2017-08-19 0902 LZ0FX         095 142       LZ0DU         059 122      
QSO:  3537 CW 2017-08-19 0903 LZ0FX         096 059       LZ0DF         127 147      
QSO:  3537 CW 2017-08-19 0903 LZ0FX         097 127       LZ0DW         147 137      
QSO:  3527 CW 2017-08-19 0906 LZ0FX         098 147       LZ0DP         128 151      
QSO:  3511 CW 2017-08-19 0907 LZ0FX         099 128       LZ0FZ         057 143      
QSO:  3551 CW 2017-08-19 0909 LZ0FX         100 057       LZ0AU         075 146      
QSO:  3528 CW 2017-08-19 0911 LZ0FX         101 075       LZ0FD         145 153      
QSO:  3526 CW 2017-08-19 0911 LZ0FX         102 145       LZ0FJ         157 168      
QSO:  3524 CW 2017-08-19 0912 LZ0FX         103 157       LZ0AC         112 134      
QSO:  3537 CW 2017-08-19 0913 LZ0FX         104 112       LZ0AP         135 163      
QSO:  3540 CW 2017-08-19 0914 LZ0FX         105 135       LZ0DM         149 169      
QSO:  3542 CW 2017-08-19 0914 LZ0FX         106 149       LZ0AF         149 165      
QSO:  3548 CW 2017-08-19 0915 LZ0FX         107 149       LZ0DK         102 160      
QSO:  3548 CW 2017-08-19 0915 LZ0FX         108 102       LZ0FG         154 152      
QSO:  3559 CW 2017-08-19 0917 LZ0FX         109 154       LZ0AY         144 143      
QSO:  3547 CW 2017-08-19 0918 LZ0FX         110 144       LZ0AK         146 170      
QSO:  3545 CW 2017-08-19 0918 LZ0FX         111 146       LZ0AX         152 169      
QSO:  3545 CW 2017-08-19 0919 LZ0FX         112 152       LZ0FY         150 098      
QSO:  3542 CW 2017-08-19 0919 LZ0FX         113 150       LZ0AT         176 159      
QSO:  3536 CW 2017-08-19 0920 LZ0FX         114 176       LZ0AD         099 149      
QSO:  3533 CW 2017-08-19 0920 LZ0FX         115 099       LZ0AJ         172 173      
QSO:  3511 CW 2017-08-19 0923 LZ0FX         116 172       LZ0DG         171 173      
QSO:  3517 CW 2017-08-19 0923 LZ0FX         117 171       LZ0DZ         177 064      
QSO:  3529 CW 2017-08-19 0925 LZ0FX         118 177       LZ0AL         151 169      
QSO:  3551 CW 2017-08-19 0926 LZ0FX         119 151       LZ0DT         152 160      
QSO:  3519 CW 2017-08-19 0927 LZ0FX         120 152       LZ0AN         182 184      
QSO:  3529 CW 2017-08-19 0930 LZ0FX         121 182       LZ0DY         183 184      
QSO:  3529 CW 2017-08-19 0930 LZ0FX         122 183       LZ0DA         176 180      
QSO:  3529 CW 2017-08-19 0933 LZ0FX         123 176       LZ0AM         187 161      
QSO:  3529 CW 2017-08-19 0933 LZ0FX         124 187       LZ0DW         183 169      
QSO:  3529 CW 2017-08-19 0933 LZ0FX         125 183       LZ0DL         168 173      
QSO:  3529 CW 2017-08-19 0935 LZ0FX         126 168       LZ0DV         175 166      
QSO:  3529 CW 2017-08-19 0935 LZ0FX         127 175       LZ0DU         091 188      
QSO:  3529 CW 2017-08-19 0936 LZ0FX         128 091       LZ0DF         164 159      
QSO:  3510 CW 2017-08-19 0938 LZ0FX         129 164       LZ0FZ         077 180      
QSO:  3514 CW 2017-08-19 0939 LZ0FX         130 077       LZ0AR         174 190      
QSO:  3527 CW 2017-08-19 0940 LZ0FX         131 174       LZ0DP         166 205      
QSO:  3554 CW 2017-08-19 0942 LZ0FX         132 166       LZ0DJ         189 190      
QSO:  3528 CW 2017-08-19 0943 LZ0FX         133 189       LZ0FD         182 182      
QSO:  3522 CW 2017-08-19 0944 LZ0FX         134 182       LZ0AW         198 186      
QSO:  3520 CW 2017-08-19 0946 LZ0FX         135 198       LZ0FF         193 147      
QSO:  3525 CW 2017-08-19 0946 LZ0FX         136 193       LZ0FA         179 205      
QSO:  3534 CW 2017-08-19 0947 LZ0FX         137 179       LZ0DC         215 197      
QSO:  3540 CW 2017-08-19 0947 LZ0FX         138 215       LZ0DM         185 205      
QSO:  3529 CW 2017-08-19 0951 LZ0FX         139 185       LZ0FG         200 216      
QSO:  3529 CW 2017-08-19 0952 LZ0FX         140 200       LZ0AK         187 201      
QSO:  3524 CW 2017-08-19 0954 LZ0FX         141 187       LZ0AC         121 154      
QSO:  3526 CW 2017-08-19 0955 LZ0FX         142 121       LZ0FJ         216 207      
QSO:  3532 CW 2017-08-19 0955 LZ0FX         143 216       LZ0AA         187 182      
QSO:  3537 CW 2017-08-19 0956 LZ0FX         144 187       LZ0AP         185 122      
QSO:  3542 CW 2017-08-19 0957 LZ0FX         145 185       LZ0AF         200 193      
QSO:  3559 CW 2017-08-19 0958 LZ0FX         146 200       LZ0AY         194 198      
QSO:  3562 CW 2017-08-19 1000 LZ0FX         147 194       LZ0AU         103 218      
QSO:  3552 CW 2017-08-19 1001 LZ0FX         148 103       LZ0AG         211 216      
QSO:  3535 CW 2017-08-19 1002 LZ0FX         149 211       LZ0AD         129 217      
QSO:  3531 CW 2017-08-19 1003 LZ0FX         150 129       LZ0DY         222 188      
QSO:  3531 CW 2017-08-19 1004 LZ0FX         151 222       LZ0AM         228 212      
QSO:  3531 CW 2017-08-19 1005 LZ0FX         152 228       LZ0DD         166 215      
QSO:  3531 CW 2017-08-19 1005 LZ0FX         153 166       LZ0AT         232 198      
QSO:  3529 CW 2017-08-19 1007 LZ0FX         154 232       LZ0DW         223 104      
QSO:  3529 CW 2017-08-19 1007 LZ0FX         155 223       LZ0DL         208 192      
QSO:  3529 CW 2017-08-19 1008 LZ0FX         156 208       LZ0AX         196 199      
QSO:  3529 CW 2017-08-19 1008 LZ0FX         157 196       LZ0DT         194 220      
QSO:  3529 CW 2017-08-19 1008 LZ0FX         158 194       LZ0AL         191 223      
QSO:  3529 CW 2017-08-19 1009 LZ0FX         159 191       LZ0DV         217 204      
QSO:  3529 CW 2017-08-19 1009 LZ0FX         160 217       LZ0DA         229 220      
QSO:  3529 CW 2017-08-19 1010 LZ0FX         161 229       LZ0AN         235 108      
QSO:  3529 CW 2017-08-19 1010 LZ0FX         162 235       LZ0FY         210 118      
QSO:  3529 CW 2017-08-19 1011 LZ0FX         163 210       LZ0DU         120 193      
QSO:  3529 CW 2017-08-19 1012 LZ0FX         164 120       LZ0DR         191 239      
QSO:  3529 CW 2017-08-19 1013 LZ0FX         165 191       LZ0DF         204 221      
QSO:  3529 CW 2017-08-19 1014 LZ0FX         166 204       LZ0DN         215 239      
QSO:  3523 CW 2017-08-19 1016 LZ0FX         167 215       LZ0AV         216 206      
QSO:  3525 CW 2017-08-19 1016 LZ0FX         168 216       LZ0FA         212 232      
QSO:  3528 CW 2017-08-19 1017 LZ0FX         169 212       LZ0FD         221 233      
QSO:  3524 CW 2017-08-19 1020 LZ0FX         170 221       LZ0DC         259 241      
QSO:  3524 CW 2017-08-19 1022 LZ0FX         171 259       LZ0AR         215 230      
QSO:  3524 CW 2017-08-19 1022 LZ0FX         172 215       LZ0DJ         242 214      
QSO:  3524 CW 2017-08-19 1023 LZ0FX         173 242       LZ0FG         235 250      
QSO:  3533 CW 2017-08-19 1024 LZ0FX         174 235       LZ0AJ         254 212      
QSO:  3524 CW 2017-08-19 1026 LZ0FX         175 254       LZ0AC         150 212      
QSO:  3522 CW 2017-08-19 1027 LZ0FX         176 150       LZ0AW         247 213      
QSO:  3520 CW 2017-08-19 1027 LZ0FX         177 247       LZ0FF         243 198      
QSO:  3511 CW 2017-08-19 1028 LZ0FX         178 243       LZ0DG         247 020      
QSO:  3513 CW 2017-08-19 1029 LZ0FX         179 247       LZ0DX         141 232      
QSO:  3517 CW 2017-08-19 1031 LZ0FX         180 141       LZ0DZ         260 189      
QSO:  3537 CW 2017-08-19 1032 LZ0FX         181 260       LZ0AP         224 262      
QSO:  3562 CW 2017-08-19 1033 LZ0FX         182 224       LZ0FK         024 220      
QSO:  3557 CW 2017-08-19 1033 LZ0FX         183 024       LZ0FC         226 205      
QSO:  3547 CW 2017-08-19 1034 LZ0FX         184 226       LZ0AK         232 237      
QSO:  3540 CW 2017-08-19 1034 LZ0FX         185 232       LZ0DM         240 254      
QSO:  3535 CW 2017-08-19 1035 LZ0FX         186 240       LZ0AD         165 278      
QSO:  3532 CW 2017-08-19 1036 LZ0FX         187 165       LZ0AA         226 245      
QSO:  3527 CW 2017-08-19 1036 LZ0FX         188 226       LZ0DP         232 233      
QSO:  3523 CW 2017-08-19 1038 LZ0FX         189 232       LZ0DW         259 255      
QSO:  3526 CW 2017-08-19 1040 LZ0FX         190 259       LZ0FJ         272 273      
QSO:  3552 CW 2017-08-19 1041 LZ0FX         191 272       LZ0AG         262 264      
QSO:  3554 CW 2017-08-19 1042 LZ0FX         192 262       LZ0AU         130 246      
QSO:  3516 CW 2017-08-19 1043 LZ0FX         193 130       LZ0AM         277 163      
QSO:  3541 CW 2017-08-19 1045 LZ0FX         194 277       LZ0AF         256 234      
QSO:  3545 CW 2017-08-19 1045 LZ0FX         195 256       LZ0FY         252 246      
QSO:  3529 CW 2017-08-19 1047 LZ0FX         196 252       LZ0DL         251 275      
QSO:  3527 CW 2017-08-19 1048 LZ0FX         197 251       LZ0AL         230 283      
QSO:  3525 CW 2017-08-19 1048 LZ0FX         198 230       LZ0FA         247 233      
QSO:  3523 CW 2017-08-19 1049 LZ0FX         199 247       LZ0AV         258 251      
QSO:  3512 CW 2017-08-19 1050 LZ0FX         200 258       LZ0DU         160 165      
QSO:  3531 CW 2017-08-19 1051 LZ0FX         201 160       LZ0DY         281 273      
QSO:  3514 CW 2017-08-19 1053 LZ0FX         202 281       LZ0AR         255 248      
QSO:  3530 CW 2017-08-19 1056 LZ0FX         203 255       LZ0DV         280 282      
QSO:  3542 CW 2017-08-19 1057 LZ0FX         204 280       LZ0AT         302 243      
QSO:  3548 CW 2017-08-19 1059 LZ0FX         205 302       LZ0AX         243 268      
QSO:  3548 CW 2017-08-19 1059 LZ0FX         206 243       LZ0DC         310 290      
QSO:  3548 CW 2017-08-19 1100 LZ0FX         207 310       LZ0FG         284 278      
END-OF-LOG:
