START-OF-LOG: 2.0
CALLSIGN: LZ0FJ
CLUB:  Габрово
CONTEST: LZ-OPEN
CATEGORY: SINGLE-OP 80M HIGH CW
CLAIMED-SCORE: 304
OPERATORS: LZ2JR
NAME: Борис Сапунджиев LZ2JR
ADDRESS: 9, Shipka str.
ADDRESS: p.o.box 168
ADDRESS: Gabrovo,  5300
ADDRESS: BULGARIA
CREATED-BY: N1MM Logger+ 1.0.6164.0
QSO:  3531 CW 2017-08-19 0701 LZ0FJ         001 000       LZ0DY         004 003      
QSO:  3526 CW 2017-08-19 0701 LZ0FJ         002 004       LZ0AM         003 003      
QSO:  3526 CW 2017-08-19 0702 LZ0FJ         003 003       LZ0AY         002 001      
QSO:  3530 CW 2017-08-19 0703 LZ0FJ         004 002       LZ0DV         003 003      
QSO:  3526 CW 2017-08-19 0703 LZ0FJ         005 003       LZ0DJ         007 003      
QSO:  3526 CW 2017-08-19 0705 LZ0FJ         006 007       LZ0DD         001 000      
QSO:  3533 CW 2017-08-19 0705 LZ0FJ         007 001       LZ0AJ         008 004      
QSO:  3534 CW 2017-08-19 0706 LZ0FJ         008 008       LZ0DC         012 006      
QSO:  3526 CW 2017-08-19 0708 LZ0FJ         009 012       LZ0AF         007 013      
QSO:  3526 CW 2017-08-19 0708 LZ0FJ         010 007       LZ0DW         011 014      
QSO:  3526 CW 2017-08-19 0708 LZ0FJ         011 011       LZ0DX         008 007      
QSO:  3526 CW 2017-08-19 0709 LZ0FJ         012 008       LZ0FG         013 013      
QSO:  3526 CW 2017-08-19 0709 LZ0FJ         013 013       LZ0AD         010 011      
QSO:  3526 CW 2017-08-19 0710 LZ0FJ         014 010       LZ0DK         010 011      
QSO:  3545 CW 2017-08-19 0710 LZ0FJ         015 010       LZ0AX         011 014      
QSO:  3557 CW 2017-08-19 0712 LZ0FJ         016 011       LZ0FC         004 017      
QSO:  3526 CW 2017-08-19 0712 LZ0FJ         017 004       LZ0DL         011 002      
QSO:  3509 CW 2017-08-19 0714 LZ0FJ         018 011       LZ0FX         007 016      
QSO:  3526 CW 2017-08-19 0715 LZ0FJ         019 007       LZ0DZ         024 023      
QSO:  3526 CW 2017-08-19 0715 LZ0FJ         020 024       LZ0AK         020 030      
QSO:  3513 CW 2017-08-19 0716 LZ0FJ         021 020       LZ0DF         020 020      
QSO:  3522 CW 2017-08-19 0717 LZ0FJ         022 020       LZ0AW         027 021      
QSO:  3528 CW 2017-08-19 0718 LZ0FJ         023 027       LZ0FD         027 023      
QSO:  3524 CW 2017-08-19 0719 LZ0FJ         024 027       LZ0AC         019 032      
QSO:  3526 CW 2017-08-19 0720 LZ0FJ         025 019       LZ0AN         028 025      
QSO:  3537 CW 2017-08-19 0721 LZ0FJ         026 028       LZ0AP         025 018      
QSO:  3526 CW 2017-08-19 0722 LZ0FJ         027 025       LZ0DA         030 023      
QSO:  3526 CW 2017-08-19 0723 LZ0FJ         028 030       LZ0DP         025 027      
QSO:  3526 CW 2017-08-19 0723 LZ0FJ         029 025       LZ0DT         033 024      
QSO:  3526 CW 2017-08-19 0724 LZ0FJ         030 033       LZ0DG         037 031      
QSO:  3552 CW 2017-08-19 0725 LZ0FJ         031 037       LZ0AG         029 034      
QSO:  3526 CW 2017-08-19 0726 LZ0FJ         032 029       LZ0AL         027 027      
QSO:  3514 CW 2017-08-19 0728 LZ0FJ         033 027       LZ0AR         026 035      
QSO:  3532 CW 2017-08-19 0729 LZ0FJ         034 026       LZ0AA         020 033      
QSO:  3531 CW 2017-08-19 0731 LZ0FJ         035 020       LZ0DY         038 035      
QSO:  3526 CW 2017-08-19 0732 LZ0FJ         036 038       LZ0DN         032 029      
QSO:  3526 CW 2017-08-19 0732 LZ0FJ         037 032       LZ0AM         039 036      
QSO:  3526 CW 2017-08-19 0732 LZ0FJ         038 039       LZ0AY         036 030      
QSO:  3526 CW 2017-08-19 0734 LZ0FJ         039 036       LZ0DV         039 037      
QSO:  3540 CW 2017-08-19 0735 LZ0FJ         040 039       LZ0DM         035 038      
QSO:  3533 CW 2017-08-19 0736 LZ0FJ         041 035       LZ0AJ         044 039      
QSO:  3526 CW 2017-08-19 0737 LZ0FJ         042 044       LZ0DJ         041 041      
QSO:  3534 CW 2017-08-19 0738 LZ0FJ         043 041       LZ0DC         056 042      
QSO:  3535 CW 2017-08-19 0739 LZ0FJ         044 056       LZ0DR         037 035      
QSO:  3526 CW 2017-08-19 0739 LZ0FJ         045 037       LZ0AF         040 037      
QSO:  3526 CW 2017-08-19 0739 LZ0FJ         046 040       LZ0FG         046 049      
QSO:  3526 CW 2017-08-19 0740 LZ0FJ         047 046       LZ0DD         031 038      
QSO:  3526 CW 2017-08-19 0740 LZ0FJ         048 031       LZ0AD         045 046      
QSO:  3526 CW 2017-08-19 0741 LZ0FJ         049 045       LZ0DX         025 039      
QSO:  3526 CW 2017-08-19 0741 LZ0FJ         050 025       LZ0AX         041 058      
QSO:  3526 CW 2017-08-19 0741 LZ0FJ         051 041       LZ0DW         052 052      
QSO:  3526 CW 2017-08-19 0742 LZ0FJ         052 052       LZ0FA         034 046      
QSO:  3557 CW 2017-08-19 0743 LZ0FJ         053 034       LZ0FC         034 050      
QSO:  3520 CW 2017-08-19 0744 LZ0FJ         054 034       LZ0FF         055 040      
QSO:  3523 CW 2017-08-19 0745 LZ0FJ         055 055       LZ0AV         048 044      
QSO:  3526 CW 2017-08-19 0746 LZ0FJ         056 048       LZ0AK         046 049      
QSO:  3526 CW 2017-08-19 0746 LZ0FJ         057 046       LZ0DL         062 048      
QSO:  3526 CW 2017-08-19 0746 LZ0FJ         058 062       LZ0DZ         060 054      
QSO:  3513 CW 2017-08-19 0747 LZ0FJ         059 060       LZ0DF         053 037      
QSO:  3522 CW 2017-08-19 0748 LZ0FJ         060 053       LZ0AW         062 045      
QSO:  3528 CW 2017-08-19 0748 LZ0FJ         061 062       LZ0FD         059 051      
QSO:  3526 CW 2017-08-19 0749 LZ0FJ         062 059       LZ0DK         034 055      
QSO:  3524 CW 2017-08-19 0750 LZ0FJ         063 034       LZ0AC         059 062      
QSO:  3519 CW 2017-08-19 0751 LZ0FJ         064 059       LZ0AN         064 053      
QSO:  3526 CW 2017-08-19 0752 LZ0FJ         065 064       LZ0DA         061 053      
QSO:  3537 CW 2017-08-19 0754 LZ0FJ         066 061       LZ0AP         061 059      
QSO:  3526 CW 2017-08-19 0754 LZ0FJ         067 061       LZ0DG         076 056      
QSO:  3526 CW 2017-08-19 0755 LZ0FJ         068 076       LZ0DT         070 058      
QSO:  3552 CW 2017-08-19 0755 LZ0FJ         069 070       LZ0AG         062 026      
QSO:  3509 CW 2017-08-19 0756 LZ0FJ         070 062       LZ0FX         029 066      
QSO:  3542 CW 2017-08-19 0757 LZ0FJ         071 029       LZ0AT         077 059      
QSO:  3527 CW 2017-08-19 0758 LZ0FJ         072 077       LZ0DP         059 064      
QSO:  3514 CW 2017-08-19 0759 LZ0FJ         073 059       LZ0AR         062 074      
QSO:  3532 CW 2017-08-19 0800 LZ0FJ         074 062       LZ0AA         052 063      
QSO:  3526 CW 2017-08-19 0802 LZ0FJ         075 052       LZ0AL         064 078      
QSO:  3526 CW 2017-08-19 0802 LZ0FJ         076 064       LZ0DN         065 064      
QSO:  3526 CW 2017-08-19 0802 LZ0FJ         077 065       LZ0AM         073 071      
QSO:  3526 CW 2017-08-19 0803 LZ0FJ         078 073       LZ0AY         067 066      
QSO:  3531 CW 2017-08-19 0804 LZ0FJ         079 067       LZ0DY         081 082      
QSO:  3526 CW 2017-08-19 0805 LZ0FJ         080 081       LZ0DV         073 069      
QSO:  3540 CW 2017-08-19 0806 LZ0FJ         081 073       LZ0DM         073 081      
QSO:  3533 CW 2017-08-19 0807 LZ0FJ         082 073       LZ0AJ         081 048      
QSO:  3526 CW 2017-08-19 0809 LZ0FJ         083 081       LZ0DC         095 074      
QSO:  3526 CW 2017-08-19 0809 LZ0FJ         084 095       LZ0DJ         082 083      
QSO:  3526 CW 2017-08-19 0809 LZ0FJ         085 082       LZ0DU         013 068      
QSO:  3539 CW 2017-08-19 0811 LZ0FJ         086 013       LZ0AD         072 077      
QSO:  3526 CW 2017-08-19 0811 LZ0FJ         087 072       LZ0AX         078 074      
QSO:  3535 CW 2017-08-19 0812 LZ0FJ         088 078       LZ0DR         071 074      
QSO:  3526 CW 2017-08-19 0813 LZ0FJ         089 071       LZ0DW         087 074      
QSO:  3526 CW 2017-08-19 0813 LZ0FJ         090 087       LZ0FG         083 077      
QSO:  3525 CW 2017-08-19 0813 LZ0FJ         091 083       LZ0FA         075 089      
QSO:  3541 CW 2017-08-19 0815 LZ0FJ         092 075       LZ0AF         081 107      
QSO:  3523 CW 2017-08-19 0815 LZ0FJ         093 081       LZ0AV         081 087      
QSO:  3520 CW 2017-08-19 0817 LZ0FJ         094 081       LZ0FF         092 086      
QSO:  3557 CW 2017-08-19 0818 LZ0FJ         095 092       LZ0FC         074 083      
QSO:  3522 CW 2017-08-19 0819 LZ0FJ         096 074       LZ0AW         097 078      
QSO:  3528 CW 2017-08-19 0819 LZ0FJ         097 097       LZ0FD         093 085      
QSO:  3513 CW 2017-08-19 0820 LZ0FJ         098 093       LZ0DF         091 087      
QSO:  3526 CW 2017-08-19 0820 LZ0FJ         099 091       LZ0DZ         101 087      
QSO:  3526 CW 2017-08-19 0821 LZ0FJ         100 101       LZ0DD         066 095      
QSO:  3526 CW 2017-08-19 0821 LZ0FJ         101 066       LZ0DL         098 089      
QSO:  3526 CW 2017-08-19 0821 LZ0FJ         102 098       LZ0AN         102 090      
QSO:  3526 CW 2017-08-19 0822 LZ0FJ         103 102       LZ0AK         086 093      
QSO:  3526 CW 2017-08-19 0822 LZ0FJ         104 086       LZ0DA         097 088      
QSO:  3537 CW 2017-08-19 0824 LZ0FJ         105 097       LZ0AP         088 088      
QSO:  3550 CW 2017-08-19 0826 LZ0FJ         106 088       LZ0AU         047 092      
QSO:  3552 CW 2017-08-19 0826 LZ0FJ         107 047       LZ0AG         098 107      
QSO:  3542 CW 2017-08-19 0827 LZ0FJ         108 098       LZ0AT         113 094      
QSO:  3534 CW 2017-08-19 0828 LZ0FJ         109 113       LZ0FZ         034 103      
QSO:  3514 CW 2017-08-19 0830 LZ0FJ         110 034       LZ0AR         095 103      
QSO:  3532 CW 2017-08-19 0831 LZ0FJ         111 095       LZ0AA         085 063      
QSO:  3526 CW 2017-08-19 0832 LZ0FJ         112 085       LZ0FX         067 110      
QSO:  3526 CW 2017-08-19 0832 LZ0FJ         113 067       LZ0DK         064 084      
QSO:  3526 CW 2017-08-19 0833 LZ0FJ         114 064       LZ0AM         111 099      
QSO:  3526 CW 2017-08-19 0833 LZ0FJ         115 111       LZ0DN         100 101      
QSO:  3526 CW 2017-08-19 0834 LZ0FJ         116 100       LZ0AY         099 098      
QSO:  3531 CW 2017-08-19 0835 LZ0FJ         117 099       LZ0DY         115 119      
QSO:  3511 CW 2017-08-19 0837 LZ0FJ         118 115       LZ0DG         121 105      
QSO:  3533 CW 2017-08-19 0838 LZ0FJ         119 121       LZ0AJ         115 105      
QSO:  3540 CW 2017-08-19 0838 LZ0FJ         120 115       LZ0DM         107 104      
QSO:  3526 CW 2017-08-19 0839 LZ0FJ         121 107       LZ0DC         131 112      
QSO:  3526 CW 2017-08-19 0840 LZ0FJ         122 131       LZ0AL         100 120      
QSO:  3526 CW 2017-08-19 0841 LZ0FJ         123 100       LZ0DJ         117 115      
QSO:  3526 CW 2017-08-19 0841 LZ0FJ         124 117       LZ0AX         111 108      
QSO:  3526 CW 2017-08-19 0843 LZ0FJ         125 111       LZ0DW         124 107      
QSO:  3535 CW 2017-08-19 0844 LZ0FJ         126 124       LZ0DR         105 089      
QSO:  3526 CW 2017-08-19 0845 LZ0FJ         127 105       LZ0DV         116 106      
QSO:  3526 CW 2017-08-19 0845 LZ0FJ         128 116       LZ0FA         111 053      
QSO:  3526 CW 2017-08-19 0846 LZ0FJ         129 111       LZ0DX         054 119      
QSO:  3526 CW 2017-08-19 0846 LZ0FJ         130 054       LZ0AF         117 126      
QSO:  3526 CW 2017-08-19 0847 LZ0FJ         131 117       LZ0FG         123 131      
QSO:  3520 CW 2017-08-19 0847 LZ0FJ         132 123       LZ0FF         124 109      
QSO:  3526 CW 2017-08-19 0850 LZ0FJ         133 124       LZ0DU         045 117      
QSO:  3557 CW 2017-08-19 0850 LZ0FJ         134 045       LZ0FC         109 130      
QSO:  3522 CW 2017-08-19 0851 LZ0FJ         135 109       LZ0AW         136 043      
QSO:  3528 CW 2017-08-19 0851 LZ0FJ         136 136       LZ0FD         128 097      
QSO:  3526 CW 2017-08-19 0852 LZ0FJ         137 128       LZ0DL         134 117      
QSO:  3526 CW 2017-08-19 0852 LZ0FJ         138 134       LZ0DA         132 078      
QSO:  3526 CW 2017-08-19 0852 LZ0FJ         139 132       LZ0AN         137 129      
QSO:  3512 CW 2017-08-19 0853 LZ0FJ         140 137       LZ0DF         119 135      
QSO:  3527 CW 2017-08-19 0853 LZ0FJ         141 119       LZ0DP         118 127      
QSO:  3526 CW 2017-08-19 0854 LZ0FJ         142 118       LZ0DD         099 120      
QSO:  3537 CW 2017-08-19 0855 LZ0FJ         143 099       LZ0AP         118 109      
QSO:  3523 CW 2017-08-19 0856 LZ0FJ         144 118       LZ0AV         124 139      
QSO:  3526 CW 2017-08-19 0858 LZ0FJ         145 124       LZ0DZ         143 115      
QSO:  3526 CW 2017-08-19 0858 LZ0FJ         146 143       LZ0AK         123 124      
QSO:  3542 CW 2017-08-19 0900 LZ0FJ         147 123       LZ0AT         150 123      
QSO:  3550 CW 2017-08-19 0901 LZ0FJ         148 150       LZ0AU         072 127      
QSO:  3532 CW 2017-08-19 0901 LZ0FJ         149 072       LZ0AA         119 090      
QSO:  3526 CW 2017-08-19 0903 LZ0FJ         150 119       LZ0AM         150 130      
QSO:  3526 CW 2017-08-19 0904 LZ0FJ         151 150       LZ0DN         136 140      
QSO:  3526 CW 2017-08-19 0906 LZ0FJ         152 136       LZ0AY         135 147      
QSO:  3514 CW 2017-08-19 0906 LZ0FJ         153 135       LZ0AR         133 140      
QSO:  3511 CW 2017-08-19 0908 LZ0FJ         154 133       LZ0FZ         058 099      
QSO:  3526 CW 2017-08-19 0909 LZ0FJ         155 058       LZ0AG         146 156      
QSO:  3526 CW 2017-08-19 0910 LZ0FJ         156 146       LZ0DC         168 147      
QSO:  3526 CW 2017-08-19 0911 LZ0FJ         157 168       LZ0FX         102 145      
QSO:  3526 CW 2017-08-19 0912 LZ0FJ         158 102       LZ0DJ         155 138      
QSO:  3526 CW 2017-08-19 0912 LZ0FJ         159 155       LZ0AX         145 115      
QSO:  3526 CW 2017-08-19 0912 LZ0FJ         160 145       LZ0DK         101 139      
QSO:  3526 CW 2017-08-19 0913 LZ0FJ         161 101       LZ0DW         164 141      
QSO:  3526 CW 2017-08-19 0913 LZ0FJ         162 164       LZ0AL         135 144      
QSO:  3526 CW 2017-08-19 0914 LZ0FJ         163 135       LZ0DG         160 138      
QSO:  3535 CW 2017-08-19 0915 LZ0FJ         164 160       LZ0DR         137 146      
QSO:  3533 CW 2017-08-19 0915 LZ0FJ         165 137       LZ0AJ         166 167      
QSO:  3540 CW 2017-08-19 0916 LZ0FJ         166 166       LZ0DM         152 160      
QSO:  3526 CW 2017-08-19 0916 LZ0FJ         167 152       LZ0FA         145 168      
QSO:  3530 CW 2017-08-19 0916 LZ0FJ         168 145       LZ0DV         155 139      
QSO:  3526 CW 2017-08-19 0917 LZ0FJ         169 155       LZ0AF         155 078      
QSO:  3526 CW 2017-08-19 0917 LZ0FJ         170 155       LZ0FG         157 152      
QSO:  3520 CW 2017-08-19 0918 LZ0FJ         171 157       LZ0FF         161 142      
QSO:  3524 CW 2017-08-19 0920 LZ0FJ         172 161       LZ0AC         116 098      
QSO:  3557 CW 2017-08-19 0920 LZ0FJ         173 116       LZ0FC         142 171      
QSO:  3528 CW 2017-08-19 0922 LZ0FJ         174 142       LZ0FD         160 156      
QSO:  3519 CW 2017-08-19 0922 LZ0FJ         175 160       LZ0AN         174 170      
QSO:  3526 CW 2017-08-19 0923 LZ0FJ         176 174       LZ0DU         076 159      
QSO:  3522 CW 2017-08-19 0924 LZ0FJ         177 076       LZ0AW         174 161      
QSO:  3526 CW 2017-08-19 0924 LZ0FJ         178 174       LZ0DA         170 155      
QSO:  3512 CW 2017-08-19 0925 LZ0FJ         179 170       LZ0DF         151 174      
QSO:  3537 CW 2017-08-19 0927 LZ0FJ         180 151       LZ0AP         151 084      
QSO:  3526 CW 2017-08-19 0927 LZ0FJ         181 151       LZ0DD         129 168      
QSO:  3531 CW 2017-08-19 0928 LZ0FJ         182 129       LZ0DY         180 174      
QSO:  3523 CW 2017-08-19 0929 LZ0FJ         183 180       LZ0AV         160 181      
QSO:  3517 CW 2017-08-19 0929 LZ0FJ         184 160       LZ0DZ         182 152      
QSO:  3527 CW 2017-08-19 0931 LZ0FJ         185 182       LZ0DP         157 063      
QSO:  3550 CW 2017-08-19 0932 LZ0FJ         186 157       LZ0DT         157 157      
QSO:  3545 CW 2017-08-19 0933 LZ0FJ         187 157       LZ0FY         170 182      
QSO:  3532 CW 2017-08-19 0933 LZ0FJ         188 170       LZ0AA         157 190      
QSO:  3530 CW 2017-08-19 0935 LZ0FJ         189 157       LZ0DL         170 135      
QSO:  3526 CW 2017-08-19 0936 LZ0FJ         190 170       LZ0AY         167 169      
QSO:  3514 CW 2017-08-19 0937 LZ0FJ         191 167       LZ0AR         172 176      
QSO:  3526 CW 2017-08-19 0938 LZ0FJ         192 172       LZ0AM         193 183      
QSO:  3510 CW 2017-08-19 0939 LZ0FJ         193 193       LZ0FZ         078 129      
QSO:  3526 CW 2017-08-19 0939 LZ0FJ         194 078       LZ0AT         204 175      
QSO:  3512 CW 2017-08-19 0940 LZ0FJ         195 204       LZ0DX         099 163      
QSO:  3534 CW 2017-08-19 0940 LZ0FJ         196 099       LZ0DC         206 165      
QSO:  3526 CW 2017-08-19 0941 LZ0FJ         197 206       LZ0AK         175 099      
QSO:  3526 CW 2017-08-19 0941 LZ0FJ         198 175       LZ0AG         183 095      
QSO:  3526 CW 2017-08-19 0942 LZ0FJ         199 183       LZ0DN         178 203      
QSO:  3550 CW 2017-08-19 0943 LZ0FJ         200 178       LZ0AU         097 206      
QSO:  3526 CW 2017-08-19 0944 LZ0FJ         201 097       LZ0DW         200 176      
QSO:  3526 CW 2017-08-19 0944 LZ0FJ         202 200       LZ0AL         168 179      
QSO:  3526 CW 2017-08-19 0945 LZ0FJ         203 168       LZ0DJ         195 184      
QSO:  3533 CW 2017-08-19 0946 LZ0FJ         204 195       LZ0AJ         203 203      
QSO:  3540 CW 2017-08-19 0947 LZ0FJ         205 203       LZ0DM         184 197      
QSO:  3526 CW 2017-08-19 0947 LZ0FJ         206 184       LZ0FG         193 208      
QSO:  3526 CW 2017-08-19 0948 LZ0FJ         207 193       LZ0AX         175 183      
QSO:  3526 CW 2017-08-19 0948 LZ0FJ         208 175       LZ0AF         189 204      
QSO:  3526 CW 2017-08-19 0949 LZ0FJ         209 189       LZ0DG         200 108      
QSO:  3526 CW 2017-08-19 0949 LZ0FJ         210 200       LZ0DK         115 200      
QSO:  3526 CW 2017-08-19 0949 LZ0FJ         211 115       LZ0FA         182 279      
QSO:  3557 CW 2017-08-19 0950 LZ0FJ         212 182       LZ0FC         174 189      
QSO:  3524 CW 2017-08-19 0952 LZ0FJ         213 174       LZ0AD         120 177      
QSO:  3520 CW 2017-08-19 0952 LZ0FJ         214 120       LZ0FF         203 199      
QSO:  3526 CW 2017-08-19 0954 LZ0FJ         215 203       LZ0DA         207 182      
QSO:  3526 CW 2017-08-19 0955 LZ0FJ         216 207       LZ0FX         142 121      
QSO:  3528 CW 2017-08-19 0955 LZ0FJ         217 142       LZ0FD         198 193      
QSO:  3526 CW 2017-08-19 0956 LZ0FJ         218 198       LZ0AN         216 227      
QSO:  3522 CW 2017-08-19 0956 LZ0FJ         219 216       LZ0AW         210 192      
QSO:  3524 CW 2017-08-19 0958 LZ0FJ         220 210       LZ0AC         126 196      
QSO:  3512 CW 2017-08-19 0958 LZ0FJ         221 126       LZ0DF         187 211      
QSO:  3531 CW 2017-08-19 0958 LZ0FJ         222 187       LZ0DY         215 157      
QSO:  3537 CW 2017-08-19 0959 LZ0FJ         223 215       LZ0AP         188 188      
QSO:  3523 CW 2017-08-19 0959 LZ0FJ         224 188       LZ0AV         196 216      
QSO:  3517 CW 2017-08-19 1000 LZ0FJ         225 196       LZ0DZ         221 202      
QSO:  3518 CW 2017-08-19 1001 LZ0FJ         226 221       LZ0DU         115 209      
QSO:  3530 CW 2017-08-19 1002 LZ0FJ         227 115       LZ0DV         213 227      
QSO:  3550 CW 2017-08-19 1003 LZ0FJ         228 213       LZ0DT         188 188      
QSO:  3545 CW 2017-08-19 1004 LZ0FJ         229 188       LZ0FY         207 201      
QSO:  3526 CW 2017-08-19 1005 LZ0FJ         230 207       LZ0DL         205 226      
QSO:  3526 CW 2017-08-19 1005 LZ0FJ         231 205       LZ0DD         168 193      
QSO:  3535 CW 2017-08-19 1007 LZ0FJ         232 168       LZ0DR         186 205      
QSO:  3514 CW 2017-08-19 1008 LZ0FJ         233 186       LZ0AR         203 207      
QSO:  3526 CW 2017-08-19 1009 LZ0FJ         234 203       LZ0AM         234 217      
QSO:  3526 CW 2017-08-19 1010 LZ0FJ         235 234       LZ0AT         240 190      
QSO:  3512 CW 2017-08-19 1011 LZ0FJ         236 240       LZ0DX         126 236      
QSO:  3526 CW 2017-08-19 1012 LZ0FJ         237 126       LZ0AK         211 220      
QSO:  3526 CW 2017-08-19 1012 LZ0FJ         238 211       LZ0AY         206 191      
QSO:  3526 CW 2017-08-19 1013 LZ0FJ         239 206       LZ0DN         214 202      
QSO:  3527 CW 2017-08-19 1015 LZ0FJ         240 214       LZ0AL         197 205      
QSO:  3550 CW 2017-08-19 1017 LZ0FJ         241 197       LZ0AU         115 223      
QSO:  3552 CW 2017-08-19 1018 LZ0FJ         242 115       LZ0AG         229 254      
QSO:  3540 CW 2017-08-19 1018 LZ0FJ         243 229       LZ0DM         219 235      
QSO:  3533 CW 2017-08-19 1019 LZ0FJ         244 219       LZ0AJ         247 212      
QSO:  3526 CW 2017-08-19 1019 LZ0FJ         245 247       LZ0DW         242 249      
QSO:  3526 CW 2017-08-19 1019 LZ0FJ         246 242       LZ0DJ         239 207      
QSO:  3526 CW 2017-08-19 1020 LZ0FJ         247 239       LZ0FA         216 234      
QSO:  3511 CW 2017-08-19 1020 LZ0FJ         248 216       LZ0DG         240 210      
QSO:  3526 CW 2017-08-19 1021 LZ0FJ         249 240       LZ0DC         262 243      
QSO:  3526 CW 2017-08-19 1022 LZ0FJ         250 262       LZ0FG         234 208      
QSO:  3557 CW 2017-08-19 1024 LZ0FJ         251 234       LZ0FC         216 250      
QSO:  3535 CW 2017-08-19 1025 LZ0FJ         252 216       LZ0AD         147 225      
QSO:  3528 CW 2017-08-19 1025 LZ0FJ         253 147       LZ0FD         236 229      
QSO:  3520 CW 2017-08-19 1026 LZ0FJ         254 236       LZ0FF         240 223      
QSO:  3532 CW 2017-08-19 1027 LZ0FJ         255 240       LZ0AA         218 218      
QSO:  3522 CW 2017-08-19 1027 LZ0FJ         256 218       LZ0AW         248 176      
QSO:  3526 CW 2017-08-19 1028 LZ0FJ         257 248       LZ0DK         152 219      
QSO:  3526 CW 2017-08-19 1028 LZ0FJ         258 152       LZ0AN         258 227      
QSO:  3527 CW 2017-08-19 1029 LZ0FJ         259 258       LZ0DP         229 200      
QSO:  3524 CW 2017-08-19 1029 LZ0FJ         260 229       LZ0AC         155 258      
QSO:  3537 CW 2017-08-19 1030 LZ0FJ         261 155       LZ0AP         221 190      
QSO:  3517 CW 2017-08-19 1031 LZ0FJ         262 221       LZ0DZ         261 180      
QSO:  3523 CW 2017-08-19 1033 LZ0FJ         263 261       LZ0AV         235 218      
QSO:  3530 CW 2017-08-19 1033 LZ0FJ         264 235       LZ0DV         251 154      
QSO:  3531 CW 2017-08-19 1034 LZ0FJ         265 251       LZ0DY         257 263      
QSO:  3541 CW 2017-08-19 1035 LZ0FJ         266 257       LZ0AF         239 207      
QSO:  3545 CW 2017-08-19 1035 LZ0FJ         267 239       LZ0FY         245 234      
QSO:  3526 CW 2017-08-19 1036 LZ0FJ         268 245       LZ0DD         196 246      
QSO:  3526 CW 2017-08-19 1036 LZ0FJ         269 196       LZ0DL         241 232      
QSO:  3526 CW 2017-08-19 1036 LZ0FJ         270 241       LZ0DA         259 269      
QSO:  3516 CW 2017-08-19 1039 LZ0FJ         271 259       LZ0AM         273 243      
QSO:  3526 CW 2017-08-19 1040 LZ0FJ         272 273       LZ0FX         190 259      
QSO:  3526 CW 2017-08-19 1040 LZ0FJ         273 190       LZ0AT         277 270      
QSO:  3526 CW 2017-08-19 1041 LZ0FJ         274 277       LZ0AX         229 261      
QSO:  3514 CW 2017-08-19 1042 LZ0FJ         275 229       LZ0AR         245 214      
QSO:  3550 CW 2017-08-19 1042 LZ0FJ         276 245       LZ0DT         229 249      
QSO:  3512 CW 2017-08-19 1042 LZ0FJ         277 229       LZ0DX         159 265      
QSO:  3526 CW 2017-08-19 1044 LZ0FJ         278 159       LZ0AK         251 276      
QSO:  3526 CW 2017-08-19 1044 LZ0FJ         279 251       LZ0DN         250 239      
QSO:  3526 CW 2017-08-19 1045 LZ0FJ         280 250       LZ0FK         028 243      
QSO:  3535 CW 2017-08-19 1046 LZ0FJ         281 028       LZ0DR         216 164      
QSO:  3527 CW 2017-08-19 1046 LZ0FJ         282 216       LZ0AL         227 029      
QSO:  3540 CW 2017-08-19 1048 LZ0FJ         283 227       LZ0DM         253 273      
QSO:  3526 CW 2017-08-19 1049 LZ0FJ         284 253       LZ0AG         271 134      
QSO:  3526 CW 2017-08-19 1050 LZ0FJ         285 271       LZ0AY         243 232      
QSO:  3526 CW 2017-08-19 1050 LZ0FJ         286 243       LZ0DJ         278 249      
QSO:  3533 CW 2017-08-19 1051 LZ0FJ         287 278       LZ0AJ         288 257      
QSO:  3511 CW 2017-08-19 1051 LZ0FJ         288 288       LZ0DG         280 244      
QSO:  3525 CW 2017-08-19 1052 LZ0FJ         289 280       LZ0FA         251 287      
QSO:  3526 CW 2017-08-19 1053 LZ0FJ         290 251       LZ0FG         273 243      
QSO:  3526 CW 2017-08-19 1053 LZ0FJ         291 273       LZ0DC         300 252      
QSO:  3526 CW 2017-08-19 1053 LZ0FJ         292 300       LZ0DW         281 253      
QSO:  3512 CW 2017-08-19 1054 LZ0FJ         293 281       LZ0DF         250 282      
QSO:  3557 CW 2017-08-19 1054 LZ0FJ         294 250       LZ0FC         253 281      
QSO:  3554 CW 2017-08-19 1055 LZ0FJ         295 253       LZ0AU         138 284      
QSO:  3528 CW 2017-08-19 1056 LZ0FJ         296 138       LZ0FD         270 043      
QSO:  3535 CW 2017-08-19 1056 LZ0FJ         297 270       LZ0AD         177 165      
QSO:  3520 CW 2017-08-19 1057 LZ0FJ         298 177       LZ0FF         275 262      
QSO:  3532 CW 2017-08-19 1057 LZ0FJ         299 275       LZ0AA         251 263      
QSO:  3522 CW 2017-08-19 1058 LZ0FJ         300 251       LZ0AW         286 244      
QSO:  3521 CW 2017-08-19 1059 LZ0FJ         301 286       LZ0DK         182 303      
QSO:  3524 CW 2017-08-19 1059 LZ0FJ         303 267       LZ0AC         177 252      
QSO:  3527 CW 2017-08-19 1059 LZ0FJ         302 182       LZ0DP         267 297      
QSO:  3537 CW 2017-08-19 1059 LZ0FJ         304 177       LZ0AP         253 178      
END-OF-LOG:
