START-OF-LOG: 2.0
ARRL-SECTION: DX
CALLSIGN: LZ0FA
CLUB: Плевен
CONTEST: LZ-OPEN-DOMESTIC
CATEGORY: SINGLE-OP
CLAIMED-SCORE: 
OPERATORS: LZ2FV
NAME: Цветалин Цветков LZ2FV
ADDRESS: 
ADDRESS: ,  
ADDRESS: BULGARIA
CREATED-BY: N1MM Logger+ 1.0.5327.0
QSO:  3525 CW 2017-08-19 0701 LZ0FA         001 000       LZ0AT         003 001      
QSO:  3517 CW 2017-08-19 0703 LZ0FA         002 003       LZ0DZ         006 003      
QSO:  3511 CW 2017-08-19 0704 LZ0FA         003 006       LZ0DG         010 003      
QSO:  3525 CW 2017-08-19 0706 LZ0FA         004 010       LZ0DA         008 009      
QSO:  3525 CW 2017-08-19 0707 LZ0FA         005 008       LZ0DN         006 011      
QSO:  3525 CW 2017-08-19 0707 LZ0FA         006 006       LZ0DY         014 008      
QSO:  3525 CW 2017-08-19 0707 LZ0FA         007 014       LZ0DX         007 013      
QSO:  3525 CW 2017-08-19 0708 LZ0FA         008 007       LZ0DJ         012 017      
QSO:  3525 CW 2017-08-19 0708 LZ0FA         009 012       LZ0AF         008 009      
QSO:  3525 CW 2017-08-19 0708 LZ0FA         010 008       LZ0DW         012 010      
QSO:  3525 CW 2017-08-19 0709 LZ0FA         011 012       LZ0DK         009 015      
QSO:  3525 CW 2017-08-19 0710 LZ0FA         012 015       LZ0AV         010 012      
QSO:  3525 CW 2017-08-19 0710 LZ0FA         013 010       LZ0AD         013 018      
QSO:  3525 CW 2017-08-19 0710 LZ0FA         014 013       LZ0DR         011 016      
QSO:  3525 CW 2017-08-19 0711 LZ0FA         015 011       LZ0FG         015 017      
QSO:  3525 CW 2017-08-19 0711 LZ0FA         016 015       LZ0DL         019 014      
QSO:  3525 CW 2017-08-19 0712 LZ0FA         017 019       LZ0AN         018 017      
QSO:  3525 CW 2017-08-19 0713 LZ0FA         018 018       LZ0AM         021 020      
QSO:  3525 CW 2017-08-19 0714 LZ0FA         019 021       LZ0DC         027 024      
QSO:  3525 CW 2017-08-19 0715 LZ0FA         020 027       LZ0AK         017 016      
QSO:  3540 CW 2017-08-19 0717 LZ0FA         021 017       LZ0DM         019 028      
QSO:  3545 CW 2017-08-19 0718 LZ0FA         022 019       LZ0AX         022 026      
QSO:  3555 CW 2017-08-19 0719 LZ0FA         023 022       LZ0AU         020 027      
QSO:  3557 CW 2017-08-19 0720 LZ0FA         024 020       LZ0FC         021 028      
QSO:  3560 CW 2017-08-19 0721 LZ0FA         025 021       LZ0AY         027 029      
QSO:  3533 CW 2017-08-19 0729 LZ0FA         026 027       LZ0DD         024 037      
QSO:  3530 CW 2017-08-19 0729 LZ0FA         027 024       LZ0DV         034 025      
QSO:  3525 CW 2017-08-19 0731 LZ0FA         028 034       LZ0DT         036 029      
QSO:  3525 CW 2017-08-19 0731 LZ0FA         029 036       LZ0AT         041 037      
QSO:  3520 CW 2017-08-19 0733 LZ0FA         030 041       LZ0FF         036 041      
QSO:  3517 CW 2017-08-19 0733 LZ0FA         031 036       LZ0DZ         041 031      
QSO:  3511 CW 2017-08-19 0735 LZ0FA         032 041       LZ0DG         051 044      
QSO:  3522 CW 2017-08-19 0736 LZ0FA         033 051       LZ0AW         042 037      
QSO:  3525 CW 2017-08-19 0738 LZ0FA         035 042       LZ0AL         036 036      
QSO:  3525 CW 2017-08-19 0738 LZ0FA         036 036       LZ0DW         048 042      
QSO:  3525 CW 2017-08-19 0738 LZ0FA         037 048       LZ0AF         039 053       
QSO:  3525 CW 2017-08-19 0739 LZ0FA         038 039       LZ0DJ         044 046      
QSO:  3525 CW 2017-08-19 0739 LZ0FA         039 044       LZ0DX         024 046      
QSO:  3525 CW 2017-08-19 0740 LZ0FA         040 024       LZ0AV         042 042      
QSO:  3525 CW 2017-08-19 0740 LZ0FA         041 042       LZ0AD         046 047      
QSO:  3526 CW 2017-08-19 0742 LZ0FA         034 046       LZ0FJ         052 052      
QSO:  3525 CW 2017-08-19 0742 LZ0FA         042 052       LZ0DA         049 047      
QSO:  3525 CW 2017-08-19 0743 LZ0FA         043 049       LZ0AN         055 046      
QSO:  3525 CW 2017-08-19 0743 LZ0FA         044 055       LZ0DR         042 055      
QSO:  3525 CW 2017-08-19 0744 LZ0FA         045 042       LZ0DP         044 051      
QSO:  3525 CW 2017-08-19 0744 LZ0FA         046 044       LZ0AR         043 041      
QSO:  3525 CW 2017-08-19 0744 LZ0FA         047 043       LZ0DC         067 041      
QSO:  3525 CW 2017-08-19 0745 LZ0FA         048 067       LZ0DN         048 055      
QSO:  3525 CW 2017-08-19 0745 LZ0FA         049 048       LZ0AK         045 047      
QSO:  3525 CW 2017-08-19 0746 LZ0FA         050 045       LZ0DL         063 057      
QSO:  3525 CW 2017-08-19 0747 LZ0FA         051 063       LZ0AM         057 050      
QSO:  3528 CW 2017-08-19 0748 LZ0FA         052 057       LZ0FD         057 054      
QSO:  3533 CW 2017-08-19 0748 LZ0FA         053 057       LZ0AJ         062 049      
QSO:  3525 CW 2017-08-19 0749 LZ0FA         054 062       LZ0DY         061 055      
QSO:  3540 CW 2017-08-19 0751 LZ0FA         055 061       LZ0DM         056 054      
QSO:  3545 CW 2017-08-19 0751 LZ0FA         056 056       LZ0FG         061 052      
QSO:  3552 CW 2017-08-19 0756 LZ0FA         057 061       LZ0AG         064 061      
QSO:  3557 CW 2017-08-19 0757 LZ0FA         058 064       LZ0FC         056 062      
QSO:  3545 CW 2017-08-19 0759 LZ0FA         059 056       LZ0AX         067 066      
QSO:  3530 CW 2017-08-19 0803 LZ0FA         060 067       LZ0DV         071 083      
QSO:  3525 CW 2017-08-19 0804 LZ0FA         061 071       LZ0AT         085 074      
QSO:  3525 CW 2017-08-19 0804 LZ0FA         062 085       LZ0DL         084 072      
QSO:  3517 CW 2017-08-19 0807 LZ0FA         063 084       LZ0DZ         081 071      
QSO:  3522 CW 2017-08-19 0807 LZ0FA         064 081       LZ0AW         077 077      
QSO:  3525 CW 2017-08-19 0808 LZ0FA         066 077       LZ0AF         070 084      
QSO:  3525 CW 2017-08-19 0809 LZ0FA         067 070       LZ0DD         055 068      
QSO:  3525 CW 2017-08-19 0809 LZ0FA         068 055       LZ0DU         012 081      
QSO:  3525 CW 2017-08-19 0810 LZ0FA         069 012       LZ0DJ         084 076      
QSO:  3525 CW 2017-08-19 0810 LZ0FA         070 084       LZ0AV         077 073      
QSO:  3525 CW 2017-08-19 0811 LZ0FA         071 077       LZ0DW         084 100      
QSO:  3525 CW 2017-08-19 0812 LZ0FA         072 084       LZ0DX         045 086      
QSO:  3525 CW 2017-08-19 0812 LZ0FA         073 045       LZ0DA         082 024      
QSO:  3525 CW 2017-08-19 0813 LZ0FA         074 082       LZ0AN         089 083      
QSO:  3525 CW 2017-08-19 0814 LZ0FA         075 089       LZ0FJ         091 083      
QSO:  3525 CW 2017-08-19 0814 LZ0FA         076 091       LZ0AL         080 077      
QSO:  3525 CW 2017-08-19 0815 LZ0FA         077 080       LZ0DP         080 092      
QSO:  3525 CW 2017-08-19 0815 LZ0FA         078 080       LZ0AC         078 097      
QSO:  3525 CW 2017-08-19 0815 LZ0FA         079 078       LZ0DC         108 080      
QSO:  3525 CW 2017-08-19 0816 LZ0FA         080 108       LZ0DN         081 085      
QSO:  3525 CW 2017-08-19 0816 LZ0FA         081 081       LZ0DR         078 093      
QSO:  3525 CW 2017-08-19 0817 LZ0FA         082 078       LZ0FZ         026 090      
QSO:  3525 CW 2017-08-19 0817 LZ0FA         083 026       LZ0AD         077 096      
QSO:  3525 CW 2017-08-19 0817 LZ0FA         084 077       LZ0AM         095 053      
QSO:  3525 CW 2017-08-19 0819 LZ0FA         085 095       LZ0AK         082 097      
QSO:  3540 CW 2017-08-19 0822 LZ0FA         086 082       LZ0DM         092 089      
QSO:  3525 CW 2017-08-19 0823 LZ0FA         088 092       LZ0DY         101 085      
QSO:  3525 CW 2017-08-19 0823 LZ0FA         089 101       LZ0AJ         101 079      
QSO:  3528 CW 2017-08-19 0824 LZ0FA         090 101       LZ0FD         101 102      
QSO:  3525 CW 2017-08-19 0825 LZ0FA         091 101       LZ0FG         096 102      
QSO:  3525 CW 2017-08-19 0826 LZ0FA         092 096       LZ0DG         110 059      
QSO:  3557 CW 2017-08-19 0828 LZ0FA         093 110       LZ0FC         087 093      
QSO:  3552 CW 2017-08-19 0828 LZ0FA         094 087       LZ0AG         099 107      
QSO:  3545 CW 2017-08-19 0829 LZ0FA         095 099       LZ0AX         097 090      
QSO:  3525 CW 2017-08-19 0831 LZ0FA         096 097       LZ0DT         095 094      
QSO:  3520 CW 2017-08-19 0832 LZ0FA         097 095       LZ0FF         102 115      
QSO:  3525 CW 2017-08-19 0834 LZ0FA         098 102       LZ0AT         120 114      
QSO:  3525 CW 2017-08-19 0836 LZ0FA         099 120       LZ0DV         104 103      
QSO:  3522 CW 2017-08-19 0837 LZ0FA         100 104       LZ0AW         115 112      
QSO:  3517 CW 2017-08-19 0838 LZ0FA         101 115       LZ0DZ         119 106      
QSO:  3525 CW 2017-08-19 0839 LZ0FA         102 119       LZ0AF         107 120      
QSO:  3525 CW 2017-08-19 0839 LZ0FA         103 107       LZ0DL         119 106      
QSO:  3525 CW 2017-08-19 0840 LZ0FA         104 119       LZ0DD         086 099      
QSO:  3525 CW 2017-08-19 0840 LZ0FA         105 086       LZ0AV         108 099      
QSO:  3525 CW 2017-08-19 0841 LZ0FA         106 108       LZ0DJ         118 123      
QSO:  3525 CW 2017-08-19 0842 LZ0FA         107 118       LZ0DW         123 124      
QSO:  3525 CW 2017-08-19 0842 LZ0FA         108 123       LZ0DA         119 101      
QSO:  3525 CW 2017-08-19 0843 LZ0FA         109 119       LZ0AN         125 101      
QSO:  3525 CW 2017-08-19 0845 LZ0FA         110 125       LZ0DX         053 111      
QSO:  3526 CW 2017-08-19 0845 LZ0FA         111 053       LZ0FJ         128 116      
QSO:  3525 CW 2017-08-19 0846 LZ0FA         112 128       LZ0DP         109 139      
QSO:  3525 CW 2017-08-19 0847 LZ0FA         113 109       LZ0DC         141 129      
QSO:  3525 CW 2017-08-19 0848 LZ0FA         114 141       LZ0AL         112 116      
QSO:  3525 CW 2017-08-19 0848 LZ0FA         115 112       LZ0DN         118 120      
QSO:  3525 CW 2017-08-19 0848 LZ0FA         116 118       LZ0DR         111 133      
QSO:  3525 CW 2017-08-19 0849 LZ0FA         117 111       LZ0DU         044 132      
QSO:  3525 CW 2017-08-19 0850 LZ0FA         118 044       LZ0AR         108 134      
QSO:  3540 CW 2017-08-19 0853 LZ0FA         119 108       LZ0DM         122 120      
QSO:  3525 CW 2017-08-19 0854 LZ0FA         120 122       LZ0DY         138 116      
QSO:  3525 CW 2017-08-19 0854 LZ0FA         121 138       LZ0AM         135 124      
QSO:  3525 CW 2017-08-19 0854 LZ0FA         122 135       LZ0AJ         139 117      
QSO:  3525 CW 2017-08-19 0856 LZ0FA         123 139       LZ0FG         131 126      
QSO:  3525 CW 2017-08-19 0857 LZ0FA         124 131       LZ0AK         122 122      
QSO:  3525 CW 2017-08-19 0858 LZ0FA         125 122       LZ0DL         142 123      
QSO:  3525 CW 2017-08-19 0858 LZ0FA         126 142       LZ0FX         089 142      
QSO:  3552 CW 2017-08-19 0859 LZ0FA         127 089       LZ0AG         132 069      
QSO:  3557 CW 2017-08-19 0900 LZ0FA         128 132       LZ0FC         120 131      
QSO:  3525 CW 2017-08-19 0901 LZ0FA         129 120       LZ0DG         145 136      
QSO:  3525 CW 2017-08-19 0901 LZ0FA         130 145       LZ0AX         129 087      
QSO:  3525 CW 2017-08-19 0905 LZ0FA         131 129       LZ0AT         159 148      
QSO:  3520 CW 2017-08-19 0906 LZ0FA         132 159       LZ0FF         142 129      
QSO:  3525 CW 2017-08-19 0907 LZ0FA         133 142       LZ0DV         142 154      
QSO:  3522 CW 2017-08-19 0908 LZ0FA         134 142       LZ0AW         152 150      
QSO:  3528 CW 2017-08-19 0909 LZ0FA         135 152       LZ0FD         143 139      
QSO:  3525 CW 2017-08-19 0909 LZ0FA         136 143       LZ0AF         141 129      
QSO:  3525 CW 2017-08-19 0910 LZ0FA         137 141       LZ0AV         142 135      
QSO:  3525 CW 2017-08-19 0911 LZ0FA         138 142       LZ0DJ         154 161      
QSO:  3525 CW 2017-08-19 0912 LZ0FA         139 154       LZ0DK         100 143      
QSO:  3525 CW 2017-08-19 0912 LZ0FA         140 100       LZ0DA         155 144      
QSO:  3525 CW 2017-08-19 0913 LZ0FA         141 155       LZ0DW         163 159      
QSO:  3525 CW 2017-08-19 0913 LZ0FA         142 163       LZ0AN         164 134      
QSO:  3525 CW 2017-08-19 0914 LZ0FA         143 164       LZ0DT         137 137      
QSO:  3525 CW 2017-08-19 0915 LZ0FA         144 137       LZ0DZ         168 157      
QSO:  3526 CW 2017-08-19 0916 LZ0FA         145 168       LZ0FJ         167 152      
QSO:  3525 CW 2017-08-19 0917 LZ0FA         146 167       LZ0DP         143 139      
QSO:  3525 CW 2017-08-19 0917 LZ0FA         147 143       LZ0DC         178 141      
QSO:  3525 CW 2017-08-19 0919 LZ0FA         148 178       LZ0DX         079 115      
QSO:  3525 CW 2017-08-19 0921 LZ0FA         150 079       LZ0DR         145 165      
QSO:  3525 CW 2017-08-19 0923 LZ0FA         151 145       LZ0AL         149 171      
QSO:  3525 CW 2017-08-19 0923 LZ0FA         152 149       LZ0DU         077 176      
QSO:  3525 CW 2017-08-19 0924 LZ0FA         153 077       LZ0DY         172 147      
QSO:  3525 CW 2017-08-19 0924 LZ0FA         154 172       LZ0AM         175 156      
QSO:  3540 CW 2017-08-19 0925 LZ0FA         155 175       LZ0DM         162 154      
QSO:  3525 CW 2017-08-19 0926 LZ0FA         156 162       LZ0AJ         179 166      
QSO:  3525 CW 2017-08-19 0927 LZ0FA         157 179       LZ0FG         170 079      
QSO:  3525 CW 2017-08-19 0927 LZ0FA         158 170       LZ0AK         158 155      
QSO:  3525 CW 2017-08-19 0928 LZ0FA         159 158       LZ0DD         130 181      
QSO:  3525 CW 2017-08-19 0930 LZ0FA         160 130       LZ0AG         172 164      
QSO:  3557 CW 2017-08-19 0931 LZ0FA         161 172       LZ0FC         154 171      
QSO:  3525 CW 2017-08-19 0933 LZ0FA         162 154       LZ0DL         166 185      
QSO:  3525 CW 2017-08-19 0933 LZ0FA         163 166       LZ0DN         169 161      
QSO:  3525 CW 2017-08-19 0934 LZ0FA         164 169       LZ0AX         164 177      
QSO:  3511 CW 2017-08-19 0935 LZ0FA         165 164       LZ0DG         186 168      
QSO:  3525 CW 2017-08-19 0935 LZ0FA         166 186       LZ0AT         196 089      
QSO:  3525 CW 2017-08-19 0937 LZ0FA         167 196       LZ0DF         165 128      
QSO:  3520 CW 2017-08-19 0938 LZ0FA         168 165       LZ0FF         184 192      
QSO:  3522 CW 2017-08-19 0939 LZ0FA         169 184       LZ0AW         190 191      
QSO:  3525 CW 2017-08-19 0940 LZ0FA         170 190       LZ0AF         178 139      
QSO:  3525 CW 2017-08-19 0940 LZ0FA         171 178       LZ0AV         176 164      
QSO:  3525 CW 2017-08-19 0941 LZ0FA         172 176       LZ0DV         181 195      
QSO:  3528 CW 2017-08-19 0942 LZ0FA         173 181       LZ0FD         180 191      
QSO:  3525 CW 2017-08-19 0942 LZ0FA         174 180       LZ0DA         192 143      
QSO:  3525 CW 2017-08-19 0943 LZ0FA         175 192       LZ0DJ         191 199      
QSO:  3525 CW 2017-08-19 0943 LZ0FA         176 191       LZ0DW         199 195      
QSO:  3525 CW 2017-08-19 0944 LZ0FA         177 199       LZ0DT         166 192      
QSO:  3517 CW 2017-08-19 0945 LZ0FA         178 166       LZ0DZ         205 180      
QSO:  3525 CW 2017-08-19 0946 LZ0FA         179 205       LZ0FX         136 193      
QSO:  3525 CW 2017-08-19 0947 LZ0FA         180 136       LZ0AN         204 200      
QSO:  3525 CW 2017-08-19 0948 LZ0FA         181 204       LZ0DC         217 173      
QSO:  3525 CW 2017-08-19 0949 LZ0FA         183 217       LZ0DP         179 190      
QSO:  3526 CW 2017-08-19 0949 LZ0FA         182 179       LZ0FJ         211 115      
QSO:  3560 CW 2017-08-19 0954 LZ0FA         184 211       LZ0AY         187 195      
QSO:  3525 CW 2017-08-19 0955 LZ0FA         185 187       LZ0DY         209 182      
QSO:  3525 CW 2017-08-19 0956 LZ0FA         186 209       LZ0AM         217 187      
QSO:  3525 CW 2017-08-19 0956 LZ0FA         188 217       LZ0AJ         215 182      
QSO:  3540 CW 2017-08-19 0957 LZ0FA         187 215       LZ0DM         200 203      
QSO:  3525 CW 2017-08-19 0957 LZ0FA         189 200       LZ0FG         207 108      
QSO:  3525 CW 2017-08-19 0959 LZ0FA         190 207       LZ0DR         178 184      
QSO:  3525 CW 2017-08-19 1000 LZ0FA         191 178       LZ0AK         199 192      
QSO:  3525 CW 2017-08-19 1001 LZ0FA         192 199       LZ0DD         163 195      
QSO:  3525 CW 2017-08-19 1002 LZ0FA         193 163       LZ0AL         187 207      
QSO:  3525 CW 2017-08-19 1003 LZ0FA         194 187       LZ0DX         115 199      
QSO:  3525 CW 2017-08-19 1003 LZ0FA         195 115       LZ0DN         202 206      
QSO:  3525 CW 2017-08-19 1004 LZ0FA         196 202       LZ0DL         203 226      
QSO:  3525 CW 2017-08-19 1004 LZ0FA         198 203       LZ0AG         216 165      
QSO:  3525 CW 2017-08-19 1005 LZ0FA         199 216       LZ0AC         129 224      
QSO:  3525 CW 2017-08-19 1005 LZ0FA         200 129       LZ0AT         233 153      
QSO:  3557 CW 2017-08-19 1007 LZ0FA         201 233       LZ0FC         196 214      
QSO:  3525 CW 2017-08-19 1010 LZ0FA         202 196       LZ0AF         213 238      
QSO:  3525 CW 2017-08-19 1011 LZ0FA         203 213       LZ0AV         211 195      
QSO:  3511 CW 2017-08-19 1012 LZ0FA         204 211       LZ0DG         227 236      
QSO:  3525 CW 2017-08-19 1012 LZ0FA         205 227       LZ0DU         123 195      
QSO:  3525 CW 2017-08-19 1013 LZ0FA         206 123       LZ0DA         232 219      
QSO:  3528 CW 2017-08-19 1013 LZ0FA         207 232       LZ0FD         218 231      
QSO:  3525 CW 2017-08-19 1015 LZ0FA         209 218       LZ0DT         201 204      
QSO:  3525 CW 2017-08-19 1015 LZ0FA         210 201       LZ0DW         234 226      
QSO:  3525 CW 2017-08-19 1015 LZ0FA         211 234       LZ0DJ         232 242      
QSO:  3525 CW 2017-08-19 1016 LZ0FA         212 232       LZ0FX         168 216      
QSO:  3517 CW 2017-08-19 1018 LZ0FA         213 168       LZ0DZ         246 229      
QSO:  3522 CW 2017-08-19 1018 LZ0FA         214 246       LZ0AW         239 221      
QSO:  3530 CW 2017-08-19 1019 LZ0FA         215 239       LZ0DV         234 201      
QSO:  3526 CW 2017-08-19 1020 LZ0FA         216 234       LZ0FJ         247 239      
QSO:  3525 CW 2017-08-19 1020 LZ0FA         217 247       LZ0AN         250 204      
QSO:  3525 CW 2017-08-19 1022 LZ0FA         218 250       LZ0DC         263 249      
QSO:  3525 CW 2017-08-19 1022 LZ0FA         219 263       LZ0DP         218 217      
QSO:  3525 CW 2017-08-19 1023 LZ0FA         220 218       LZ0AR         216 271      
QSO:  3545 CW 2017-08-19 1023 LZ0FA         221 216       LZ0AX         207 223      
QSO:  3560 CW 2017-08-19 1025 LZ0FA         222 207       LZ0AY         220 251      
QSO:  3520 CW 2017-08-19 1026 LZ0FA         223 220       LZ0FF         239 208      
QSO:  3525 CW 2017-08-19 1026 LZ0FA         224 239       LZ0AJ         256 256      
QSO:  3545 CW 2017-08-19 1028 LZ0FA         226 256       LZ0FG         243 249      
QSO:  3540 CW 2017-08-19 1028 LZ0FA         227 243       LZ0DM         231 247      
QSO:  3525 CW 2017-08-19 1029 LZ0FA         225 231       LZ0AM         259 154      
QSO:  3525 CW 2017-08-19 1033 LZ0FA         228 259       LZ0AL         214 230      
QSO:  3525 CW 2017-08-19 1034 LZ0FA         229 214       LZ0DX         146 237      
QSO:  3525 CW 2017-08-19 1035 LZ0FA         230 146       LZ0AG         251 229      
QSO:  3525 CW 2017-08-19 1035 LZ0FA         231 251       LZ0DN         239 233      
QSO:  3525 CW 2017-08-19 1035 LZ0FA         232 239       LZ0DL         240 267      
QSO:  3525 CW 2017-08-19 1036 LZ0FA         233 240       LZ0AT         272 251      
QSO:  3525 CW 2017-08-19 1036 LZ0FA         234 272       LZ0DD         197 268      
QSO:  3525 CW 2017-08-19 1037 LZ0FA         235 197       LZ0AA         227 187      
QSO:  3525 CW 2017-08-19 1037 LZ0FA         236 227       LZ0DR         211 249      
QSO:  3525 CW 2017-08-19 1039 LZ0FA         237 211       LZ0AL         218 238      
QSO:  3525 CW 2017-08-19 1039 LZ0FA         238 218       LZ0DY         266 258      
QSO:  3525 CW 2017-08-19 1041 LZ0FA         239 266       LZ0AF         250 242      
QSO:  3525 CW 2017-08-19 1042 LZ0FA         240 250       LZ0AV         249 275      
QSO:  3525 CW 2017-08-19 1043 LZ0FA         241 249       LZ0AK         248 259      
QSO:  3525 CW 2017-08-19 1043 LZ0FA         242 248       LZ0DU         153 230      
QSO:  3525 CW 2017-08-19 1044 LZ0FA         243 153       LZ0FK         027 275      
QSO:  3525 CW 2017-08-19 1044 LZ0FA         244 027       LZ0DA         270 262      
QSO:  3525 CW 2017-08-19 1045 LZ0FA         245 270       LZ0DF         237 274      
QSO:  3525 CW 2017-08-19 1045 LZ0FA         246 237       LZ0DT         233 243      
QSO:  3525 CW 2017-08-19 1048 LZ0FA         247 233       LZ0FX         198 230      
QSO:  3525 CW 2017-08-19 1049 LZ0FA         248 198       LZ0FC         244 276      
QSO:  3525 CW 2017-08-19 1050 LZ0FA         249 244       LZ0DJ         277 239      
QSO:  3525 CW 2017-08-19 1051 LZ0FA         250 277       LZ0DZ         287 238      
QSO:  3525 CW 2017-08-19 1052 LZ0FA         251 287       LZ0FJ         289 280      
QSO:  3525 CW 2017-08-19 1052 LZ0FA         252 289       LZ0DC         299 267      
QSO:  3525 CW 2017-08-19 1053 LZ0FA         253 299       LZ0DW         280 242      
QSO:  3525 CW 2017-08-19 1053 LZ0FA         254 280       LZ0AN         288 281      
QSO:  3525 CW 2017-08-19 1053 LZ0FA         255 288       LZ0DP         259 250      
QSO:  3511 CW 2017-08-19 1055 LZ0FA         256 259       LZ0DG         284 246      
QSO:  3514 CW 2017-08-19 1055 LZ0FA         257 284       LZ0AR         256 202      
QSO:  3522 CW 2017-08-19 1056 LZ0FA         258 256       LZ0AW         283 279      
QSO:  3525 CW 2017-08-19 1056 LZ0FA         259 283       LZ0AJ         294 247      
QSO:  3528 CW 2017-08-19 1057 LZ0FA         260 294       LZ0FD         272 267      
QSO:  3530 CW 2017-08-19 1057 LZ0FA         261 272       LZ0DV         282 272      
QSO:  3560 CW 2017-08-19 1058 LZ0FA         262 282       LZ0AY         257 294      
QSO:  3545 CW 2017-08-19 1058 LZ0FA         263 257       LZ0FG         282 289      
QSO:  3540 CW 2017-08-19 1059 LZ0FA         264 282       LZ0DM         270 274      
QSO:  3525 CW 2017-08-19 1059 LZ0FA         265 270       LZ0AM         298 175      
END-OF-LOG:
