START-OF-LOG:
CALLSIGN: LZ0FD
CLUB: Лом
NAME: Георги Воденичаров LZ1ZF
QSO:	3500	CW	2017-08-19	0701	LZ0FD	001	000	LZ0DW	002	001
QSO:	3500	CW	2017-08-19	0702	LZ0FD	002	002	LZ0FG	001	000
QSO:	3500	CW	2017-08-19	0703	LZ0FD	003	001	LZ0AU	004	002
QSO:	3500	CW	2017-08-19	0704	LZ0FD	004	004	LZ0AK	006	006
QSO:	3500	CW	2017-08-19	0704	LZ0FD	005	006	LZ0DT	006	009
QSO:	3500	CW	2017-08-19	0705	LZ0FD	006	006	LZ0FY	002	008
QSO:	3500	CW	2017-08-19	0705	LZ0FD	007	002	LZ0AA	008	005
QSO:	3500	CW	2017-08-19	0705	LZ0FD	008	008	LZ0DY	013	007
QSO:	3500	CW	2017-08-19	0706	LZ0FD	009	013	LZ0DV	010	005
QSO:	3500	CW	2017-08-19	0707	LZ0FD	010	010	LZ0DN	008	013
QSO:	3500	CW	2017-08-19	0708	LZ0FD	011	008	LZ0AD	009	015
QSO:	3500	CW	2017-08-19	0708	LZ0FD	012	009	LZ0DJ	013	008
QSO:	3500	CW	2017-08-19	0709	LZ0FD	013	013	LZ0DP	016	013
QSO:	3500	CW	2017-08-19	0709	LZ0FD	014	016	LZ0DX	009	011
QSO:	3500	CW	2017-08-19	0710	LZ0FD	015	009	LZ0DK	011	014
QSO:	3500	CW	2017-08-19	0711	LZ0FD	016	011	LZ0DR	012	014
QSO:	3500	CW	2017-08-19	0711	LZ0FD	017	012	LZ0AN	017	014
QSO:	3500	CW	2017-08-19	0711	LZ0FD	018	017	LZ0DU	004	019
QSO:	3500	CW	2017-08-19	0711	LZ0FD	019	004	LZ0DL	022	017
QSO:	3500	CW	2017-08-19	0712	LZ0FD	020	022	LZ0AM	020	016
QSO:	3500	CW	2017-08-19	0714	LZ0FD	021	020	LZ0DD	003	022
QSO:	3500	CW	2017-08-19	0715	LZ0FD	022	003	LZ0DG	025	025
QSO:	3500	CW	2017-08-19	0715	LZ0FD	023	025	LZ0DA	022	008
QSO:	3500	CW	2017-08-19	0716	LZ0FD	024	022	LZ0DZ	025	019
QSO:	3500	CW	2017-08-19	0717	LZ0FD	025	025	LZ0AV	018	010
QSO:	3500	CW	2017-08-19	0717	LZ0FD	026	018	LZ0AG	023	013
QSO:	3500	CW	2017-08-19	0718	LZ0FD	027	023	LZ0FJ	023	027
QSO:	3500	CW	2017-08-19	0718	LZ0FD	028	023	LZ0AR	017	017
QSO:	3500	CW	2017-08-19	0720	LZ0FD	029	017	LZ0AT	031	024
QSO:	3500	CW	2017-08-19	0723	LZ0FD	030	031	LZ0AJ	032	027
QSO:	3500	CW	2017-08-19	0725	LZ0FD	031	032	LZ0DF	032	018
QSO:	3500	CW	2017-08-19	0728	LZ0FD	032	032	LZ0DM	031	029
QSO:	3500	CW	2017-08-19	0729	LZ0FD	033	031	LZ0AC	032	033
QSO:	3500	CW	2017-08-19	0732	LZ0FD	034	032	LZ0DC	043	022
QSO:	3500	CW	2017-08-19	0733	LZ0FD	035	043	LZ0FG	037	032
QSO:	3500	CW	2017-08-19	0733	LZ0FD	036	037	LZ0DW	042	040
QSO:	3500	CW	2017-08-19	0734	LZ0FD	037	042	LZ0AK	033	033
QSO:	3500	CW	2017-08-19	0736	LZ0FD	038	033	LZ0DT	040	049
QSO:	3500	CW	2017-08-19	0736	LZ0FD	039	040	LZ0DY	045	038
QSO:	3500	CW	2017-08-19	0738	LZ0FD	040	045	LZ0AD	043	055
QSO:	3500	CW	2017-08-19	0739	LZ0FD	041	043	LZ0FF	048	038
QSO:	3500	CW	2017-08-19	0739	LZ0FD	042	048	LZ0DJ	045	038
QSO:	3500	CW	2017-08-19	0741	LZ0FD	043	045	LZ0DL	056	041
QSO:	3500	CW	2017-08-19	0742	LZ0FD	044	056	LZ0DP	042	055
QSO:	3500	CW	2017-08-19	0742	LZ0FD	045	042	LZ0DX	026	049
QSO:	3500	CW	2017-08-19	0742	LZ0FD	046	026	LZ0AN	054	038
QSO:	3500	CW	2017-08-19	0743	LZ0FD	047	054	LZ0DV	050	058
QSO:	3500	CW	2017-08-19	0743	LZ0FD	048	050	LZ0AM	053	045
QSO:	3500	CW	2017-08-19	0744	LZ0FD	049	053	LZ0AX	042	050
QSO:	3500	CW	2017-08-19	0744	LZ0FD	050	042	LZ0DR	043	044
QSO:	3500	CW	2017-08-19	0744	LZ0FD	051	043	LZ0DD	034	054
QSO:	3500	CW	2017-08-19	0745	LZ0FD	052	034	LZ0DG	066	056
QSO:	3500	CW	2017-08-19	0745	LZ0FD	053	066	LZ0DN	049	048
QSO:	3500	CW	2017-08-19	0746	LZ0FD	054	049	LZ0DA	055	045
QSO:	3500	CW	2017-08-19	0747	LZ0FD	055	055	LZ0DZ	061	058
QSO:	3500	CW	2017-08-19	0747	LZ0FD	056	061	LZ0AG	054	051
QSO:	3500	CW	2017-08-19	0747	LZ0FD	057	054	LZ0FA	052	057
QSO:	3500	CW	2017-08-19	0748	LZ0FD	058	052	LZ0AV	051	049
QSO:	3500	CW	2017-08-19	0749	LZ0FD	059	051	LZ0FJ	061	062
QSO:	3500	CW	2017-08-19	0749	LZ0FD	060	061	LZ0DK	035	062
QSO:	3500	CW	2017-08-19	0750	LZ0FD	061	035	LZ0AA	047	053
QSO:	3500	CW	2017-08-19	0751	LZ0FD	062	047	LZ0AR	048	059
QSO:	3500	CW	2017-08-19	0752	LZ0FD	063	048	LZ0AT	070	069
QSO:	3500	CW	2017-08-19	0753	LZ0FD	064	070	LZ0AJ	066	050
QSO:	3500	CW	2017-08-19	0758	LZ0FD	065	066	LZ0DM	066	062
QSO:	3500	CW	2017-08-19	0801	LZ0FD	066	066	LZ0AC	067	061
QSO:	3500	CW	2017-08-19	0802	LZ0FD	067	067	LZ0DC	084	053
QSO:	3500	CW	2017-08-19	0803	LZ0FD	068	084	LZ0FG	072	071
QSO:	3500	CW	2017-08-19	0804	LZ0FD	069	072	LZ0DW	076	079
QSO:	3500	CW	2017-08-19	0804	LZ0FD	070	076	LZ0AK	069	042
QSO:	3500	CW	2017-08-19	0805	LZ0FD	071	069	LZ0FX	047	070
QSO:	3500	CW	2017-08-19	0806	LZ0FD	072	047	LZ0AF	068	061
QSO:	3500	CW	2017-08-19	0806	LZ0FD	073	068	LZ0DY	084	069
QSO:	3500	CW	2017-08-19	0807	LZ0FD	074	084	LZ0DT	078	079
QSO:	3500	CW	2017-08-19	0808	LZ0FD	075	078	LZ0DF	075	077
QSO:	3500	CW	2017-08-19	0809	LZ0FD	076	075	LZ0DJ	083	084
QSO:	3500	CW	2017-08-19	0810	LZ0FD	077	083	LZ0DU	014	085
QSO:	3500	CW	2017-08-19	0811	LZ0FD	078	014	LZ0DL	089	079
QSO:	3500	CW	2017-08-19	0812	LZ0FD	079	089	LZ0DP	075	072
QSO:	3500	CW	2017-08-19	0812	LZ0FD	080	075	LZ0DX	046	072
QSO:	3500	CW	2017-08-19	0812	LZ0FD	081	046	LZ0AN	090	074
QSO:	3500	CW	2017-08-19	0813	LZ0FD	082	090	LZ0AM	087	078
QSO:	3500	CW	2017-08-19	0814	LZ0FD	083	087	LZ0DV	084	081
QSO:	3500	CW	2017-08-19	0814	LZ0FD	084	084	LZ0AX	080	079
QSO:	3500	CW	2017-08-19	0815	LZ0FD	085	080	LZ0DN	080	091
QSO:	3500	CW	2017-08-19	0816	LZ0FD	086	080	LZ0FF	091	025
QSO:	3500	CW	2017-08-19	0816	LZ0FD	087	091	LZ0DA	091	071
QSO:	3500	CW	2017-08-19	0817	LZ0FD	088	091	LZ0DR	079	081
QSO:	3500	CW	2017-08-19	0817	LZ0FD	089	079	LZ0AG	092	095
QSO:	3500	CW	2017-08-19	0818	LZ0FD	090	092	LZ0DZ	098	094
QSO:	3500	CW	2017-08-19	0818	LZ0FD	091	098	LZ0DG	104	091
QSO:	3500	CW	2017-08-19	0818	LZ0FD	092	104	LZ0AV	085	103
QSO:	3500	CW	2017-08-19	0819	LZ0FD	093	085	LZ0FJ	097	097
QSO:	3500	CW	2017-08-19	0819	LZ0FD	094	097	LZ0DK	054	102
QSO:	3500	CW	2017-08-19	0820	LZ0FD	095	054	LZ0DD	065	087
QSO:	3500	CW	2017-08-19	0820	LZ0FD	096	065	LZ0AD	081	084
QSO:	3500	CW	2017-08-19	0821	LZ0FD	097	081	LZ0AR	081	095
QSO:	3500	CW	2017-08-19	0823	LZ0FD	098	081	LZ0AA	080	100
QSO:	3500	CW	2017-08-19	0823	LZ0FD	099	080	LZ0AT	106	054
QSO:	3500	CW	2017-08-19	0824	LZ0FD	100	106	LZ0AJ	102	089
QSO:	3500	CW	2017-08-19	0824	LZ0FD	101	102	LZ0FA	090	101
QSO:	3500	CW	2017-08-19	0828	LZ0FD	102	090	LZ0DM	099	111
QSO:	3500	CW	2017-08-19	0832	LZ0FD	103	099	LZ0DC	121	073
QSO:	3500	CW	2017-08-19	0833	LZ0FD	104	121	LZ0FG	108	112
QSO:	3500	CW	2017-08-19	0834	LZ0FD	105	108	LZ0DW	114	092
QSO:	3500	CW	2017-08-19	0834	LZ0FD	106	114	LZ0AK	102	099
QSO:	3500	CW	2017-08-19	0835	LZ0FD	107	102	LZ0FC	094	067
QSO:	3500	CW	2017-08-19	0836	LZ0FD	108	094	LZ0AF	105	093
QSO:	3500	CW	2017-08-19	0839	LZ0FD	109	105	LZ0DY	121	037
QSO:	3500	CW	2017-08-19	0840	LZ0FD	110	121	LZ0FX	074	105
QSO:	3500	CW	2017-08-19	0841	LZ0FD	111	074	LZ0FY	108	123
QSO:	3500	CW	2017-08-19	0842	LZ0FD	112	108	LZ0DJ	121	125
QSO:	3500	CW	2017-08-19	0843	LZ0FD	113	121	LZ0DP	104	110
QSO:	3500	CW	2017-08-19	0844	LZ0FD	114	104	LZ0AX	112	124
QSO:	3500	CW	2017-08-19	0844	LZ0FD	115	112	LZ0DT	107	078
QSO:	3500	CW	2017-08-19	0845	LZ0FD	116	107	LZ0AM	125	040
QSO:	3500	CW	2017-08-19	0846	LZ0FD	117	125	LZ0DV	118	109
QSO:	3500	CW	2017-08-19	0846	LZ0FD	118	118	LZ0DL	128	129
QSO:	3500	CW	2017-08-19	0847	LZ0FD	119	128	LZ0DX	055	120
QSO:	3500	CW	2017-08-19	0848	LZ0FD	120	055	LZ0DN	117	130
QSO:	3500	CW	2017-08-19	0848	LZ0FD	121	117	LZ0DA	128	102
QSO:	3500	CW	2017-08-19	0848	LZ0FD	122	128	LZ0FZ	042	132
QSO:	3500	CW	2017-08-19	0849	LZ0FD	123	042	LZ0DR	112	116
QSO:	3500	CW	2017-08-19	0849	LZ0FD	124	112	LZ0AV	119	139
QSO:	3500	CW	2017-08-19	0850	LZ0FD	125	119	LZ0AG	124	114
QSO:	3500	CW	2017-08-19	0850	LZ0FD	126	124	LZ0DU	046	133
QSO:	3500	CW	2017-08-19	0851	LZ0FD	127	046	LZ0DD	097	115
QSO:	3500	CW	2017-08-19	0851	LZ0FD	128	097	LZ0FJ	136	136
QSO:	3500	CW	2017-08-19	0851	LZ0FD	129	136	LZ0AN	136	146
QSO:	3500	CW	2017-08-19	0852	LZ0FD	130	136	LZ0DK	081	123
QSO:	3500	CW	2017-08-19	0854	LZ0FD	131	081	LZ0AT	144	127
QSO:	3500	CW	2017-08-19	0855	LZ0FD	132	144	LZ0DZ	139	112
QSO:	3500	CW	2017-08-19	0855	LZ0FD	133	139	LZ0AA	115	137
QSO:	3500	CW	2017-08-19	0855	LZ0FD	134	115	LZ0AJ	140	122
QSO:	3500	CW	2017-08-19	0858	LZ0FD	135	140	LZ0DM	131	139
QSO:	3500	CW	2017-08-19	0859	LZ0FD	136	131	LZ0DG	144	126
QSO:	3500	CW	2017-08-19	0858	LZ0FD	137	144	LZ0AR	123	126
QSO:	3500	CW	2017-08-19	0902	LZ0FD	138	123	LZ0DC	161	105
QSO:	3500	CW	2017-08-19	0904	LZ0FD	139	161	LZ0FF	139	133
QSO:	3500	CW	2017-08-19	0904	LZ0FD	140	139	LZ0DW	150	133
QSO:	3500	CW	2017-08-19	0906	LZ0FD	141	150	LZ0FG	143	137
QSO:	3500	CW	2017-08-19	0907	LZ0FD	142	143	LZ0AF	139	134
QSO:	3500	CW	2017-08-19	0908	LZ0FD	143	139	LZ0FA	135	152
QSO:	3500	CW	2017-08-19	0910	LZ0FD	144	135	LZ0AW	153	134
QSO:	3500	CW	2017-08-19	0911	LZ0FD	145	153	LZ0FX	101	075
QSO:	3500	CW	2017-08-19	0911	LZ0FD	146	101	LZ0DY	155	160
QSO:	3500	CW	2017-08-19	0912	LZ0FD	147	155	LZ0DJ	157	153
QSO:	3500	CW	2017-08-19	0914	LZ0FD	148	157	LZ0DP	139	170
QSO:	3500	CW	2017-08-19	0914	LZ0FD	149	139	LZ0AK	143	060
QSO:	3500	CW	2017-08-19	0915	LZ0FD	150	143	LZ0AX	147	150
QSO:	3500	CW	2017-08-19	0915	LZ0FD	151	147	LZ0DT	138	143
QSO:	3500	CW	2017-08-19	0916	LZ0FD	152	138	LZ0AM	165	070
QSO:	3500	CW	2017-08-19	0918	LZ0FD	153	165	LZ0DA	164	072
QSO:	3500	CW	2017-08-19	0918	LZ0FD	154	164	LZ0DV	158	146
QSO:	3500	CW	2017-08-19	0918	LZ0FD	155	158	LZ0DX	080	148
QSO:	3500	CW	2017-08-19	0919	LZ0FD	156	080	LZ0DN	152	170
QSO:	3500	CW	2017-08-19	0919	LZ0FD	157	152	LZ0DF	145	079
QSO:	3500	CW	2017-08-19	0920	LZ0FD	158	145	LZ0AG	163	147
QSO:	3500	CW	2017-08-19	0920	LZ0FD	159	163	LZ0AV	156	177
QSO:	3500	CW	2017-08-19	0921	LZ0FD	160	156	LZ0FJ	174	142
QSO:	3500	CW	2017-08-19	0922	LZ0FD	161	174	LZ0FY	154	184
QSO:	3500	CW	2017-08-19	0923	LZ0FD	162	154	LZ0AN	175	175
QSO:	3500	CW	2017-08-19	0925	LZ0FD	163	175	LZ0AR	150	151
QSO:	3500	CW	2017-08-19	0925	LZ0FD	164	150	LZ0AT	181	150
QSO:	3500	CW	2017-08-19	0926	LZ0FD	165	181	LZ0AA	153	165
QSO:	3500	CW	2017-08-19	0926	LZ0FD	166	153	LZ0AJ	178	066
QSO:	3500	CW	2017-08-19	0926	LZ0FD	167	178	LZ0DR	153	175
QSO:	3500	CW	2017-08-19	0926	LZ0FD	168	153	LZ0DD	128	154
QSO:	3500	CW	2017-08-19	0927	LZ0FD	169	128	LZ0DZ	180	175
QSO:	3500	CW	2017-08-19	0927	LZ0FD	170	180	LZ0DU	082	183
QSO:	3500	CW	2017-08-19	0929	LZ0FD	171	082	LZ0DM	165	171
QSO:	3500	CW	2017-08-19	0930	LZ0FD	172	165	LZ0AL	156	189
QSO:	3500	CW	2017-08-19	0933	LZ0FD	173	156	LZ0DL	167	162
QSO:	3500	CW	2017-08-19	0935	LZ0FD	174	167	LZ0DW	185	182
QSO:	3500	CW	2017-08-19	0935	LZ0FD	175	185	LZ0FF	179	107
QSO:	3500	CW	2017-08-19	0936	LZ0FD	176	179	LZ0DC	200	088
QSO:	3500	CW	2017-08-19	0936	LZ0FD	177	200	LZ0FG	180	187
QSO:	3500	CW	2017-08-19	0938	LZ0FD	178	180	LZ0AD	105	161
QSO:	3500	CW	2017-08-19	0940	LZ0FD	179	105	LZ0AW	191	169
QSO:	3500	CW	2017-08-19	0942	LZ0FD	180	191	LZ0FA	173	181
QSO:	3500	CW	2017-08-19	0943	LZ0FD	181	173	LZ0AF	182	167
QSO:	3500	CW	2017-08-19	0943	LZ0FD	182	182	LZ0FX	133	189
QSO:	3500	CW	2017-08-19	0943	LZ0FD	183	133	LZ0DY	196	198
QSO:	3500	CW	2017-08-19	0944	LZ0FD	184	196	LZ0DJ	194	187
QSO:	3500	CW	2017-08-19	0945	LZ0FD	185	194	LZ0DT	168	172
QSO:	3500	CW	2017-08-19	0946	LZ0FD	186	168	LZ0AK	182	179
QSO:	3500	CW	2017-08-19	0946	LZ0FD	187	182	LZ0AM	206	106
QSO:	3500	CW	2017-08-19	0948	LZ0FD	188	206	LZ0DX	103	111
QSO:	3500	CW	2017-08-19	0948	LZ0FD	189	103	LZ0DA	201	114
QSO:	3500	CW	2017-08-19	0949	LZ0FD	190	201	LZ0DP	178	205
QSO:	3500	CW	2017-08-19	0949	LZ0FD	191	178	LZ0AX	177	207
QSO:	3500	CW	2017-08-19	0949	LZ0FD	192	177	LZ0DN	186	198
QSO:	3500	CW	2017-08-19	0950	LZ0FD	193	186	LZ0DK	116	210
QSO:	3500	CW	2017-08-19	0950	LZ0FD	194	116	LZ0DG	197	180
QSO:	3500	CW	2017-08-19	0951	LZ0FD	195	197	LZ0AG	196	115
QSO:	3500	CW	2017-08-19	0952	LZ0FD	196	196	LZ0FY	192	225
QSO:	3500	CW	2017-08-19	0954	LZ0FD	197	192	LZ0AV	193	196
QSO:	3500	CW	2017-08-19	0955	LZ0FD	198	193	LZ0FJ	217	142
QSO:	3500	CW	2017-08-19	0955	LZ0FD	199	217	LZ0AT	222	209
QSO:	3500	CW	2017-08-19	0956	LZ0FD	200	222	LZ0AA	189	202
QSO:	3500	CW	2017-08-19	0956	LZ0FD	201	189	LZ0AJ	216	188
QSO:	3500	CW	2017-08-19	0957	LZ0FD	202	216	LZ0DZ	220	204
QSO:	3500	CW	2017-08-19	0958	LZ0FD	203	220	LZ0AN	219	205
QSO:	3500	CW	2017-08-19	0958	LZ0FD	204	219	LZ0DD	158	214
QSO:	3500	CW	2017-08-19	0958	LZ0FD	205	158	LZ0DM	203	196
QSO:	3500	CW	2017-08-19	1000	LZ0FD	206	203	LZ0DR	179	190
QSO:	3500	CW	2017-08-19	1001	LZ0FD	207	179	LZ0AL	186	191
QSO:	3500	CW	2017-08-19	1003	LZ0FD	208	186	LZ0DL	201	191
QSO:	3500	CW	2017-08-19	1004	LZ0FD	209	201	LZ0DG	212	181
QSO:	3500	CW	2017-08-19	1005	LZ0FD	210	212	LZ0DW	221	219
QSO:	3500	CW	2017-08-19	1005	LZ0FD	211	221	LZ0FF	213	203
QSO:	3500	CW	2017-08-19	1008	LZ0FD	212	213	LZ0FG	218	198
QSO:	3500	CW	2017-08-19	1009	LZ0FD	213	218	LZ0DC	244	208
QSO:	3500	CW	2017-08-19	1010	LZ0FD	214	244	LZ0AW	224	228
QSO:	3500	CW	2017-08-19	1011	LZ0FD	215	224	LZ0DU	121	163
QSO:	3500	CW	2017-08-19	1013	LZ0FD	216	121	LZ0AF	216	201
QSO:	3500	CW	2017-08-19	1013	LZ0FD	217	216	LZ0DY	231	222
QSO:	3500	CW	2017-08-19	1014	LZ0FD	218	231	LZ0FA	207	232
QSO:	3500	CW	2017-08-19	1015	LZ0FD	219	207	LZ0DT	202	209
QSO:	3500	CW	2017-08-19	1015	LZ0FD	220	202	LZ0DJ	233	211
QSO:	3500	CW	2017-08-19	1016	LZ0FD	221	233	LZ0FX	169	212
QSO:	3500	CW	2017-08-19	1017	LZ0FD	222	169	LZ0AC	142	217
QSO:	3500	CW	2017-08-19	1017	LZ0FD	223	142	LZ0AK	219	205
QSO:	3500	CW	2017-08-19	1018	LZ0FD	224	219	LZ0DA	239	207
QSO:	3500	CW	2017-08-19	1018	LZ0FD	225	239	LZ0AM	243	198
QSO:	3500	CW	2017-08-19	1019	LZ0FD	226	243	LZ0DP	213	246
QSO:	3500	CW	2017-08-19	1019	LZ0FD	227	213	LZ0DX	134	206
QSO:	3500	CW	2017-08-19	1020	LZ0FD	228	134	LZ0DN	222	238
QSO:	3500	CW	2017-08-19	1020	LZ0FD	229	222	LZ0AX	203	247
QSO:	3500	CW	2017-08-19	1021	LZ0FD	230	203	LZ0DK	143	242
QSO:	3500	CW	2017-08-19	1021	LZ0FD	231	143	LZ0DV	237	211
QSO:	3500	CW	2017-08-19	1023	LZ0FD	232	237	LZ0AG	240	212
QSO:	3500	CW	2017-08-19	1024	LZ0FD	233	240	LZ0AR	217	220
QSO:	3500	CW	2017-08-19	1024	LZ0FD	234	217	LZ0FK	013	144
QSO:	3500	CW	2017-08-19	1025	LZ0FD	235	013	LZ0FY	229	213
QSO:	3500	CW	2017-08-19	1025	LZ0FD	236	229	LZ0FJ	253	147
QSO:	3500	CW	2017-08-19	1027	LZ0FD	237	253	LZ0AJ	258	219
QSO:	3500	CW	2017-08-19	1028	LZ0FD	238	258	LZ0AT	264	151
QSO:	3500	CW	2017-08-19	1028	LZ0FD	239	264	LZ0DM	232	227
QSO:	3500	CW	2017-08-19	1029	LZ0FD	240	232	LZ0AN	259	258
QSO:	3500	CW	2017-08-19	1029	LZ0FD	241	259	LZ0AV	231	187
QSO:	3500	CW	2017-08-19	1032	LZ0FD	242	231	LZ0DZ	262	262
QSO:	3500	CW	2017-08-19	1032	LZ0FD	243	262	LZ0AL	214	230
QSO:	3500	CW	2017-08-19	1034	LZ0FD	244	214	LZ0DG	255	249
QSO:	3500	CW	2017-08-19	1034	LZ0FD	245	255	LZ0AA	225	222
QSO:	3500	CW	2017-08-19	1035	LZ0FD	246	225	LZ0DD	195	259
QSO:	3500	CW	2017-08-19	1036	LZ0FD	247	195	LZ0DW	257	234
QSO:	3500	CW	2017-08-19	1037	LZ0FD	248	257	LZ0DL	242	269
QSO:	3500	CW	2017-08-19	1037	LZ0FD	249	242	LZ0DR	210	254
QSO:	3500	CW	2017-08-19	1038	LZ0FD	250	210	LZ0FF	254	150
QSO:	3500	CW	2017-08-19	1039	LZ0FD	251	254	LZ0DC	284	246
QSO:	3500	CW	2017-08-19	1040	LZ0FD	252	284	LZ0FG	257	259
QSO:	3500	CW	2017-08-19	1041	LZ0FD	253	257	LZ0AW	263	265
QSO:	3500	CW	2017-08-19	1043	LZ0FD	254	263	LZ0AF	254	251
QSO:	3500	CW	2017-08-19	1044	LZ0FD	255	254	LZ0DY	273	261
QSO:	3500	CW	2017-08-19	1045	LZ0FD	256	273	LZ0DJ	271	262
QSO:	3500	CW	2017-08-19	1046	LZ0FD	257	271	LZ0DU	156	266
QSO:	3500	CW	2017-08-19	1046	LZ0FD	258	156	LZ0DT	235	246
QSO:	3500	CW	2017-08-19	1047	LZ0FD	259	235	LZ0DF	241	228
QSO:	3500	CW	2017-08-19	1048	LZ0FD	260	241	LZ0DA	277	243
QSO:	3500	CW	2017-08-19	1049	LZ0FD	261	277	LZ0AM	283	171
QSO:	3500	CW	2017-08-19	1049	LZ0FD	262	283	LZ0DP	254	286
QSO:	3500	CW	2017-08-19	1050	LZ0FD	263	254	LZ0DN	254	240
QSO:	3500	CW	2017-08-19	1050	LZ0FD	264	254	LZ0AK	259	284
QSO:	3500	CW	2017-08-19	1051	LZ0FD	265	259	LZ0DX	167	159
QSO:	3500	CW	2017-08-19	1052	LZ0FD	266	167	LZ0DV	276	246
QSO:	3500	CW	2017-08-19	1053	LZ0FD	267	276	LZ0AG	279	170
QSO:	3500	CW	2017-08-19	1054	LZ0FD	268	279	LZ0DK	176	290
QSO:	3500	CW	2017-08-19	1055	LZ0FD	269	176	LZ0FK	043	252
QSO:	3500	CW	2017-08-19	1056	LZ0FD	270	043	LZ0FJ	296	138
QSO:	3500	CW	2017-08-19	1056	LZ0FD	271	296	LZ0FY	267	249
QSO:	3500	CW	2017-08-19	1057	LZ0FD	272	267	LZ0FA	260	294
QSO:	3500	CW	2017-08-19	1057	LZ0FD	273	260	LZ0AJ	296	293
QSO:	3500	CW	2017-08-19	1058	LZ0FD	274	296	LZ0DM	269	283
QSO:	3500	CW	2017-08-19	1059	LZ0FD	275	269	LZ0AN	298	266
QSO:	3500	CW	2017-08-19	1059	LZ0FD	276	298	LZ0AV	267	222
END-OF-LOG:
